[0.059s] Invoking command in '/home/shiozaki/ros2/build/libcreate': CMAKE_PREFIX_PATH=${CMAKE_PREFIX_PATH}:/home/shiozaki/ros2/install/examples_rclpy_topics:/home/shiozaki/ros2/install/examples_rclpy_services:/home/shiozaki/ros2/install/examples_rclpy_minimal_action_server:/opt/ros/dashing /usr/bin/cmake --build /home/shiozaki/ros2/build/libcreate -- -j4 -l4
[0.198s] [ 36%] Built target create
[0.246s] [ 45%] Built target packets
[0.252s] [ 63%] Built target play_song
[0.252s] [ 63%] Built target battery_level
[0.264s] [ 72%] Built target wheeldrop
[0.297s] [ 81%] Built target leds
[0.297s] [ 90%] Built target bumpers
[0.298s] [100%] Built target drive_circle
[0.313s] Invoked command in '/home/shiozaki/ros2/build/libcreate' returned '0': CMAKE_PREFIX_PATH=${CMAKE_PREFIX_PATH}:/home/shiozaki/ros2/install/examples_rclpy_topics:/home/shiozaki/ros2/install/examples_rclpy_services:/home/shiozaki/ros2/install/examples_rclpy_minimal_action_server:/opt/ros/dashing /usr/bin/cmake --build /home/shiozaki/ros2/build/libcreate -- -j4 -l4
[0.407s] Invoking command in '/home/shiozaki/ros2/build/libcreate': CMAKE_PREFIX_PATH=${CMAKE_PREFIX_PATH}:/home/shiozaki/ros2/install/examples_rclpy_topics:/home/shiozaki/ros2/install/examples_rclpy_services:/home/shiozaki/ros2/install/examples_rclpy_minimal_action_server:/opt/ros/dashing /usr/bin/cmake --build /home/shiozaki/ros2/build/libcreate --target install -- -j4 -l4
[0.492s] [ 36%] Built target create
[0.542s] [ 45%] Built target packets
[0.550s] [ 54%] Built target wheeldrop
[0.564s] [ 63%] Built target play_song
[0.565s] [ 72%] Built target battery_level
[0.590s] [ 81%] Built target drive_circle
[0.600s] [ 90%] Built target bumpers
[0.604s] [100%] Built target leds
[0.633s] [36mInstall the project...[0m
[0.648s] -- Install configuration: ""
[0.648s] -- Up-to-date: /home/shiozaki/ros2/install/libcreate/lib/libcreate.so
[0.648s] -- Up-to-date: /home/shiozaki/ros2/install/libcreate/include
[0.648s] -- Up-to-date: /home/shiozaki/ros2/install/libcreate/include/create
[0.648s] -- Up-to-date: /home/shiozaki/ros2/install/libcreate/include/create/serial_stream.h
[0.649s] -- Up-to-date: /home/shiozaki/ros2/install/libcreate/include/create/types.h
[0.649s] -- Up-to-date: /home/shiozaki/ros2/install/libcreate/include/create/util.h
[0.649s] -- Up-to-date: /home/shiozaki/ros2/install/libcreate/include/create/data.h
[0.649s] -- Up-to-date: /home/shiozaki/ros2/install/libcreate/include/create/create.h
[0.649s] -- Up-to-date: /home/shiozaki/ros2/install/libcreate/include/create/serial.h
[0.649s] -- Up-to-date: /home/shiozaki/ros2/install/libcreate/include/create/serial_query.h
[0.649s] -- Up-to-date: /home/shiozaki/ros2/install/libcreate/include/create/packet.h
[0.650s] -- Up-to-date: /home/shiozaki/ros2/install/libcreate/lib/cmake/libcreate/libcreate-config.cmake
[0.650s] -- Up-to-date: /home/shiozaki/ros2/install/libcreate/lib/cmake/libcreate/libcreate-config-version.cmake
[0.650s] -- Up-to-date: /home/shiozaki/ros2/install/libcreate/lib/cmake/libcreate/libcreate-targets.cmake
[0.650s] -- Up-to-date: /home/shiozaki/ros2/install/libcreate/lib/cmake/libcreate/libcreate-targets-noconfig.cmake
[0.650s] -- Up-to-date: /home/shiozaki/ros2/install/libcreate/share/libcreate/package.xml
[0.670s] Invoked command in '/home/shiozaki/ros2/build/libcreate' returned '0': CMAKE_PREFIX_PATH=${CMAKE_PREFIX_PATH}:/home/shiozaki/ros2/install/examples_rclpy_topics:/home/shiozaki/ros2/install/examples_rclpy_services:/home/shiozaki/ros2/install/examples_rclpy_minimal_action_server:/opt/ros/dashing /usr/bin/cmake --build /home/shiozaki/ros2/build/libcreate --target install -- -j4 -l4
