[0.025s] Invoking command in '/home/shiozaki/ros2/build/fibonacci': CMAKE_PREFIX_PATH=/home/shiozaki/ros2/install/hello_world_msgs:/home/shiozaki/ros2/install/libcreate:/home/shiozaki/ros2/install/hello_world:/home/shiozaki/ros2/install/fibonacci:/home/shiozaki/ros2/install/examples_rclpy_topics:/home/shiozaki/ros2/install/examples_rclpy_services:/home/shiozaki/ros2/install/examples_rclpy_minimal_action_server:/opt/ros/dashing LD_LIBRARY_PATH=/home/shiozaki/ros2/install/hello_world_msgs/lib:/home/shiozaki/ros2/install/libcreate/lib:/opt/ros/dashing/opt/yaml_cpp_vendor/lib:/opt/ros/dashing/opt/rviz_ogre_vendor/lib:/usr/lib:/opt/rti.com/rti_connext_dds-5.3.1/lib/x64Linux3gcc5.4.0:/opt/ros/dashing/lib /usr/bin/cmake --build /home/shiozaki/ros2/build/fibonacci -- -j4 -l4
[0.144s] [ 50%] Built target action_client
[0.159s] [100%] Built target action_server
[0.190s] Invoked command in '/home/shiozaki/ros2/build/fibonacci' returned '0': CMAKE_PREFIX_PATH=/home/shiozaki/ros2/install/hello_world_msgs:/home/shiozaki/ros2/install/libcreate:/home/shiozaki/ros2/install/hello_world:/home/shiozaki/ros2/install/fibonacci:/home/shiozaki/ros2/install/examples_rclpy_topics:/home/shiozaki/ros2/install/examples_rclpy_services:/home/shiozaki/ros2/install/examples_rclpy_minimal_action_server:/opt/ros/dashing LD_LIBRARY_PATH=/home/shiozaki/ros2/install/hello_world_msgs/lib:/home/shiozaki/ros2/install/libcreate/lib:/opt/ros/dashing/opt/yaml_cpp_vendor/lib:/opt/ros/dashing/opt/rviz_ogre_vendor/lib:/usr/lib:/opt/rti.com/rti_connext_dds-5.3.1/lib/x64Linux3gcc5.4.0:/opt/ros/dashing/lib /usr/bin/cmake --build /home/shiozaki/ros2/build/fibonacci -- -j4 -l4
[0.267s] Invoking command in '/home/shiozaki/ros2/build/fibonacci': CMAKE_PREFIX_PATH=/home/shiozaki/ros2/install/hello_world_msgs:/home/shiozaki/ros2/install/libcreate:/home/shiozaki/ros2/install/hello_world:/home/shiozaki/ros2/install/fibonacci:/home/shiozaki/ros2/install/examples_rclpy_topics:/home/shiozaki/ros2/install/examples_rclpy_services:/home/shiozaki/ros2/install/examples_rclpy_minimal_action_server:/opt/ros/dashing LD_LIBRARY_PATH=/home/shiozaki/ros2/install/hello_world_msgs/lib:/home/shiozaki/ros2/install/libcreate/lib:/opt/ros/dashing/opt/yaml_cpp_vendor/lib:/opt/ros/dashing/opt/rviz_ogre_vendor/lib:/usr/lib:/opt/rti.com/rti_connext_dds-5.3.1/lib/x64Linux3gcc5.4.0:/opt/ros/dashing/lib /usr/bin/cmake --build /home/shiozaki/ros2/build/fibonacci --target install -- -j4 -l4
[0.355s] [ 50%] Built target action_client
[0.362s] [100%] Built target action_server
[0.385s] [36mInstall the project...[0m
[0.402s] -- Install configuration: ""
[0.402s] -- Up-to-date: /home/shiozaki/ros2/install/fibonacci/lib/fibonacci/action_server
[0.403s] -- Up-to-date: /home/shiozaki/ros2/install/fibonacci/lib/fibonacci/action_client
[0.403s] -- Up-to-date: /home/shiozaki/ros2/install/fibonacci/share/ament_index/resource_index/package_run_dependencies/fibonacci
[0.404s] -- Up-to-date: /home/shiozaki/ros2/install/fibonacci/share/ament_index/resource_index/parent_prefix_path/fibonacci
[0.404s] -- Up-to-date: /home/shiozaki/ros2/install/fibonacci/share/fibonacci/environment/ament_prefix_path.sh
[0.404s] -- Up-to-date: /home/shiozaki/ros2/install/fibonacci/share/fibonacci/environment/path.sh
[0.404s] -- Up-to-date: /home/shiozaki/ros2/install/fibonacci/share/fibonacci/local_setup.bash
[0.404s] -- Up-to-date: /home/shiozaki/ros2/install/fibonacci/share/fibonacci/local_setup.sh
[0.404s] -- Up-to-date: /home/shiozaki/ros2/install/fibonacci/share/fibonacci/local_setup.zsh
[0.404s] -- Up-to-date: /home/shiozaki/ros2/install/fibonacci/share/ament_index/resource_index/packages/fibonacci
[0.404s] -- Up-to-date: /home/shiozaki/ros2/install/fibonacci/share/fibonacci/cmake/fibonacciConfig.cmake
[0.405s] -- Up-to-date: /home/shiozaki/ros2/install/fibonacci/share/fibonacci/cmake/fibonacciConfig-version.cmake
[0.405s] -- Up-to-date: /home/shiozaki/ros2/install/fibonacci/share/fibonacci/package.xml
[0.410s] Invoked command in '/home/shiozaki/ros2/build/fibonacci' returned '0': CMAKE_PREFIX_PATH=/home/shiozaki/ros2/install/hello_world_msgs:/home/shiozaki/ros2/install/libcreate:/home/shiozaki/ros2/install/hello_world:/home/shiozaki/ros2/install/fibonacci:/home/shiozaki/ros2/install/examples_rclpy_topics:/home/shiozaki/ros2/install/examples_rclpy_services:/home/shiozaki/ros2/install/examples_rclpy_minimal_action_server:/opt/ros/dashing LD_LIBRARY_PATH=/home/shiozaki/ros2/install/hello_world_msgs/lib:/home/shiozaki/ros2/install/libcreate/lib:/opt/ros/dashing/opt/yaml_cpp_vendor/lib:/opt/ros/dashing/opt/rviz_ogre_vendor/lib:/usr/lib:/opt/rti.com/rti_connext_dds-5.3.1/lib/x64Linux3gcc5.4.0:/opt/ros/dashing/lib /usr/bin/cmake --build /home/shiozaki/ros2/build/fibonacci --target install -- -j4 -l4
