[0.181s] DEBUG:colcon:Command line arguments: ['/usr/bin/colcon', 'build']
[0.181s] DEBUG:colcon:Parsed command line arguments: Namespace(ament_cmake_args=None, base_paths=['.'], build_base='build', catkin_cmake_args=None, catkin_skip_building_tests=False, cmake_args=None, cmake_clean_cache=False, cmake_clean_first=False, cmake_force_configure=False, cmake_target=None, cmake_target_skip_unavailable=False, continue_on_error=False, event_handlers=None, executor='parallel', ignore_user_meta=False, install_base='install', log_base=None, log_level=None, main=<bound method BuildVerb.main of <colcon_core.verb.build.BuildVerb object at 0x7ff2daa7d5c0>>, merge_install=False, metas=['./colcon.meta'], packages_above=None, packages_above_and_dependencies=None, packages_above_depth=None, packages_end=None, packages_ignore=None, packages_ignore_regex=None, packages_select=None, packages_select_build_failed=False, packages_select_by_dep=None, packages_select_regex=None, packages_select_test_failures=False, packages_skip=None, packages_skip_build_finished=False, packages_skip_by_dep=None, packages_skip_regex=None, packages_skip_test_passed=False, packages_skip_up_to=None, packages_start=None, packages_up_to=None, packages_up_to_regex=None, parallel_workers=4, paths=None, symlink_install=False, test_result_base=None, verb_extension=<colcon_core.verb.build.BuildVerb object at 0x7ff2daa7d5c0>, verb_name='build', verb_parser=<colcon_defaults.argument_parser.defaults.DefaultArgumentsDecorator object at 0x7ff2daa7d908>)
[0.226s] Level 1:colcon.colcon_core.package_discovery:discover_packages(colcon_meta) check parameters
[0.226s] Level 1:colcon.colcon_core.package_discovery:discover_packages(recursive) check parameters
[0.226s] Level 1:colcon.colcon_core.package_discovery:discover_packages(ignore) check parameters
[0.226s] Level 1:colcon.colcon_core.package_discovery:discover_packages(path) check parameters
[0.226s] Level 1:colcon.colcon_core.package_discovery:discover_packages(colcon_meta) discover
[0.227s] Level 1:colcon.colcon_core.package_discovery:discover_packages(recursive) discover
[0.227s] INFO:colcon.colcon_core.package_discovery:Crawling recursively for packages in '/home/shiozaki/ros2'
[0.227s] Level 1:colcon.colcon_core.package_identification:_identify(.) by extensions ['ignore', 'ignore_ament_install']
[0.227s] Level 1:colcon.colcon_core.package_identification:_identify(.) by extension 'ignore'
[0.227s] Level 1:colcon.colcon_core.package_identification:_identify(.) by extension 'ignore_ament_install'
[0.227s] Level 1:colcon.colcon_core.package_identification:_identify(.) by extensions ['colcon_pkg']
[0.227s] Level 1:colcon.colcon_core.package_identification:_identify(.) by extension 'colcon_pkg'
[0.227s] Level 1:colcon.colcon_core.package_identification:_identify(.) by extensions ['colcon_meta']
[0.227s] Level 1:colcon.colcon_core.package_identification:_identify(.) by extension 'colcon_meta'
[0.227s] Level 1:colcon.colcon_core.package_identification:_identify(.) by extensions ['ros']
[0.227s] Level 1:colcon.colcon_core.package_identification:_identify(.) by extension 'ros'
[0.240s] Level 1:colcon.colcon_core.package_identification:_identify(.) by extensions ['cmake', 'python']
[0.241s] Level 1:colcon.colcon_core.package_identification:_identify(.) by extension 'cmake'
[0.241s] Level 1:colcon.colcon_core.package_identification:_identify(.) by extension 'python'
[0.241s] Level 1:colcon.colcon_core.package_identification:_identify(.) by extensions ['python_setup_py']
[0.241s] Level 1:colcon.colcon_core.package_identification:_identify(.) by extension 'python_setup_py'
[0.241s] Level 1:colcon.colcon_core.package_identification:_identify(build) by extensions ['ignore', 'ignore_ament_install']
[0.241s] Level 1:colcon.colcon_core.package_identification:_identify(build) by extension 'ignore'
[0.241s] Level 1:colcon.colcon_core.package_identification:_identify(build) ignored
[0.242s] Level 1:colcon.colcon_core.package_identification:_identify(install) by extensions ['ignore', 'ignore_ament_install']
[0.242s] Level 1:colcon.colcon_core.package_identification:_identify(install) by extension 'ignore'
[0.242s] Level 1:colcon.colcon_core.package_identification:_identify(install) ignored
[0.242s] Level 1:colcon.colcon_core.package_identification:_identify(log) by extensions ['ignore', 'ignore_ament_install']
[0.242s] Level 1:colcon.colcon_core.package_identification:_identify(log) by extension 'ignore'
[0.242s] Level 1:colcon.colcon_core.package_identification:_identify(log) ignored
[0.242s] Level 1:colcon.colcon_core.package_identification:_identify(src) by extensions ['ignore', 'ignore_ament_install']
[0.242s] Level 1:colcon.colcon_core.package_identification:_identify(src) by extension 'ignore'
[0.242s] Level 1:colcon.colcon_core.package_identification:_identify(src) by extension 'ignore_ament_install'
[0.242s] Level 1:colcon.colcon_core.package_identification:_identify(src) by extensions ['colcon_pkg']
[0.242s] Level 1:colcon.colcon_core.package_identification:_identify(src) by extension 'colcon_pkg'
[0.243s] Level 1:colcon.colcon_core.package_identification:_identify(src) by extensions ['colcon_meta']
[0.243s] Level 1:colcon.colcon_core.package_identification:_identify(src) by extension 'colcon_meta'
[0.243s] Level 1:colcon.colcon_core.package_identification:_identify(src) by extensions ['ros']
[0.243s] Level 1:colcon.colcon_core.package_identification:_identify(src) by extension 'ros'
[0.243s] Level 1:colcon.colcon_core.package_identification:_identify(src) by extensions ['cmake', 'python']
[0.243s] Level 1:colcon.colcon_core.package_identification:_identify(src) by extension 'cmake'
[0.243s] Level 1:colcon.colcon_core.package_identification:_identify(src) by extension 'python'
[0.243s] Level 1:colcon.colcon_core.package_identification:_identify(src) by extensions ['python_setup_py']
[0.243s] Level 1:colcon.colcon_core.package_identification:_identify(src) by extension 'python_setup_py'
[0.243s] Level 1:colcon.colcon_core.package_identification:_identify(src/create_autonomy) by extensions ['ignore', 'ignore_ament_install']
[0.243s] Level 1:colcon.colcon_core.package_identification:_identify(src/create_autonomy) by extension 'ignore'
[0.243s] Level 1:colcon.colcon_core.package_identification:_identify(src/create_autonomy) by extension 'ignore_ament_install'
[0.243s] Level 1:colcon.colcon_core.package_identification:_identify(src/create_autonomy) by extensions ['colcon_pkg']
[0.243s] Level 1:colcon.colcon_core.package_identification:_identify(src/create_autonomy) by extension 'colcon_pkg'
[0.243s] Level 1:colcon.colcon_core.package_identification:_identify(src/create_autonomy) by extensions ['colcon_meta']
[0.243s] Level 1:colcon.colcon_core.package_identification:_identify(src/create_autonomy) by extension 'colcon_meta'
[0.244s] Level 1:colcon.colcon_core.package_identification:_identify(src/create_autonomy) by extensions ['ros']
[0.244s] Level 1:colcon.colcon_core.package_identification:_identify(src/create_autonomy) by extension 'ros'
[0.244s] Level 1:colcon.colcon_core.package_identification:_identify(src/create_autonomy) by extensions ['cmake', 'python']
[0.244s] Level 1:colcon.colcon_core.package_identification:_identify(src/create_autonomy) by extension 'cmake'
[0.244s] Level 1:colcon.colcon_core.package_identification:_identify(src/create_autonomy) by extension 'python'
[0.244s] Level 1:colcon.colcon_core.package_identification:_identify(src/create_autonomy) by extensions ['python_setup_py']
[0.244s] Level 1:colcon.colcon_core.package_identification:_identify(src/create_autonomy) by extension 'python_setup_py'
[0.244s] Level 1:colcon.colcon_core.package_identification:_identify(src/create_autonomy/ca_description) by extensions ['ignore', 'ignore_ament_install']
[0.244s] Level 1:colcon.colcon_core.package_identification:_identify(src/create_autonomy/ca_description) by extension 'ignore'
[0.244s] Level 1:colcon.colcon_core.package_identification:_identify(src/create_autonomy/ca_description) by extension 'ignore_ament_install'
[0.244s] Level 1:colcon.colcon_core.package_identification:_identify(src/create_autonomy/ca_description) by extensions ['colcon_pkg']
[0.244s] Level 1:colcon.colcon_core.package_identification:_identify(src/create_autonomy/ca_description) by extension 'colcon_pkg'
[0.244s] Level 1:colcon.colcon_core.package_identification:_identify(src/create_autonomy/ca_description) by extensions ['colcon_meta']
[0.244s] Level 1:colcon.colcon_core.package_identification:_identify(src/create_autonomy/ca_description) by extension 'colcon_meta'
[0.244s] Level 1:colcon.colcon_core.package_identification:_identify(src/create_autonomy/ca_description) by extensions ['ros']
[0.244s] Level 1:colcon.colcon_core.package_identification:_identify(src/create_autonomy/ca_description) by extension 'ros'
[0.245s] Level 1:colcon.colcon_core.package_identification:_identify(src/create_autonomy/ca_description) ignored
[0.245s] Level 1:colcon.colcon_core.package_identification:_identify(src/create_autonomy/ca_driver) by extensions ['ignore', 'ignore_ament_install']
[0.245s] Level 1:colcon.colcon_core.package_identification:_identify(src/create_autonomy/ca_driver) by extension 'ignore'
[0.245s] Level 1:colcon.colcon_core.package_identification:_identify(src/create_autonomy/ca_driver) by extension 'ignore_ament_install'
[0.245s] Level 1:colcon.colcon_core.package_identification:_identify(src/create_autonomy/ca_driver) by extensions ['colcon_pkg']
[0.245s] Level 1:colcon.colcon_core.package_identification:_identify(src/create_autonomy/ca_driver) by extension 'colcon_pkg'
[0.245s] Level 1:colcon.colcon_core.package_identification:_identify(src/create_autonomy/ca_driver) by extensions ['colcon_meta']
[0.245s] Level 1:colcon.colcon_core.package_identification:_identify(src/create_autonomy/ca_driver) by extension 'colcon_meta'
[0.245s] Level 1:colcon.colcon_core.package_identification:_identify(src/create_autonomy/ca_driver) by extensions ['ros']
[0.245s] Level 1:colcon.colcon_core.package_identification:_identify(src/create_autonomy/ca_driver) by extension 'ros'
[0.245s] Level 1:colcon.colcon_core.package_identification:_identify(src/create_autonomy/ca_driver) ignored
[0.245s] Level 1:colcon.colcon_core.package_identification:_identify(src/create_autonomy/ca_msgs) by extensions ['ignore', 'ignore_ament_install']
[0.245s] Level 1:colcon.colcon_core.package_identification:_identify(src/create_autonomy/ca_msgs) by extension 'ignore'
[0.245s] Level 1:colcon.colcon_core.package_identification:_identify(src/create_autonomy/ca_msgs) by extension 'ignore_ament_install'
[0.246s] Level 1:colcon.colcon_core.package_identification:_identify(src/create_autonomy/ca_msgs) by extensions ['colcon_pkg']
[0.246s] Level 1:colcon.colcon_core.package_identification:_identify(src/create_autonomy/ca_msgs) by extension 'colcon_pkg'
[0.246s] Level 1:colcon.colcon_core.package_identification:_identify(src/create_autonomy/ca_msgs) by extensions ['colcon_meta']
[0.246s] Level 1:colcon.colcon_core.package_identification:_identify(src/create_autonomy/ca_msgs) by extension 'colcon_meta'
[0.246s] Level 1:colcon.colcon_core.package_identification:_identify(src/create_autonomy/ca_msgs) by extensions ['ros']
[0.246s] Level 1:colcon.colcon_core.package_identification:_identify(src/create_autonomy/ca_msgs) by extension 'ros'
[0.246s] Level 1:colcon.colcon_core.package_identification:_identify(src/create_autonomy/ca_msgs) ignored
[0.246s] Level 1:colcon.colcon_core.package_identification:_identify(src/create_autonomy/ca_tools) by extensions ['ignore', 'ignore_ament_install']
[0.246s] Level 1:colcon.colcon_core.package_identification:_identify(src/create_autonomy/ca_tools) by extension 'ignore'
[0.246s] Level 1:colcon.colcon_core.package_identification:_identify(src/create_autonomy/ca_tools) by extension 'ignore_ament_install'
[0.246s] Level 1:colcon.colcon_core.package_identification:_identify(src/create_autonomy/ca_tools) by extensions ['colcon_pkg']
[0.246s] Level 1:colcon.colcon_core.package_identification:_identify(src/create_autonomy/ca_tools) by extension 'colcon_pkg'
[0.246s] Level 1:colcon.colcon_core.package_identification:_identify(src/create_autonomy/ca_tools) by extensions ['colcon_meta']
[0.246s] Level 1:colcon.colcon_core.package_identification:_identify(src/create_autonomy/ca_tools) by extension 'colcon_meta'
[0.246s] Level 1:colcon.colcon_core.package_identification:_identify(src/create_autonomy/ca_tools) by extensions ['ros']
[0.246s] Level 1:colcon.colcon_core.package_identification:_identify(src/create_autonomy/ca_tools) by extension 'ros'
[0.246s] Level 1:colcon.colcon_core.package_identification:_identify(src/create_autonomy/ca_tools) ignored
[0.247s] Level 1:colcon.colcon_core.package_identification:_identify(src/create_autonomy/create_autonomy) by extensions ['ignore', 'ignore_ament_install']
[0.247s] Level 1:colcon.colcon_core.package_identification:_identify(src/create_autonomy/create_autonomy) by extension 'ignore'
[0.247s] Level 1:colcon.colcon_core.package_identification:_identify(src/create_autonomy/create_autonomy) by extension 'ignore_ament_install'
[0.247s] Level 1:colcon.colcon_core.package_identification:_identify(src/create_autonomy/create_autonomy) by extensions ['colcon_pkg']
[0.247s] Level 1:colcon.colcon_core.package_identification:_identify(src/create_autonomy/create_autonomy) by extension 'colcon_pkg'
[0.247s] Level 1:colcon.colcon_core.package_identification:_identify(src/create_autonomy/create_autonomy) by extensions ['colcon_meta']
[0.247s] Level 1:colcon.colcon_core.package_identification:_identify(src/create_autonomy/create_autonomy) by extension 'colcon_meta'
[0.247s] Level 1:colcon.colcon_core.package_identification:_identify(src/create_autonomy/create_autonomy) by extensions ['ros']
[0.247s] Level 1:colcon.colcon_core.package_identification:_identify(src/create_autonomy/create_autonomy) by extension 'ros'
[0.247s] Level 1:colcon.colcon_core.package_identification:_identify(src/create_autonomy/create_autonomy) ignored
[0.247s] Level 1:colcon.colcon_core.package_identification:_identify(src/examples_rclpy) by extensions ['ignore', 'ignore_ament_install']
[0.247s] Level 1:colcon.colcon_core.package_identification:_identify(src/examples_rclpy) by extension 'ignore'
[0.247s] Level 1:colcon.colcon_core.package_identification:_identify(src/examples_rclpy) by extension 'ignore_ament_install'
[0.248s] Level 1:colcon.colcon_core.package_identification:_identify(src/examples_rclpy) by extensions ['colcon_pkg']
[0.248s] Level 1:colcon.colcon_core.package_identification:_identify(src/examples_rclpy) by extension 'colcon_pkg'
[0.248s] Level 1:colcon.colcon_core.package_identification:_identify(src/examples_rclpy) by extensions ['colcon_meta']
[0.248s] Level 1:colcon.colcon_core.package_identification:_identify(src/examples_rclpy) by extension 'colcon_meta'
[0.248s] Level 1:colcon.colcon_core.package_identification:_identify(src/examples_rclpy) by extensions ['ros']
[0.248s] Level 1:colcon.colcon_core.package_identification:_identify(src/examples_rclpy) by extension 'ros'
[0.248s] Level 1:colcon.colcon_core.package_identification:_identify(src/examples_rclpy) by extensions ['cmake', 'python']
[0.248s] Level 1:colcon.colcon_core.package_identification:_identify(src/examples_rclpy) by extension 'cmake'
[0.248s] Level 1:colcon.colcon_core.package_identification:_identify(src/examples_rclpy) by extension 'python'
[0.248s] Level 1:colcon.colcon_core.package_identification:_identify(src/examples_rclpy) by extensions ['python_setup_py']
[0.248s] Level 1:colcon.colcon_core.package_identification:_identify(src/examples_rclpy) by extension 'python_setup_py'
[0.248s] Level 1:colcon.colcon_core.package_identification:_identify(src/examples_rclpy/examples_rclpy_actions) by extensions ['ignore', 'ignore_ament_install']
[0.248s] Level 1:colcon.colcon_core.package_identification:_identify(src/examples_rclpy/examples_rclpy_actions) by extension 'ignore'
[0.248s] Level 1:colcon.colcon_core.package_identification:_identify(src/examples_rclpy/examples_rclpy_actions) by extension 'ignore_ament_install'
[0.248s] Level 1:colcon.colcon_core.package_identification:_identify(src/examples_rclpy/examples_rclpy_actions) by extensions ['colcon_pkg']
[0.248s] Level 1:colcon.colcon_core.package_identification:_identify(src/examples_rclpy/examples_rclpy_actions) by extension 'colcon_pkg'
[0.248s] Level 1:colcon.colcon_core.package_identification:_identify(src/examples_rclpy/examples_rclpy_actions) by extensions ['colcon_meta']
[0.249s] Level 1:colcon.colcon_core.package_identification:_identify(src/examples_rclpy/examples_rclpy_actions) by extension 'colcon_meta'
[0.249s] Level 1:colcon.colcon_core.package_identification:_identify(src/examples_rclpy/examples_rclpy_actions) by extensions ['ros']
[0.249s] Level 1:colcon.colcon_core.package_identification:_identify(src/examples_rclpy/examples_rclpy_actions) by extension 'ros'
[0.252s] DEBUG:colcon.colcon_core.package_identification:Package 'src/examples_rclpy/examples_rclpy_actions' with type 'ros.ament_python' and name 'examples_rclpy_minimal_action_server'
[0.252s] Level 1:colcon.colcon_core.package_identification:_identify(src/examples_rclpy/examples_rclpy_services) by extensions ['ignore', 'ignore_ament_install']
[0.252s] Level 1:colcon.colcon_core.package_identification:_identify(src/examples_rclpy/examples_rclpy_services) by extension 'ignore'
[0.252s] Level 1:colcon.colcon_core.package_identification:_identify(src/examples_rclpy/examples_rclpy_services) by extension 'ignore_ament_install'
[0.252s] Level 1:colcon.colcon_core.package_identification:_identify(src/examples_rclpy/examples_rclpy_services) by extensions ['colcon_pkg']
[0.252s] Level 1:colcon.colcon_core.package_identification:_identify(src/examples_rclpy/examples_rclpy_services) by extension 'colcon_pkg'
[0.252s] Level 1:colcon.colcon_core.package_identification:_identify(src/examples_rclpy/examples_rclpy_services) by extensions ['colcon_meta']
[0.252s] Level 1:colcon.colcon_core.package_identification:_identify(src/examples_rclpy/examples_rclpy_services) by extension 'colcon_meta'
[0.252s] Level 1:colcon.colcon_core.package_identification:_identify(src/examples_rclpy/examples_rclpy_services) by extensions ['ros']
[0.252s] Level 1:colcon.colcon_core.package_identification:_identify(src/examples_rclpy/examples_rclpy_services) by extension 'ros'
[0.253s] DEBUG:colcon.colcon_core.package_identification:Package 'src/examples_rclpy/examples_rclpy_services' with type 'ros.ament_python' and name 'examples_rclpy_services'
[0.253s] Level 1:colcon.colcon_core.package_identification:_identify(src/examples_rclpy/examples_rclpy_topics) by extensions ['ignore', 'ignore_ament_install']
[0.253s] Level 1:colcon.colcon_core.package_identification:_identify(src/examples_rclpy/examples_rclpy_topics) by extension 'ignore'
[0.253s] Level 1:colcon.colcon_core.package_identification:_identify(src/examples_rclpy/examples_rclpy_topics) by extension 'ignore_ament_install'
[0.253s] Level 1:colcon.colcon_core.package_identification:_identify(src/examples_rclpy/examples_rclpy_topics) by extensions ['colcon_pkg']
[0.253s] Level 1:colcon.colcon_core.package_identification:_identify(src/examples_rclpy/examples_rclpy_topics) by extension 'colcon_pkg'
[0.253s] Level 1:colcon.colcon_core.package_identification:_identify(src/examples_rclpy/examples_rclpy_topics) by extensions ['colcon_meta']
[0.253s] Level 1:colcon.colcon_core.package_identification:_identify(src/examples_rclpy/examples_rclpy_topics) by extension 'colcon_meta'
[0.254s] Level 1:colcon.colcon_core.package_identification:_identify(src/examples_rclpy/examples_rclpy_topics) by extensions ['ros']
[0.254s] Level 1:colcon.colcon_core.package_identification:_identify(src/examples_rclpy/examples_rclpy_topics) by extension 'ros'
[0.254s] DEBUG:colcon.colcon_core.package_identification:Package 'src/examples_rclpy/examples_rclpy_topics' with type 'ros.ament_python' and name 'examples_rclpy_topics'
[0.254s] Level 1:colcon.colcon_core.package_identification:_identify(src/fibonacci) by extensions ['ignore', 'ignore_ament_install']
[0.254s] Level 1:colcon.colcon_core.package_identification:_identify(src/fibonacci) by extension 'ignore'
[0.255s] Level 1:colcon.colcon_core.package_identification:_identify(src/fibonacci) by extension 'ignore_ament_install'
[0.255s] Level 1:colcon.colcon_core.package_identification:_identify(src/fibonacci) by extensions ['colcon_pkg']
[0.255s] Level 1:colcon.colcon_core.package_identification:_identify(src/fibonacci) by extension 'colcon_pkg'
[0.255s] Level 1:colcon.colcon_core.package_identification:_identify(src/fibonacci) by extensions ['colcon_meta']
[0.255s] Level 1:colcon.colcon_core.package_identification:_identify(src/fibonacci) by extension 'colcon_meta'
[0.255s] Level 1:colcon.colcon_core.package_identification:_identify(src/fibonacci) by extensions ['ros']
[0.255s] Level 1:colcon.colcon_core.package_identification:_identify(src/fibonacci) by extension 'ros'
[0.255s] DEBUG:colcon.colcon_core.package_identification:Package 'src/fibonacci' with type 'ros.ament_cmake' and name 'fibonacci'
[0.256s] Level 1:colcon.colcon_core.package_identification:_identify(src/hello_world) by extensions ['ignore', 'ignore_ament_install']
[0.256s] Level 1:colcon.colcon_core.package_identification:_identify(src/hello_world) by extension 'ignore'
[0.256s] Level 1:colcon.colcon_core.package_identification:_identify(src/hello_world) by extension 'ignore_ament_install'
[0.256s] Level 1:colcon.colcon_core.package_identification:_identify(src/hello_world) by extensions ['colcon_pkg']
[0.256s] Level 1:colcon.colcon_core.package_identification:_identify(src/hello_world) by extension 'colcon_pkg'
[0.256s] Level 1:colcon.colcon_core.package_identification:_identify(src/hello_world) by extensions ['colcon_meta']
[0.256s] Level 1:colcon.colcon_core.package_identification:_identify(src/hello_world) by extension 'colcon_meta'
[0.256s] Level 1:colcon.colcon_core.package_identification:_identify(src/hello_world) by extensions ['ros']
[0.256s] Level 1:colcon.colcon_core.package_identification:_identify(src/hello_world) by extension 'ros'
[0.259s] DEBUG:colcon.colcon_core.package_identification:Package 'src/hello_world' with type 'ros.ament_cmake' and name 'hello_world'
[0.259s] Level 1:colcon.colcon_core.package_identification:_identify(src/hello_world_msgs) by extensions ['ignore', 'ignore_ament_install']
[0.259s] Level 1:colcon.colcon_core.package_identification:_identify(src/hello_world_msgs) by extension 'ignore'
[0.259s] Level 1:colcon.colcon_core.package_identification:_identify(src/hello_world_msgs) by extension 'ignore_ament_install'
[0.259s] Level 1:colcon.colcon_core.package_identification:_identify(src/hello_world_msgs) by extensions ['colcon_pkg']
[0.259s] Level 1:colcon.colcon_core.package_identification:_identify(src/hello_world_msgs) by extension 'colcon_pkg'
[0.259s] Level 1:colcon.colcon_core.package_identification:_identify(src/hello_world_msgs) by extensions ['colcon_meta']
[0.259s] Level 1:colcon.colcon_core.package_identification:_identify(src/hello_world_msgs) by extension 'colcon_meta'
[0.259s] Level 1:colcon.colcon_core.package_identification:_identify(src/hello_world_msgs) by extensions ['ros']
[0.259s] Level 1:colcon.colcon_core.package_identification:_identify(src/hello_world_msgs) by extension 'ros'
[0.260s] DEBUG:colcon.colcon_core.package_identification:Package 'src/hello_world_msgs' with type 'ros.ament_cmake' and name 'hello_world_msgs'
[0.260s] Level 1:colcon.colcon_core.package_identification:_identify(src/libcreate) by extensions ['ignore', 'ignore_ament_install']
[0.260s] Level 1:colcon.colcon_core.package_identification:_identify(src/libcreate) by extension 'ignore'
[0.260s] Level 1:colcon.colcon_core.package_identification:_identify(src/libcreate) by extension 'ignore_ament_install'
[0.261s] Level 1:colcon.colcon_core.package_identification:_identify(src/libcreate) by extensions ['colcon_pkg']
[0.261s] Level 1:colcon.colcon_core.package_identification:_identify(src/libcreate) by extension 'colcon_pkg'
[0.261s] Level 1:colcon.colcon_core.package_identification:_identify(src/libcreate) by extensions ['colcon_meta']
[0.261s] Level 1:colcon.colcon_core.package_identification:_identify(src/libcreate) by extension 'colcon_meta'
[0.261s] Level 1:colcon.colcon_core.package_identification:_identify(src/libcreate) by extensions ['ros']
[0.261s] Level 1:colcon.colcon_core.package_identification:_identify(src/libcreate) by extension 'ros'
[0.262s] DEBUG:colcon.colcon_core.package_identification:Package 'src/libcreate' with type 'ros.cmake' and name 'libcreate'
[0.262s] Level 1:colcon.colcon_core.package_identification:_identify(src/policies) by extensions ['ignore', 'ignore_ament_install']
[0.262s] Level 1:colcon.colcon_core.package_identification:_identify(src/policies) by extension 'ignore'
[0.262s] Level 1:colcon.colcon_core.package_identification:_identify(src/policies) by extension 'ignore_ament_install'
[0.262s] Level 1:colcon.colcon_core.package_identification:_identify(src/policies) by extensions ['colcon_pkg']
[0.262s] Level 1:colcon.colcon_core.package_identification:_identify(src/policies) by extension 'colcon_pkg'
[0.262s] Level 1:colcon.colcon_core.package_identification:_identify(src/policies) by extensions ['colcon_meta']
[0.262s] Level 1:colcon.colcon_core.package_identification:_identify(src/policies) by extension 'colcon_meta'
[0.262s] Level 1:colcon.colcon_core.package_identification:_identify(src/policies) by extensions ['ros']
[0.262s] Level 1:colcon.colcon_core.package_identification:_identify(src/policies) by extension 'ros'
[0.263s] Level 1:colcon.colcon_core.package_identification:_identify(src/policies) by extensions ['cmake', 'python']
[0.263s] Level 1:colcon.colcon_core.package_identification:_identify(src/policies) by extension 'cmake'
[0.263s] Level 1:colcon.colcon_core.package_identification:_identify(src/policies) by extension 'python'
[0.263s] Level 1:colcon.colcon_core.package_identification:_identify(src/policies) by extensions ['python_setup_py']
[0.263s] Level 1:colcon.colcon_core.package_identification:_identify(src/policies) by extension 'python_setup_py'
[0.263s] Level 1:colcon.colcon_core.package_identification:_identify(src/policies/common) by extensions ['ignore', 'ignore_ament_install']
[0.263s] Level 1:colcon.colcon_core.package_identification:_identify(src/policies/common) by extension 'ignore'
[0.263s] Level 1:colcon.colcon_core.package_identification:_identify(src/policies/common) by extension 'ignore_ament_install'
[0.263s] Level 1:colcon.colcon_core.package_identification:_identify(src/policies/common) by extensions ['colcon_pkg']
[0.263s] Level 1:colcon.colcon_core.package_identification:_identify(src/policies/common) by extension 'colcon_pkg'
[0.263s] Level 1:colcon.colcon_core.package_identification:_identify(src/policies/common) by extensions ['colcon_meta']
[0.263s] Level 1:colcon.colcon_core.package_identification:_identify(src/policies/common) by extension 'colcon_meta'
[0.263s] Level 1:colcon.colcon_core.package_identification:_identify(src/policies/common) by extensions ['ros']
[0.263s] Level 1:colcon.colcon_core.package_identification:_identify(src/policies/common) by extension 'ros'
[0.263s] Level 1:colcon.colcon_core.package_identification:_identify(src/policies/common) by extensions ['cmake', 'python']
[0.263s] Level 1:colcon.colcon_core.package_identification:_identify(src/policies/common) by extension 'cmake'
[0.264s] Level 1:colcon.colcon_core.package_identification:_identify(src/policies/common) by extension 'python'
[0.264s] Level 1:colcon.colcon_core.package_identification:_identify(src/policies/common) by extensions ['python_setup_py']
[0.264s] Level 1:colcon.colcon_core.package_identification:_identify(src/policies/common) by extension 'python_setup_py'
[0.264s] Level 1:colcon.colcon_core.package_identification:_identify(src/policies/common/node) by extensions ['ignore', 'ignore_ament_install']
[0.264s] Level 1:colcon.colcon_core.package_identification:_identify(src/policies/common/node) by extension 'ignore'
[0.264s] Level 1:colcon.colcon_core.package_identification:_identify(src/policies/common/node) by extension 'ignore_ament_install'
[0.264s] Level 1:colcon.colcon_core.package_identification:_identify(src/policies/common/node) by extensions ['colcon_pkg']
[0.264s] Level 1:colcon.colcon_core.package_identification:_identify(src/policies/common/node) by extension 'colcon_pkg'
[0.264s] Level 1:colcon.colcon_core.package_identification:_identify(src/policies/common/node) by extensions ['colcon_meta']
[0.264s] Level 1:colcon.colcon_core.package_identification:_identify(src/policies/common/node) by extension 'colcon_meta'
[0.264s] Level 1:colcon.colcon_core.package_identification:_identify(src/policies/common/node) by extensions ['ros']
[0.264s] Level 1:colcon.colcon_core.package_identification:_identify(src/policies/common/node) by extension 'ros'
[0.264s] Level 1:colcon.colcon_core.package_identification:_identify(src/policies/common/node) by extensions ['cmake', 'python']
[0.264s] Level 1:colcon.colcon_core.package_identification:_identify(src/policies/common/node) by extension 'cmake'
[0.264s] Level 1:colcon.colcon_core.package_identification:_identify(src/policies/common/node) by extension 'python'
[0.264s] Level 1:colcon.colcon_core.package_identification:_identify(src/policies/common/node) by extensions ['python_setup_py']
[0.264s] Level 1:colcon.colcon_core.package_identification:_identify(src/policies/common/node) by extension 'python_setup_py'
[0.265s] Level 1:colcon.colcon_core.package_discovery:discover_packages(recursive) using defaults
[0.265s] Level 1:colcon.colcon_core.package_discovery:discover_packages(ignore) discover
[0.265s] Level 1:colcon.colcon_core.package_discovery:discover_packages(ignore) using defaults
[0.265s] Level 1:colcon.colcon_core.package_discovery:discover_packages(path) discover
[0.265s] Level 1:colcon.colcon_core.package_discovery:discover_packages(path) using defaults
[0.271s] Level 5:colcon.colcon_core.verb:set package 'examples_rclpy_minimal_action_server' build argument 'cmake_args' from command line to 'None'
[0.271s] Level 5:colcon.colcon_core.verb:set package 'examples_rclpy_minimal_action_server' build argument 'cmake_target' from command line to 'None'
[0.272s] Level 5:colcon.colcon_core.verb:set package 'examples_rclpy_minimal_action_server' build argument 'cmake_target_skip_unavailable' from command line to 'False'
[0.272s] Level 5:colcon.colcon_core.verb:set package 'examples_rclpy_minimal_action_server' build argument 'cmake_clean_cache' from command line to 'False'
[0.272s] Level 5:colcon.colcon_core.verb:set package 'examples_rclpy_minimal_action_server' build argument 'cmake_clean_first' from command line to 'False'
[0.272s] Level 5:colcon.colcon_core.verb:set package 'examples_rclpy_minimal_action_server' build argument 'cmake_force_configure' from command line to 'False'
[0.272s] Level 5:colcon.colcon_core.verb:set package 'examples_rclpy_minimal_action_server' build argument 'ament_cmake_args' from command line to 'None'
[0.272s] Level 5:colcon.colcon_core.verb:set package 'examples_rclpy_minimal_action_server' build argument 'catkin_cmake_args' from command line to 'None'
[0.272s] Level 5:colcon.colcon_core.verb:set package 'examples_rclpy_minimal_action_server' build argument 'catkin_skip_building_tests' from command line to 'False'
[0.272s] DEBUG:colcon.colcon_core.verb:Building package 'examples_rclpy_minimal_action_server' with the following arguments: {'ament_cmake_args': None, 'build_base': '/home/shiozaki/ros2/build/examples_rclpy_minimal_action_server', 'catkin_cmake_args': None, 'catkin_skip_building_tests': False, 'cmake_args': None, 'cmake_clean_cache': False, 'cmake_clean_first': False, 'cmake_force_configure': False, 'cmake_target': None, 'cmake_target_skip_unavailable': False, 'install_base': '/home/shiozaki/ros2/install/examples_rclpy_minimal_action_server', 'merge_install': False, 'path': '/home/shiozaki/ros2/src/examples_rclpy/examples_rclpy_actions', 'symlink_install': False, 'test_result_base': None}
[0.275s] Level 5:colcon.colcon_core.verb:set package 'examples_rclpy_services' build argument 'cmake_args' from command line to 'None'
[0.275s] Level 5:colcon.colcon_core.verb:set package 'examples_rclpy_services' build argument 'cmake_target' from command line to 'None'
[0.275s] Level 5:colcon.colcon_core.verb:set package 'examples_rclpy_services' build argument 'cmake_target_skip_unavailable' from command line to 'False'
[0.275s] Level 5:colcon.colcon_core.verb:set package 'examples_rclpy_services' build argument 'cmake_clean_cache' from command line to 'False'
[0.275s] Level 5:colcon.colcon_core.verb:set package 'examples_rclpy_services' build argument 'cmake_clean_first' from command line to 'False'
[0.275s] Level 5:colcon.colcon_core.verb:set package 'examples_rclpy_services' build argument 'cmake_force_configure' from command line to 'False'
[0.275s] Level 5:colcon.colcon_core.verb:set package 'examples_rclpy_services' build argument 'ament_cmake_args' from command line to 'None'
[0.275s] Level 5:colcon.colcon_core.verb:set package 'examples_rclpy_services' build argument 'catkin_cmake_args' from command line to 'None'
[0.275s] Level 5:colcon.colcon_core.verb:set package 'examples_rclpy_services' build argument 'catkin_skip_building_tests' from command line to 'False'
[0.275s] DEBUG:colcon.colcon_core.verb:Building package 'examples_rclpy_services' with the following arguments: {'ament_cmake_args': None, 'build_base': '/home/shiozaki/ros2/build/examples_rclpy_services', 'catkin_cmake_args': None, 'catkin_skip_building_tests': False, 'cmake_args': None, 'cmake_clean_cache': False, 'cmake_clean_first': False, 'cmake_force_configure': False, 'cmake_target': None, 'cmake_target_skip_unavailable': False, 'install_base': '/home/shiozaki/ros2/install/examples_rclpy_services', 'merge_install': False, 'path': '/home/shiozaki/ros2/src/examples_rclpy/examples_rclpy_services', 'symlink_install': False, 'test_result_base': None}
[0.278s] Level 5:colcon.colcon_core.verb:set package 'examples_rclpy_topics' build argument 'cmake_args' from command line to 'None'
[0.279s] Level 5:colcon.colcon_core.verb:set package 'examples_rclpy_topics' build argument 'cmake_target' from command line to 'None'
[0.279s] Level 5:colcon.colcon_core.verb:set package 'examples_rclpy_topics' build argument 'cmake_target_skip_unavailable' from command line to 'False'
[0.279s] Level 5:colcon.colcon_core.verb:set package 'examples_rclpy_topics' build argument 'cmake_clean_cache' from command line to 'False'
[0.279s] Level 5:colcon.colcon_core.verb:set package 'examples_rclpy_topics' build argument 'cmake_clean_first' from command line to 'False'
[0.279s] Level 5:colcon.colcon_core.verb:set package 'examples_rclpy_topics' build argument 'cmake_force_configure' from command line to 'False'
[0.279s] Level 5:colcon.colcon_core.verb:set package 'examples_rclpy_topics' build argument 'ament_cmake_args' from command line to 'None'
[0.279s] Level 5:colcon.colcon_core.verb:set package 'examples_rclpy_topics' build argument 'catkin_cmake_args' from command line to 'None'
[0.279s] Level 5:colcon.colcon_core.verb:set package 'examples_rclpy_topics' build argument 'catkin_skip_building_tests' from command line to 'False'
[0.279s] DEBUG:colcon.colcon_core.verb:Building package 'examples_rclpy_topics' with the following arguments: {'ament_cmake_args': None, 'build_base': '/home/shiozaki/ros2/build/examples_rclpy_topics', 'catkin_cmake_args': None, 'catkin_skip_building_tests': False, 'cmake_args': None, 'cmake_clean_cache': False, 'cmake_clean_first': False, 'cmake_force_configure': False, 'cmake_target': None, 'cmake_target_skip_unavailable': False, 'install_base': '/home/shiozaki/ros2/install/examples_rclpy_topics', 'merge_install': False, 'path': '/home/shiozaki/ros2/src/examples_rclpy/examples_rclpy_topics', 'symlink_install': False, 'test_result_base': None}
[0.282s] Level 5:colcon.colcon_core.verb:set package 'hello_world_msgs' build argument 'cmake_args' from command line to 'None'
[0.282s] Level 5:colcon.colcon_core.verb:set package 'hello_world_msgs' build argument 'cmake_target' from command line to 'None'
[0.282s] Level 5:colcon.colcon_core.verb:set package 'hello_world_msgs' build argument 'cmake_target_skip_unavailable' from command line to 'False'
[0.282s] Level 5:colcon.colcon_core.verb:set package 'hello_world_msgs' build argument 'cmake_clean_cache' from command line to 'False'
[0.282s] Level 5:colcon.colcon_core.verb:set package 'hello_world_msgs' build argument 'cmake_clean_first' from command line to 'False'
[0.282s] Level 5:colcon.colcon_core.verb:set package 'hello_world_msgs' build argument 'cmake_force_configure' from command line to 'False'
[0.282s] Level 5:colcon.colcon_core.verb:set package 'hello_world_msgs' build argument 'ament_cmake_args' from command line to 'None'
[0.282s] Level 5:colcon.colcon_core.verb:set package 'hello_world_msgs' build argument 'catkin_cmake_args' from command line to 'None'
[0.282s] Level 5:colcon.colcon_core.verb:set package 'hello_world_msgs' build argument 'catkin_skip_building_tests' from command line to 'False'
[0.282s] DEBUG:colcon.colcon_core.verb:Building package 'hello_world_msgs' with the following arguments: {'ament_cmake_args': None, 'build_base': '/home/shiozaki/ros2/build/hello_world_msgs', 'catkin_cmake_args': None, 'catkin_skip_building_tests': False, 'cmake_args': None, 'cmake_clean_cache': False, 'cmake_clean_first': False, 'cmake_force_configure': False, 'cmake_target': None, 'cmake_target_skip_unavailable': False, 'install_base': '/home/shiozaki/ros2/install/hello_world_msgs', 'merge_install': False, 'path': '/home/shiozaki/ros2/src/hello_world_msgs', 'symlink_install': False, 'test_result_base': None}
[0.285s] Level 5:colcon.colcon_core.verb:set package 'libcreate' build argument 'cmake_args' from command line to 'None'
[0.285s] Level 5:colcon.colcon_core.verb:set package 'libcreate' build argument 'cmake_target' from command line to 'None'
[0.285s] Level 5:colcon.colcon_core.verb:set package 'libcreate' build argument 'cmake_target_skip_unavailable' from command line to 'False'
[0.285s] Level 5:colcon.colcon_core.verb:set package 'libcreate' build argument 'cmake_clean_cache' from command line to 'False'
[0.286s] Level 5:colcon.colcon_core.verb:set package 'libcreate' build argument 'cmake_clean_first' from command line to 'False'
[0.286s] Level 5:colcon.colcon_core.verb:set package 'libcreate' build argument 'cmake_force_configure' from command line to 'False'
[0.286s] Level 5:colcon.colcon_core.verb:set package 'libcreate' build argument 'ament_cmake_args' from command line to 'None'
[0.286s] Level 5:colcon.colcon_core.verb:set package 'libcreate' build argument 'catkin_cmake_args' from command line to 'None'
[0.286s] Level 5:colcon.colcon_core.verb:set package 'libcreate' build argument 'catkin_skip_building_tests' from command line to 'False'
[0.286s] DEBUG:colcon.colcon_core.verb:Building package 'libcreate' with the following arguments: {'ament_cmake_args': None, 'build_base': '/home/shiozaki/ros2/build/libcreate', 'catkin_cmake_args': None, 'catkin_skip_building_tests': False, 'cmake_args': None, 'cmake_clean_cache': False, 'cmake_clean_first': False, 'cmake_force_configure': False, 'cmake_target': None, 'cmake_target_skip_unavailable': False, 'install_base': '/home/shiozaki/ros2/install/libcreate', 'merge_install': False, 'path': '/home/shiozaki/ros2/src/libcreate', 'symlink_install': False, 'test_result_base': None}
[0.289s] Level 5:colcon.colcon_core.verb:set package 'fibonacci' build argument 'cmake_args' from command line to 'None'
[0.289s] Level 5:colcon.colcon_core.verb:set package 'fibonacci' build argument 'cmake_target' from command line to 'None'
[0.289s] Level 5:colcon.colcon_core.verb:set package 'fibonacci' build argument 'cmake_target_skip_unavailable' from command line to 'False'
[0.289s] Level 5:colcon.colcon_core.verb:set package 'fibonacci' build argument 'cmake_clean_cache' from command line to 'False'
[0.289s] Level 5:colcon.colcon_core.verb:set package 'fibonacci' build argument 'cmake_clean_first' from command line to 'False'
[0.289s] Level 5:colcon.colcon_core.verb:set package 'fibonacci' build argument 'cmake_force_configure' from command line to 'False'
[0.289s] Level 5:colcon.colcon_core.verb:set package 'fibonacci' build argument 'ament_cmake_args' from command line to 'None'
[0.289s] Level 5:colcon.colcon_core.verb:set package 'fibonacci' build argument 'catkin_cmake_args' from command line to 'None'
[0.289s] Level 5:colcon.colcon_core.verb:set package 'fibonacci' build argument 'catkin_skip_building_tests' from command line to 'False'
[0.289s] DEBUG:colcon.colcon_core.verb:Building package 'fibonacci' with the following arguments: {'ament_cmake_args': None, 'build_base': '/home/shiozaki/ros2/build/fibonacci', 'catkin_cmake_args': None, 'catkin_skip_building_tests': False, 'cmake_args': None, 'cmake_clean_cache': False, 'cmake_clean_first': False, 'cmake_force_configure': False, 'cmake_target': None, 'cmake_target_skip_unavailable': False, 'install_base': '/home/shiozaki/ros2/install/fibonacci', 'merge_install': False, 'path': '/home/shiozaki/ros2/src/fibonacci', 'symlink_install': False, 'test_result_base': None}
[0.292s] Level 5:colcon.colcon_core.verb:set package 'hello_world' build argument 'cmake_args' from command line to 'None'
[0.292s] Level 5:colcon.colcon_core.verb:set package 'hello_world' build argument 'cmake_target' from command line to 'None'
[0.292s] Level 5:colcon.colcon_core.verb:set package 'hello_world' build argument 'cmake_target_skip_unavailable' from command line to 'False'
[0.292s] Level 5:colcon.colcon_core.verb:set package 'hello_world' build argument 'cmake_clean_cache' from command line to 'False'
[0.292s] Level 5:colcon.colcon_core.verb:set package 'hello_world' build argument 'cmake_clean_first' from command line to 'False'
[0.293s] Level 5:colcon.colcon_core.verb:set package 'hello_world' build argument 'cmake_force_configure' from command line to 'False'
[0.293s] Level 5:colcon.colcon_core.verb:set package 'hello_world' build argument 'ament_cmake_args' from command line to 'None'
[0.293s] Level 5:colcon.colcon_core.verb:set package 'hello_world' build argument 'catkin_cmake_args' from command line to 'None'
[0.293s] Level 5:colcon.colcon_core.verb:set package 'hello_world' build argument 'catkin_skip_building_tests' from command line to 'False'
[0.293s] DEBUG:colcon.colcon_core.verb:Building package 'hello_world' with the following arguments: {'ament_cmake_args': None, 'build_base': '/home/shiozaki/ros2/build/hello_world', 'catkin_cmake_args': None, 'catkin_skip_building_tests': False, 'cmake_args': None, 'cmake_clean_cache': False, 'cmake_clean_first': False, 'cmake_force_configure': False, 'cmake_target': None, 'cmake_target_skip_unavailable': False, 'install_base': '/home/shiozaki/ros2/install/hello_world', 'merge_install': False, 'path': '/home/shiozaki/ros2/src/hello_world', 'symlink_install': False, 'test_result_base': None}
[0.293s] INFO:colcon.colcon_core.executor:Executing jobs using 'parallel' executor
[0.295s] DEBUG:colcon.colcon_parallel_executor.executor.parallel:run_until_complete
[0.296s] INFO:colcon.colcon_ros.task.ament_cmake.build:Building ROS package in '/home/shiozaki/ros2/src/hello_world_msgs' with build type 'ament_cmake'
[0.301s] INFO:colcon.colcon_core.plugin_system:Skipping extension 'colcon_core.shell.bat': Not used on non-Windows systems
[0.301s] INFO:colcon.colcon_cmake.task.cmake.build:Building CMake package in '/home/shiozaki/ros2/src/hello_world_msgs'
[0.302s] INFO:colcon.colcon_core.shell:Skip shell extension 'powershell' for command environment: Not usable outside of PowerShell
[0.302s] DEBUG:colcon.colcon_core.shell:Skip shell extension 'dsv' for command environment
[0.316s] DEBUG:colcon.colcon_core.shell:Ignoring prefix path '/opt/ros/dashing'
[0.319s] INFO:colcon.colcon_ros.task.ament_python.build:Building ROS package in '/home/shiozaki/ros2/src/examples_rclpy/examples_rclpy_actions' with build type 'ament_python'
[0.320s] Level 1:colcon.colcon_core.shell:create_environment_hook('examples_rclpy_minimal_action_server', 'ament_prefix_path')
[0.321s] INFO:colcon.colcon_core.shell:Creating environment hook '/home/shiozaki/ros2/install/examples_rclpy_minimal_action_server/share/examples_rclpy_minimal_action_server/hook/ament_prefix_path.ps1'
[0.322s] INFO:colcon.colcon_core.shell:Creating environment descriptor '/home/shiozaki/ros2/install/examples_rclpy_minimal_action_server/share/examples_rclpy_minimal_action_server/hook/ament_prefix_path.dsv'
[0.323s] INFO:colcon.colcon_core.shell:Creating environment hook '/home/shiozaki/ros2/install/examples_rclpy_minimal_action_server/share/examples_rclpy_minimal_action_server/hook/ament_prefix_path.sh'
[0.324s] INFO:colcon.colcon_core.shell:Skip shell extension 'powershell' for command environment: Not usable outside of PowerShell
[0.324s] DEBUG:colcon.colcon_core.shell:Skip shell extension 'dsv' for command environment
[0.327s] DEBUG:colcon.colcon_core.shell:Ignoring prefix path '/opt/ros/dashing'
[0.330s] INFO:colcon.colcon_ros.task.ament_python.build:Building ROS package in '/home/shiozaki/ros2/src/examples_rclpy/examples_rclpy_services' with build type 'ament_python'
[0.331s] Level 1:colcon.colcon_core.shell:create_environment_hook('examples_rclpy_services', 'ament_prefix_path')
[0.332s] INFO:colcon.colcon_core.shell:Creating environment hook '/home/shiozaki/ros2/install/examples_rclpy_services/share/examples_rclpy_services/hook/ament_prefix_path.ps1'
[0.333s] INFO:colcon.colcon_core.shell:Creating environment descriptor '/home/shiozaki/ros2/install/examples_rclpy_services/share/examples_rclpy_services/hook/ament_prefix_path.dsv'
[0.333s] INFO:colcon.colcon_core.shell:Creating environment hook '/home/shiozaki/ros2/install/examples_rclpy_services/share/examples_rclpy_services/hook/ament_prefix_path.sh'
[0.335s] INFO:colcon.colcon_core.shell:Skip shell extension 'powershell' for command environment: Not usable outside of PowerShell
[0.335s] DEBUG:colcon.colcon_core.shell:Skip shell extension 'dsv' for command environment
[0.337s] DEBUG:colcon.colcon_core.shell:Ignoring prefix path '/opt/ros/dashing'
[0.340s] INFO:colcon.colcon_ros.task.ament_python.build:Building ROS package in '/home/shiozaki/ros2/src/examples_rclpy/examples_rclpy_topics' with build type 'ament_python'
[0.340s] Level 1:colcon.colcon_core.shell:create_environment_hook('examples_rclpy_topics', 'ament_prefix_path')
[0.342s] INFO:colcon.colcon_core.shell:Creating environment hook '/home/shiozaki/ros2/install/examples_rclpy_topics/share/examples_rclpy_topics/hook/ament_prefix_path.ps1'
[0.342s] INFO:colcon.colcon_core.shell:Creating environment descriptor '/home/shiozaki/ros2/install/examples_rclpy_topics/share/examples_rclpy_topics/hook/ament_prefix_path.dsv'
[0.343s] INFO:colcon.colcon_core.shell:Creating environment hook '/home/shiozaki/ros2/install/examples_rclpy_topics/share/examples_rclpy_topics/hook/ament_prefix_path.sh'
[0.344s] INFO:colcon.colcon_core.shell:Skip shell extension 'powershell' for command environment: Not usable outside of PowerShell
[0.344s] DEBUG:colcon.colcon_core.shell:Skip shell extension 'dsv' for command environment
[0.346s] DEBUG:colcon.colcon_core.shell:Ignoring prefix path '/opt/ros/dashing'
[0.356s] DEBUG:colcon.colcon_core.event_handler.log_command:Invoking command in '/home/shiozaki/ros2/build/hello_world_msgs': CMAKE_PREFIX_PATH=${CMAKE_PREFIX_PATH}:/home/shiozaki/ros2/install/examples_rclpy_topics:/home/shiozaki/ros2/install/examples_rclpy_services:/home/shiozaki/ros2/install/examples_rclpy_minimal_action_server:/opt/ros/dashing /usr/bin/cmake --build /home/shiozaki/ros2/build/hello_world_msgs -- -j4 -l4
[0.717s] WARNING:colcon.colcon_ros.task.ament_python.build:Package 'examples_rclpy_minimal_action_server' doesn't explicitly install a marker in the package index (colcon-ros currently does it implicitly but that fallback will be removed in the future)
[0.718s] WARNING:colcon.colcon_ros.task.ament_python.build:Package 'examples_rclpy_minimal_action_server' doesn't explicitly install the 'package.xml' file (colcon-ros currently does it implicitly but that fallback will be removed in the future)
[0.718s] INFO:colcon.colcon_core.task.python.build:Building Python package in '/home/shiozaki/ros2/src/examples_rclpy/examples_rclpy_actions'
[0.719s] INFO:colcon.colcon_core.shell:Skip shell extension 'powershell' for command environment: Not usable outside of PowerShell
[0.719s] DEBUG:colcon.colcon_core.shell:Skip shell extension 'dsv' for command environment
[0.723s] DEBUG:colcon.colcon_core.shell:Ignoring prefix path '/opt/ros/dashing'
[1.072s] INFO:colcon.colcon_core.task.python.build:Building Python package in '/home/shiozaki/ros2/src/examples_rclpy/examples_rclpy_services'
[1.073s] INFO:colcon.colcon_core.shell:Skip shell extension 'powershell' for command environment: Not usable outside of PowerShell
[1.073s] DEBUG:colcon.colcon_core.shell:Skip shell extension 'dsv' for command environment
[1.076s] DEBUG:colcon.colcon_core.shell:Ignoring prefix path '/opt/ros/dashing'
[1.342s] INFO:colcon.colcon_core.task.python.build:Building Python package in '/home/shiozaki/ros2/src/examples_rclpy/examples_rclpy_topics'
[1.343s] INFO:colcon.colcon_core.shell:Skip shell extension 'powershell' for command environment: Not usable outside of PowerShell
[1.343s] DEBUG:colcon.colcon_core.shell:Skip shell extension 'dsv' for command environment
[1.346s] DEBUG:colcon.colcon_core.shell:Ignoring prefix path '/opt/ros/dashing'
[1.363s] DEBUG:colcon.colcon_core.event_handler.log_command:Invoked command in '/home/shiozaki/ros2/build/hello_world_msgs' returned '0': CMAKE_PREFIX_PATH=${CMAKE_PREFIX_PATH}:/home/shiozaki/ros2/install/examples_rclpy_topics:/home/shiozaki/ros2/install/examples_rclpy_services:/home/shiozaki/ros2/install/examples_rclpy_minimal_action_server:/opt/ros/dashing /usr/bin/cmake --build /home/shiozaki/ros2/build/hello_world_msgs -- -j4 -l4
[1.369s] DEBUG:colcon.colcon_core.event_handler.log_command:Invoking command in '/home/shiozaki/ros2/src/examples_rclpy/examples_rclpy_actions': PYTHONPATH=/home/shiozaki/ros2/install/examples_rclpy_minimal_action_server/lib/python3.6/site-packages:${PYTHONPATH} /usr/bin/python3 setup.py egg_info --egg-base /home/shiozaki/ros2/build/examples_rclpy_minimal_action_server build --build-base /home/shiozaki/ros2/build/examples_rclpy_minimal_action_server/build install --prefix /home/shiozaki/ros2/install/examples_rclpy_minimal_action_server --record /home/shiozaki/ros2/build/examples_rclpy_minimal_action_server/install.log --single-version-externally-managed
[1.372s] DEBUG:colcon.colcon_core.event_handler.log_command:Invoking command in '/home/shiozaki/ros2/src/examples_rclpy/examples_rclpy_services': PYTHONPATH=/home/shiozaki/ros2/install/examples_rclpy_services/lib/python3.6/site-packages:${PYTHONPATH} /usr/bin/python3 setup.py egg_info --egg-base /home/shiozaki/ros2/build/examples_rclpy_services build --build-base /home/shiozaki/ros2/build/examples_rclpy_services/build install --prefix /home/shiozaki/ros2/install/examples_rclpy_services --record /home/shiozaki/ros2/build/examples_rclpy_services/install.log --single-version-externally-managed
[1.380s] DEBUG:colcon.colcon_core.event_handler.log_command:Invoking command in '/home/shiozaki/ros2/src/examples_rclpy/examples_rclpy_topics': PYTHONPATH=/home/shiozaki/ros2/install/examples_rclpy_topics/lib/python3.6/site-packages:${PYTHONPATH} /usr/bin/python3 setup.py egg_info --egg-base /home/shiozaki/ros2/build/examples_rclpy_topics build --build-base /home/shiozaki/ros2/build/examples_rclpy_topics/build install --prefix /home/shiozaki/ros2/install/examples_rclpy_topics --record /home/shiozaki/ros2/build/examples_rclpy_topics/install.log --single-version-externally-managed
[1.631s] DEBUG:colcon.colcon_core.event_handler.log_command:Invoking command in '/home/shiozaki/ros2/build/hello_world_msgs': CMAKE_PREFIX_PATH=${CMAKE_PREFIX_PATH}:/home/shiozaki/ros2/install/examples_rclpy_topics:/home/shiozaki/ros2/install/examples_rclpy_services:/home/shiozaki/ros2/install/examples_rclpy_minimal_action_server:/opt/ros/dashing /usr/bin/cmake --build /home/shiozaki/ros2/build/hello_world_msgs --target install -- -j4 -l4
[1.897s] DEBUG:colcon.colcon_core.event_handler.log_command:Invoked command in '/home/shiozaki/ros2/src/examples_rclpy/examples_rclpy_actions' returned '0': PYTHONPATH=/home/shiozaki/ros2/install/examples_rclpy_minimal_action_server/lib/python3.6/site-packages:${PYTHONPATH} /usr/bin/python3 setup.py egg_info --egg-base /home/shiozaki/ros2/build/examples_rclpy_minimal_action_server build --build-base /home/shiozaki/ros2/build/examples_rclpy_minimal_action_server/build install --prefix /home/shiozaki/ros2/install/examples_rclpy_minimal_action_server --record /home/shiozaki/ros2/build/examples_rclpy_minimal_action_server/install.log --single-version-externally-managed
[1.904s] Level 1:colcon.colcon_core.environment:checking '/home/shiozaki/ros2/install/examples_rclpy_minimal_action_server' for CMake module files
[1.906s] Level 1:colcon.colcon_core.environment:checking '/home/shiozaki/ros2/install/examples_rclpy_minimal_action_server' for CMake config files
[1.908s] Level 1:colcon.colcon_core.environment:checking '/home/shiozaki/ros2/install/examples_rclpy_minimal_action_server/lib'
[1.910s] Level 1:colcon.colcon_core.environment:checking '/home/shiozaki/ros2/install/examples_rclpy_minimal_action_server/bin'
[1.910s] Level 1:colcon.colcon_core.environment:checking '/home/shiozaki/ros2/install/examples_rclpy_minimal_action_server/lib/pkgconfig/examples_rclpy_minimal_action_server.pc'
[1.910s] Level 1:colcon.colcon_core.environment:checking '/home/shiozaki/ros2/install/examples_rclpy_minimal_action_server/lib/python3.6/site-packages'
[1.911s] Level 1:colcon.colcon_core.shell:create_environment_hook('examples_rclpy_minimal_action_server', 'pythonpath')
[1.913s] INFO:colcon.colcon_core.shell:Creating environment hook '/home/shiozaki/ros2/install/examples_rclpy_minimal_action_server/share/examples_rclpy_minimal_action_server/hook/pythonpath.ps1'
[1.915s] INFO:colcon.colcon_core.shell:Creating environment descriptor '/home/shiozaki/ros2/install/examples_rclpy_minimal_action_server/share/examples_rclpy_minimal_action_server/hook/pythonpath.dsv'
[1.921s] INFO:colcon.colcon_core.shell:Creating environment hook '/home/shiozaki/ros2/install/examples_rclpy_minimal_action_server/share/examples_rclpy_minimal_action_server/hook/pythonpath.sh'
[1.922s] Level 1:colcon.colcon_core.environment:create_environment_scripts_only(examples_rclpy_minimal_action_server)
[1.924s] INFO:colcon.colcon_core.shell:Creating package script '/home/shiozaki/ros2/install/examples_rclpy_minimal_action_server/share/examples_rclpy_minimal_action_server/package.ps1'
[1.929s] INFO:colcon.colcon_core.shell:Creating package descriptor '/home/shiozaki/ros2/install/examples_rclpy_minimal_action_server/share/examples_rclpy_minimal_action_server/package.dsv'
[1.933s] INFO:colcon.colcon_core.shell:Creating package script '/home/shiozaki/ros2/install/examples_rclpy_minimal_action_server/share/examples_rclpy_minimal_action_server/package.sh'
[1.935s] INFO:colcon.colcon_core.shell:Creating package script '/home/shiozaki/ros2/install/examples_rclpy_minimal_action_server/share/examples_rclpy_minimal_action_server/package.bash'
[1.945s] INFO:colcon.colcon_core.shell:Creating package script '/home/shiozaki/ros2/install/examples_rclpy_minimal_action_server/share/examples_rclpy_minimal_action_server/package.zsh'
[1.951s] Level 1:colcon.colcon_core.environment:create_file_with_runtime_dependencies(/home/shiozaki/ros2/install/examples_rclpy_minimal_action_server/share/colcon-core/packages/examples_rclpy_minimal_action_server)
[1.953s] INFO:colcon.colcon_ros.task.cmake.build:Building ROS package in '/home/shiozaki/ros2/src/libcreate' with build type 'cmake'
[1.956s] INFO:colcon.colcon_cmake.task.cmake.build:Building CMake package in '/home/shiozaki/ros2/src/libcreate'
[1.957s] INFO:colcon.colcon_core.shell:Skip shell extension 'powershell' for command environment: Not usable outside of PowerShell
[1.957s] DEBUG:colcon.colcon_core.shell:Skip shell extension 'dsv' for command environment
[1.965s] DEBUG:colcon.colcon_core.shell:Ignoring prefix path '/opt/ros/dashing'
[1.989s] Level 1:colcon.colcon_core.environment:checking '/home/shiozaki/ros2/install/examples_rclpy_services' for CMake module files
[1.991s] DEBUG:colcon.colcon_core.event_handler.log_command:Invoked command in '/home/shiozaki/ros2/src/examples_rclpy/examples_rclpy_services' returned '0': PYTHONPATH=/home/shiozaki/ros2/install/examples_rclpy_services/lib/python3.6/site-packages:${PYTHONPATH} /usr/bin/python3 setup.py egg_info --egg-base /home/shiozaki/ros2/build/examples_rclpy_services build --build-base /home/shiozaki/ros2/build/examples_rclpy_services/build install --prefix /home/shiozaki/ros2/install/examples_rclpy_services --record /home/shiozaki/ros2/build/examples_rclpy_services/install.log --single-version-externally-managed
[1.991s] Level 1:colcon.colcon_core.environment:checking '/home/shiozaki/ros2/install/examples_rclpy_services' for CMake config files
[1.993s] Level 1:colcon.colcon_core.environment:checking '/home/shiozaki/ros2/install/examples_rclpy_services/lib'
[1.993s] Level 1:colcon.colcon_core.environment:checking '/home/shiozaki/ros2/install/examples_rclpy_services/bin'
[1.993s] Level 1:colcon.colcon_core.environment:checking '/home/shiozaki/ros2/install/examples_rclpy_services/lib/pkgconfig/examples_rclpy_services.pc'
[1.994s] Level 1:colcon.colcon_core.environment:checking '/home/shiozaki/ros2/install/examples_rclpy_services/lib/python3.6/site-packages'
[1.994s] Level 1:colcon.colcon_core.shell:create_environment_hook('examples_rclpy_services', 'pythonpath')
[1.995s] INFO:colcon.colcon_core.shell:Creating environment hook '/home/shiozaki/ros2/install/examples_rclpy_services/share/examples_rclpy_services/hook/pythonpath.ps1'
[1.996s] INFO:colcon.colcon_core.shell:Creating environment descriptor '/home/shiozaki/ros2/install/examples_rclpy_services/share/examples_rclpy_services/hook/pythonpath.dsv'
[2.000s] INFO:colcon.colcon_core.shell:Creating environment hook '/home/shiozaki/ros2/install/examples_rclpy_services/share/examples_rclpy_services/hook/pythonpath.sh'
[2.001s] Level 1:colcon.colcon_core.environment:create_environment_scripts_only(examples_rclpy_services)
[2.002s] INFO:colcon.colcon_core.shell:Creating package script '/home/shiozaki/ros2/install/examples_rclpy_services/share/examples_rclpy_services/package.ps1'
[2.003s] INFO:colcon.colcon_core.shell:Creating package descriptor '/home/shiozaki/ros2/install/examples_rclpy_services/share/examples_rclpy_services/package.dsv'
[2.009s] INFO:colcon.colcon_core.shell:Creating package script '/home/shiozaki/ros2/install/examples_rclpy_services/share/examples_rclpy_services/package.sh'
[2.010s] INFO:colcon.colcon_core.shell:Creating package script '/home/shiozaki/ros2/install/examples_rclpy_services/share/examples_rclpy_services/package.bash'
[2.010s] INFO:colcon.colcon_core.shell:Creating package script '/home/shiozaki/ros2/install/examples_rclpy_services/share/examples_rclpy_services/package.zsh'
[2.011s] Level 1:colcon.colcon_core.environment:create_file_with_runtime_dependencies(/home/shiozaki/ros2/install/examples_rclpy_services/share/colcon-core/packages/examples_rclpy_services)
[2.033s] DEBUG:colcon.colcon_core.event_handler.log_command:Invoking command in '/home/shiozaki/ros2/build/libcreate': CMAKE_PREFIX_PATH=${CMAKE_PREFIX_PATH}:/home/shiozaki/ros2/install/examples_rclpy_topics:/home/shiozaki/ros2/install/examples_rclpy_services:/home/shiozaki/ros2/install/examples_rclpy_minimal_action_server:/opt/ros/dashing /usr/bin/cmake --build /home/shiozaki/ros2/build/libcreate -- -j4 -l4
[2.040s] Level 1:colcon.colcon_core.environment:checking '/home/shiozaki/ros2/install/examples_rclpy_topics' for CMake module files
[2.041s] DEBUG:colcon.colcon_core.event_handler.log_command:Invoked command in '/home/shiozaki/ros2/src/examples_rclpy/examples_rclpy_topics' returned '0': PYTHONPATH=/home/shiozaki/ros2/install/examples_rclpy_topics/lib/python3.6/site-packages:${PYTHONPATH} /usr/bin/python3 setup.py egg_info --egg-base /home/shiozaki/ros2/build/examples_rclpy_topics build --build-base /home/shiozaki/ros2/build/examples_rclpy_topics/build install --prefix /home/shiozaki/ros2/install/examples_rclpy_topics --record /home/shiozaki/ros2/build/examples_rclpy_topics/install.log --single-version-externally-managed
[2.042s] Level 1:colcon.colcon_core.environment:checking '/home/shiozaki/ros2/install/examples_rclpy_topics' for CMake config files
[2.044s] Level 1:colcon.colcon_core.environment:checking '/home/shiozaki/ros2/install/examples_rclpy_topics/lib'
[2.044s] Level 1:colcon.colcon_core.environment:checking '/home/shiozaki/ros2/install/examples_rclpy_topics/bin'
[2.044s] Level 1:colcon.colcon_core.environment:checking '/home/shiozaki/ros2/install/examples_rclpy_topics/lib/pkgconfig/examples_rclpy_topics.pc'
[2.044s] Level 1:colcon.colcon_core.environment:checking '/home/shiozaki/ros2/install/examples_rclpy_topics/lib/python3.6/site-packages'
[2.044s] Level 1:colcon.colcon_core.shell:create_environment_hook('examples_rclpy_topics', 'pythonpath')
[2.045s] INFO:colcon.colcon_core.shell:Creating environment hook '/home/shiozaki/ros2/install/examples_rclpy_topics/share/examples_rclpy_topics/hook/pythonpath.ps1'
[2.046s] INFO:colcon.colcon_core.shell:Creating environment descriptor '/home/shiozaki/ros2/install/examples_rclpy_topics/share/examples_rclpy_topics/hook/pythonpath.dsv'
[2.046s] INFO:colcon.colcon_core.shell:Creating environment hook '/home/shiozaki/ros2/install/examples_rclpy_topics/share/examples_rclpy_topics/hook/pythonpath.sh'
[2.047s] Level 1:colcon.colcon_core.environment:create_environment_scripts_only(examples_rclpy_topics)
[2.061s] INFO:colcon.colcon_core.shell:Creating package script '/home/shiozaki/ros2/install/examples_rclpy_topics/share/examples_rclpy_topics/package.ps1'
[2.062s] INFO:colcon.colcon_core.shell:Creating package descriptor '/home/shiozaki/ros2/install/examples_rclpy_topics/share/examples_rclpy_topics/package.dsv'
[2.063s] INFO:colcon.colcon_core.shell:Creating package script '/home/shiozaki/ros2/install/examples_rclpy_topics/share/examples_rclpy_topics/package.sh'
[2.063s] INFO:colcon.colcon_core.shell:Creating package script '/home/shiozaki/ros2/install/examples_rclpy_topics/share/examples_rclpy_topics/package.bash'
[2.064s] INFO:colcon.colcon_core.shell:Creating package script '/home/shiozaki/ros2/install/examples_rclpy_topics/share/examples_rclpy_topics/package.zsh'
[2.065s] Level 1:colcon.colcon_core.environment:create_file_with_runtime_dependencies(/home/shiozaki/ros2/install/examples_rclpy_topics/share/colcon-core/packages/examples_rclpy_topics)
[2.273s] DEBUG:colcon.colcon_core.event_handler.log_command:Invoked command in '/home/shiozaki/ros2/build/libcreate' returned '0': CMAKE_PREFIX_PATH=${CMAKE_PREFIX_PATH}:/home/shiozaki/ros2/install/examples_rclpy_topics:/home/shiozaki/ros2/install/examples_rclpy_services:/home/shiozaki/ros2/install/examples_rclpy_minimal_action_server:/opt/ros/dashing /usr/bin/cmake --build /home/shiozaki/ros2/build/libcreate -- -j4 -l4
[2.384s] DEBUG:colcon.colcon_core.event_handler.log_command:Invoking command in '/home/shiozaki/ros2/build/libcreate': CMAKE_PREFIX_PATH=${CMAKE_PREFIX_PATH}:/home/shiozaki/ros2/install/examples_rclpy_topics:/home/shiozaki/ros2/install/examples_rclpy_services:/home/shiozaki/ros2/install/examples_rclpy_minimal_action_server:/opt/ros/dashing /usr/bin/cmake --build /home/shiozaki/ros2/build/libcreate --target install -- -j4 -l4
[2.515s] Level 1:colcon.colcon_core.environment:create_environment_scripts_only(hello_world_msgs)
[2.518s] Level 1:colcon.colcon_core.environment:checking '/home/shiozaki/ros2/install/hello_world_msgs' for CMake module files
[2.519s] Level 1:colcon.colcon_core.environment:checking '/home/shiozaki/ros2/install/hello_world_msgs' for CMake config files
[2.520s] DEBUG:colcon.colcon_core.event_handler.log_command:Invoked command in '/home/shiozaki/ros2/build/hello_world_msgs' returned '0': CMAKE_PREFIX_PATH=${CMAKE_PREFIX_PATH}:/home/shiozaki/ros2/install/examples_rclpy_topics:/home/shiozaki/ros2/install/examples_rclpy_services:/home/shiozaki/ros2/install/examples_rclpy_minimal_action_server:/opt/ros/dashing /usr/bin/cmake --build /home/shiozaki/ros2/build/hello_world_msgs --target install -- -j4 -l4
[2.521s] Level 1:colcon.colcon_core.shell:create_environment_hook('hello_world_msgs', 'cmake_prefix_path')
[2.522s] INFO:colcon.colcon_core.shell:Creating environment hook '/home/shiozaki/ros2/install/hello_world_msgs/share/hello_world_msgs/hook/cmake_prefix_path.ps1'
[2.524s] INFO:colcon.colcon_core.shell:Creating environment descriptor '/home/shiozaki/ros2/install/hello_world_msgs/share/hello_world_msgs/hook/cmake_prefix_path.dsv'
[2.524s] INFO:colcon.colcon_core.shell:Creating environment hook '/home/shiozaki/ros2/install/hello_world_msgs/share/hello_world_msgs/hook/cmake_prefix_path.sh'
[2.526s] Level 1:colcon.colcon_core.environment:checking '/home/shiozaki/ros2/install/hello_world_msgs/lib'
[2.526s] Level 1:colcon.colcon_core.shell:create_environment_hook('hello_world_msgs', 'ld_library_path_lib')
[2.528s] INFO:colcon.colcon_core.shell:Creating environment hook '/home/shiozaki/ros2/install/hello_world_msgs/share/hello_world_msgs/hook/ld_library_path_lib.ps1'
[2.530s] INFO:colcon.colcon_core.shell:Creating environment descriptor '/home/shiozaki/ros2/install/hello_world_msgs/share/hello_world_msgs/hook/ld_library_path_lib.dsv'
[2.530s] INFO:colcon.colcon_core.shell:Creating environment hook '/home/shiozaki/ros2/install/hello_world_msgs/share/hello_world_msgs/hook/ld_library_path_lib.sh'
[2.531s] Level 1:colcon.colcon_core.environment:checking '/home/shiozaki/ros2/install/hello_world_msgs/bin'
[2.532s] Level 1:colcon.colcon_core.environment:checking '/home/shiozaki/ros2/install/hello_world_msgs/lib/pkgconfig/hello_world_msgs.pc'
[2.532s] Level 1:colcon.colcon_core.environment:checking '/home/shiozaki/ros2/install/hello_world_msgs/lib/python3.6/site-packages'
[2.532s] Level 1:colcon.colcon_core.shell:create_environment_hook('hello_world_msgs', 'pythonpath')
[2.533s] INFO:colcon.colcon_core.shell:Creating environment hook '/home/shiozaki/ros2/install/hello_world_msgs/share/hello_world_msgs/hook/pythonpath.ps1'
[2.534s] INFO:colcon.colcon_core.shell:Creating environment descriptor '/home/shiozaki/ros2/install/hello_world_msgs/share/hello_world_msgs/hook/pythonpath.dsv'
[2.535s] INFO:colcon.colcon_core.shell:Creating environment hook '/home/shiozaki/ros2/install/hello_world_msgs/share/hello_world_msgs/hook/pythonpath.sh'
[2.537s] INFO:colcon.colcon_core.shell:Creating package script '/home/shiozaki/ros2/install/hello_world_msgs/share/hello_world_msgs/package.ps1'
[2.538s] INFO:colcon.colcon_core.shell:Creating package descriptor '/home/shiozaki/ros2/install/hello_world_msgs/share/hello_world_msgs/package.dsv'
[2.540s] INFO:colcon.colcon_core.shell:Creating package script '/home/shiozaki/ros2/install/hello_world_msgs/share/hello_world_msgs/package.sh'
[2.541s] INFO:colcon.colcon_core.shell:Creating package script '/home/shiozaki/ros2/install/hello_world_msgs/share/hello_world_msgs/package.bash'
[2.542s] INFO:colcon.colcon_core.shell:Creating package script '/home/shiozaki/ros2/install/hello_world_msgs/share/hello_world_msgs/package.zsh'
[2.543s] Level 1:colcon.colcon_core.environment:create_file_with_runtime_dependencies(/home/shiozaki/ros2/install/hello_world_msgs/share/colcon-core/packages/hello_world_msgs)
[2.544s] INFO:colcon.colcon_ros.task.ament_cmake.build:Building ROS package in '/home/shiozaki/ros2/src/fibonacci' with build type 'ament_cmake'
[2.546s] INFO:colcon.colcon_cmake.task.cmake.build:Building CMake package in '/home/shiozaki/ros2/src/fibonacci'
[2.547s] INFO:colcon.colcon_core.shell:Skip shell extension 'powershell' for command environment: Not usable outside of PowerShell
[2.548s] DEBUG:colcon.colcon_core.shell:Skip shell extension 'dsv' for command environment
[2.552s] DEBUG:colcon.colcon_core.shell:Ignoring prefix path '/opt/ros/dashing'
[2.557s] INFO:colcon.colcon_ros.task.ament_cmake.build:Building ROS package in '/home/shiozaki/ros2/src/hello_world' with build type 'ament_cmake'
[2.560s] INFO:colcon.colcon_cmake.task.cmake.build:Building CMake package in '/home/shiozaki/ros2/src/hello_world'
[2.561s] INFO:colcon.colcon_core.shell:Skip shell extension 'powershell' for command environment: Not usable outside of PowerShell
[2.562s] DEBUG:colcon.colcon_core.shell:Skip shell extension 'dsv' for command environment
[2.568s] DEBUG:colcon.colcon_core.shell:Ignoring prefix path '/opt/ros/dashing'
[2.581s] DEBUG:colcon.colcon_core.event_handler.log_command:Invoking command in '/home/shiozaki/ros2/build/fibonacci': CMAKE_PREFIX_PATH=/home/shiozaki/ros2/install/hello_world_msgs:/home/shiozaki/ros2/install/libcreate:/home/shiozaki/ros2/install/hello_world:/home/shiozaki/ros2/install/fibonacci:/home/shiozaki/ros2/install/examples_rclpy_topics:/home/shiozaki/ros2/install/examples_rclpy_services:/home/shiozaki/ros2/install/examples_rclpy_minimal_action_server:/opt/ros/dashing LD_LIBRARY_PATH=/home/shiozaki/ros2/install/hello_world_msgs/lib:/home/shiozaki/ros2/install/libcreate/lib:/opt/ros/dashing/opt/yaml_cpp_vendor/lib:/opt/ros/dashing/opt/rviz_ogre_vendor/lib:/usr/lib:/opt/rti.com/rti_connext_dds-5.3.1/lib/x64Linux3gcc5.4.0:/opt/ros/dashing/lib /usr/bin/cmake --build /home/shiozaki/ros2/build/fibonacci -- -j4 -l4
[2.592s] DEBUG:colcon.colcon_core.event_handler.log_command:Invoking command in '/home/shiozaki/ros2/build/hello_world': CMAKE_PREFIX_PATH=/home/shiozaki/ros2/install/hello_world_msgs:/home/shiozaki/ros2/install/libcreate:/home/shiozaki/ros2/install/hello_world:/home/shiozaki/ros2/install/fibonacci:/home/shiozaki/ros2/install/examples_rclpy_topics:/home/shiozaki/ros2/install/examples_rclpy_services:/home/shiozaki/ros2/install/examples_rclpy_minimal_action_server:/opt/ros/dashing LD_LIBRARY_PATH=/home/shiozaki/ros2/install/hello_world_msgs/lib:/home/shiozaki/ros2/install/libcreate/lib:/opt/ros/dashing/opt/yaml_cpp_vendor/lib:/opt/ros/dashing/opt/rviz_ogre_vendor/lib:/usr/lib:/opt/rti.com/rti_connext_dds-5.3.1/lib/x64Linux3gcc5.4.0:/opt/ros/dashing/lib /usr/bin/cmake --build /home/shiozaki/ros2/build/hello_world -- -j4 -l4
[2.642s] Level 1:colcon.colcon_core.shell:create_environment_hook('libcreate', 'pkg_config_path')
[2.645s] INFO:colcon.colcon_core.shell:Creating environment hook '/home/shiozaki/ros2/install/libcreate/share/libcreate/hook/pkg_config_path.ps1'
[2.646s] INFO:colcon.colcon_core.shell:Creating environment descriptor '/home/shiozaki/ros2/install/libcreate/share/libcreate/hook/pkg_config_path.dsv'
[2.647s] INFO:colcon.colcon_core.shell:Creating environment hook '/home/shiozaki/ros2/install/libcreate/share/libcreate/hook/pkg_config_path.sh'
[2.644s] DEBUG:colcon.colcon_core.event_handler.log_command:Invoked command in '/home/shiozaki/ros2/build/libcreate' returned '0': CMAKE_PREFIX_PATH=${CMAKE_PREFIX_PATH}:/home/shiozaki/ros2/install/examples_rclpy_topics:/home/shiozaki/ros2/install/examples_rclpy_services:/home/shiozaki/ros2/install/examples_rclpy_minimal_action_server:/opt/ros/dashing /usr/bin/cmake --build /home/shiozaki/ros2/build/libcreate --target install -- -j4 -l4
[2.655s] Level 1:colcon.colcon_core.shell:create_environment_hook('libcreate', 'pkg_config_path_multiarch')
[2.657s] INFO:colcon.colcon_core.shell:Creating environment hook '/home/shiozaki/ros2/install/libcreate/share/libcreate/hook/pkg_config_path_multiarch.ps1'
[2.659s] INFO:colcon.colcon_core.shell:Creating environment descriptor '/home/shiozaki/ros2/install/libcreate/share/libcreate/hook/pkg_config_path_multiarch.dsv'
[2.660s] INFO:colcon.colcon_core.shell:Creating environment hook '/home/shiozaki/ros2/install/libcreate/share/libcreate/hook/pkg_config_path_multiarch.sh'
[2.661s] Level 1:colcon.colcon_core.environment:create_environment_scripts_only(libcreate)
[2.664s] Level 1:colcon.colcon_core.environment:checking '/home/shiozaki/ros2/install/libcreate' for CMake module files
[2.665s] Level 1:colcon.colcon_core.environment:checking '/home/shiozaki/ros2/install/libcreate' for CMake config files
[2.665s] Level 1:colcon.colcon_core.shell:create_environment_hook('libcreate', 'cmake_prefix_path')
[2.666s] INFO:colcon.colcon_core.shell:Creating environment hook '/home/shiozaki/ros2/install/libcreate/share/libcreate/hook/cmake_prefix_path.ps1'
[2.668s] INFO:colcon.colcon_core.shell:Creating environment descriptor '/home/shiozaki/ros2/install/libcreate/share/libcreate/hook/cmake_prefix_path.dsv'
[2.669s] INFO:colcon.colcon_core.shell:Creating environment hook '/home/shiozaki/ros2/install/libcreate/share/libcreate/hook/cmake_prefix_path.sh'
[2.670s] Level 1:colcon.colcon_core.environment:checking '/home/shiozaki/ros2/install/libcreate/lib'
[2.670s] Level 1:colcon.colcon_core.shell:create_environment_hook('libcreate', 'ld_library_path_lib')
[2.672s] INFO:colcon.colcon_core.shell:Creating environment hook '/home/shiozaki/ros2/install/libcreate/share/libcreate/hook/ld_library_path_lib.ps1'
[2.674s] INFO:colcon.colcon_core.shell:Creating environment descriptor '/home/shiozaki/ros2/install/libcreate/share/libcreate/hook/ld_library_path_lib.dsv'
[2.674s] INFO:colcon.colcon_core.shell:Creating environment hook '/home/shiozaki/ros2/install/libcreate/share/libcreate/hook/ld_library_path_lib.sh'
[2.676s] Level 1:colcon.colcon_core.environment:checking '/home/shiozaki/ros2/install/libcreate/bin'
[2.676s] Level 1:colcon.colcon_core.environment:checking '/home/shiozaki/ros2/install/libcreate/lib/pkgconfig/libcreate.pc'
[2.676s] Level 1:colcon.colcon_core.environment:checking '/home/shiozaki/ros2/install/libcreate/lib/python3.6/site-packages'
[2.677s] INFO:colcon.colcon_core.shell:Creating package script '/home/shiozaki/ros2/install/libcreate/share/libcreate/package.ps1'
[2.679s] INFO:colcon.colcon_core.shell:Creating package descriptor '/home/shiozaki/ros2/install/libcreate/share/libcreate/package.dsv'
[2.681s] INFO:colcon.colcon_core.shell:Creating package script '/home/shiozaki/ros2/install/libcreate/share/libcreate/package.sh'
[2.682s] INFO:colcon.colcon_core.shell:Creating package script '/home/shiozaki/ros2/install/libcreate/share/libcreate/package.bash'
[2.682s] INFO:colcon.colcon_core.shell:Creating package script '/home/shiozaki/ros2/install/libcreate/share/libcreate/package.zsh'
[2.683s] Level 1:colcon.colcon_core.environment:create_file_with_runtime_dependencies(/home/shiozaki/ros2/install/libcreate/share/colcon-core/packages/libcreate)
[2.733s] DEBUG:colcon.colcon_core.event_handler.log_command:Invoked command in '/home/shiozaki/ros2/build/fibonacci' returned '0': CMAKE_PREFIX_PATH=/home/shiozaki/ros2/install/hello_world_msgs:/home/shiozaki/ros2/install/libcreate:/home/shiozaki/ros2/install/hello_world:/home/shiozaki/ros2/install/fibonacci:/home/shiozaki/ros2/install/examples_rclpy_topics:/home/shiozaki/ros2/install/examples_rclpy_services:/home/shiozaki/ros2/install/examples_rclpy_minimal_action_server:/opt/ros/dashing LD_LIBRARY_PATH=/home/shiozaki/ros2/install/hello_world_msgs/lib:/home/shiozaki/ros2/install/libcreate/lib:/opt/ros/dashing/opt/yaml_cpp_vendor/lib:/opt/ros/dashing/opt/rviz_ogre_vendor/lib:/usr/lib:/opt/rti.com/rti_connext_dds-5.3.1/lib/x64Linux3gcc5.4.0:/opt/ros/dashing/lib /usr/bin/cmake --build /home/shiozaki/ros2/build/fibonacci -- -j4 -l4
[2.816s] DEBUG:colcon.colcon_core.event_handler.log_command:Invoking command in '/home/shiozaki/ros2/build/fibonacci': CMAKE_PREFIX_PATH=/home/shiozaki/ros2/install/hello_world_msgs:/home/shiozaki/ros2/install/libcreate:/home/shiozaki/ros2/install/hello_world:/home/shiozaki/ros2/install/fibonacci:/home/shiozaki/ros2/install/examples_rclpy_topics:/home/shiozaki/ros2/install/examples_rclpy_services:/home/shiozaki/ros2/install/examples_rclpy_minimal_action_server:/opt/ros/dashing LD_LIBRARY_PATH=/home/shiozaki/ros2/install/hello_world_msgs/lib:/home/shiozaki/ros2/install/libcreate/lib:/opt/ros/dashing/opt/yaml_cpp_vendor/lib:/opt/ros/dashing/opt/rviz_ogre_vendor/lib:/usr/lib:/opt/rti.com/rti_connext_dds-5.3.1/lib/x64Linux3gcc5.4.0:/opt/ros/dashing/lib /usr/bin/cmake --build /home/shiozaki/ros2/build/fibonacci --target install -- -j4 -l4
[2.964s] Level 1:colcon.colcon_core.environment:create_environment_scripts_only(fibonacci)
[2.965s] Level 1:colcon.colcon_core.environment:checking '/home/shiozaki/ros2/install/fibonacci' for CMake module files
[2.966s] DEBUG:colcon.colcon_core.event_handler.log_command:Invoked command in '/home/shiozaki/ros2/build/fibonacci' returned '0': CMAKE_PREFIX_PATH=/home/shiozaki/ros2/install/hello_world_msgs:/home/shiozaki/ros2/install/libcreate:/home/shiozaki/ros2/install/hello_world:/home/shiozaki/ros2/install/fibonacci:/home/shiozaki/ros2/install/examples_rclpy_topics:/home/shiozaki/ros2/install/examples_rclpy_services:/home/shiozaki/ros2/install/examples_rclpy_minimal_action_server:/opt/ros/dashing LD_LIBRARY_PATH=/home/shiozaki/ros2/install/hello_world_msgs/lib:/home/shiozaki/ros2/install/libcreate/lib:/opt/ros/dashing/opt/yaml_cpp_vendor/lib:/opt/ros/dashing/opt/rviz_ogre_vendor/lib:/usr/lib:/opt/rti.com/rti_connext_dds-5.3.1/lib/x64Linux3gcc5.4.0:/opt/ros/dashing/lib /usr/bin/cmake --build /home/shiozaki/ros2/build/fibonacci --target install -- -j4 -l4
[2.967s] Level 1:colcon.colcon_core.environment:checking '/home/shiozaki/ros2/install/fibonacci' for CMake config files
[2.967s] Level 1:colcon.colcon_core.shell:create_environment_hook('fibonacci', 'cmake_prefix_path')
[2.968s] INFO:colcon.colcon_core.shell:Creating environment hook '/home/shiozaki/ros2/install/fibonacci/share/fibonacci/hook/cmake_prefix_path.ps1'
[2.968s] INFO:colcon.colcon_core.shell:Creating environment descriptor '/home/shiozaki/ros2/install/fibonacci/share/fibonacci/hook/cmake_prefix_path.dsv'
[2.969s] INFO:colcon.colcon_core.shell:Creating environment hook '/home/shiozaki/ros2/install/fibonacci/share/fibonacci/hook/cmake_prefix_path.sh'
[2.970s] Level 1:colcon.colcon_core.environment:checking '/home/shiozaki/ros2/install/fibonacci/lib'
[2.970s] Level 1:colcon.colcon_core.environment:checking '/home/shiozaki/ros2/install/fibonacci/bin'
[2.970s] Level 1:colcon.colcon_core.environment:checking '/home/shiozaki/ros2/install/fibonacci/lib/pkgconfig/fibonacci.pc'
[2.970s] Level 1:colcon.colcon_core.environment:checking '/home/shiozaki/ros2/install/fibonacci/lib/python3.6/site-packages'
[2.971s] INFO:colcon.colcon_core.shell:Creating package script '/home/shiozaki/ros2/install/fibonacci/share/fibonacci/package.ps1'
[2.972s] INFO:colcon.colcon_core.shell:Creating package descriptor '/home/shiozaki/ros2/install/fibonacci/share/fibonacci/package.dsv'
[2.973s] INFO:colcon.colcon_core.shell:Creating package script '/home/shiozaki/ros2/install/fibonacci/share/fibonacci/package.sh'
[2.973s] INFO:colcon.colcon_core.shell:Creating package script '/home/shiozaki/ros2/install/fibonacci/share/fibonacci/package.bash'
[2.974s] INFO:colcon.colcon_core.shell:Creating package script '/home/shiozaki/ros2/install/fibonacci/share/fibonacci/package.zsh'
[2.974s] Level 1:colcon.colcon_core.environment:create_file_with_runtime_dependencies(/home/shiozaki/ros2/install/fibonacci/share/colcon-core/packages/fibonacci)
[5.273s] DEBUG:colcon.colcon_core.event_handler.log_command:Invoked command in '/home/shiozaki/ros2/build/hello_world' returned '0': CMAKE_PREFIX_PATH=/home/shiozaki/ros2/install/hello_world_msgs:/home/shiozaki/ros2/install/libcreate:/home/shiozaki/ros2/install/hello_world:/home/shiozaki/ros2/install/fibonacci:/home/shiozaki/ros2/install/examples_rclpy_topics:/home/shiozaki/ros2/install/examples_rclpy_services:/home/shiozaki/ros2/install/examples_rclpy_minimal_action_server:/opt/ros/dashing LD_LIBRARY_PATH=/home/shiozaki/ros2/install/hello_world_msgs/lib:/home/shiozaki/ros2/install/libcreate/lib:/opt/ros/dashing/opt/yaml_cpp_vendor/lib:/opt/ros/dashing/opt/rviz_ogre_vendor/lib:/usr/lib:/opt/rti.com/rti_connext_dds-5.3.1/lib/x64Linux3gcc5.4.0:/opt/ros/dashing/lib /usr/bin/cmake --build /home/shiozaki/ros2/build/hello_world -- -j4 -l4
[5.333s] DEBUG:colcon.colcon_core.event_handler.log_command:Invoking command in '/home/shiozaki/ros2/build/hello_world': CMAKE_PREFIX_PATH=/home/shiozaki/ros2/install/hello_world_msgs:/home/shiozaki/ros2/install/libcreate:/home/shiozaki/ros2/install/hello_world:/home/shiozaki/ros2/install/fibonacci:/home/shiozaki/ros2/install/examples_rclpy_topics:/home/shiozaki/ros2/install/examples_rclpy_services:/home/shiozaki/ros2/install/examples_rclpy_minimal_action_server:/opt/ros/dashing LD_LIBRARY_PATH=/home/shiozaki/ros2/install/hello_world_msgs/lib:/home/shiozaki/ros2/install/libcreate/lib:/opt/ros/dashing/opt/yaml_cpp_vendor/lib:/opt/ros/dashing/opt/rviz_ogre_vendor/lib:/usr/lib:/opt/rti.com/rti_connext_dds-5.3.1/lib/x64Linux3gcc5.4.0:/opt/ros/dashing/lib /usr/bin/cmake --build /home/shiozaki/ros2/build/hello_world --target install -- -j4 -l4
[5.545s] Level 1:colcon.colcon_core.environment:create_environment_scripts_only(hello_world)
[5.545s] DEBUG:colcon.colcon_core.event_handler.log_command:Invoked command in '/home/shiozaki/ros2/build/hello_world' returned '0': CMAKE_PREFIX_PATH=/home/shiozaki/ros2/install/hello_world_msgs:/home/shiozaki/ros2/install/libcreate:/home/shiozaki/ros2/install/hello_world:/home/shiozaki/ros2/install/fibonacci:/home/shiozaki/ros2/install/examples_rclpy_topics:/home/shiozaki/ros2/install/examples_rclpy_services:/home/shiozaki/ros2/install/examples_rclpy_minimal_action_server:/opt/ros/dashing LD_LIBRARY_PATH=/home/shiozaki/ros2/install/hello_world_msgs/lib:/home/shiozaki/ros2/install/libcreate/lib:/opt/ros/dashing/opt/yaml_cpp_vendor/lib:/opt/ros/dashing/opt/rviz_ogre_vendor/lib:/usr/lib:/opt/rti.com/rti_connext_dds-5.3.1/lib/x64Linux3gcc5.4.0:/opt/ros/dashing/lib /usr/bin/cmake --build /home/shiozaki/ros2/build/hello_world --target install -- -j4 -l4
[5.547s] Level 1:colcon.colcon_core.environment:checking '/home/shiozaki/ros2/install/hello_world' for CMake module files
[5.548s] Level 1:colcon.colcon_core.environment:checking '/home/shiozaki/ros2/install/hello_world' for CMake config files
[5.548s] Level 1:colcon.colcon_core.shell:create_environment_hook('hello_world', 'cmake_prefix_path')
[5.548s] INFO:colcon.colcon_core.shell:Creating environment hook '/home/shiozaki/ros2/install/hello_world/share/hello_world/hook/cmake_prefix_path.ps1'
[5.549s] INFO:colcon.colcon_core.shell:Creating environment descriptor '/home/shiozaki/ros2/install/hello_world/share/hello_world/hook/cmake_prefix_path.dsv'
[5.549s] INFO:colcon.colcon_core.shell:Creating environment hook '/home/shiozaki/ros2/install/hello_world/share/hello_world/hook/cmake_prefix_path.sh'
[5.550s] Level 1:colcon.colcon_core.environment:checking '/home/shiozaki/ros2/install/hello_world/lib'
[5.551s] Level 1:colcon.colcon_core.environment:checking '/home/shiozaki/ros2/install/hello_world/bin'
[5.551s] Level 1:colcon.colcon_core.environment:checking '/home/shiozaki/ros2/install/hello_world/lib/pkgconfig/hello_world.pc'
[5.551s] Level 1:colcon.colcon_core.environment:checking '/home/shiozaki/ros2/install/hello_world/lib/python3.6/site-packages'
[5.551s] INFO:colcon.colcon_core.shell:Creating package script '/home/shiozaki/ros2/install/hello_world/share/hello_world/package.ps1'
[5.552s] INFO:colcon.colcon_core.shell:Creating package descriptor '/home/shiozaki/ros2/install/hello_world/share/hello_world/package.dsv'
[5.553s] INFO:colcon.colcon_core.shell:Creating package script '/home/shiozaki/ros2/install/hello_world/share/hello_world/package.sh'
[5.553s] INFO:colcon.colcon_core.shell:Creating package script '/home/shiozaki/ros2/install/hello_world/share/hello_world/package.bash'
[5.554s] INFO:colcon.colcon_core.shell:Creating package script '/home/shiozaki/ros2/install/hello_world/share/hello_world/package.zsh'
[5.554s] Level 1:colcon.colcon_core.environment:create_file_with_runtime_dependencies(/home/shiozaki/ros2/install/hello_world/share/colcon-core/packages/hello_world)
[5.555s] DEBUG:colcon.colcon_parallel_executor.executor.parallel:closing loop
[5.556s] DEBUG:colcon.colcon_parallel_executor.executor.parallel:loop closed
[5.556s] DEBUG:colcon.colcon_parallel_executor.executor.parallel:run_until_complete finished with '0'
[5.556s] DEBUG:colcon.colcon_core.event_reactor:joining thread
[5.563s] INFO:colcon.colcon_core.plugin_system:Skipping extension 'colcon_notification.desktop_notification.terminal_notifier': Not used on non-Darwin systems
[5.563s] INFO:colcon.colcon_core.plugin_system:Skipping extension 'colcon_notification.desktop_notification.win32': Not used on non-Windows systems
[5.563s] INFO:colcon.colcon_notification.desktop_notification:Sending desktop notification using 'notify2'
[5.566s] DEBUG:colcon.colcon_core.event_reactor:joined thread
[5.567s] INFO:colcon.colcon_core.shell:Creating prefix script '/home/shiozaki/ros2/install/local_setup.ps1'
[5.569s] INFO:colcon.colcon_core.shell:Creating prefix util module '/home/shiozaki/ros2/install/_local_setup_util_ps1.py'
[5.571s] INFO:colcon.colcon_core.shell:Creating prefix chain script '/home/shiozaki/ros2/install/setup.ps1'
[5.574s] INFO:colcon.colcon_core.shell:Creating prefix script '/home/shiozaki/ros2/install/local_setup.sh'
[5.575s] INFO:colcon.colcon_core.shell:Creating prefix util module '/home/shiozaki/ros2/install/_local_setup_util_sh.py'
[5.576s] INFO:colcon.colcon_core.shell:Creating prefix chain script '/home/shiozaki/ros2/install/setup.sh'
[5.579s] INFO:colcon.colcon_core.shell:Creating prefix script '/home/shiozaki/ros2/install/local_setup.bash'
[5.580s] INFO:colcon.colcon_core.shell:Creating prefix chain script '/home/shiozaki/ros2/install/setup.bash'
[5.583s] INFO:colcon.colcon_core.shell:Creating prefix script '/home/shiozaki/ros2/install/local_setup.zsh'
[5.584s] INFO:colcon.colcon_core.shell:Creating prefix chain script '/home/shiozaki/ros2/install/setup.zsh'
