[ 10%] Built target listener
[ 20%] Built target client_sync
[ 30%] Built target talker_listener_composition
[ 40%] Built target talker_with_service
[35m[1mScanning dependencies of target talker[0m
[ 50%] Built target set_and_get_parameters
[ 60%] Built target listener_component
[ 65%] [32mBuilding CXX object CMakeFiles/talker.dir/src/talker.cpp.o[0m
[ 75%] Built target talker_with_service_param
[ 85%] Built target client_async
[ 95%] Built target talker_component
[01m[K/home/shiozaki/ros2/src/hello_world/src/talker.cpp:[m[K In lambda function:
[01m[K/home/shiozaki/ros2/src/hello_world/src/talker.cpp:59:22:[m[K [01;31m[Kerror: [m[Kno match for ‘[01m[Koperator=[m[K’ (operand types are ‘[01m[Kstd_msgs::msg::Header_<std::allocator<void> >::_stamp_type {aka builtin_interfaces::msg::Time_<std::allocator<void> >}[m[K’ and ‘[01m[Kstd::chrono::time_point<std::chrono::_V2::system_clock, std::chrono::duration<long int, std::ratio<1, 1000000000> > >[m[K’)
  img->header.stamp = [01;31m[Ka[m[K;
                      [01;31m[K^[m[K
In file included from [01m[K/opt/ros/dashing/include/builtin_interfaces/msg/time.hpp:7:0[m[K,
                 from [01m[K/opt/ros/dashing/include/rclcpp/time.hpp:18[m[K,
                 from [01m[K/opt/ros/dashing/include/rclcpp/clock.hpp:21[m[K,
                 from [01m[K/opt/ros/dashing/include/rclcpp/timer.hpp:26[m[K,
                 from [01m[K/opt/ros/dashing/include/rclcpp/callback_group.hpp:27[m[K,
                 from [01m[K/opt/ros/dashing/include/rclcpp/any_executable.hpp:20[m[K,
                 from [01m[K/opt/ros/dashing/include/rclcpp/memory_strategy.hpp:24[m[K,
                 from [01m[K/opt/ros/dashing/include/rclcpp/memory_strategies.hpp:18[m[K,
                 from [01m[K/opt/ros/dashing/include/rclcpp/executor.hpp:33[m[K,
                 from [01m[K/opt/ros/dashing/include/rclcpp/executors/multi_threaded_executor.hpp:24[m[K,
                 from [01m[K/opt/ros/dashing/include/rclcpp/executors.hpp:21[m[K,
                 from [01m[K/opt/ros/dashing/include/rclcpp/rclcpp.hpp:144[m[K,
                 from [01m[K/home/shiozaki/ros2/src/hello_world/src/talker.cpp:19[m[K:
[01m[K/opt/ros/dashing/include/builtin_interfaces/msg/time__struct.hpp:41:8:[m[K [01;36m[Knote: [m[Kcandidate: constexpr builtin_interfaces::msg::Time_<std::allocator<void> >& builtin_interfaces::msg::Time_<std::allocator<void> >::operator=(const builtin_interfaces::msg::Time_<std::allocator<void> >&)
 struct [01;36m[KTime_[m[K
        [01;36m[K^~~~~[m[K
[01m[K/opt/ros/dashing/include/builtin_interfaces/msg/time__struct.hpp:41:8:[m[K [01;36m[Knote: [m[K  no known conversion for argument 1 from ‘[01m[Kstd::chrono::time_point<std::chrono::_V2::system_clock, std::chrono::duration<long int, std::ratio<1, 1000000000> > >[m[K’ to ‘[01m[Kconst builtin_interfaces::msg::Time_<std::allocator<void> >&[m[K’
[01m[K/opt/ros/dashing/include/builtin_interfaces/msg/time__struct.hpp:41:8:[m[K [01;36m[Knote: [m[Kcandidate: constexpr builtin_interfaces::msg::Time_<std::allocator<void> >& builtin_interfaces::msg::Time_<std::allocator<void> >::operator=(builtin_interfaces::msg::Time_<std::allocator<void> >&&)
[01m[K/opt/ros/dashing/include/builtin_interfaces/msg/time__struct.hpp:41:8:[m[K [01;36m[Knote: [m[K  no known conversion for argument 1 from ‘[01m[Kstd::chrono::time_point<std::chrono::_V2::system_clock, std::chrono::duration<long int, std::ratio<1, 1000000000> > >[m[K’ to ‘[01m[Kbuiltin_interfaces::msg::Time_<std::allocator<void> >&&[m[K’
make[2]: *** [CMakeFiles/talker.dir/src/talker.cpp.o] Error 1
CMakeFiles/talker.dir/build.make:62: recipe for target 'CMakeFiles/talker.dir/src/talker.cpp.o' failed
make[1]: *** [CMakeFiles/talker.dir/all] Error 2
CMakeFiles/Makefile2:284: recipe for target 'CMakeFiles/talker.dir/all' failed
Makefile:140: recipe for target 'all' failed
make: *** [all] Error 2
