[0.180s] DEBUG:colcon:Command line arguments: ['/usr/bin/colcon', 'build']
[0.181s] DEBUG:colcon:Parsed command line arguments: Namespace(ament_cmake_args=None, base_paths=['.'], build_base='build', catkin_cmake_args=None, catkin_skip_building_tests=False, cmake_args=None, cmake_clean_cache=False, cmake_clean_first=False, cmake_force_configure=False, cmake_target=None, cmake_target_skip_unavailable=False, continue_on_error=False, event_handlers=None, executor='parallel', ignore_user_meta=False, install_base='install', log_base=None, log_level=None, main=<bound method BuildVerb.main of <colcon_core.verb.build.BuildVerb object at 0x7f21e5a815c0>>, merge_install=False, metas=['./colcon.meta'], packages_above=None, packages_above_and_dependencies=None, packages_above_depth=None, packages_end=None, packages_ignore=None, packages_ignore_regex=None, packages_select=None, packages_select_build_failed=False, packages_select_by_dep=None, packages_select_regex=None, packages_select_test_failures=False, packages_skip=None, packages_skip_build_finished=False, packages_skip_by_dep=None, packages_skip_regex=None, packages_skip_test_passed=False, packages_skip_up_to=None, packages_start=None, packages_up_to=None, packages_up_to_regex=None, parallel_workers=4, paths=None, symlink_install=False, test_result_base=None, verb_extension=<colcon_core.verb.build.BuildVerb object at 0x7f21e5a815c0>, verb_name='build', verb_parser=<colcon_defaults.argument_parser.defaults.DefaultArgumentsDecorator object at 0x7f21e5a81908>)
[0.224s] Level 1:colcon.colcon_core.package_discovery:discover_packages(colcon_meta) check parameters
[0.224s] Level 1:colcon.colcon_core.package_discovery:discover_packages(recursive) check parameters
[0.224s] Level 1:colcon.colcon_core.package_discovery:discover_packages(ignore) check parameters
[0.224s] Level 1:colcon.colcon_core.package_discovery:discover_packages(path) check parameters
[0.224s] Level 1:colcon.colcon_core.package_discovery:discover_packages(colcon_meta) discover
[0.225s] Level 1:colcon.colcon_core.package_discovery:discover_packages(recursive) discover
[0.225s] INFO:colcon.colcon_core.package_discovery:Crawling recursively for packages in '/home/shiozaki/ros2'
[0.225s] Level 1:colcon.colcon_core.package_identification:_identify(.) by extensions ['ignore', 'ignore_ament_install']
[0.225s] Level 1:colcon.colcon_core.package_identification:_identify(.) by extension 'ignore'
[0.225s] Level 1:colcon.colcon_core.package_identification:_identify(.) by extension 'ignore_ament_install'
[0.225s] Level 1:colcon.colcon_core.package_identification:_identify(.) by extensions ['colcon_pkg']
[0.225s] Level 1:colcon.colcon_core.package_identification:_identify(.) by extension 'colcon_pkg'
[0.225s] Level 1:colcon.colcon_core.package_identification:_identify(.) by extensions ['colcon_meta']
[0.225s] Level 1:colcon.colcon_core.package_identification:_identify(.) by extension 'colcon_meta'
[0.225s] Level 1:colcon.colcon_core.package_identification:_identify(.) by extensions ['ros']
[0.225s] Level 1:colcon.colcon_core.package_identification:_identify(.) by extension 'ros'
[0.238s] Level 1:colcon.colcon_core.package_identification:_identify(.) by extensions ['cmake', 'python']
[0.239s] Level 1:colcon.colcon_core.package_identification:_identify(.) by extension 'cmake'
[0.239s] Level 1:colcon.colcon_core.package_identification:_identify(.) by extension 'python'
[0.239s] Level 1:colcon.colcon_core.package_identification:_identify(.) by extensions ['python_setup_py']
[0.239s] Level 1:colcon.colcon_core.package_identification:_identify(.) by extension 'python_setup_py'
[0.239s] Level 1:colcon.colcon_core.package_identification:_identify(build) by extensions ['ignore', 'ignore_ament_install']
[0.239s] Level 1:colcon.colcon_core.package_identification:_identify(build) by extension 'ignore'
[0.239s] Level 1:colcon.colcon_core.package_identification:_identify(build) ignored
[0.239s] Level 1:colcon.colcon_core.package_identification:_identify(install) by extensions ['ignore', 'ignore_ament_install']
[0.240s] Level 1:colcon.colcon_core.package_identification:_identify(install) by extension 'ignore'
[0.240s] Level 1:colcon.colcon_core.package_identification:_identify(install) ignored
[0.240s] Level 1:colcon.colcon_core.package_identification:_identify(log) by extensions ['ignore', 'ignore_ament_install']
[0.240s] Level 1:colcon.colcon_core.package_identification:_identify(log) by extension 'ignore'
[0.240s] Level 1:colcon.colcon_core.package_identification:_identify(log) ignored
[0.240s] Level 1:colcon.colcon_core.package_identification:_identify(src) by extensions ['ignore', 'ignore_ament_install']
[0.240s] Level 1:colcon.colcon_core.package_identification:_identify(src) by extension 'ignore'
[0.240s] Level 1:colcon.colcon_core.package_identification:_identify(src) by extension 'ignore_ament_install'
[0.240s] Level 1:colcon.colcon_core.package_identification:_identify(src) by extensions ['colcon_pkg']
[0.241s] Level 1:colcon.colcon_core.package_identification:_identify(src) by extension 'colcon_pkg'
[0.241s] Level 1:colcon.colcon_core.package_identification:_identify(src) by extensions ['colcon_meta']
[0.241s] Level 1:colcon.colcon_core.package_identification:_identify(src) by extension 'colcon_meta'
[0.241s] Level 1:colcon.colcon_core.package_identification:_identify(src) by extensions ['ros']
[0.241s] Level 1:colcon.colcon_core.package_identification:_identify(src) by extension 'ros'
[0.241s] Level 1:colcon.colcon_core.package_identification:_identify(src) by extensions ['cmake', 'python']
[0.241s] Level 1:colcon.colcon_core.package_identification:_identify(src) by extension 'cmake'
[0.241s] Level 1:colcon.colcon_core.package_identification:_identify(src) by extension 'python'
[0.241s] Level 1:colcon.colcon_core.package_identification:_identify(src) by extensions ['python_setup_py']
[0.241s] Level 1:colcon.colcon_core.package_identification:_identify(src) by extension 'python_setup_py'
[0.241s] Level 1:colcon.colcon_core.package_identification:_identify(src/build) by extensions ['ignore', 'ignore_ament_install']
[0.241s] Level 1:colcon.colcon_core.package_identification:_identify(src/build) by extension 'ignore'
[0.241s] Level 1:colcon.colcon_core.package_identification:_identify(src/build) ignored
[0.241s] Level 1:colcon.colcon_core.package_identification:_identify(src/create_autonomy) by extensions ['ignore', 'ignore_ament_install']
[0.242s] Level 1:colcon.colcon_core.package_identification:_identify(src/create_autonomy) by extension 'ignore'
[0.242s] Level 1:colcon.colcon_core.package_identification:_identify(src/create_autonomy) by extension 'ignore_ament_install'
[0.242s] Level 1:colcon.colcon_core.package_identification:_identify(src/create_autonomy) by extensions ['colcon_pkg']
[0.242s] Level 1:colcon.colcon_core.package_identification:_identify(src/create_autonomy) by extension 'colcon_pkg'
[0.242s] Level 1:colcon.colcon_core.package_identification:_identify(src/create_autonomy) by extensions ['colcon_meta']
[0.242s] Level 1:colcon.colcon_core.package_identification:_identify(src/create_autonomy) by extension 'colcon_meta'
[0.242s] Level 1:colcon.colcon_core.package_identification:_identify(src/create_autonomy) by extensions ['ros']
[0.242s] Level 1:colcon.colcon_core.package_identification:_identify(src/create_autonomy) by extension 'ros'
[0.242s] Level 1:colcon.colcon_core.package_identification:_identify(src/create_autonomy) by extensions ['cmake', 'python']
[0.242s] Level 1:colcon.colcon_core.package_identification:_identify(src/create_autonomy) by extension 'cmake'
[0.242s] Level 1:colcon.colcon_core.package_identification:_identify(src/create_autonomy) by extension 'python'
[0.242s] Level 1:colcon.colcon_core.package_identification:_identify(src/create_autonomy) by extensions ['python_setup_py']
[0.242s] Level 1:colcon.colcon_core.package_identification:_identify(src/create_autonomy) by extension 'python_setup_py'
[0.242s] Level 1:colcon.colcon_core.package_identification:_identify(src/create_autonomy/ca_description) by extensions ['ignore', 'ignore_ament_install']
[0.242s] Level 1:colcon.colcon_core.package_identification:_identify(src/create_autonomy/ca_description) by extension 'ignore'
[0.243s] Level 1:colcon.colcon_core.package_identification:_identify(src/create_autonomy/ca_description) by extension 'ignore_ament_install'
[0.243s] Level 1:colcon.colcon_core.package_identification:_identify(src/create_autonomy/ca_description) by extensions ['colcon_pkg']
[0.243s] Level 1:colcon.colcon_core.package_identification:_identify(src/create_autonomy/ca_description) by extension 'colcon_pkg'
[0.243s] Level 1:colcon.colcon_core.package_identification:_identify(src/create_autonomy/ca_description) by extensions ['colcon_meta']
[0.243s] Level 1:colcon.colcon_core.package_identification:_identify(src/create_autonomy/ca_description) by extension 'colcon_meta'
[0.243s] Level 1:colcon.colcon_core.package_identification:_identify(src/create_autonomy/ca_description) by extensions ['ros']
[0.243s] Level 1:colcon.colcon_core.package_identification:_identify(src/create_autonomy/ca_description) by extension 'ros'
[0.243s] Level 1:colcon.colcon_core.package_identification:_identify(src/create_autonomy/ca_description) ignored
[0.243s] Level 1:colcon.colcon_core.package_identification:_identify(src/create_autonomy/ca_driver) by extensions ['ignore', 'ignore_ament_install']
[0.243s] Level 1:colcon.colcon_core.package_identification:_identify(src/create_autonomy/ca_driver) by extension 'ignore'
[0.243s] Level 1:colcon.colcon_core.package_identification:_identify(src/create_autonomy/ca_driver) by extension 'ignore_ament_install'
[0.243s] Level 1:colcon.colcon_core.package_identification:_identify(src/create_autonomy/ca_driver) by extensions ['colcon_pkg']
[0.243s] Level 1:colcon.colcon_core.package_identification:_identify(src/create_autonomy/ca_driver) by extension 'colcon_pkg'
[0.243s] Level 1:colcon.colcon_core.package_identification:_identify(src/create_autonomy/ca_driver) by extensions ['colcon_meta']
[0.243s] Level 1:colcon.colcon_core.package_identification:_identify(src/create_autonomy/ca_driver) by extension 'colcon_meta'
[0.243s] Level 1:colcon.colcon_core.package_identification:_identify(src/create_autonomy/ca_driver) by extensions ['ros']
[0.244s] Level 1:colcon.colcon_core.package_identification:_identify(src/create_autonomy/ca_driver) by extension 'ros'
[0.244s] Level 1:colcon.colcon_core.package_identification:_identify(src/create_autonomy/ca_driver) ignored
[0.244s] Level 1:colcon.colcon_core.package_identification:_identify(src/create_autonomy/ca_msgs) by extensions ['ignore', 'ignore_ament_install']
[0.244s] Level 1:colcon.colcon_core.package_identification:_identify(src/create_autonomy/ca_msgs) by extension 'ignore'
[0.244s] Level 1:colcon.colcon_core.package_identification:_identify(src/create_autonomy/ca_msgs) by extension 'ignore_ament_install'
[0.244s] Level 1:colcon.colcon_core.package_identification:_identify(src/create_autonomy/ca_msgs) by extensions ['colcon_pkg']
[0.244s] Level 1:colcon.colcon_core.package_identification:_identify(src/create_autonomy/ca_msgs) by extension 'colcon_pkg'
[0.244s] Level 1:colcon.colcon_core.package_identification:_identify(src/create_autonomy/ca_msgs) by extensions ['colcon_meta']
[0.244s] Level 1:colcon.colcon_core.package_identification:_identify(src/create_autonomy/ca_msgs) by extension 'colcon_meta'
[0.244s] Level 1:colcon.colcon_core.package_identification:_identify(src/create_autonomy/ca_msgs) by extensions ['ros']
[0.244s] Level 1:colcon.colcon_core.package_identification:_identify(src/create_autonomy/ca_msgs) by extension 'ros'
[0.244s] Level 1:colcon.colcon_core.package_identification:_identify(src/create_autonomy/ca_msgs) ignored
[0.244s] Level 1:colcon.colcon_core.package_identification:_identify(src/create_autonomy/ca_tools) by extensions ['ignore', 'ignore_ament_install']
[0.244s] Level 1:colcon.colcon_core.package_identification:_identify(src/create_autonomy/ca_tools) by extension 'ignore'
[0.245s] Level 1:colcon.colcon_core.package_identification:_identify(src/create_autonomy/ca_tools) by extension 'ignore_ament_install'
[0.245s] Level 1:colcon.colcon_core.package_identification:_identify(src/create_autonomy/ca_tools) by extensions ['colcon_pkg']
[0.245s] Level 1:colcon.colcon_core.package_identification:_identify(src/create_autonomy/ca_tools) by extension 'colcon_pkg'
[0.245s] Level 1:colcon.colcon_core.package_identification:_identify(src/create_autonomy/ca_tools) by extensions ['colcon_meta']
[0.245s] Level 1:colcon.colcon_core.package_identification:_identify(src/create_autonomy/ca_tools) by extension 'colcon_meta'
[0.245s] Level 1:colcon.colcon_core.package_identification:_identify(src/create_autonomy/ca_tools) by extensions ['ros']
[0.245s] Level 1:colcon.colcon_core.package_identification:_identify(src/create_autonomy/ca_tools) by extension 'ros'
[0.245s] Level 1:colcon.colcon_core.package_identification:_identify(src/create_autonomy/ca_tools) ignored
[0.245s] Level 1:colcon.colcon_core.package_identification:_identify(src/create_autonomy/create_autonomy) by extensions ['ignore', 'ignore_ament_install']
[0.245s] Level 1:colcon.colcon_core.package_identification:_identify(src/create_autonomy/create_autonomy) by extension 'ignore'
[0.245s] Level 1:colcon.colcon_core.package_identification:_identify(src/create_autonomy/create_autonomy) by extension 'ignore_ament_install'
[0.245s] Level 1:colcon.colcon_core.package_identification:_identify(src/create_autonomy/create_autonomy) by extensions ['colcon_pkg']
[0.245s] Level 1:colcon.colcon_core.package_identification:_identify(src/create_autonomy/create_autonomy) by extension 'colcon_pkg'
[0.245s] Level 1:colcon.colcon_core.package_identification:_identify(src/create_autonomy/create_autonomy) by extensions ['colcon_meta']
[0.245s] Level 1:colcon.colcon_core.package_identification:_identify(src/create_autonomy/create_autonomy) by extension 'colcon_meta'
[0.245s] Level 1:colcon.colcon_core.package_identification:_identify(src/create_autonomy/create_autonomy) by extensions ['ros']
[0.245s] Level 1:colcon.colcon_core.package_identification:_identify(src/create_autonomy/create_autonomy) by extension 'ros'
[0.246s] Level 1:colcon.colcon_core.package_identification:_identify(src/create_autonomy/create_autonomy) ignored
[0.246s] Level 1:colcon.colcon_core.package_identification:_identify(src/examples_rclpy) by extensions ['ignore', 'ignore_ament_install']
[0.246s] Level 1:colcon.colcon_core.package_identification:_identify(src/examples_rclpy) by extension 'ignore'
[0.246s] Level 1:colcon.colcon_core.package_identification:_identify(src/examples_rclpy) by extension 'ignore_ament_install'
[0.246s] Level 1:colcon.colcon_core.package_identification:_identify(src/examples_rclpy) by extensions ['colcon_pkg']
[0.246s] Level 1:colcon.colcon_core.package_identification:_identify(src/examples_rclpy) by extension 'colcon_pkg'
[0.246s] Level 1:colcon.colcon_core.package_identification:_identify(src/examples_rclpy) by extensions ['colcon_meta']
[0.246s] Level 1:colcon.colcon_core.package_identification:_identify(src/examples_rclpy) by extension 'colcon_meta'
[0.246s] Level 1:colcon.colcon_core.package_identification:_identify(src/examples_rclpy) by extensions ['ros']
[0.246s] Level 1:colcon.colcon_core.package_identification:_identify(src/examples_rclpy) by extension 'ros'
[0.246s] Level 1:colcon.colcon_core.package_identification:_identify(src/examples_rclpy) by extensions ['cmake', 'python']
[0.246s] Level 1:colcon.colcon_core.package_identification:_identify(src/examples_rclpy) by extension 'cmake'
[0.246s] Level 1:colcon.colcon_core.package_identification:_identify(src/examples_rclpy) by extension 'python'
[0.246s] Level 1:colcon.colcon_core.package_identification:_identify(src/examples_rclpy) by extensions ['python_setup_py']
[0.246s] Level 1:colcon.colcon_core.package_identification:_identify(src/examples_rclpy) by extension 'python_setup_py'
[0.247s] Level 1:colcon.colcon_core.package_identification:_identify(src/examples_rclpy/examples_rclpy_actions) by extensions ['ignore', 'ignore_ament_install']
[0.247s] Level 1:colcon.colcon_core.package_identification:_identify(src/examples_rclpy/examples_rclpy_actions) by extension 'ignore'
[0.247s] Level 1:colcon.colcon_core.package_identification:_identify(src/examples_rclpy/examples_rclpy_actions) by extension 'ignore_ament_install'
[0.247s] Level 1:colcon.colcon_core.package_identification:_identify(src/examples_rclpy/examples_rclpy_actions) by extensions ['colcon_pkg']
[0.247s] Level 1:colcon.colcon_core.package_identification:_identify(src/examples_rclpy/examples_rclpy_actions) by extension 'colcon_pkg'
[0.247s] Level 1:colcon.colcon_core.package_identification:_identify(src/examples_rclpy/examples_rclpy_actions) by extensions ['colcon_meta']
[0.247s] Level 1:colcon.colcon_core.package_identification:_identify(src/examples_rclpy/examples_rclpy_actions) by extension 'colcon_meta'
[0.247s] Level 1:colcon.colcon_core.package_identification:_identify(src/examples_rclpy/examples_rclpy_actions) by extensions ['ros']
[0.247s] Level 1:colcon.colcon_core.package_identification:_identify(src/examples_rclpy/examples_rclpy_actions) by extension 'ros'
[0.250s] DEBUG:colcon.colcon_core.package_identification:Package 'src/examples_rclpy/examples_rclpy_actions' with type 'ros.ament_python' and name 'examples_rclpy_minimal_action_server'
[0.250s] Level 1:colcon.colcon_core.package_identification:_identify(src/examples_rclpy/examples_rclpy_services) by extensions ['ignore', 'ignore_ament_install']
[0.250s] Level 1:colcon.colcon_core.package_identification:_identify(src/examples_rclpy/examples_rclpy_services) by extension 'ignore'
[0.250s] Level 1:colcon.colcon_core.package_identification:_identify(src/examples_rclpy/examples_rclpy_services) by extension 'ignore_ament_install'
[0.250s] Level 1:colcon.colcon_core.package_identification:_identify(src/examples_rclpy/examples_rclpy_services) by extensions ['colcon_pkg']
[0.250s] Level 1:colcon.colcon_core.package_identification:_identify(src/examples_rclpy/examples_rclpy_services) by extension 'colcon_pkg'
[0.250s] Level 1:colcon.colcon_core.package_identification:_identify(src/examples_rclpy/examples_rclpy_services) by extensions ['colcon_meta']
[0.251s] Level 1:colcon.colcon_core.package_identification:_identify(src/examples_rclpy/examples_rclpy_services) by extension 'colcon_meta'
[0.251s] Level 1:colcon.colcon_core.package_identification:_identify(src/examples_rclpy/examples_rclpy_services) by extensions ['ros']
[0.251s] Level 1:colcon.colcon_core.package_identification:_identify(src/examples_rclpy/examples_rclpy_services) by extension 'ros'
[0.251s] DEBUG:colcon.colcon_core.package_identification:Package 'src/examples_rclpy/examples_rclpy_services' with type 'ros.ament_python' and name 'examples_rclpy_services'
[0.251s] Level 1:colcon.colcon_core.package_identification:_identify(src/examples_rclpy/examples_rclpy_topics) by extensions ['ignore', 'ignore_ament_install']
[0.252s] Level 1:colcon.colcon_core.package_identification:_identify(src/examples_rclpy/examples_rclpy_topics) by extension 'ignore'
[0.252s] Level 1:colcon.colcon_core.package_identification:_identify(src/examples_rclpy/examples_rclpy_topics) by extension 'ignore_ament_install'
[0.252s] Level 1:colcon.colcon_core.package_identification:_identify(src/examples_rclpy/examples_rclpy_topics) by extensions ['colcon_pkg']
[0.252s] Level 1:colcon.colcon_core.package_identification:_identify(src/examples_rclpy/examples_rclpy_topics) by extension 'colcon_pkg'
[0.252s] Level 1:colcon.colcon_core.package_identification:_identify(src/examples_rclpy/examples_rclpy_topics) by extensions ['colcon_meta']
[0.252s] Level 1:colcon.colcon_core.package_identification:_identify(src/examples_rclpy/examples_rclpy_topics) by extension 'colcon_meta'
[0.252s] Level 1:colcon.colcon_core.package_identification:_identify(src/examples_rclpy/examples_rclpy_topics) by extensions ['ros']
[0.252s] Level 1:colcon.colcon_core.package_identification:_identify(src/examples_rclpy/examples_rclpy_topics) by extension 'ros'
[0.253s] DEBUG:colcon.colcon_core.package_identification:Package 'src/examples_rclpy/examples_rclpy_topics' with type 'ros.ament_python' and name 'examples_rclpy_topics'
[0.253s] Level 1:colcon.colcon_core.package_identification:_identify(src/fibonacci) by extensions ['ignore', 'ignore_ament_install']
[0.253s] Level 1:colcon.colcon_core.package_identification:_identify(src/fibonacci) by extension 'ignore'
[0.253s] Level 1:colcon.colcon_core.package_identification:_identify(src/fibonacci) by extension 'ignore_ament_install'
[0.253s] Level 1:colcon.colcon_core.package_identification:_identify(src/fibonacci) by extensions ['colcon_pkg']
[0.253s] Level 1:colcon.colcon_core.package_identification:_identify(src/fibonacci) by extension 'colcon_pkg'
[0.253s] Level 1:colcon.colcon_core.package_identification:_identify(src/fibonacci) by extensions ['colcon_meta']
[0.253s] Level 1:colcon.colcon_core.package_identification:_identify(src/fibonacci) by extension 'colcon_meta'
[0.253s] Level 1:colcon.colcon_core.package_identification:_identify(src/fibonacci) by extensions ['ros']
[0.253s] Level 1:colcon.colcon_core.package_identification:_identify(src/fibonacci) by extension 'ros'
[0.254s] DEBUG:colcon.colcon_core.package_identification:Package 'src/fibonacci' with type 'ros.ament_cmake' and name 'fibonacci'
[0.254s] Level 1:colcon.colcon_core.package_identification:_identify(src/hello_world) by extensions ['ignore', 'ignore_ament_install']
[0.254s] Level 1:colcon.colcon_core.package_identification:_identify(src/hello_world) by extension 'ignore'
[0.254s] Level 1:colcon.colcon_core.package_identification:_identify(src/hello_world) by extension 'ignore_ament_install'
[0.254s] Level 1:colcon.colcon_core.package_identification:_identify(src/hello_world) by extensions ['colcon_pkg']
[0.254s] Level 1:colcon.colcon_core.package_identification:_identify(src/hello_world) by extension 'colcon_pkg'
[0.254s] Level 1:colcon.colcon_core.package_identification:_identify(src/hello_world) by extensions ['colcon_meta']
[0.254s] Level 1:colcon.colcon_core.package_identification:_identify(src/hello_world) by extension 'colcon_meta'
[0.254s] Level 1:colcon.colcon_core.package_identification:_identify(src/hello_world) by extensions ['ros']
[0.254s] Level 1:colcon.colcon_core.package_identification:_identify(src/hello_world) by extension 'ros'
[0.257s] DEBUG:colcon.colcon_core.package_identification:Package 'src/hello_world' with type 'ros.ament_cmake' and name 'hello_world'
[0.257s] Level 1:colcon.colcon_core.package_identification:_identify(src/hello_world_msgs) by extensions ['ignore', 'ignore_ament_install']
[0.257s] Level 1:colcon.colcon_core.package_identification:_identify(src/hello_world_msgs) by extension 'ignore'
[0.257s] Level 1:colcon.colcon_core.package_identification:_identify(src/hello_world_msgs) by extension 'ignore_ament_install'
[0.257s] Level 1:colcon.colcon_core.package_identification:_identify(src/hello_world_msgs) by extensions ['colcon_pkg']
[0.258s] Level 1:colcon.colcon_core.package_identification:_identify(src/hello_world_msgs) by extension 'colcon_pkg'
[0.258s] Level 1:colcon.colcon_core.package_identification:_identify(src/hello_world_msgs) by extensions ['colcon_meta']
[0.258s] Level 1:colcon.colcon_core.package_identification:_identify(src/hello_world_msgs) by extension 'colcon_meta'
[0.258s] Level 1:colcon.colcon_core.package_identification:_identify(src/hello_world_msgs) by extensions ['ros']
[0.258s] Level 1:colcon.colcon_core.package_identification:_identify(src/hello_world_msgs) by extension 'ros'
[0.258s] DEBUG:colcon.colcon_core.package_identification:Package 'src/hello_world_msgs' with type 'ros.ament_cmake' and name 'hello_world_msgs'
[0.258s] Level 1:colcon.colcon_core.package_identification:_identify(src/install) by extensions ['ignore', 'ignore_ament_install']
[0.259s] Level 1:colcon.colcon_core.package_identification:_identify(src/install) by extension 'ignore'
[0.259s] Level 1:colcon.colcon_core.package_identification:_identify(src/install) ignored
[0.259s] Level 1:colcon.colcon_core.package_identification:_identify(src/libcreate) by extensions ['ignore', 'ignore_ament_install']
[0.259s] Level 1:colcon.colcon_core.package_identification:_identify(src/libcreate) by extension 'ignore'
[0.259s] Level 1:colcon.colcon_core.package_identification:_identify(src/libcreate) by extension 'ignore_ament_install'
[0.259s] Level 1:colcon.colcon_core.package_identification:_identify(src/libcreate) by extensions ['colcon_pkg']
[0.259s] Level 1:colcon.colcon_core.package_identification:_identify(src/libcreate) by extension 'colcon_pkg'
[0.259s] Level 1:colcon.colcon_core.package_identification:_identify(src/libcreate) by extensions ['colcon_meta']
[0.259s] Level 1:colcon.colcon_core.package_identification:_identify(src/libcreate) by extension 'colcon_meta'
[0.259s] Level 1:colcon.colcon_core.package_identification:_identify(src/libcreate) by extensions ['ros']
[0.259s] Level 1:colcon.colcon_core.package_identification:_identify(src/libcreate) by extension 'ros'
[0.260s] DEBUG:colcon.colcon_core.package_identification:Package 'src/libcreate' with type 'ros.cmake' and name 'libcreate'
[0.260s] Level 1:colcon.colcon_core.package_identification:_identify(src/log) by extensions ['ignore', 'ignore_ament_install']
[0.261s] Level 1:colcon.colcon_core.package_identification:_identify(src/log) by extension 'ignore'
[0.261s] Level 1:colcon.colcon_core.package_identification:_identify(src/log) ignored
[0.261s] Level 1:colcon.colcon_core.package_identification:_identify(src/policies) by extensions ['ignore', 'ignore_ament_install']
[0.261s] Level 1:colcon.colcon_core.package_identification:_identify(src/policies) by extension 'ignore'
[0.261s] Level 1:colcon.colcon_core.package_identification:_identify(src/policies) by extension 'ignore_ament_install'
[0.261s] Level 1:colcon.colcon_core.package_identification:_identify(src/policies) by extensions ['colcon_pkg']
[0.261s] Level 1:colcon.colcon_core.package_identification:_identify(src/policies) by extension 'colcon_pkg'
[0.261s] Level 1:colcon.colcon_core.package_identification:_identify(src/policies) by extensions ['colcon_meta']
[0.261s] Level 1:colcon.colcon_core.package_identification:_identify(src/policies) by extension 'colcon_meta'
[0.261s] Level 1:colcon.colcon_core.package_identification:_identify(src/policies) by extensions ['ros']
[0.261s] Level 1:colcon.colcon_core.package_identification:_identify(src/policies) by extension 'ros'
[0.261s] Level 1:colcon.colcon_core.package_identification:_identify(src/policies) by extensions ['cmake', 'python']
[0.261s] Level 1:colcon.colcon_core.package_identification:_identify(src/policies) by extension 'cmake'
[0.261s] Level 1:colcon.colcon_core.package_identification:_identify(src/policies) by extension 'python'
[0.261s] Level 1:colcon.colcon_core.package_identification:_identify(src/policies) by extensions ['python_setup_py']
[0.262s] Level 1:colcon.colcon_core.package_identification:_identify(src/policies) by extension 'python_setup_py'
[0.262s] Level 1:colcon.colcon_core.package_identification:_identify(src/policies/common) by extensions ['ignore', 'ignore_ament_install']
[0.262s] Level 1:colcon.colcon_core.package_identification:_identify(src/policies/common) by extension 'ignore'
[0.262s] Level 1:colcon.colcon_core.package_identification:_identify(src/policies/common) by extension 'ignore_ament_install'
[0.262s] Level 1:colcon.colcon_core.package_identification:_identify(src/policies/common) by extensions ['colcon_pkg']
[0.262s] Level 1:colcon.colcon_core.package_identification:_identify(src/policies/common) by extension 'colcon_pkg'
[0.262s] Level 1:colcon.colcon_core.package_identification:_identify(src/policies/common) by extensions ['colcon_meta']
[0.262s] Level 1:colcon.colcon_core.package_identification:_identify(src/policies/common) by extension 'colcon_meta'
[0.262s] Level 1:colcon.colcon_core.package_identification:_identify(src/policies/common) by extensions ['ros']
[0.262s] Level 1:colcon.colcon_core.package_identification:_identify(src/policies/common) by extension 'ros'
[0.262s] Level 1:colcon.colcon_core.package_identification:_identify(src/policies/common) by extensions ['cmake', 'python']
[0.262s] Level 1:colcon.colcon_core.package_identification:_identify(src/policies/common) by extension 'cmake'
[0.262s] Level 1:colcon.colcon_core.package_identification:_identify(src/policies/common) by extension 'python'
[0.262s] Level 1:colcon.colcon_core.package_identification:_identify(src/policies/common) by extensions ['python_setup_py']
[0.262s] Level 1:colcon.colcon_core.package_identification:_identify(src/policies/common) by extension 'python_setup_py'
[0.263s] Level 1:colcon.colcon_core.package_identification:_identify(src/policies/common/node) by extensions ['ignore', 'ignore_ament_install']
[0.263s] Level 1:colcon.colcon_core.package_identification:_identify(src/policies/common/node) by extension 'ignore'
[0.263s] Level 1:colcon.colcon_core.package_identification:_identify(src/policies/common/node) by extension 'ignore_ament_install'
[0.263s] Level 1:colcon.colcon_core.package_identification:_identify(src/policies/common/node) by extensions ['colcon_pkg']
[0.263s] Level 1:colcon.colcon_core.package_identification:_identify(src/policies/common/node) by extension 'colcon_pkg'
[0.263s] Level 1:colcon.colcon_core.package_identification:_identify(src/policies/common/node) by extensions ['colcon_meta']
[0.263s] Level 1:colcon.colcon_core.package_identification:_identify(src/policies/common/node) by extension 'colcon_meta'
[0.263s] Level 1:colcon.colcon_core.package_identification:_identify(src/policies/common/node) by extensions ['ros']
[0.263s] Level 1:colcon.colcon_core.package_identification:_identify(src/policies/common/node) by extension 'ros'
[0.263s] Level 1:colcon.colcon_core.package_identification:_identify(src/policies/common/node) by extensions ['cmake', 'python']
[0.263s] Level 1:colcon.colcon_core.package_identification:_identify(src/policies/common/node) by extension 'cmake'
[0.263s] Level 1:colcon.colcon_core.package_identification:_identify(src/policies/common/node) by extension 'python'
[0.263s] Level 1:colcon.colcon_core.package_identification:_identify(src/policies/common/node) by extensions ['python_setup_py']
[0.263s] Level 1:colcon.colcon_core.package_identification:_identify(src/policies/common/node) by extension 'python_setup_py'
[0.263s] Level 1:colcon.colcon_core.package_discovery:discover_packages(recursive) using defaults
[0.264s] Level 1:colcon.colcon_core.package_discovery:discover_packages(ignore) discover
[0.264s] Level 1:colcon.colcon_core.package_discovery:discover_packages(ignore) using defaults
[0.264s] Level 1:colcon.colcon_core.package_discovery:discover_packages(path) discover
[0.264s] Level 1:colcon.colcon_core.package_discovery:discover_packages(path) using defaults
[0.270s] Level 5:colcon.colcon_core.verb:set package 'examples_rclpy_minimal_action_server' build argument 'cmake_args' from command line to 'None'
[0.270s] Level 5:colcon.colcon_core.verb:set package 'examples_rclpy_minimal_action_server' build argument 'cmake_target' from command line to 'None'
[0.270s] Level 5:colcon.colcon_core.verb:set package 'examples_rclpy_minimal_action_server' build argument 'cmake_target_skip_unavailable' from command line to 'False'
[0.270s] Level 5:colcon.colcon_core.verb:set package 'examples_rclpy_minimal_action_server' build argument 'cmake_clean_cache' from command line to 'False'
[0.270s] Level 5:colcon.colcon_core.verb:set package 'examples_rclpy_minimal_action_server' build argument 'cmake_clean_first' from command line to 'False'
[0.270s] Level 5:colcon.colcon_core.verb:set package 'examples_rclpy_minimal_action_server' build argument 'cmake_force_configure' from command line to 'False'
[0.270s] Level 5:colcon.colcon_core.verb:set package 'examples_rclpy_minimal_action_server' build argument 'ament_cmake_args' from command line to 'None'
[0.270s] Level 5:colcon.colcon_core.verb:set package 'examples_rclpy_minimal_action_server' build argument 'catkin_cmake_args' from command line to 'None'
[0.270s] Level 5:colcon.colcon_core.verb:set package 'examples_rclpy_minimal_action_server' build argument 'catkin_skip_building_tests' from command line to 'False'
[0.271s] DEBUG:colcon.colcon_core.verb:Building package 'examples_rclpy_minimal_action_server' with the following arguments: {'ament_cmake_args': None, 'build_base': '/home/shiozaki/ros2/build/examples_rclpy_minimal_action_server', 'catkin_cmake_args': None, 'catkin_skip_building_tests': False, 'cmake_args': None, 'cmake_clean_cache': False, 'cmake_clean_first': False, 'cmake_force_configure': False, 'cmake_target': None, 'cmake_target_skip_unavailable': False, 'install_base': '/home/shiozaki/ros2/install/examples_rclpy_minimal_action_server', 'merge_install': False, 'path': '/home/shiozaki/ros2/src/examples_rclpy/examples_rclpy_actions', 'symlink_install': False, 'test_result_base': None}
[0.274s] Level 5:colcon.colcon_core.verb:set package 'examples_rclpy_services' build argument 'cmake_args' from command line to 'None'
[0.274s] Level 5:colcon.colcon_core.verb:set package 'examples_rclpy_services' build argument 'cmake_target' from command line to 'None'
[0.274s] Level 5:colcon.colcon_core.verb:set package 'examples_rclpy_services' build argument 'cmake_target_skip_unavailable' from command line to 'False'
[0.274s] Level 5:colcon.colcon_core.verb:set package 'examples_rclpy_services' build argument 'cmake_clean_cache' from command line to 'False'
[0.274s] Level 5:colcon.colcon_core.verb:set package 'examples_rclpy_services' build argument 'cmake_clean_first' from command line to 'False'
[0.274s] Level 5:colcon.colcon_core.verb:set package 'examples_rclpy_services' build argument 'cmake_force_configure' from command line to 'False'
[0.274s] Level 5:colcon.colcon_core.verb:set package 'examples_rclpy_services' build argument 'ament_cmake_args' from command line to 'None'
[0.274s] Level 5:colcon.colcon_core.verb:set package 'examples_rclpy_services' build argument 'catkin_cmake_args' from command line to 'None'
[0.274s] Level 5:colcon.colcon_core.verb:set package 'examples_rclpy_services' build argument 'catkin_skip_building_tests' from command line to 'False'
[0.274s] DEBUG:colcon.colcon_core.verb:Building package 'examples_rclpy_services' with the following arguments: {'ament_cmake_args': None, 'build_base': '/home/shiozaki/ros2/build/examples_rclpy_services', 'catkin_cmake_args': None, 'catkin_skip_building_tests': False, 'cmake_args': None, 'cmake_clean_cache': False, 'cmake_clean_first': False, 'cmake_force_configure': False, 'cmake_target': None, 'cmake_target_skip_unavailable': False, 'install_base': '/home/shiozaki/ros2/install/examples_rclpy_services', 'merge_install': False, 'path': '/home/shiozaki/ros2/src/examples_rclpy/examples_rclpy_services', 'symlink_install': False, 'test_result_base': None}
[0.277s] Level 5:colcon.colcon_core.verb:set package 'examples_rclpy_topics' build argument 'cmake_args' from command line to 'None'
[0.277s] Level 5:colcon.colcon_core.verb:set package 'examples_rclpy_topics' build argument 'cmake_target' from command line to 'None'
[0.277s] Level 5:colcon.colcon_core.verb:set package 'examples_rclpy_topics' build argument 'cmake_target_skip_unavailable' from command line to 'False'
[0.277s] Level 5:colcon.colcon_core.verb:set package 'examples_rclpy_topics' build argument 'cmake_clean_cache' from command line to 'False'
[0.277s] Level 5:colcon.colcon_core.verb:set package 'examples_rclpy_topics' build argument 'cmake_clean_first' from command line to 'False'
[0.277s] Level 5:colcon.colcon_core.verb:set package 'examples_rclpy_topics' build argument 'cmake_force_configure' from command line to 'False'
[0.277s] Level 5:colcon.colcon_core.verb:set package 'examples_rclpy_topics' build argument 'ament_cmake_args' from command line to 'None'
[0.277s] Level 5:colcon.colcon_core.verb:set package 'examples_rclpy_topics' build argument 'catkin_cmake_args' from command line to 'None'
[0.277s] Level 5:colcon.colcon_core.verb:set package 'examples_rclpy_topics' build argument 'catkin_skip_building_tests' from command line to 'False'
[0.277s] DEBUG:colcon.colcon_core.verb:Building package 'examples_rclpy_topics' with the following arguments: {'ament_cmake_args': None, 'build_base': '/home/shiozaki/ros2/build/examples_rclpy_topics', 'catkin_cmake_args': None, 'catkin_skip_building_tests': False, 'cmake_args': None, 'cmake_clean_cache': False, 'cmake_clean_first': False, 'cmake_force_configure': False, 'cmake_target': None, 'cmake_target_skip_unavailable': False, 'install_base': '/home/shiozaki/ros2/install/examples_rclpy_topics', 'merge_install': False, 'path': '/home/shiozaki/ros2/src/examples_rclpy/examples_rclpy_topics', 'symlink_install': False, 'test_result_base': None}
[0.280s] Level 5:colcon.colcon_core.verb:set package 'hello_world_msgs' build argument 'cmake_args' from command line to 'None'
[0.280s] Level 5:colcon.colcon_core.verb:set package 'hello_world_msgs' build argument 'cmake_target' from command line to 'None'
[0.280s] Level 5:colcon.colcon_core.verb:set package 'hello_world_msgs' build argument 'cmake_target_skip_unavailable' from command line to 'False'
[0.281s] Level 5:colcon.colcon_core.verb:set package 'hello_world_msgs' build argument 'cmake_clean_cache' from command line to 'False'
[0.281s] Level 5:colcon.colcon_core.verb:set package 'hello_world_msgs' build argument 'cmake_clean_first' from command line to 'False'
[0.281s] Level 5:colcon.colcon_core.verb:set package 'hello_world_msgs' build argument 'cmake_force_configure' from command line to 'False'
[0.281s] Level 5:colcon.colcon_core.verb:set package 'hello_world_msgs' build argument 'ament_cmake_args' from command line to 'None'
[0.281s] Level 5:colcon.colcon_core.verb:set package 'hello_world_msgs' build argument 'catkin_cmake_args' from command line to 'None'
[0.281s] Level 5:colcon.colcon_core.verb:set package 'hello_world_msgs' build argument 'catkin_skip_building_tests' from command line to 'False'
[0.281s] DEBUG:colcon.colcon_core.verb:Building package 'hello_world_msgs' with the following arguments: {'ament_cmake_args': None, 'build_base': '/home/shiozaki/ros2/build/hello_world_msgs', 'catkin_cmake_args': None, 'catkin_skip_building_tests': False, 'cmake_args': None, 'cmake_clean_cache': False, 'cmake_clean_first': False, 'cmake_force_configure': False, 'cmake_target': None, 'cmake_target_skip_unavailable': False, 'install_base': '/home/shiozaki/ros2/install/hello_world_msgs', 'merge_install': False, 'path': '/home/shiozaki/ros2/src/hello_world_msgs', 'symlink_install': False, 'test_result_base': None}
[0.284s] Level 5:colcon.colcon_core.verb:set package 'libcreate' build argument 'cmake_args' from command line to 'None'
[0.284s] Level 5:colcon.colcon_core.verb:set package 'libcreate' build argument 'cmake_target' from command line to 'None'
[0.284s] Level 5:colcon.colcon_core.verb:set package 'libcreate' build argument 'cmake_target_skip_unavailable' from command line to 'False'
[0.284s] Level 5:colcon.colcon_core.verb:set package 'libcreate' build argument 'cmake_clean_cache' from command line to 'False'
[0.284s] Level 5:colcon.colcon_core.verb:set package 'libcreate' build argument 'cmake_clean_first' from command line to 'False'
[0.284s] Level 5:colcon.colcon_core.verb:set package 'libcreate' build argument 'cmake_force_configure' from command line to 'False'
[0.284s] Level 5:colcon.colcon_core.verb:set package 'libcreate' build argument 'ament_cmake_args' from command line to 'None'
[0.284s] Level 5:colcon.colcon_core.verb:set package 'libcreate' build argument 'catkin_cmake_args' from command line to 'None'
[0.284s] Level 5:colcon.colcon_core.verb:set package 'libcreate' build argument 'catkin_skip_building_tests' from command line to 'False'
[0.284s] DEBUG:colcon.colcon_core.verb:Building package 'libcreate' with the following arguments: {'ament_cmake_args': None, 'build_base': '/home/shiozaki/ros2/build/libcreate', 'catkin_cmake_args': None, 'catkin_skip_building_tests': False, 'cmake_args': None, 'cmake_clean_cache': False, 'cmake_clean_first': False, 'cmake_force_configure': False, 'cmake_target': None, 'cmake_target_skip_unavailable': False, 'install_base': '/home/shiozaki/ros2/install/libcreate', 'merge_install': False, 'path': '/home/shiozaki/ros2/src/libcreate', 'symlink_install': False, 'test_result_base': None}
[0.287s] Level 5:colcon.colcon_core.verb:set package 'fibonacci' build argument 'cmake_args' from command line to 'None'
[0.287s] Level 5:colcon.colcon_core.verb:set package 'fibonacci' build argument 'cmake_target' from command line to 'None'
[0.287s] Level 5:colcon.colcon_core.verb:set package 'fibonacci' build argument 'cmake_target_skip_unavailable' from command line to 'False'
[0.287s] Level 5:colcon.colcon_core.verb:set package 'fibonacci' build argument 'cmake_clean_cache' from command line to 'False'
[0.287s] Level 5:colcon.colcon_core.verb:set package 'fibonacci' build argument 'cmake_clean_first' from command line to 'False'
[0.287s] Level 5:colcon.colcon_core.verb:set package 'fibonacci' build argument 'cmake_force_configure' from command line to 'False'
[0.287s] Level 5:colcon.colcon_core.verb:set package 'fibonacci' build argument 'ament_cmake_args' from command line to 'None'
[0.287s] Level 5:colcon.colcon_core.verb:set package 'fibonacci' build argument 'catkin_cmake_args' from command line to 'None'
[0.287s] Level 5:colcon.colcon_core.verb:set package 'fibonacci' build argument 'catkin_skip_building_tests' from command line to 'False'
[0.288s] DEBUG:colcon.colcon_core.verb:Building package 'fibonacci' with the following arguments: {'ament_cmake_args': None, 'build_base': '/home/shiozaki/ros2/build/fibonacci', 'catkin_cmake_args': None, 'catkin_skip_building_tests': False, 'cmake_args': None, 'cmake_clean_cache': False, 'cmake_clean_first': False, 'cmake_force_configure': False, 'cmake_target': None, 'cmake_target_skip_unavailable': False, 'install_base': '/home/shiozaki/ros2/install/fibonacci', 'merge_install': False, 'path': '/home/shiozaki/ros2/src/fibonacci', 'symlink_install': False, 'test_result_base': None}
[0.291s] Level 5:colcon.colcon_core.verb:set package 'hello_world' build argument 'cmake_args' from command line to 'None'
[0.291s] Level 5:colcon.colcon_core.verb:set package 'hello_world' build argument 'cmake_target' from command line to 'None'
[0.291s] Level 5:colcon.colcon_core.verb:set package 'hello_world' build argument 'cmake_target_skip_unavailable' from command line to 'False'
[0.291s] Level 5:colcon.colcon_core.verb:set package 'hello_world' build argument 'cmake_clean_cache' from command line to 'False'
[0.291s] Level 5:colcon.colcon_core.verb:set package 'hello_world' build argument 'cmake_clean_first' from command line to 'False'
[0.291s] Level 5:colcon.colcon_core.verb:set package 'hello_world' build argument 'cmake_force_configure' from command line to 'False'
[0.291s] Level 5:colcon.colcon_core.verb:set package 'hello_world' build argument 'ament_cmake_args' from command line to 'None'
[0.291s] Level 5:colcon.colcon_core.verb:set package 'hello_world' build argument 'catkin_cmake_args' from command line to 'None'
[0.291s] Level 5:colcon.colcon_core.verb:set package 'hello_world' build argument 'catkin_skip_building_tests' from command line to 'False'
[0.291s] DEBUG:colcon.colcon_core.verb:Building package 'hello_world' with the following arguments: {'ament_cmake_args': None, 'build_base': '/home/shiozaki/ros2/build/hello_world', 'catkin_cmake_args': None, 'catkin_skip_building_tests': False, 'cmake_args': None, 'cmake_clean_cache': False, 'cmake_clean_first': False, 'cmake_force_configure': False, 'cmake_target': None, 'cmake_target_skip_unavailable': False, 'install_base': '/home/shiozaki/ros2/install/hello_world', 'merge_install': False, 'path': '/home/shiozaki/ros2/src/hello_world', 'symlink_install': False, 'test_result_base': None}
[0.291s] INFO:colcon.colcon_core.executor:Executing jobs using 'parallel' executor
[0.293s] DEBUG:colcon.colcon_parallel_executor.executor.parallel:run_until_complete
[0.294s] INFO:colcon.colcon_ros.task.ament_cmake.build:Building ROS package in '/home/shiozaki/ros2/src/hello_world_msgs' with build type 'ament_cmake'
[0.300s] INFO:colcon.colcon_core.plugin_system:Skipping extension 'colcon_core.shell.bat': Not used on non-Windows systems
[0.300s] INFO:colcon.colcon_cmake.task.cmake.build:Building CMake package in '/home/shiozaki/ros2/src/hello_world_msgs'
[0.301s] INFO:colcon.colcon_core.shell:Skip shell extension 'powershell' for command environment: Not usable outside of PowerShell
[0.301s] DEBUG:colcon.colcon_core.shell:Skip shell extension 'dsv' for command environment
[0.320s] DEBUG:colcon.colcon_core.shell:Ignoring prefix path '/opt/ros/dashing'
[0.325s] INFO:colcon.colcon_ros.task.ament_python.build:Building ROS package in '/home/shiozaki/ros2/src/examples_rclpy/examples_rclpy_actions' with build type 'ament_python'
[0.326s] Level 1:colcon.colcon_core.shell:create_environment_hook('examples_rclpy_minimal_action_server', 'ament_prefix_path')
[0.328s] INFO:colcon.colcon_core.shell:Creating environment hook '/home/shiozaki/ros2/install/examples_rclpy_minimal_action_server/share/examples_rclpy_minimal_action_server/hook/ament_prefix_path.ps1'
[0.330s] INFO:colcon.colcon_core.shell:Creating environment descriptor '/home/shiozaki/ros2/install/examples_rclpy_minimal_action_server/share/examples_rclpy_minimal_action_server/hook/ament_prefix_path.dsv'
[0.331s] INFO:colcon.colcon_core.shell:Creating environment hook '/home/shiozaki/ros2/install/examples_rclpy_minimal_action_server/share/examples_rclpy_minimal_action_server/hook/ament_prefix_path.sh'
[0.333s] INFO:colcon.colcon_core.shell:Skip shell extension 'powershell' for command environment: Not usable outside of PowerShell
[0.333s] DEBUG:colcon.colcon_core.shell:Skip shell extension 'dsv' for command environment
[0.336s] DEBUG:colcon.colcon_core.shell:Ignoring prefix path '/opt/ros/dashing'
[0.339s] INFO:colcon.colcon_ros.task.ament_python.build:Building ROS package in '/home/shiozaki/ros2/src/examples_rclpy/examples_rclpy_services' with build type 'ament_python'
[0.340s] Level 1:colcon.colcon_core.shell:create_environment_hook('examples_rclpy_services', 'ament_prefix_path')
[0.341s] INFO:colcon.colcon_core.shell:Creating environment hook '/home/shiozaki/ros2/install/examples_rclpy_services/share/examples_rclpy_services/hook/ament_prefix_path.ps1'
[0.342s] INFO:colcon.colcon_core.shell:Creating environment descriptor '/home/shiozaki/ros2/install/examples_rclpy_services/share/examples_rclpy_services/hook/ament_prefix_path.dsv'
[0.343s] INFO:colcon.colcon_core.shell:Creating environment hook '/home/shiozaki/ros2/install/examples_rclpy_services/share/examples_rclpy_services/hook/ament_prefix_path.sh'
[0.344s] INFO:colcon.colcon_core.shell:Skip shell extension 'powershell' for command environment: Not usable outside of PowerShell
[0.344s] DEBUG:colcon.colcon_core.shell:Skip shell extension 'dsv' for command environment
[0.348s] DEBUG:colcon.colcon_core.shell:Ignoring prefix path '/opt/ros/dashing'
[0.350s] INFO:colcon.colcon_ros.task.ament_python.build:Building ROS package in '/home/shiozaki/ros2/src/examples_rclpy/examples_rclpy_topics' with build type 'ament_python'
[0.351s] Level 1:colcon.colcon_core.shell:create_environment_hook('examples_rclpy_topics', 'ament_prefix_path')
[0.352s] INFO:colcon.colcon_core.shell:Creating environment hook '/home/shiozaki/ros2/install/examples_rclpy_topics/share/examples_rclpy_topics/hook/ament_prefix_path.ps1'
[0.354s] INFO:colcon.colcon_core.shell:Creating environment descriptor '/home/shiozaki/ros2/install/examples_rclpy_topics/share/examples_rclpy_topics/hook/ament_prefix_path.dsv'
[0.354s] INFO:colcon.colcon_core.shell:Creating environment hook '/home/shiozaki/ros2/install/examples_rclpy_topics/share/examples_rclpy_topics/hook/ament_prefix_path.sh'
[0.356s] INFO:colcon.colcon_core.shell:Skip shell extension 'powershell' for command environment: Not usable outside of PowerShell
[0.356s] DEBUG:colcon.colcon_core.shell:Skip shell extension 'dsv' for command environment
[0.360s] DEBUG:colcon.colcon_core.shell:Ignoring prefix path '/opt/ros/dashing'
[0.374s] DEBUG:colcon.colcon_core.event_handler.log_command:Invoking command in '/home/shiozaki/ros2/build/hello_world_msgs': CMAKE_PREFIX_PATH=${CMAKE_PREFIX_PATH}:/home/shiozaki/ros2/install/examples_rclpy_topics:/home/shiozaki/ros2/install/examples_rclpy_services:/home/shiozaki/ros2/install/examples_rclpy_minimal_action_server:/opt/ros/dashing /usr/bin/cmake --build /home/shiozaki/ros2/build/hello_world_msgs -- -j4 -l4
[0.822s] WARNING:colcon.colcon_ros.task.ament_python.build:Package 'examples_rclpy_minimal_action_server' doesn't explicitly install a marker in the package index (colcon-ros currently does it implicitly but that fallback will be removed in the future)
[0.824s] WARNING:colcon.colcon_ros.task.ament_python.build:Package 'examples_rclpy_minimal_action_server' doesn't explicitly install the 'package.xml' file (colcon-ros currently does it implicitly but that fallback will be removed in the future)
[0.825s] INFO:colcon.colcon_core.task.python.build:Building Python package in '/home/shiozaki/ros2/src/examples_rclpy/examples_rclpy_actions'
[0.827s] INFO:colcon.colcon_core.shell:Skip shell extension 'powershell' for command environment: Not usable outside of PowerShell
[0.827s] DEBUG:colcon.colcon_core.shell:Skip shell extension 'dsv' for command environment
[0.833s] DEBUG:colcon.colcon_core.shell:Ignoring prefix path '/opt/ros/dashing'
[1.660s] INFO:colcon.colcon_core.task.python.build:Building Python package in '/home/shiozaki/ros2/src/examples_rclpy/examples_rclpy_services'
[1.662s] INFO:colcon.colcon_core.shell:Skip shell extension 'powershell' for command environment: Not usable outside of PowerShell
[1.662s] DEBUG:colcon.colcon_core.shell:Skip shell extension 'dsv' for command environment
[1.667s] DEBUG:colcon.colcon_core.shell:Ignoring prefix path '/opt/ros/dashing'
[2.310s] INFO:colcon.colcon_core.task.python.build:Building Python package in '/home/shiozaki/ros2/src/examples_rclpy/examples_rclpy_topics'
[2.312s] INFO:colcon.colcon_core.shell:Skip shell extension 'powershell' for command environment: Not usable outside of PowerShell
[2.312s] DEBUG:colcon.colcon_core.shell:Skip shell extension 'dsv' for command environment
[2.317s] DEBUG:colcon.colcon_core.shell:Ignoring prefix path '/opt/ros/dashing'
[2.370s] DEBUG:colcon.colcon_core.event_handler.log_command:Invoking command in '/home/shiozaki/ros2/src/examples_rclpy/examples_rclpy_actions': PYTHONPATH=/home/shiozaki/ros2/install/examples_rclpy_minimal_action_server/lib/python3.6/site-packages:${PYTHONPATH} /usr/bin/python3 setup.py egg_info --egg-base /home/shiozaki/ros2/build/examples_rclpy_minimal_action_server build --build-base /home/shiozaki/ros2/build/examples_rclpy_minimal_action_server/build install --prefix /home/shiozaki/ros2/install/examples_rclpy_minimal_action_server --record /home/shiozaki/ros2/build/examples_rclpy_minimal_action_server/install.log --single-version-externally-managed
[2.393s] DEBUG:colcon.colcon_core.event_handler.log_command:Invoking command in '/home/shiozaki/ros2/src/examples_rclpy/examples_rclpy_services': PYTHONPATH=/home/shiozaki/ros2/install/examples_rclpy_services/lib/python3.6/site-packages:${PYTHONPATH} /usr/bin/python3 setup.py egg_info --egg-base /home/shiozaki/ros2/build/examples_rclpy_services build --build-base /home/shiozaki/ros2/build/examples_rclpy_services/build install --prefix /home/shiozaki/ros2/install/examples_rclpy_services --record /home/shiozaki/ros2/build/examples_rclpy_services/install.log --single-version-externally-managed
[2.420s] DEBUG:colcon.colcon_core.event_handler.log_command:Invoking command in '/home/shiozaki/ros2/src/examples_rclpy/examples_rclpy_topics': PYTHONPATH=/home/shiozaki/ros2/install/examples_rclpy_topics/lib/python3.6/site-packages:${PYTHONPATH} /usr/bin/python3 setup.py egg_info --egg-base /home/shiozaki/ros2/build/examples_rclpy_topics build --build-base /home/shiozaki/ros2/build/examples_rclpy_topics/build install --prefix /home/shiozaki/ros2/install/examples_rclpy_topics --record /home/shiozaki/ros2/build/examples_rclpy_topics/install.log --single-version-externally-managed
[3.694s] DEBUG:colcon.colcon_core.event_handler.log_command:Invoked command in '/home/shiozaki/ros2/src/examples_rclpy/examples_rclpy_services' returned '0': PYTHONPATH=/home/shiozaki/ros2/install/examples_rclpy_services/lib/python3.6/site-packages:${PYTHONPATH} /usr/bin/python3 setup.py egg_info --egg-base /home/shiozaki/ros2/build/examples_rclpy_services build --build-base /home/shiozaki/ros2/build/examples_rclpy_services/build install --prefix /home/shiozaki/ros2/install/examples_rclpy_services --record /home/shiozaki/ros2/build/examples_rclpy_services/install.log --single-version-externally-managed
[3.697s] Level 1:colcon.colcon_core.environment:checking '/home/shiozaki/ros2/install/examples_rclpy_services' for CMake module files
[3.698s] Level 1:colcon.colcon_core.environment:checking '/home/shiozaki/ros2/install/examples_rclpy_services' for CMake config files
[3.700s] Level 1:colcon.colcon_core.environment:checking '/home/shiozaki/ros2/install/examples_rclpy_services/lib'
[3.700s] Level 1:colcon.colcon_core.environment:checking '/home/shiozaki/ros2/install/examples_rclpy_services/bin'
[3.700s] Level 1:colcon.colcon_core.environment:checking '/home/shiozaki/ros2/install/examples_rclpy_services/lib/pkgconfig/examples_rclpy_services.pc'
[3.700s] Level 1:colcon.colcon_core.environment:checking '/home/shiozaki/ros2/install/examples_rclpy_services/lib/python3.6/site-packages'
[3.700s] Level 1:colcon.colcon_core.shell:create_environment_hook('examples_rclpy_services', 'pythonpath')
[3.707s] INFO:colcon.colcon_core.shell:Creating environment hook '/home/shiozaki/ros2/install/examples_rclpy_services/share/examples_rclpy_services/hook/pythonpath.ps1'
[3.708s] INFO:colcon.colcon_core.shell:Creating environment descriptor '/home/shiozaki/ros2/install/examples_rclpy_services/share/examples_rclpy_services/hook/pythonpath.dsv'
[3.709s] INFO:colcon.colcon_core.shell:Creating environment hook '/home/shiozaki/ros2/install/examples_rclpy_services/share/examples_rclpy_services/hook/pythonpath.sh'
[3.709s] Level 1:colcon.colcon_core.environment:create_environment_scripts_only(examples_rclpy_services)
[3.714s] INFO:colcon.colcon_core.shell:Creating package script '/home/shiozaki/ros2/install/examples_rclpy_services/share/examples_rclpy_services/package.ps1'
[3.718s] INFO:colcon.colcon_core.shell:Creating package descriptor '/home/shiozaki/ros2/install/examples_rclpy_services/share/examples_rclpy_services/package.dsv'
[3.719s] INFO:colcon.colcon_core.shell:Creating package script '/home/shiozaki/ros2/install/examples_rclpy_services/share/examples_rclpy_services/package.sh'
[3.724s] INFO:colcon.colcon_core.shell:Creating package script '/home/shiozaki/ros2/install/examples_rclpy_services/share/examples_rclpy_services/package.bash'
[3.725s] INFO:colcon.colcon_core.shell:Creating package script '/home/shiozaki/ros2/install/examples_rclpy_services/share/examples_rclpy_services/package.zsh'
[3.727s] Level 1:colcon.colcon_core.environment:create_file_with_runtime_dependencies(/home/shiozaki/ros2/install/examples_rclpy_services/share/colcon-core/packages/examples_rclpy_services)
[3.734s] INFO:colcon.colcon_ros.task.cmake.build:Building ROS package in '/home/shiozaki/ros2/src/libcreate' with build type 'cmake'
[3.734s] INFO:colcon.colcon_cmake.task.cmake.build:Building CMake package in '/home/shiozaki/ros2/src/libcreate'
[3.735s] INFO:colcon.colcon_core.shell:Skip shell extension 'powershell' for command environment: Not usable outside of PowerShell
[3.735s] DEBUG:colcon.colcon_core.shell:Skip shell extension 'dsv' for command environment
[3.739s] DEBUG:colcon.colcon_core.shell:Ignoring prefix path '/opt/ros/dashing'
[3.781s] DEBUG:colcon.colcon_core.event_handler.log_command:Invoking command in '/home/shiozaki/ros2/build/libcreate': CMAKE_PREFIX_PATH=${CMAKE_PREFIX_PATH}:/home/shiozaki/ros2/install/examples_rclpy_topics:/home/shiozaki/ros2/install/examples_rclpy_services:/home/shiozaki/ros2/install/examples_rclpy_minimal_action_server:/opt/ros/dashing /usr/bin/cmake --build /home/shiozaki/ros2/build/libcreate -- -j4 -l4
[3.994s] Level 1:colcon.colcon_core.environment:checking '/home/shiozaki/ros2/install/examples_rclpy_minimal_action_server' for CMake module files
[3.995s] Level 1:colcon.colcon_core.environment:checking '/home/shiozaki/ros2/install/examples_rclpy_minimal_action_server' for CMake config files
[3.998s] DEBUG:colcon.colcon_core.event_handler.log_command:Invoked command in '/home/shiozaki/ros2/src/examples_rclpy/examples_rclpy_actions' returned '0': PYTHONPATH=/home/shiozaki/ros2/install/examples_rclpy_minimal_action_server/lib/python3.6/site-packages:${PYTHONPATH} /usr/bin/python3 setup.py egg_info --egg-base /home/shiozaki/ros2/build/examples_rclpy_minimal_action_server build --build-base /home/shiozaki/ros2/build/examples_rclpy_minimal_action_server/build install --prefix /home/shiozaki/ros2/install/examples_rclpy_minimal_action_server --record /home/shiozaki/ros2/build/examples_rclpy_minimal_action_server/install.log --single-version-externally-managed
[3.999s] Level 1:colcon.colcon_core.environment:checking '/home/shiozaki/ros2/install/examples_rclpy_minimal_action_server/lib'
[3.999s] Level 1:colcon.colcon_core.environment:checking '/home/shiozaki/ros2/install/examples_rclpy_minimal_action_server/bin'
[3.999s] Level 1:colcon.colcon_core.environment:checking '/home/shiozaki/ros2/install/examples_rclpy_minimal_action_server/lib/pkgconfig/examples_rclpy_minimal_action_server.pc'
[3.999s] Level 1:colcon.colcon_core.environment:checking '/home/shiozaki/ros2/install/examples_rclpy_minimal_action_server/lib/python3.6/site-packages'
[3.999s] Level 1:colcon.colcon_core.shell:create_environment_hook('examples_rclpy_minimal_action_server', 'pythonpath')
[4.001s] INFO:colcon.colcon_core.shell:Creating environment hook '/home/shiozaki/ros2/install/examples_rclpy_minimal_action_server/share/examples_rclpy_minimal_action_server/hook/pythonpath.ps1'
[4.002s] INFO:colcon.colcon_core.shell:Creating environment descriptor '/home/shiozaki/ros2/install/examples_rclpy_minimal_action_server/share/examples_rclpy_minimal_action_server/hook/pythonpath.dsv'
[4.003s] INFO:colcon.colcon_core.shell:Creating environment hook '/home/shiozaki/ros2/install/examples_rclpy_minimal_action_server/share/examples_rclpy_minimal_action_server/hook/pythonpath.sh'
[4.003s] Level 1:colcon.colcon_core.environment:create_environment_scripts_only(examples_rclpy_minimal_action_server)
[4.010s] INFO:colcon.colcon_core.shell:Creating package script '/home/shiozaki/ros2/install/examples_rclpy_minimal_action_server/share/examples_rclpy_minimal_action_server/package.ps1'
[4.012s] INFO:colcon.colcon_core.shell:Creating package descriptor '/home/shiozaki/ros2/install/examples_rclpy_minimal_action_server/share/examples_rclpy_minimal_action_server/package.dsv'
[4.013s] INFO:colcon.colcon_core.shell:Creating package script '/home/shiozaki/ros2/install/examples_rclpy_minimal_action_server/share/examples_rclpy_minimal_action_server/package.sh'
[4.014s] INFO:colcon.colcon_core.shell:Creating package script '/home/shiozaki/ros2/install/examples_rclpy_minimal_action_server/share/examples_rclpy_minimal_action_server/package.bash'
[4.030s] INFO:colcon.colcon_core.shell:Creating package script '/home/shiozaki/ros2/install/examples_rclpy_minimal_action_server/share/examples_rclpy_minimal_action_server/package.zsh'
[4.030s] Level 1:colcon.colcon_core.environment:create_file_with_runtime_dependencies(/home/shiozaki/ros2/install/examples_rclpy_minimal_action_server/share/colcon-core/packages/examples_rclpy_minimal_action_server)
[4.255s] Level 1:colcon.colcon_core.environment:checking '/home/shiozaki/ros2/install/examples_rclpy_topics' for CMake module files
[4.257s] Level 1:colcon.colcon_core.environment:checking '/home/shiozaki/ros2/install/examples_rclpy_topics' for CMake config files
[4.258s] Level 1:colcon.colcon_core.environment:checking '/home/shiozaki/ros2/install/examples_rclpy_topics/lib'
[4.259s] Level 1:colcon.colcon_core.environment:checking '/home/shiozaki/ros2/install/examples_rclpy_topics/bin'
[4.259s] Level 1:colcon.colcon_core.environment:checking '/home/shiozaki/ros2/install/examples_rclpy_topics/lib/pkgconfig/examples_rclpy_topics.pc'
[4.259s] Level 1:colcon.colcon_core.environment:checking '/home/shiozaki/ros2/install/examples_rclpy_topics/lib/python3.6/site-packages'
[4.259s] Level 1:colcon.colcon_core.shell:create_environment_hook('examples_rclpy_topics', 'pythonpath')
[4.260s] INFO:colcon.colcon_core.shell:Creating environment hook '/home/shiozaki/ros2/install/examples_rclpy_topics/share/examples_rclpy_topics/hook/pythonpath.ps1'
[4.256s] DEBUG:colcon.colcon_core.event_handler.log_command:Invoked command in '/home/shiozaki/ros2/src/examples_rclpy/examples_rclpy_topics' returned '0': PYTHONPATH=/home/shiozaki/ros2/install/examples_rclpy_topics/lib/python3.6/site-packages:${PYTHONPATH} /usr/bin/python3 setup.py egg_info --egg-base /home/shiozaki/ros2/build/examples_rclpy_topics build --build-base /home/shiozaki/ros2/build/examples_rclpy_topics/build install --prefix /home/shiozaki/ros2/install/examples_rclpy_topics --record /home/shiozaki/ros2/build/examples_rclpy_topics/install.log --single-version-externally-managed
[4.261s] INFO:colcon.colcon_core.shell:Creating environment descriptor '/home/shiozaki/ros2/install/examples_rclpy_topics/share/examples_rclpy_topics/hook/pythonpath.dsv'
[4.262s] INFO:colcon.colcon_core.shell:Creating environment hook '/home/shiozaki/ros2/install/examples_rclpy_topics/share/examples_rclpy_topics/hook/pythonpath.sh'
[4.262s] Level 1:colcon.colcon_core.environment:create_environment_scripts_only(examples_rclpy_topics)
[4.264s] INFO:colcon.colcon_core.shell:Creating package script '/home/shiozaki/ros2/install/examples_rclpy_topics/share/examples_rclpy_topics/package.ps1'
[4.265s] INFO:colcon.colcon_core.shell:Creating package descriptor '/home/shiozaki/ros2/install/examples_rclpy_topics/share/examples_rclpy_topics/package.dsv'
[4.282s] INFO:colcon.colcon_core.shell:Creating package script '/home/shiozaki/ros2/install/examples_rclpy_topics/share/examples_rclpy_topics/package.sh'
[4.283s] INFO:colcon.colcon_core.shell:Creating package script '/home/shiozaki/ros2/install/examples_rclpy_topics/share/examples_rclpy_topics/package.bash'
[4.284s] INFO:colcon.colcon_core.shell:Creating package script '/home/shiozaki/ros2/install/examples_rclpy_topics/share/examples_rclpy_topics/package.zsh'
[4.285s] Level 1:colcon.colcon_core.environment:create_file_with_runtime_dependencies(/home/shiozaki/ros2/install/examples_rclpy_topics/share/colcon-core/packages/examples_rclpy_topics)
[4.670s] DEBUG:colcon.colcon_core.event_handler.log_command:Invoked command in '/home/shiozaki/ros2/build/libcreate' returned '0': CMAKE_PREFIX_PATH=${CMAKE_PREFIX_PATH}:/home/shiozaki/ros2/install/examples_rclpy_topics:/home/shiozaki/ros2/install/examples_rclpy_services:/home/shiozaki/ros2/install/examples_rclpy_minimal_action_server:/opt/ros/dashing /usr/bin/cmake --build /home/shiozaki/ros2/build/libcreate -- -j4 -l4
[5.412s] DEBUG:colcon.colcon_core.event_handler.log_command:Invoking command in '/home/shiozaki/ros2/build/libcreate': CMAKE_PREFIX_PATH=${CMAKE_PREFIX_PATH}:/home/shiozaki/ros2/install/examples_rclpy_topics:/home/shiozaki/ros2/install/examples_rclpy_services:/home/shiozaki/ros2/install/examples_rclpy_minimal_action_server:/opt/ros/dashing /usr/bin/cmake --build /home/shiozaki/ros2/build/libcreate --target install -- -j4 -l4
[6.319s] Level 1:colcon.colcon_core.shell:create_environment_hook('libcreate', 'pkg_config_path')
[6.320s] INFO:colcon.colcon_core.shell:Creating environment hook '/home/shiozaki/ros2/install/libcreate/share/libcreate/hook/pkg_config_path.ps1'
[6.321s] INFO:colcon.colcon_core.shell:Creating environment descriptor '/home/shiozaki/ros2/install/libcreate/share/libcreate/hook/pkg_config_path.dsv'
[6.322s] INFO:colcon.colcon_core.shell:Creating environment hook '/home/shiozaki/ros2/install/libcreate/share/libcreate/hook/pkg_config_path.sh'
[6.326s] DEBUG:colcon.colcon_core.event_handler.log_command:Invoked command in '/home/shiozaki/ros2/build/libcreate' returned '0': CMAKE_PREFIX_PATH=${CMAKE_PREFIX_PATH}:/home/shiozaki/ros2/install/examples_rclpy_topics:/home/shiozaki/ros2/install/examples_rclpy_services:/home/shiozaki/ros2/install/examples_rclpy_minimal_action_server:/opt/ros/dashing /usr/bin/cmake --build /home/shiozaki/ros2/build/libcreate --target install -- -j4 -l4
[6.340s] Level 1:colcon.colcon_core.shell:create_environment_hook('libcreate', 'pkg_config_path_multiarch')
[6.341s] INFO:colcon.colcon_core.shell:Creating environment hook '/home/shiozaki/ros2/install/libcreate/share/libcreate/hook/pkg_config_path_multiarch.ps1'
[6.342s] INFO:colcon.colcon_core.shell:Creating environment descriptor '/home/shiozaki/ros2/install/libcreate/share/libcreate/hook/pkg_config_path_multiarch.dsv'
[6.343s] INFO:colcon.colcon_core.shell:Creating environment hook '/home/shiozaki/ros2/install/libcreate/share/libcreate/hook/pkg_config_path_multiarch.sh'
[6.343s] Level 1:colcon.colcon_core.environment:create_environment_scripts_only(libcreate)
[6.345s] Level 1:colcon.colcon_core.environment:checking '/home/shiozaki/ros2/install/libcreate' for CMake module files
[6.346s] Level 1:colcon.colcon_core.environment:checking '/home/shiozaki/ros2/install/libcreate' for CMake config files
[6.346s] Level 1:colcon.colcon_core.shell:create_environment_hook('libcreate', 'cmake_prefix_path')
[6.347s] INFO:colcon.colcon_core.shell:Creating environment hook '/home/shiozaki/ros2/install/libcreate/share/libcreate/hook/cmake_prefix_path.ps1'
[6.348s] INFO:colcon.colcon_core.shell:Creating environment descriptor '/home/shiozaki/ros2/install/libcreate/share/libcreate/hook/cmake_prefix_path.dsv'
[6.349s] INFO:colcon.colcon_core.shell:Creating environment hook '/home/shiozaki/ros2/install/libcreate/share/libcreate/hook/cmake_prefix_path.sh'
[6.360s] Level 1:colcon.colcon_core.environment:checking '/home/shiozaki/ros2/install/libcreate/lib'
[6.360s] Level 1:colcon.colcon_core.shell:create_environment_hook('libcreate', 'ld_library_path_lib')
[6.361s] INFO:colcon.colcon_core.shell:Creating environment hook '/home/shiozaki/ros2/install/libcreate/share/libcreate/hook/ld_library_path_lib.ps1'
[6.362s] INFO:colcon.colcon_core.shell:Creating environment descriptor '/home/shiozaki/ros2/install/libcreate/share/libcreate/hook/ld_library_path_lib.dsv'
[6.362s] INFO:colcon.colcon_core.shell:Creating environment hook '/home/shiozaki/ros2/install/libcreate/share/libcreate/hook/ld_library_path_lib.sh'
[6.363s] Level 1:colcon.colcon_core.environment:checking '/home/shiozaki/ros2/install/libcreate/bin'
[6.363s] Level 1:colcon.colcon_core.environment:checking '/home/shiozaki/ros2/install/libcreate/lib/pkgconfig/libcreate.pc'
[6.363s] Level 1:colcon.colcon_core.environment:checking '/home/shiozaki/ros2/install/libcreate/lib/python3.6/site-packages'
[6.365s] INFO:colcon.colcon_core.shell:Creating package script '/home/shiozaki/ros2/install/libcreate/share/libcreate/package.ps1'
[6.366s] INFO:colcon.colcon_core.shell:Creating package descriptor '/home/shiozaki/ros2/install/libcreate/share/libcreate/package.dsv'
[6.367s] INFO:colcon.colcon_core.shell:Creating package script '/home/shiozaki/ros2/install/libcreate/share/libcreate/package.sh'
[6.368s] INFO:colcon.colcon_core.shell:Creating package script '/home/shiozaki/ros2/install/libcreate/share/libcreate/package.bash'
[6.369s] INFO:colcon.colcon_core.shell:Creating package script '/home/shiozaki/ros2/install/libcreate/share/libcreate/package.zsh'
[6.378s] Level 1:colcon.colcon_core.environment:create_file_with_runtime_dependencies(/home/shiozaki/ros2/install/libcreate/share/colcon-core/packages/libcreate)
[18.078s] DEBUG:colcon.colcon_core.event_handler.log_command:Invoked command in '/home/shiozaki/ros2/build/hello_world_msgs' returned '0': CMAKE_PREFIX_PATH=${CMAKE_PREFIX_PATH}:/home/shiozaki/ros2/install/examples_rclpy_topics:/home/shiozaki/ros2/install/examples_rclpy_services:/home/shiozaki/ros2/install/examples_rclpy_minimal_action_server:/opt/ros/dashing /usr/bin/cmake --build /home/shiozaki/ros2/build/hello_world_msgs -- -j4 -l4
[18.218s] DEBUG:colcon.colcon_core.event_handler.log_command:Invoking command in '/home/shiozaki/ros2/build/hello_world_msgs': CMAKE_PREFIX_PATH=${CMAKE_PREFIX_PATH}:/home/shiozaki/ros2/install/examples_rclpy_topics:/home/shiozaki/ros2/install/examples_rclpy_services:/home/shiozaki/ros2/install/examples_rclpy_minimal_action_server:/opt/ros/dashing /usr/bin/cmake --build /home/shiozaki/ros2/build/hello_world_msgs --target install -- -j4 -l4
[19.926s] Level 1:colcon.colcon_core.environment:create_environment_scripts_only(hello_world_msgs)
[19.927s] Level 1:colcon.colcon_core.environment:checking '/home/shiozaki/ros2/install/hello_world_msgs' for CMake module files
[19.928s] DEBUG:colcon.colcon_core.event_handler.log_command:Invoked command in '/home/shiozaki/ros2/build/hello_world_msgs' returned '0': CMAKE_PREFIX_PATH=${CMAKE_PREFIX_PATH}:/home/shiozaki/ros2/install/examples_rclpy_topics:/home/shiozaki/ros2/install/examples_rclpy_services:/home/shiozaki/ros2/install/examples_rclpy_minimal_action_server:/opt/ros/dashing /usr/bin/cmake --build /home/shiozaki/ros2/build/hello_world_msgs --target install -- -j4 -l4
[19.928s] Level 1:colcon.colcon_core.environment:checking '/home/shiozaki/ros2/install/hello_world_msgs' for CMake config files
[19.929s] Level 1:colcon.colcon_core.shell:create_environment_hook('hello_world_msgs', 'cmake_prefix_path')
[19.929s] INFO:colcon.colcon_core.shell:Creating environment hook '/home/shiozaki/ros2/install/hello_world_msgs/share/hello_world_msgs/hook/cmake_prefix_path.ps1'
[19.930s] INFO:colcon.colcon_core.shell:Creating environment descriptor '/home/shiozaki/ros2/install/hello_world_msgs/share/hello_world_msgs/hook/cmake_prefix_path.dsv'
[19.930s] INFO:colcon.colcon_core.shell:Creating environment hook '/home/shiozaki/ros2/install/hello_world_msgs/share/hello_world_msgs/hook/cmake_prefix_path.sh'
[19.931s] Level 1:colcon.colcon_core.environment:checking '/home/shiozaki/ros2/install/hello_world_msgs/lib'
[19.932s] Level 1:colcon.colcon_core.shell:create_environment_hook('hello_world_msgs', 'ld_library_path_lib')
[19.932s] INFO:colcon.colcon_core.shell:Creating environment hook '/home/shiozaki/ros2/install/hello_world_msgs/share/hello_world_msgs/hook/ld_library_path_lib.ps1'
[19.933s] INFO:colcon.colcon_core.shell:Creating environment descriptor '/home/shiozaki/ros2/install/hello_world_msgs/share/hello_world_msgs/hook/ld_library_path_lib.dsv'
[19.933s] INFO:colcon.colcon_core.shell:Creating environment hook '/home/shiozaki/ros2/install/hello_world_msgs/share/hello_world_msgs/hook/ld_library_path_lib.sh'
[19.933s] Level 1:colcon.colcon_core.environment:checking '/home/shiozaki/ros2/install/hello_world_msgs/bin'
[19.933s] Level 1:colcon.colcon_core.environment:checking '/home/shiozaki/ros2/install/hello_world_msgs/lib/pkgconfig/hello_world_msgs.pc'
[19.933s] Level 1:colcon.colcon_core.environment:checking '/home/shiozaki/ros2/install/hello_world_msgs/lib/python3.6/site-packages'
[19.934s] Level 1:colcon.colcon_core.shell:create_environment_hook('hello_world_msgs', 'pythonpath')
[19.934s] INFO:colcon.colcon_core.shell:Creating environment hook '/home/shiozaki/ros2/install/hello_world_msgs/share/hello_world_msgs/hook/pythonpath.ps1'
[19.935s] INFO:colcon.colcon_core.shell:Creating environment descriptor '/home/shiozaki/ros2/install/hello_world_msgs/share/hello_world_msgs/hook/pythonpath.dsv'
[19.935s] INFO:colcon.colcon_core.shell:Creating environment hook '/home/shiozaki/ros2/install/hello_world_msgs/share/hello_world_msgs/hook/pythonpath.sh'
[19.936s] INFO:colcon.colcon_core.shell:Creating package script '/home/shiozaki/ros2/install/hello_world_msgs/share/hello_world_msgs/package.ps1'
[19.937s] INFO:colcon.colcon_core.shell:Creating package descriptor '/home/shiozaki/ros2/install/hello_world_msgs/share/hello_world_msgs/package.dsv'
[19.938s] INFO:colcon.colcon_core.shell:Creating package script '/home/shiozaki/ros2/install/hello_world_msgs/share/hello_world_msgs/package.sh'
[19.938s] INFO:colcon.colcon_core.shell:Creating package script '/home/shiozaki/ros2/install/hello_world_msgs/share/hello_world_msgs/package.bash'
[19.939s] INFO:colcon.colcon_core.shell:Creating package script '/home/shiozaki/ros2/install/hello_world_msgs/share/hello_world_msgs/package.zsh'
[19.939s] Level 1:colcon.colcon_core.environment:create_file_with_runtime_dependencies(/home/shiozaki/ros2/install/hello_world_msgs/share/colcon-core/packages/hello_world_msgs)
[19.939s] INFO:colcon.colcon_ros.task.ament_cmake.build:Building ROS package in '/home/shiozaki/ros2/src/fibonacci' with build type 'ament_cmake'
[19.940s] INFO:colcon.colcon_cmake.task.cmake.build:Building CMake package in '/home/shiozaki/ros2/src/fibonacci'
[19.941s] INFO:colcon.colcon_core.shell:Skip shell extension 'powershell' for command environment: Not usable outside of PowerShell
[19.941s] DEBUG:colcon.colcon_core.shell:Skip shell extension 'dsv' for command environment
[19.944s] DEBUG:colcon.colcon_core.shell:Ignoring prefix path '/opt/ros/dashing'
[19.947s] INFO:colcon.colcon_ros.task.ament_cmake.build:Building ROS package in '/home/shiozaki/ros2/src/hello_world' with build type 'ament_cmake'
[19.948s] INFO:colcon.colcon_cmake.task.cmake.build:Building CMake package in '/home/shiozaki/ros2/src/hello_world'
[19.949s] INFO:colcon.colcon_core.shell:Skip shell extension 'powershell' for command environment: Not usable outside of PowerShell
[19.949s] DEBUG:colcon.colcon_core.shell:Skip shell extension 'dsv' for command environment
[19.952s] DEBUG:colcon.colcon_core.shell:Ignoring prefix path '/opt/ros/dashing'
[19.967s] DEBUG:colcon.colcon_core.event_handler.log_command:Invoking command in '/home/shiozaki/ros2/build/fibonacci': CMAKE_PREFIX_PATH=/home/shiozaki/ros2/install/hello_world_msgs:/home/shiozaki/ros2/install/libcreate:/home/shiozaki/ros2/install/hello_world:/home/shiozaki/ros2/install/fibonacci:/home/shiozaki/ros2/install/examples_rclpy_topics:/home/shiozaki/ros2/install/examples_rclpy_services:/home/shiozaki/ros2/install/examples_rclpy_minimal_action_server:/opt/ros/dashing LD_LIBRARY_PATH=/home/shiozaki/ros2/install/hello_world_msgs/lib:/home/shiozaki/ros2/install/libcreate/lib:/opt/ros/dashing/opt/yaml_cpp_vendor/lib:/opt/ros/dashing/opt/rviz_ogre_vendor/lib:/usr/lib:/opt/rti.com/rti_connext_dds-5.3.1/lib/x64Linux3gcc5.4.0:/opt/ros/dashing/lib /usr/bin/cmake --build /home/shiozaki/ros2/build/fibonacci -- -j4 -l4
[19.972s] DEBUG:colcon.colcon_core.event_handler.log_command:Invoking command in '/home/shiozaki/ros2/build/hello_world': CMAKE_PREFIX_PATH=/home/shiozaki/ros2/install/hello_world_msgs:/home/shiozaki/ros2/install/libcreate:/home/shiozaki/ros2/install/hello_world:/home/shiozaki/ros2/install/fibonacci:/home/shiozaki/ros2/install/examples_rclpy_topics:/home/shiozaki/ros2/install/examples_rclpy_services:/home/shiozaki/ros2/install/examples_rclpy_minimal_action_server:/opt/ros/dashing LD_LIBRARY_PATH=/home/shiozaki/ros2/install/hello_world_msgs/lib:/home/shiozaki/ros2/install/libcreate/lib:/opt/ros/dashing/opt/yaml_cpp_vendor/lib:/opt/ros/dashing/opt/rviz_ogre_vendor/lib:/usr/lib:/opt/rti.com/rti_connext_dds-5.3.1/lib/x64Linux3gcc5.4.0:/opt/ros/dashing/lib /usr/bin/cmake --build /home/shiozaki/ros2/build/hello_world -- -j4 -l4
[20.104s] DEBUG:colcon.colcon_core.event_handler.log_command:Invoked command in '/home/shiozaki/ros2/build/fibonacci' returned '0': CMAKE_PREFIX_PATH=/home/shiozaki/ros2/install/hello_world_msgs:/home/shiozaki/ros2/install/libcreate:/home/shiozaki/ros2/install/hello_world:/home/shiozaki/ros2/install/fibonacci:/home/shiozaki/ros2/install/examples_rclpy_topics:/home/shiozaki/ros2/install/examples_rclpy_services:/home/shiozaki/ros2/install/examples_rclpy_minimal_action_server:/opt/ros/dashing LD_LIBRARY_PATH=/home/shiozaki/ros2/install/hello_world_msgs/lib:/home/shiozaki/ros2/install/libcreate/lib:/opt/ros/dashing/opt/yaml_cpp_vendor/lib:/opt/ros/dashing/opt/rviz_ogre_vendor/lib:/usr/lib:/opt/rti.com/rti_connext_dds-5.3.1/lib/x64Linux3gcc5.4.0:/opt/ros/dashing/lib /usr/bin/cmake --build /home/shiozaki/ros2/build/fibonacci -- -j4 -l4
[20.173s] DEBUG:colcon.colcon_core.event_handler.log_command:Invoking command in '/home/shiozaki/ros2/build/fibonacci': CMAKE_PREFIX_PATH=/home/shiozaki/ros2/install/hello_world_msgs:/home/shiozaki/ros2/install/libcreate:/home/shiozaki/ros2/install/hello_world:/home/shiozaki/ros2/install/fibonacci:/home/shiozaki/ros2/install/examples_rclpy_topics:/home/shiozaki/ros2/install/examples_rclpy_services:/home/shiozaki/ros2/install/examples_rclpy_minimal_action_server:/opt/ros/dashing LD_LIBRARY_PATH=/home/shiozaki/ros2/install/hello_world_msgs/lib:/home/shiozaki/ros2/install/libcreate/lib:/opt/ros/dashing/opt/yaml_cpp_vendor/lib:/opt/ros/dashing/opt/rviz_ogre_vendor/lib:/usr/lib:/opt/rti.com/rti_connext_dds-5.3.1/lib/x64Linux3gcc5.4.0:/opt/ros/dashing/lib /usr/bin/cmake --build /home/shiozaki/ros2/build/fibonacci --target install -- -j4 -l4
[20.217s] DEBUG:colcon.colcon_core.event_handler.log_command:Invoked command in '/home/shiozaki/ros2/build/hello_world' returned '0': CMAKE_PREFIX_PATH=/home/shiozaki/ros2/install/hello_world_msgs:/home/shiozaki/ros2/install/libcreate:/home/shiozaki/ros2/install/hello_world:/home/shiozaki/ros2/install/fibonacci:/home/shiozaki/ros2/install/examples_rclpy_topics:/home/shiozaki/ros2/install/examples_rclpy_services:/home/shiozaki/ros2/install/examples_rclpy_minimal_action_server:/opt/ros/dashing LD_LIBRARY_PATH=/home/shiozaki/ros2/install/hello_world_msgs/lib:/home/shiozaki/ros2/install/libcreate/lib:/opt/ros/dashing/opt/yaml_cpp_vendor/lib:/opt/ros/dashing/opt/rviz_ogre_vendor/lib:/usr/lib:/opt/rti.com/rti_connext_dds-5.3.1/lib/x64Linux3gcc5.4.0:/opt/ros/dashing/lib /usr/bin/cmake --build /home/shiozaki/ros2/build/hello_world -- -j4 -l4
[20.283s] DEBUG:colcon.colcon_core.event_handler.log_command:Invoking command in '/home/shiozaki/ros2/build/hello_world': CMAKE_PREFIX_PATH=/home/shiozaki/ros2/install/hello_world_msgs:/home/shiozaki/ros2/install/libcreate:/home/shiozaki/ros2/install/hello_world:/home/shiozaki/ros2/install/fibonacci:/home/shiozaki/ros2/install/examples_rclpy_topics:/home/shiozaki/ros2/install/examples_rclpy_services:/home/shiozaki/ros2/install/examples_rclpy_minimal_action_server:/opt/ros/dashing LD_LIBRARY_PATH=/home/shiozaki/ros2/install/hello_world_msgs/lib:/home/shiozaki/ros2/install/libcreate/lib:/opt/ros/dashing/opt/yaml_cpp_vendor/lib:/opt/ros/dashing/opt/rviz_ogre_vendor/lib:/usr/lib:/opt/rti.com/rti_connext_dds-5.3.1/lib/x64Linux3gcc5.4.0:/opt/ros/dashing/lib /usr/bin/cmake --build /home/shiozaki/ros2/build/hello_world --target install -- -j4 -l4
[20.316s] Level 1:colcon.colcon_core.environment:create_environment_scripts_only(fibonacci)
[20.318s] Level 1:colcon.colcon_core.environment:checking '/home/shiozaki/ros2/install/fibonacci' for CMake module files
[20.319s] DEBUG:colcon.colcon_core.event_handler.log_command:Invoked command in '/home/shiozaki/ros2/build/fibonacci' returned '0': CMAKE_PREFIX_PATH=/home/shiozaki/ros2/install/hello_world_msgs:/home/shiozaki/ros2/install/libcreate:/home/shiozaki/ros2/install/hello_world:/home/shiozaki/ros2/install/fibonacci:/home/shiozaki/ros2/install/examples_rclpy_topics:/home/shiozaki/ros2/install/examples_rclpy_services:/home/shiozaki/ros2/install/examples_rclpy_minimal_action_server:/opt/ros/dashing LD_LIBRARY_PATH=/home/shiozaki/ros2/install/hello_world_msgs/lib:/home/shiozaki/ros2/install/libcreate/lib:/opt/ros/dashing/opt/yaml_cpp_vendor/lib:/opt/ros/dashing/opt/rviz_ogre_vendor/lib:/usr/lib:/opt/rti.com/rti_connext_dds-5.3.1/lib/x64Linux3gcc5.4.0:/opt/ros/dashing/lib /usr/bin/cmake --build /home/shiozaki/ros2/build/fibonacci --target install -- -j4 -l4
[20.319s] Level 1:colcon.colcon_core.environment:checking '/home/shiozaki/ros2/install/fibonacci' for CMake config files
[20.319s] Level 1:colcon.colcon_core.shell:create_environment_hook('fibonacci', 'cmake_prefix_path')
[20.320s] INFO:colcon.colcon_core.shell:Creating environment hook '/home/shiozaki/ros2/install/fibonacci/share/fibonacci/hook/cmake_prefix_path.ps1'
[20.321s] INFO:colcon.colcon_core.shell:Creating environment descriptor '/home/shiozaki/ros2/install/fibonacci/share/fibonacci/hook/cmake_prefix_path.dsv'
[20.321s] INFO:colcon.colcon_core.shell:Creating environment hook '/home/shiozaki/ros2/install/fibonacci/share/fibonacci/hook/cmake_prefix_path.sh'
[20.322s] Level 1:colcon.colcon_core.environment:checking '/home/shiozaki/ros2/install/fibonacci/lib'
[20.322s] Level 1:colcon.colcon_core.environment:checking '/home/shiozaki/ros2/install/fibonacci/bin'
[20.322s] Level 1:colcon.colcon_core.environment:checking '/home/shiozaki/ros2/install/fibonacci/lib/pkgconfig/fibonacci.pc'
[20.323s] Level 1:colcon.colcon_core.environment:checking '/home/shiozaki/ros2/install/fibonacci/lib/python3.6/site-packages'
[20.323s] INFO:colcon.colcon_core.shell:Creating package script '/home/shiozaki/ros2/install/fibonacci/share/fibonacci/package.ps1'
[20.324s] INFO:colcon.colcon_core.shell:Creating package descriptor '/home/shiozaki/ros2/install/fibonacci/share/fibonacci/package.dsv'
[20.324s] INFO:colcon.colcon_core.shell:Creating package script '/home/shiozaki/ros2/install/fibonacci/share/fibonacci/package.sh'
[20.325s] INFO:colcon.colcon_core.shell:Creating package script '/home/shiozaki/ros2/install/fibonacci/share/fibonacci/package.bash'
[20.325s] INFO:colcon.colcon_core.shell:Creating package script '/home/shiozaki/ros2/install/fibonacci/share/fibonacci/package.zsh'
[20.326s] Level 1:colcon.colcon_core.environment:create_file_with_runtime_dependencies(/home/shiozaki/ros2/install/fibonacci/share/colcon-core/packages/fibonacci)
[20.508s] Level 1:colcon.colcon_core.environment:create_environment_scripts_only(hello_world)
[20.509s] Level 1:colcon.colcon_core.environment:checking '/home/shiozaki/ros2/install/hello_world' for CMake module files
[20.510s] DEBUG:colcon.colcon_core.event_handler.log_command:Invoked command in '/home/shiozaki/ros2/build/hello_world' returned '0': CMAKE_PREFIX_PATH=/home/shiozaki/ros2/install/hello_world_msgs:/home/shiozaki/ros2/install/libcreate:/home/shiozaki/ros2/install/hello_world:/home/shiozaki/ros2/install/fibonacci:/home/shiozaki/ros2/install/examples_rclpy_topics:/home/shiozaki/ros2/install/examples_rclpy_services:/home/shiozaki/ros2/install/examples_rclpy_minimal_action_server:/opt/ros/dashing LD_LIBRARY_PATH=/home/shiozaki/ros2/install/hello_world_msgs/lib:/home/shiozaki/ros2/install/libcreate/lib:/opt/ros/dashing/opt/yaml_cpp_vendor/lib:/opt/ros/dashing/opt/rviz_ogre_vendor/lib:/usr/lib:/opt/rti.com/rti_connext_dds-5.3.1/lib/x64Linux3gcc5.4.0:/opt/ros/dashing/lib /usr/bin/cmake --build /home/shiozaki/ros2/build/hello_world --target install -- -j4 -l4
[20.510s] Level 1:colcon.colcon_core.environment:checking '/home/shiozaki/ros2/install/hello_world' for CMake config files
[20.511s] Level 1:colcon.colcon_core.shell:create_environment_hook('hello_world', 'cmake_prefix_path')
[20.511s] INFO:colcon.colcon_core.shell:Creating environment hook '/home/shiozaki/ros2/install/hello_world/share/hello_world/hook/cmake_prefix_path.ps1'
[20.512s] INFO:colcon.colcon_core.shell:Creating environment descriptor '/home/shiozaki/ros2/install/hello_world/share/hello_world/hook/cmake_prefix_path.dsv'
[20.512s] INFO:colcon.colcon_core.shell:Creating environment hook '/home/shiozaki/ros2/install/hello_world/share/hello_world/hook/cmake_prefix_path.sh'
[20.513s] Level 1:colcon.colcon_core.environment:checking '/home/shiozaki/ros2/install/hello_world/lib'
[20.513s] Level 1:colcon.colcon_core.environment:checking '/home/shiozaki/ros2/install/hello_world/bin'
[20.513s] Level 1:colcon.colcon_core.environment:checking '/home/shiozaki/ros2/install/hello_world/lib/pkgconfig/hello_world.pc'
[20.513s] Level 1:colcon.colcon_core.environment:checking '/home/shiozaki/ros2/install/hello_world/lib/python3.6/site-packages'
[20.514s] INFO:colcon.colcon_core.shell:Creating package script '/home/shiozaki/ros2/install/hello_world/share/hello_world/package.ps1'
[20.515s] INFO:colcon.colcon_core.shell:Creating package descriptor '/home/shiozaki/ros2/install/hello_world/share/hello_world/package.dsv'
[20.515s] INFO:colcon.colcon_core.shell:Creating package script '/home/shiozaki/ros2/install/hello_world/share/hello_world/package.sh'
[20.516s] INFO:colcon.colcon_core.shell:Creating package script '/home/shiozaki/ros2/install/hello_world/share/hello_world/package.bash'
[20.516s] INFO:colcon.colcon_core.shell:Creating package script '/home/shiozaki/ros2/install/hello_world/share/hello_world/package.zsh'
[20.517s] Level 1:colcon.colcon_core.environment:create_file_with_runtime_dependencies(/home/shiozaki/ros2/install/hello_world/share/colcon-core/packages/hello_world)
[20.517s] DEBUG:colcon.colcon_parallel_executor.executor.parallel:closing loop
[20.518s] DEBUG:colcon.colcon_parallel_executor.executor.parallel:loop closed
[20.518s] DEBUG:colcon.colcon_parallel_executor.executor.parallel:run_until_complete finished with '0'
[20.519s] DEBUG:colcon.colcon_core.event_reactor:joining thread
[20.526s] INFO:colcon.colcon_core.plugin_system:Skipping extension 'colcon_notification.desktop_notification.terminal_notifier': Not used on non-Darwin systems
[20.526s] INFO:colcon.colcon_core.plugin_system:Skipping extension 'colcon_notification.desktop_notification.win32': Not used on non-Windows systems
[20.526s] INFO:colcon.colcon_notification.desktop_notification:Sending desktop notification using 'notify2'
[20.529s] DEBUG:colcon.colcon_core.event_reactor:joined thread
[20.530s] INFO:colcon.colcon_core.shell:Creating prefix script '/home/shiozaki/ros2/install/local_setup.ps1'
[20.532s] INFO:colcon.colcon_core.shell:Creating prefix util module '/home/shiozaki/ros2/install/_local_setup_util_ps1.py'
[20.534s] INFO:colcon.colcon_core.shell:Creating prefix chain script '/home/shiozaki/ros2/install/setup.ps1'
[20.537s] INFO:colcon.colcon_core.shell:Creating prefix script '/home/shiozaki/ros2/install/local_setup.sh'
[20.538s] INFO:colcon.colcon_core.shell:Creating prefix util module '/home/shiozaki/ros2/install/_local_setup_util_sh.py'
[20.539s] INFO:colcon.colcon_core.shell:Creating prefix chain script '/home/shiozaki/ros2/install/setup.sh'
[20.542s] INFO:colcon.colcon_core.shell:Creating prefix script '/home/shiozaki/ros2/install/local_setup.bash'
[20.543s] INFO:colcon.colcon_core.shell:Creating prefix chain script '/home/shiozaki/ros2/install/setup.bash'
[20.546s] INFO:colcon.colcon_core.shell:Creating prefix script '/home/shiozaki/ros2/install/local_setup.zsh'
[20.547s] INFO:colcon.colcon_core.shell:Creating prefix chain script '/home/shiozaki/ros2/install/setup.zsh'
