[0.067s] Invoking command in '/home/shiozaki/ros2/build/hello_world': CMAKE_PREFIX_PATH=/home/shiozaki/ros2/install/hello_world_msgs:/home/shiozaki/ros2/install/libcreate:/home/shiozaki/ros2/install/hello_world:/home/shiozaki/ros2/install/fibonacci:/home/shiozaki/ros2/install/examples_rclpy_topics:/home/shiozaki/ros2/install/examples_rclpy_services:/home/shiozaki/ros2/install/examples_rclpy_minimal_action_server:/opt/ros/dashing LD_LIBRARY_PATH=/home/shiozaki/ros2/install/hello_world_msgs/lib:/home/shiozaki/ros2/install/libcreate/lib:/opt/ros/dashing/opt/yaml_cpp_vendor/lib:/opt/ros/dashing/opt/rviz_ogre_vendor/lib:/usr/lib:/opt/rti.com/rti_connext_dds-5.3.1/lib/x64Linux3gcc5.4.0:/opt/ros/dashing/lib /usr/bin/cmake --build /home/shiozaki/ros2/build/hello_world -- -j4 -l4
[0.171s] [ 10%] Built target talker_with_service
[0.177s] [ 20%] Built target listener
[0.180s] [ 30%] Built target talker_listener_composition
[0.196s] [ 40%] Built target client_sync
[0.205s] [35m[1mScanning dependencies of target talker[0m
[0.231s] [ 50%] Built target talker_with_service_param
[0.245s] [ 60%] Built target listener_component
[0.249s] [ 70%] Built target set_and_get_parameters
[0.254s] [ 75%] [32mBuilding CXX object CMakeFiles/talker.dir/src/talker.cpp.o[0m
[0.294s] [ 95%] Built target client_async
[0.294s] [ 95%] Built target talker_component
[1.291s] [01m[K/home/shiozaki/ros2/src/hello_world/src/talker.cpp:[m[K In lambda function:
[1.291s] [01m[K/home/shiozaki/ros2/src/hello_world/src/talker.cpp:59:90:[m[K [01;31m[Kerror: [m[Kno matching function for call to ‘[01m[Kduration_cast<std::chrono::microseconds>(double&)[m[K’
[1.291s]  .frame_id = std::chrono::duration_cast<std::chrono::microseconds>(num_seconds[01;31m[K)[m[K;
[1.291s]                                                                               [01;31m[K^[m[K
[1.292s] In file included from [01m[K/home/shiozaki/ros2/src/hello_world/src/talker.cpp:15:0[m[K:
[1.292s] [01m[K/usr/include/c++/7/chrono:194:7:[m[K [01;36m[Knote: [m[Kcandidate: template<class _ToDur, class _Rep, class _Period> constexpr typename std::enable_if<std::chrono::__is_duration<_Tp>::value, _ToDur>::type std::chrono::duration_cast(const std::chrono::duration<_Rep, _Period>&)
[1.292s]        [01;36m[Kduration_cast[m[K(const duration<_Rep, _Period>& __d)
[1.292s]        [01;36m[K^~~~~~~~~~~~~[m[K
[1.292s] [01m[K/usr/include/c++/7/chrono:194:7:[m[K [01;36m[Knote: [m[K  template argument deduction/substitution failed:
[1.292s] [01m[K/home/shiozaki/ros2/src/hello_world/src/talker.cpp:59:90:[m[K [01;36m[Knote: [m[K  mismatched types ‘[01m[Kconst std::chrono::duration<_Rep, _Period>[m[K’ and ‘[01m[Kdouble[m[K’
[1.293s]  .frame_id = std::chrono::duration_cast<std::chrono::microseconds>(num_seconds[01;36m[K)[m[K;
[1.293s]                                                                               [01;36m[K^[m[K
[1.711s] CMakeFiles/talker.dir/build.make:62: recipe for target 'CMakeFiles/talker.dir/src/talker.cpp.o' failed
[1.711s] make[2]: *** [CMakeFiles/talker.dir/src/talker.cpp.o] Error 1
[1.711s] make[1]: *** [CMakeFiles/talker.dir/all] Error 2
[1.711s] CMakeFiles/Makefile2:284: recipe for target 'CMakeFiles/talker.dir/all' failed
[1.711s] Makefile:140: recipe for target 'all' failed
[1.712s] make: *** [all] Error 2
[1.713s] Invoked command in '/home/shiozaki/ros2/build/hello_world' returned '2': CMAKE_PREFIX_PATH=/home/shiozaki/ros2/install/hello_world_msgs:/home/shiozaki/ros2/install/libcreate:/home/shiozaki/ros2/install/hello_world:/home/shiozaki/ros2/install/fibonacci:/home/shiozaki/ros2/install/examples_rclpy_topics:/home/shiozaki/ros2/install/examples_rclpy_services:/home/shiozaki/ros2/install/examples_rclpy_minimal_action_server:/opt/ros/dashing LD_LIBRARY_PATH=/home/shiozaki/ros2/install/hello_world_msgs/lib:/home/shiozaki/ros2/install/libcreate/lib:/opt/ros/dashing/opt/yaml_cpp_vendor/lib:/opt/ros/dashing/opt/rviz_ogre_vendor/lib:/usr/lib:/opt/rti.com/rti_connext_dds-5.3.1/lib/x64Linux3gcc5.4.0:/opt/ros/dashing/lib /usr/bin/cmake --build /home/shiozaki/ros2/build/hello_world -- -j4 -l4
