[0.035s] Invoking command in '/home/shiozaki/ros2/build/libcreate': CMAKE_PREFIX_PATH=${CMAKE_PREFIX_PATH}:/home/shiozaki/ros2/install/examples_rclpy_topics:/home/shiozaki/ros2/install/examples_rclpy_services:/home/shiozaki/ros2/install/examples_rclpy_minimal_action_server:/opt/ros/dashing /usr/bin/cmake --build /home/shiozaki/ros2/build/libcreate -- -j4 -l4
[0.136s] [ 36%] Built target create
[0.188s] [ 45%] Built target wheeldrop
[0.206s] [ 54%] Built target packets
[0.209s] [ 63%] Built target play_song
[0.213s] [ 72%] Built target battery_level
[0.240s] [ 81%] Built target drive_circle
[0.250s] [ 90%] Built target leds
[0.254s] [100%] Built target bumpers
[0.271s] Invoked command in '/home/shiozaki/ros2/build/libcreate' returned '0': CMAKE_PREFIX_PATH=${CMAKE_PREFIX_PATH}:/home/shiozaki/ros2/install/examples_rclpy_topics:/home/shiozaki/ros2/install/examples_rclpy_services:/home/shiozaki/ros2/install/examples_rclpy_minimal_action_server:/opt/ros/dashing /usr/bin/cmake --build /home/shiozaki/ros2/build/libcreate -- -j4 -l4
[0.383s] Invoking command in '/home/shiozaki/ros2/build/libcreate': CMAKE_PREFIX_PATH=${CMAKE_PREFIX_PATH}:/home/shiozaki/ros2/install/examples_rclpy_topics:/home/shiozaki/ros2/install/examples_rclpy_services:/home/shiozaki/ros2/install/examples_rclpy_minimal_action_server:/opt/ros/dashing /usr/bin/cmake --build /home/shiozaki/ros2/build/libcreate --target install -- -j4 -l4
[0.464s] [ 36%] Built target create
[0.511s] [ 45%] Built target packets
[0.511s] [ 54%] Built target wheeldrop
[0.524s] [ 63%] Built target play_song
[0.530s] [ 72%] Built target battery_level
[0.563s] [ 81%] Built target leds
[0.567s] [ 90%] Built target drive_circle
[0.572s] [100%] Built target bumpers
[0.600s] [36mInstall the project...[0m
[0.616s] -- Install configuration: ""
[0.617s] -- Up-to-date: /home/shiozaki/ros2/install/libcreate/lib/libcreate.so
[0.618s] -- Up-to-date: /home/shiozaki/ros2/install/libcreate/include
[0.618s] -- Up-to-date: /home/shiozaki/ros2/install/libcreate/include/create
[0.619s] -- Up-to-date: /home/shiozaki/ros2/install/libcreate/include/create/serial_stream.h
[0.619s] -- Up-to-date: /home/shiozaki/ros2/install/libcreate/include/create/types.h
[0.620s] -- Up-to-date: /home/shiozaki/ros2/install/libcreate/include/create/util.h
[0.620s] -- Up-to-date: /home/shiozaki/ros2/install/libcreate/include/create/data.h
[0.620s] -- Up-to-date: /home/shiozaki/ros2/install/libcreate/include/create/create.h
[0.620s] -- Up-to-date: /home/shiozaki/ros2/install/libcreate/include/create/serial.h
[0.621s] -- Up-to-date: /home/shiozaki/ros2/install/libcreate/include/create/serial_query.h
[0.621s] -- Up-to-date: /home/shiozaki/ros2/install/libcreate/include/create/packet.h
[0.621s] -- Up-to-date: /home/shiozaki/ros2/install/libcreate/lib/cmake/libcreate/libcreate-config.cmake
[0.621s] -- Up-to-date: /home/shiozaki/ros2/install/libcreate/lib/cmake/libcreate/libcreate-config-version.cmake
[0.622s] -- Up-to-date: /home/shiozaki/ros2/install/libcreate/lib/cmake/libcreate/libcreate-targets.cmake
[0.626s] -- Up-to-date: /home/shiozaki/ros2/install/libcreate/lib/cmake/libcreate/libcreate-targets-noconfig.cmake
[0.626s] -- Up-to-date: /home/shiozaki/ros2/install/libcreate/share/libcreate/package.xml
[0.636s] Invoked command in '/home/shiozaki/ros2/build/libcreate' returned '0': CMAKE_PREFIX_PATH=${CMAKE_PREFIX_PATH}:/home/shiozaki/ros2/install/examples_rclpy_topics:/home/shiozaki/ros2/install/examples_rclpy_services:/home/shiozaki/ros2/install/examples_rclpy_minimal_action_server:/opt/ros/dashing /usr/bin/cmake --build /home/shiozaki/ros2/build/libcreate --target install -- -j4 -l4
