[0.056s] Invoking command in '/home/shiozaki/ros2/build/libcreate': CMAKE_PREFIX_PATH=${CMAKE_PREFIX_PATH}:/home/shiozaki/ros2/install/examples_rclpy_topics:/home/shiozaki/ros2/install/examples_rclpy_services:/home/shiozaki/ros2/install/examples_rclpy_minimal_action_server:/opt/ros/dashing /usr/bin/cmake --build /home/shiozaki/ros2/build/libcreate -- -j4 -l4
[0.163s] [ 36%] Built target create
[0.229s] [ 45%] Built target wheeldrop
[0.230s] [ 54%] Built target battery_level
[0.247s] [ 63%] Built target packets
[0.250s] [ 72%] Built target play_song
[0.287s] [ 81%] Built target drive_circle
[0.291s] [ 90%] Built target bumpers
[0.292s] [100%] Built target leds
[0.307s] Invoked command in '/home/shiozaki/ros2/build/libcreate' returned '0': CMAKE_PREFIX_PATH=${CMAKE_PREFIX_PATH}:/home/shiozaki/ros2/install/examples_rclpy_topics:/home/shiozaki/ros2/install/examples_rclpy_services:/home/shiozaki/ros2/install/examples_rclpy_minimal_action_server:/opt/ros/dashing /usr/bin/cmake --build /home/shiozaki/ros2/build/libcreate -- -j4 -l4
[0.380s] Invoking command in '/home/shiozaki/ros2/build/libcreate': CMAKE_PREFIX_PATH=${CMAKE_PREFIX_PATH}:/home/shiozaki/ros2/install/examples_rclpy_topics:/home/shiozaki/ros2/install/examples_rclpy_services:/home/shiozaki/ros2/install/examples_rclpy_minimal_action_server:/opt/ros/dashing /usr/bin/cmake --build /home/shiozaki/ros2/build/libcreate --target install -- -j4 -l4
[0.482s] [ 36%] Built target create
[0.531s] [ 45%] Built target play_song
[0.535s] [ 63%] Built target battery_level
[0.535s] [ 63%] Built target packets
[0.540s] [ 72%] Built target wheeldrop
[0.581s] [ 81%] Built target drive_circle
[0.589s] [ 90%] Built target leds
[0.592s] [100%] Built target bumpers
[0.619s] [36mInstall the project...[0m
[0.635s] -- Install configuration: ""
[0.636s] -- Up-to-date: /home/shiozaki/ros2/install/libcreate/lib/libcreate.so
[0.636s] -- Up-to-date: /home/shiozaki/ros2/install/libcreate/include
[0.636s] -- Up-to-date: /home/shiozaki/ros2/install/libcreate/include/create
[0.637s] -- Up-to-date: /home/shiozaki/ros2/install/libcreate/include/create/serial_stream.h
[0.637s] -- Up-to-date: /home/shiozaki/ros2/install/libcreate/include/create/types.h
[0.637s] -- Up-to-date: /home/shiozaki/ros2/install/libcreate/include/create/util.h
[0.637s] -- Up-to-date: /home/shiozaki/ros2/install/libcreate/include/create/data.h
[0.637s] -- Up-to-date: /home/shiozaki/ros2/install/libcreate/include/create/create.h
[0.637s] -- Up-to-date: /home/shiozaki/ros2/install/libcreate/include/create/serial.h
[0.637s] -- Up-to-date: /home/shiozaki/ros2/install/libcreate/include/create/serial_query.h
[0.637s] -- Up-to-date: /home/shiozaki/ros2/install/libcreate/include/create/packet.h
[0.637s] -- Up-to-date: /home/shiozaki/ros2/install/libcreate/lib/cmake/libcreate/libcreate-config.cmake
[0.637s] -- Up-to-date: /home/shiozaki/ros2/install/libcreate/lib/cmake/libcreate/libcreate-config-version.cmake
[0.637s] -- Up-to-date: /home/shiozaki/ros2/install/libcreate/lib/cmake/libcreate/libcreate-targets.cmake
[0.638s] -- Up-to-date: /home/shiozaki/ros2/install/libcreate/lib/cmake/libcreate/libcreate-targets-noconfig.cmake
[0.638s] -- Up-to-date: /home/shiozaki/ros2/install/libcreate/share/libcreate/package.xml
[0.643s] Invoked command in '/home/shiozaki/ros2/build/libcreate' returned '0': CMAKE_PREFIX_PATH=${CMAKE_PREFIX_PATH}:/home/shiozaki/ros2/install/examples_rclpy_topics:/home/shiozaki/ros2/install/examples_rclpy_services:/home/shiozaki/ros2/install/examples_rclpy_minimal_action_server:/opt/ros/dashing /usr/bin/cmake --build /home/shiozaki/ros2/build/libcreate --target install -- -j4 -l4
