[0.048s] Invoking command in '/home/shiozaki/ros2/build/libcreate': CMAKE_PREFIX_PATH=${CMAKE_PREFIX_PATH}:/home/shiozaki/ros2/install/examples_rclpy_topics:/home/shiozaki/ros2/install/examples_rclpy_services:/home/shiozaki/ros2/install/examples_rclpy_minimal_action_server:/opt/ros/dashing /usr/bin/cmake --build /home/shiozaki/ros2/build/libcreate -- -j4 -l4
[0.165s] [ 36%] Built target create
[0.213s] [ 45%] Built target packets
[0.213s] [ 54%] Built target wheeldrop
[0.223s] [ 63%] Built target play_song
[0.231s] [ 72%] Built target battery_level
[0.259s] [ 81%] Built target drive_circle
[0.267s] [ 90%] Built target bumpers
[0.271s] [100%] Built target leds
[0.289s] Invoked command in '/home/shiozaki/ros2/build/libcreate' returned '0': CMAKE_PREFIX_PATH=${CMAKE_PREFIX_PATH}:/home/shiozaki/ros2/install/examples_rclpy_topics:/home/shiozaki/ros2/install/examples_rclpy_services:/home/shiozaki/ros2/install/examples_rclpy_minimal_action_server:/opt/ros/dashing /usr/bin/cmake --build /home/shiozaki/ros2/build/libcreate -- -j4 -l4
[0.413s] Invoking command in '/home/shiozaki/ros2/build/libcreate': CMAKE_PREFIX_PATH=${CMAKE_PREFIX_PATH}:/home/shiozaki/ros2/install/examples_rclpy_topics:/home/shiozaki/ros2/install/examples_rclpy_services:/home/shiozaki/ros2/install/examples_rclpy_minimal_action_server:/opt/ros/dashing /usr/bin/cmake --build /home/shiozaki/ros2/build/libcreate --target install -- -j4 -l4
[0.486s] [ 36%] Built target create
[0.538s] [ 45%] Built target wheeldrop
[0.544s] [ 54%] Built target battery_level
[0.554s] [ 63%] Built target play_song
[0.559s] [ 72%] Built target packets
[0.594s] [ 81%] Built target drive_circle
[0.606s] [ 90%] Built target leds
[0.607s] [100%] Built target bumpers
[0.632s] [36mInstall the project...[0m
[0.650s] -- Install configuration: ""
[0.650s] -- Up-to-date: /home/shiozaki/ros2/install/libcreate/lib/libcreate.so
[0.650s] -- Up-to-date: /home/shiozaki/ros2/install/libcreate/include
[0.650s] -- Up-to-date: /home/shiozaki/ros2/install/libcreate/include/create
[0.650s] -- Up-to-date: /home/shiozaki/ros2/install/libcreate/include/create/serial_stream.h
[0.651s] -- Up-to-date: /home/shiozaki/ros2/install/libcreate/include/create/types.h
[0.651s] -- Up-to-date: /home/shiozaki/ros2/install/libcreate/include/create/util.h
[0.651s] -- Up-to-date: /home/shiozaki/ros2/install/libcreate/include/create/data.h
[0.651s] -- Up-to-date: /home/shiozaki/ros2/install/libcreate/include/create/create.h
[0.651s] -- Up-to-date: /home/shiozaki/ros2/install/libcreate/include/create/serial.h
[0.651s] -- Up-to-date: /home/shiozaki/ros2/install/libcreate/include/create/serial_query.h
[0.652s] -- Up-to-date: /home/shiozaki/ros2/install/libcreate/include/create/packet.h
[0.652s] -- Up-to-date: /home/shiozaki/ros2/install/libcreate/lib/cmake/libcreate/libcreate-config.cmake
[0.652s] -- Up-to-date: /home/shiozaki/ros2/install/libcreate/lib/cmake/libcreate/libcreate-config-version.cmake
[0.652s] -- Up-to-date: /home/shiozaki/ros2/install/libcreate/lib/cmake/libcreate/libcreate-targets.cmake
[0.652s] -- Up-to-date: /home/shiozaki/ros2/install/libcreate/lib/cmake/libcreate/libcreate-targets-noconfig.cmake
[0.652s] -- Up-to-date: /home/shiozaki/ros2/install/libcreate/share/libcreate/package.xml
[0.658s] Invoked command in '/home/shiozaki/ros2/build/libcreate' returned '0': CMAKE_PREFIX_PATH=${CMAKE_PREFIX_PATH}:/home/shiozaki/ros2/install/examples_rclpy_topics:/home/shiozaki/ros2/install/examples_rclpy_services:/home/shiozaki/ros2/install/examples_rclpy_minimal_action_server:/opt/ros/dashing /usr/bin/cmake --build /home/shiozaki/ros2/build/libcreate --target install -- -j4 -l4
