[0.058s] Invoking command in '/home/shiozaki/ros2/build/libcreate': CMAKE_PREFIX_PATH=${CMAKE_PREFIX_PATH}:/home/shiozaki/ros2/install/examples_rclpy_topics:/home/shiozaki/ros2/install/examples_rclpy_services:/home/shiozaki/ros2/install/examples_rclpy_minimal_action_server:/opt/ros/dashing /usr/bin/cmake --build /home/shiozaki/ros2/build/libcreate -- -j4 -l4
[0.150s] [ 36%] Built target create
[0.194s] [ 45%] Built target play_song
[0.200s] [ 54%] Built target packets
[0.209s] [ 63%] Built target wheeldrop
[0.214s] [ 72%] Built target battery_level
[0.240s] [ 81%] Built target drive_circle
[0.255s] [ 90%] Built target bumpers
[0.255s] [100%] Built target leds
[0.269s] Invoked command in '/home/shiozaki/ros2/build/libcreate' returned '0': CMAKE_PREFIX_PATH=${CMAKE_PREFIX_PATH}:/home/shiozaki/ros2/install/examples_rclpy_topics:/home/shiozaki/ros2/install/examples_rclpy_services:/home/shiozaki/ros2/install/examples_rclpy_minimal_action_server:/opt/ros/dashing /usr/bin/cmake --build /home/shiozaki/ros2/build/libcreate -- -j4 -l4
[0.383s] Invoking command in '/home/shiozaki/ros2/build/libcreate': CMAKE_PREFIX_PATH=${CMAKE_PREFIX_PATH}:/home/shiozaki/ros2/install/examples_rclpy_topics:/home/shiozaki/ros2/install/examples_rclpy_services:/home/shiozaki/ros2/install/examples_rclpy_minimal_action_server:/opt/ros/dashing /usr/bin/cmake --build /home/shiozaki/ros2/build/libcreate --target install -- -j4 -l4
[0.465s] [ 36%] Built target create
[0.505s] [ 45%] Built target play_song
[0.512s] [ 54%] Built target packets
[0.528s] [ 63%] Built target wheeldrop
[0.531s] [ 72%] Built target battery_level
[0.553s] [ 81%] Built target drive_circle
[0.568s] [ 90%] Built target leds
[0.580s] [100%] Built target bumpers
[0.614s] [36mInstall the project...[0m
[0.624s] -- Install configuration: ""
[0.625s] -- Up-to-date: /home/shiozaki/ros2/install/libcreate/lib/libcreate.so
[0.625s] -- Up-to-date: /home/shiozaki/ros2/install/libcreate/include
[0.625s] -- Up-to-date: /home/shiozaki/ros2/install/libcreate/include/create
[0.625s] -- Up-to-date: /home/shiozaki/ros2/install/libcreate/include/create/serial_stream.h
[0.625s] -- Up-to-date: /home/shiozaki/ros2/install/libcreate/include/create/types.h
[0.625s] -- Up-to-date: /home/shiozaki/ros2/install/libcreate/include/create/util.h
[0.625s] -- Up-to-date: /home/shiozaki/ros2/install/libcreate/include/create/data.h
[0.625s] -- Up-to-date: /home/shiozaki/ros2/install/libcreate/include/create/create.h
[0.626s] -- Up-to-date: /home/shiozaki/ros2/install/libcreate/include/create/serial.h
[0.626s] -- Up-to-date: /home/shiozaki/ros2/install/libcreate/include/create/serial_query.h
[0.626s] -- Up-to-date: /home/shiozaki/ros2/install/libcreate/include/create/packet.h
[0.626s] -- Up-to-date: /home/shiozaki/ros2/install/libcreate/lib/cmake/libcreate/libcreate-config.cmake
[0.626s] -- Up-to-date: /home/shiozaki/ros2/install/libcreate/lib/cmake/libcreate/libcreate-config-version.cmake
[0.626s] -- Up-to-date: /home/shiozaki/ros2/install/libcreate/lib/cmake/libcreate/libcreate-targets.cmake
[0.627s] -- Up-to-date: /home/shiozaki/ros2/install/libcreate/lib/cmake/libcreate/libcreate-targets-noconfig.cmake
[0.627s] -- Up-to-date: /home/shiozaki/ros2/install/libcreate/share/libcreate/package.xml
[0.630s] Invoked command in '/home/shiozaki/ros2/build/libcreate' returned '0': CMAKE_PREFIX_PATH=${CMAKE_PREFIX_PATH}:/home/shiozaki/ros2/install/examples_rclpy_topics:/home/shiozaki/ros2/install/examples_rclpy_services:/home/shiozaki/ros2/install/examples_rclpy_minimal_action_server:/opt/ros/dashing /usr/bin/cmake --build /home/shiozaki/ros2/build/libcreate --target install -- -j4 -l4
