[0.040s] Invoking command in '/home/shiozaki/ros2/build/libcreate': CMAKE_PREFIX_PATH=${CMAKE_PREFIX_PATH}:/home/shiozaki/ros2/install/examples_rclpy_topics:/home/shiozaki/ros2/install/examples_rclpy_services:/home/shiozaki/ros2/install/examples_rclpy_minimal_action_server:/opt/ros/dashing /usr/bin/cmake --build /home/shiozaki/ros2/build/libcreate -- -j4 -l4
[0.194s] [ 36%] Built target create
[0.253s] [ 45%] Built target battery_level
[0.273s] [ 54%] Built target wheeldrop
[0.275s] [ 63%] Built target packets
[0.294s] [ 72%] Built target play_song
[0.317s] [ 81%] Built target drive_circle
[0.320s] [ 90%] Built target leds
[0.326s] [100%] Built target bumpers
[0.343s] Invoked command in '/home/shiozaki/ros2/build/libcreate' returned '0': CMAKE_PREFIX_PATH=${CMAKE_PREFIX_PATH}:/home/shiozaki/ros2/install/examples_rclpy_topics:/home/shiozaki/ros2/install/examples_rclpy_services:/home/shiozaki/ros2/install/examples_rclpy_minimal_action_server:/opt/ros/dashing /usr/bin/cmake --build /home/shiozaki/ros2/build/libcreate -- -j4 -l4
[0.415s] Invoking command in '/home/shiozaki/ros2/build/libcreate': CMAKE_PREFIX_PATH=${CMAKE_PREFIX_PATH}:/home/shiozaki/ros2/install/examples_rclpy_topics:/home/shiozaki/ros2/install/examples_rclpy_services:/home/shiozaki/ros2/install/examples_rclpy_minimal_action_server:/opt/ros/dashing /usr/bin/cmake --build /home/shiozaki/ros2/build/libcreate --target install -- -j4 -l4
[0.517s] [ 36%] Built target create
[0.568s] [ 45%] Built target packets
[0.569s] [ 54%] Built target battery_level
[0.571s] [ 63%] Built target wheeldrop
[0.571s] [ 72%] Built target play_song
[0.621s] [ 90%] Built target leds
[0.621s] [ 90%] Built target bumpers
[0.629s] [100%] Built target drive_circle
[0.653s] [36mInstall the project...[0m
[0.670s] -- Install configuration: ""
[0.670s] -- Up-to-date: /home/shiozaki/ros2/install/libcreate/lib/libcreate.so
[0.670s] -- Up-to-date: /home/shiozaki/ros2/install/libcreate/include
[0.671s] -- Up-to-date: /home/shiozaki/ros2/install/libcreate/include/create
[0.671s] -- Up-to-date: /home/shiozaki/ros2/install/libcreate/include/create/serial_stream.h
[0.671s] -- Up-to-date: /home/shiozaki/ros2/install/libcreate/include/create/types.h
[0.671s] -- Up-to-date: /home/shiozaki/ros2/install/libcreate/include/create/util.h
[0.671s] -- Up-to-date: /home/shiozaki/ros2/install/libcreate/include/create/data.h
[0.671s] -- Up-to-date: /home/shiozaki/ros2/install/libcreate/include/create/create.h
[0.671s] -- Up-to-date: /home/shiozaki/ros2/install/libcreate/include/create/serial.h
[0.671s] -- Up-to-date: /home/shiozaki/ros2/install/libcreate/include/create/serial_query.h
[0.671s] -- Up-to-date: /home/shiozaki/ros2/install/libcreate/include/create/packet.h
[0.672s] -- Up-to-date: /home/shiozaki/ros2/install/libcreate/lib/cmake/libcreate/libcreate-config.cmake
[0.672s] -- Up-to-date: /home/shiozaki/ros2/install/libcreate/lib/cmake/libcreate/libcreate-config-version.cmake
[0.672s] -- Up-to-date: /home/shiozaki/ros2/install/libcreate/lib/cmake/libcreate/libcreate-targets.cmake
[0.672s] -- Up-to-date: /home/shiozaki/ros2/install/libcreate/lib/cmake/libcreate/libcreate-targets-noconfig.cmake
[0.672s] -- Up-to-date: /home/shiozaki/ros2/install/libcreate/share/libcreate/package.xml
[0.676s] Invoked command in '/home/shiozaki/ros2/build/libcreate' returned '0': CMAKE_PREFIX_PATH=${CMAKE_PREFIX_PATH}:/home/shiozaki/ros2/install/examples_rclpy_topics:/home/shiozaki/ros2/install/examples_rclpy_services:/home/shiozaki/ros2/install/examples_rclpy_minimal_action_server:/opt/ros/dashing /usr/bin/cmake --build /home/shiozaki/ros2/build/libcreate --target install -- -j4 -l4
