[ 10%] Built target talker_listener_composition
[ 20%] Built target talker_with_service
[ 30%] Built target client_sync
[ 40%] Built target listener
[35m[1mScanning dependencies of target talker[0m
[ 50%] Built target talker_with_service_param
[ 55%] [32mBuilding CXX object CMakeFiles/talker.dir/src/talker.cpp.o[0m
[ 65%] Built target listener_component
[ 75%] Built target set_and_get_parameters
[ 85%] Built target talker_component
[ 95%] Built target client_async
[01m[K/home/shiozaki/ros2/src/hello_world/src/talker.cpp:[m[K In lambda function:
[01m[K/home/shiozaki/ros2/src/hello_world/src/talker.cpp:58:10:[m[K [01;31m[Kerror: [m[K‘[01m[Kclass std::unique_ptr<std_msgs::msg::Int32MultiArray_<std::allocator<void> >, std::default_delete<std_msgs::msg::Int32MultiArray_<std::allocator<void> > > >[m[K’ has no member named ‘[01m[Kheader[m[K’
  arr_msg.[01;31m[Kheader[m[K.frame_id = std::to_string(id);
          [01;31m[K^~~~~~[m[K
CMakeFiles/talker.dir/build.make:62: recipe for target 'CMakeFiles/talker.dir/src/talker.cpp.o' failed
make[2]: *** [CMakeFiles/talker.dir/src/talker.cpp.o] Error 1
CMakeFiles/Makefile2:284: recipe for target 'CMakeFiles/talker.dir/all' failed
make[1]: *** [CMakeFiles/talker.dir/all] Error 2
make: *** [all] Error 2
Makefile:140: recipe for target 'all' failed
