[0.034s] Invoking command in '/home/shiozaki/ros2/build/hello_world': CMAKE_PREFIX_PATH=/home/shiozaki/ros2/install/hello_world_msgs:/home/shiozaki/ros2/install/libcreate:/home/shiozaki/ros2/install/hello_world:/home/shiozaki/ros2/install/fibonacci:/home/shiozaki/ros2/install/examples_rclpy_topics:/home/shiozaki/ros2/install/examples_rclpy_services:/home/shiozaki/ros2/install/examples_rclpy_minimal_action_server:/opt/ros/dashing LD_LIBRARY_PATH=/home/shiozaki/ros2/install/hello_world_msgs/lib:/home/shiozaki/ros2/install/libcreate/lib:/opt/ros/dashing/opt/yaml_cpp_vendor/lib:/opt/ros/dashing/opt/rviz_ogre_vendor/lib:/usr/lib:/opt/rti.com/rti_connext_dds-5.3.1/lib/x64Linux3gcc5.4.0:/opt/ros/dashing/lib /usr/bin/cmake --build /home/shiozaki/ros2/build/hello_world -- -j4 -l4
[0.136s] [ 10%] Built target talker_listener_composition
[0.153s] [ 20%] Built target talker_with_service
[0.154s] [ 30%] Built target client_sync
[0.170s] [ 40%] Built target listener
[0.179s] [35m[1mScanning dependencies of target talker[0m
[0.187s] [ 50%] Built target talker_with_service_param
[0.226s] [ 55%] [32mBuilding CXX object CMakeFiles/talker.dir/src/talker.cpp.o[0m
[0.226s] [ 65%] Built target listener_component
[0.239s] [ 75%] Built target set_and_get_parameters
[0.246s] [ 85%] Built target talker_component
[0.269s] [ 95%] Built target client_async
[1.375s] [01m[K/home/shiozaki/ros2/src/hello_world/src/talker.cpp:[m[K In lambda function:
[1.375s] [01m[K/home/shiozaki/ros2/src/hello_world/src/talker.cpp:58:10:[m[K [01;31m[Kerror: [m[K‘[01m[Kclass std::unique_ptr<std_msgs::msg::Int32MultiArray_<std::allocator<void> >, std::default_delete<std_msgs::msg::Int32MultiArray_<std::allocator<void> > > >[m[K’ has no member named ‘[01m[Kheader[m[K’
[1.375s]   arr_msg.[01;31m[Kheader[m[K.frame_id = std::to_string(id);
[1.375s]           [01;31m[K^~~~~~[m[K
[2.046s] CMakeFiles/talker.dir/build.make:62: recipe for target 'CMakeFiles/talker.dir/src/talker.cpp.o' failed
[2.046s] make[2]: *** [CMakeFiles/talker.dir/src/talker.cpp.o] Error 1
[2.047s] CMakeFiles/Makefile2:284: recipe for target 'CMakeFiles/talker.dir/all' failed
[2.047s] make[1]: *** [CMakeFiles/talker.dir/all] Error 2
[2.047s] make: *** [all] Error 2
[2.047s] Makefile:140: recipe for target 'all' failed
[2.049s] Invoked command in '/home/shiozaki/ros2/build/hello_world' returned '2': CMAKE_PREFIX_PATH=/home/shiozaki/ros2/install/hello_world_msgs:/home/shiozaki/ros2/install/libcreate:/home/shiozaki/ros2/install/hello_world:/home/shiozaki/ros2/install/fibonacci:/home/shiozaki/ros2/install/examples_rclpy_topics:/home/shiozaki/ros2/install/examples_rclpy_services:/home/shiozaki/ros2/install/examples_rclpy_minimal_action_server:/opt/ros/dashing LD_LIBRARY_PATH=/home/shiozaki/ros2/install/hello_world_msgs/lib:/home/shiozaki/ros2/install/libcreate/lib:/opt/ros/dashing/opt/yaml_cpp_vendor/lib:/opt/ros/dashing/opt/rviz_ogre_vendor/lib:/usr/lib:/opt/rti.com/rti_connext_dds-5.3.1/lib/x64Linux3gcc5.4.0:/opt/ros/dashing/lib /usr/bin/cmake --build /home/shiozaki/ros2/build/hello_world -- -j4 -l4
