[0.042s] Invoking command in '/home/shiozaki/ros2/build/libcreate': CMAKE_PREFIX_PATH=${CMAKE_PREFIX_PATH}:/home/shiozaki/ros2/install/examples_rclpy_topics:/home/shiozaki/ros2/install/examples_rclpy_services:/home/shiozaki/ros2/install/examples_rclpy_minimal_action_server:/opt/ros/dashing /usr/bin/cmake --build /home/shiozaki/ros2/build/libcreate -- -j4 -l4
[0.163s] [ 36%] Built target create
[0.210s] [ 54%] Built target wheeldrop
[0.211s] [ 54%] Built target battery_level
[0.221s] [ 63%] Built target play_song
[0.226s] [ 72%] Built target packets
[0.258s] [ 81%] Built target drive_circle
[0.263s] [ 90%] Built target leds
[0.268s] [100%] Built target bumpers
[0.281s] Invoked command in '/home/shiozaki/ros2/build/libcreate' returned '0': CMAKE_PREFIX_PATH=${CMAKE_PREFIX_PATH}:/home/shiozaki/ros2/install/examples_rclpy_topics:/home/shiozaki/ros2/install/examples_rclpy_services:/home/shiozaki/ros2/install/examples_rclpy_minimal_action_server:/opt/ros/dashing /usr/bin/cmake --build /home/shiozaki/ros2/build/libcreate -- -j4 -l4
[0.374s] Invoking command in '/home/shiozaki/ros2/build/libcreate': CMAKE_PREFIX_PATH=${CMAKE_PREFIX_PATH}:/home/shiozaki/ros2/install/examples_rclpy_topics:/home/shiozaki/ros2/install/examples_rclpy_services:/home/shiozaki/ros2/install/examples_rclpy_minimal_action_server:/opt/ros/dashing /usr/bin/cmake --build /home/shiozaki/ros2/build/libcreate --target install -- -j4 -l4
[0.468s] [ 36%] Built target create
[0.514s] [ 45%] Built target packets
[0.515s] [ 54%] Built target battery_level
[0.531s] [ 63%] Built target wheeldrop
[0.536s] [ 72%] Built target play_song
[0.567s] [ 81%] Built target drive_circle
[0.576s] [ 90%] Built target leds
[0.580s] [100%] Built target bumpers
[0.611s] [36mInstall the project...[0m
[0.630s] -- Install configuration: ""
[0.630s] -- Up-to-date: /home/shiozaki/ros2/install/libcreate/lib/libcreate.so
[0.630s] -- Up-to-date: /home/shiozaki/ros2/install/libcreate/include
[0.631s] -- Up-to-date: /home/shiozaki/ros2/install/libcreate/include/create
[0.631s] -- Up-to-date: /home/shiozaki/ros2/install/libcreate/include/create/serial_stream.h
[0.631s] -- Up-to-date: /home/shiozaki/ros2/install/libcreate/include/create/types.h
[0.631s] -- Up-to-date: /home/shiozaki/ros2/install/libcreate/include/create/util.h
[0.631s] -- Up-to-date: /home/shiozaki/ros2/install/libcreate/include/create/data.h
[0.631s] -- Up-to-date: /home/shiozaki/ros2/install/libcreate/include/create/create.h
[0.631s] -- Up-to-date: /home/shiozaki/ros2/install/libcreate/include/create/serial.h
[0.631s] -- Up-to-date: /home/shiozaki/ros2/install/libcreate/include/create/serial_query.h
[0.632s] -- Up-to-date: /home/shiozaki/ros2/install/libcreate/include/create/packet.h
[0.632s] -- Up-to-date: /home/shiozaki/ros2/install/libcreate/lib/cmake/libcreate/libcreate-config.cmake
[0.632s] -- Up-to-date: /home/shiozaki/ros2/install/libcreate/lib/cmake/libcreate/libcreate-config-version.cmake
[0.632s] -- Up-to-date: /home/shiozaki/ros2/install/libcreate/lib/cmake/libcreate/libcreate-targets.cmake
[0.632s] -- Up-to-date: /home/shiozaki/ros2/install/libcreate/lib/cmake/libcreate/libcreate-targets-noconfig.cmake
[0.632s] -- Up-to-date: /home/shiozaki/ros2/install/libcreate/share/libcreate/package.xml
[0.650s] Invoked command in '/home/shiozaki/ros2/build/libcreate' returned '0': CMAKE_PREFIX_PATH=${CMAKE_PREFIX_PATH}:/home/shiozaki/ros2/install/examples_rclpy_topics:/home/shiozaki/ros2/install/examples_rclpy_services:/home/shiozaki/ros2/install/examples_rclpy_minimal_action_server:/opt/ros/dashing /usr/bin/cmake --build /home/shiozaki/ros2/build/libcreate --target install -- -j4 -l4
