[1.085s] Invoking command in '/home/shiozaki/ros2/src/examples_rclpy/examples_rclpy_topics': PYTHONPATH=/home/shiozaki/ros2/install/examples_rclpy_topics/lib/python3.6/site-packages:${PYTHONPATH} /usr/bin/python3 setup.py egg_info --egg-base /home/shiozaki/ros2/build/examples_rclpy_topics build --build-base /home/shiozaki/ros2/build/examples_rclpy_topics/build install --prefix /home/shiozaki/ros2/install/examples_rclpy_topics --record /home/shiozaki/ros2/build/examples_rclpy_topics/install.log --single-version-externally-managed
[1.630s] running egg_info
[1.639s] writing /home/shiozaki/ros2/build/examples_rclpy_topics/examples_rclpy_topics.egg-info/PKG-INFO
[1.640s] writing dependency_links to /home/shiozaki/ros2/build/examples_rclpy_topics/examples_rclpy_topics.egg-info/dependency_links.txt
[1.640s] writing entry points to /home/shiozaki/ros2/build/examples_rclpy_topics/examples_rclpy_topics.egg-info/entry_points.txt
[1.640s] writing requirements to /home/shiozaki/ros2/build/examples_rclpy_topics/examples_rclpy_topics.egg-info/requires.txt
[1.640s] writing top-level names to /home/shiozaki/ros2/build/examples_rclpy_topics/examples_rclpy_topics.egg-info/top_level.txt
[1.707s] reading manifest file '/home/shiozaki/ros2/build/examples_rclpy_topics/examples_rclpy_topics.egg-info/SOURCES.txt'
[1.707s] writing manifest file '/home/shiozaki/ros2/build/examples_rclpy_topics/examples_rclpy_topics.egg-info/SOURCES.txt'
[1.707s] running build
[1.708s] running build_py
[1.708s] running install
[1.708s] running install_lib
[1.713s] running install_data
[1.713s] running install_egg_info
[1.722s] removing '/home/shiozaki/ros2/install/examples_rclpy_topics/lib/python3.6/site-packages/examples_rclpy_topics-0.6.3-py3.6.egg-info' (and everything under it)
[1.723s] Copying /home/shiozaki/ros2/build/examples_rclpy_topics/examples_rclpy_topics.egg-info to /home/shiozaki/ros2/install/examples_rclpy_topics/lib/python3.6/site-packages/examples_rclpy_topics-0.6.3-py3.6.egg-info
[1.724s] running install_scripts
[1.800s] Installing publisher script to /home/shiozaki/ros2/install/examples_rclpy_topics/lib/examples_rclpy_topics
[1.800s] Installing subscriber script to /home/shiozaki/ros2/install/examples_rclpy_topics/lib/examples_rclpy_topics
[1.801s] writing list of installed files to '/home/shiozaki/ros2/build/examples_rclpy_topics/install.log'
[1.852s] Invoked command in '/home/shiozaki/ros2/src/examples_rclpy/examples_rclpy_topics' returned '0': PYTHONPATH=/home/shiozaki/ros2/install/examples_rclpy_topics/lib/python3.6/site-packages:${PYTHONPATH} /usr/bin/python3 setup.py egg_info --egg-base /home/shiozaki/ros2/build/examples_rclpy_topics build --build-base /home/shiozaki/ros2/build/examples_rclpy_topics/build install --prefix /home/shiozaki/ros2/install/examples_rclpy_topics --record /home/shiozaki/ros2/build/examples_rclpy_topics/install.log --single-version-externally-managed
