[0.047s] Invoking command in '/home/shiozaki/ros2/build/libcreate': CMAKE_PREFIX_PATH=${CMAKE_PREFIX_PATH}:/home/shiozaki/ros2/install/examples_rclpy_topics:/home/shiozaki/ros2/install/examples_rclpy_services:/home/shiozaki/ros2/install/examples_rclpy_minimal_action_server:/opt/ros/dashing /usr/bin/cmake --build /home/shiozaki/ros2/build/libcreate -- -j4 -l4
[0.175s] [ 36%] Built target create
[0.238s] [ 45%] Built target play_song
[0.239s] [ 54%] Built target battery_level
[0.250s] [ 63%] Built target packets
[0.256s] [ 72%] Built target wheeldrop
[0.285s] [ 81%] Built target drive_circle
[0.292s] [ 90%] Built target leds
[0.298s] [100%] Built target bumpers
[0.317s] Invoked command in '/home/shiozaki/ros2/build/libcreate' returned '0': CMAKE_PREFIX_PATH=${CMAKE_PREFIX_PATH}:/home/shiozaki/ros2/install/examples_rclpy_topics:/home/shiozaki/ros2/install/examples_rclpy_services:/home/shiozaki/ros2/install/examples_rclpy_minimal_action_server:/opt/ros/dashing /usr/bin/cmake --build /home/shiozaki/ros2/build/libcreate -- -j4 -l4
[0.423s] Invoking command in '/home/shiozaki/ros2/build/libcreate': CMAKE_PREFIX_PATH=${CMAKE_PREFIX_PATH}:/home/shiozaki/ros2/install/examples_rclpy_topics:/home/shiozaki/ros2/install/examples_rclpy_services:/home/shiozaki/ros2/install/examples_rclpy_minimal_action_server:/opt/ros/dashing /usr/bin/cmake --build /home/shiozaki/ros2/build/libcreate --target install -- -j4 -l4
[0.500s] [ 36%] Built target create
[0.551s] [ 45%] Built target play_song
[0.556s] [ 54%] Built target packets
[0.561s] [ 63%] Built target battery_level
[0.569s] [ 72%] Built target wheeldrop
[0.603s] [ 81%] Built target drive_circle
[0.605s] [ 90%] Built target leds
[0.610s] [100%] Built target bumpers
[0.637s] [36mInstall the project...[0m
[0.650s] -- Install configuration: ""
[0.650s] -- Up-to-date: /home/shiozaki/ros2/install/libcreate/lib/libcreate.so
[0.651s] -- Up-to-date: /home/shiozaki/ros2/install/libcreate/include
[0.651s] -- Up-to-date: /home/shiozaki/ros2/install/libcreate/include/create
[0.651s] -- Up-to-date: /home/shiozaki/ros2/install/libcreate/include/create/serial_stream.h
[0.651s] -- Up-to-date: /home/shiozaki/ros2/install/libcreate/include/create/types.h
[0.652s] -- Up-to-date: /home/shiozaki/ros2/install/libcreate/include/create/util.h
[0.652s] -- Up-to-date: /home/shiozaki/ros2/install/libcreate/include/create/data.h
[0.652s] -- Up-to-date: /home/shiozaki/ros2/install/libcreate/include/create/create.h
[0.653s] -- Up-to-date: /home/shiozaki/ros2/install/libcreate/include/create/serial.h
[0.653s] -- Up-to-date: /home/shiozaki/ros2/install/libcreate/include/create/serial_query.h
[0.653s] -- Up-to-date: /home/shiozaki/ros2/install/libcreate/include/create/packet.h
[0.654s] -- Up-to-date: /home/shiozaki/ros2/install/libcreate/lib/cmake/libcreate/libcreate-config.cmake
[0.655s] -- Up-to-date: /home/shiozaki/ros2/install/libcreate/lib/cmake/libcreate/libcreate-config-version.cmake
[0.655s] -- Up-to-date: /home/shiozaki/ros2/install/libcreate/lib/cmake/libcreate/libcreate-targets.cmake
[0.655s] -- Up-to-date: /home/shiozaki/ros2/install/libcreate/lib/cmake/libcreate/libcreate-targets-noconfig.cmake
[0.656s] -- Up-to-date: /home/shiozaki/ros2/install/libcreate/share/libcreate/package.xml
[0.664s] Invoked command in '/home/shiozaki/ros2/build/libcreate' returned '0': CMAKE_PREFIX_PATH=${CMAKE_PREFIX_PATH}:/home/shiozaki/ros2/install/examples_rclpy_topics:/home/shiozaki/ros2/install/examples_rclpy_services:/home/shiozaki/ros2/install/examples_rclpy_minimal_action_server:/opt/ros/dashing /usr/bin/cmake --build /home/shiozaki/ros2/build/libcreate --target install -- -j4 -l4
