[35m[1mScanning dependencies of target listener[0m
[ 10%] Built target talker_listener_composition
[ 20%] Built target client_sync
[ 30%] Built target talker_with_service
[ 35%] [32mBuilding CXX object CMakeFiles/listener.dir/src/listener.cpp.o[0m
[ 45%] Built target talker
[ 55%] Built target talker_with_service_param
[ 65%] Built target listener_component
[ 75%] Built target set_and_get_parameters
[ 85%] Built target talker_component
[ 95%] Built target client_async
[01m[K/home/shiozaki/ros2/src/hello_world/src/listener.cpp:[m[K In constructor ‘[01m[KListener::Listener(const string&)[m[K’:
[01m[K/home/shiozaki/ros2/src/hello_world/src/listener.cpp:38:27:[m[K [01;35m[Kwarning: [m[K‘[01m[Kstd::shared_ptr<SubscriptionT> rclcpp::Node::create_subscription(const string&, CallbackT&&, const rmw_qos_profile_t&, rclcpp::callback_group::CallbackGroup::SharedPtr, bool, typename rclcpp::message_memory_strategy::MessageMemoryStrategy<typename rclcpp::subscription_traits::has_message_type<CallbackT>::type, AllocatorT>::SharedPtr, std::shared_ptr<PublisherT>) [with MessageT = std_msgs::msg::String_<std::allocator<void> >; CallbackT = Listener::Listener(const string&)::<lambda(std_msgs::msg::String_<std::allocator<void> >::UniquePtr)>&; Alloc = std::allocator<void>; SubscriptionT = rclcpp::Subscription<std_msgs::msg::String_<std::allocator<void> > >; std::__cxx11::string = std::__cxx11::basic_string<char>; rmw_qos_profile_t = rmw_qos_profile_t; rclcpp::callback_group::CallbackGroup::SharedPtr = std::shared_ptr<rclcpp::callback_group::CallbackGroup>; typename rclcpp::message_memory_strategy::MessageMemoryStrategy<typename rclcpp::subscription_traits::has_message_type<CallbackT>::type, AllocatorT>::SharedPtr = std::shared_ptr<rclcpp::message_memory_strategy::MessageMemoryStrategy<std_msgs::msg::String_<std::allocator<void> >, std::allocator<void> > >][m[K’ is deprecated: use create_subscription(const std::string &, const rclcpp::QoS &, CallbackT, ...) instead [[01;35m[K-Wdeprecated-declarations[m[K]
       topic_name, callback[01;35m[K)[m[K;
                           [01;35m[K^[m[K
In file included from [01m[K/opt/ros/dashing/include/rclcpp/node.hpp:1206:0[m[K,
                 from [01m[K/opt/ros/dashing/include/rclcpp/executors/single_threaded_executor.hpp:28[m[K,
                 from [01m[K/opt/ros/dashing/include/rclcpp/executors.hpp:22[m[K,
                 from [01m[K/opt/ros/dashing/include/rclcpp/rclcpp.hpp:144[m[K,
                 from [01m[K/home/shiozaki/ros2/src/hello_world/src/listener.cpp:18[m[K:
[01m[K/opt/ros/dashing/include/rclcpp/node_impl.hpp:139:1:[m[K [01;36m[Knote: [m[Kdeclared here
 [01;36m[KNode[m[K::create_subscription(
 [01;36m[K^~~~[m[K
[100%] [32m[1mLinking CXX executable listener[0m
[100%] Built target listener
[ 10%] Built target listener
[ 20%] Built target client_sync
[ 30%] Built target talker_listener_composition
[ 40%] Built target talker_with_service
[ 50%] Built target talker_with_service_param
[ 60%] Built target talker
[ 70%] Built target listener_component
[ 80%] Built target set_and_get_parameters
[ 90%] Built target client_async
[100%] Built target talker_component
[36mInstall the project...[0m
-- Install configuration: ""
-- Up-to-date: /home/shiozaki/ros2/install/hello_world/lib/hello_world/talker
-- Up-to-date: /home/shiozaki/ros2/install/hello_world/lib/hello_world/talker_with_service
-- Up-to-date: /home/shiozaki/ros2/install/hello_world/lib/hello_world/talker_with_service_param
-- Installing: /home/shiozaki/ros2/install/hello_world/lib/hello_world/listener
-- Set runtime path of "/home/shiozaki/ros2/install/hello_world/lib/hello_world/listener" to ""
-- Up-to-date: /home/shiozaki/ros2/install/hello_world/lib/hello_world/client_sync
-- Up-to-date: /home/shiozaki/ros2/install/hello_world/lib/hello_world/client_async
-- Up-to-date: /home/shiozaki/ros2/install/hello_world/lib/hello_world/talker_listener_composition
-- Up-to-date: /home/shiozaki/ros2/install/hello_world/lib/hello_world/set_and_get_parameters
-- Up-to-date: /home/shiozaki/ros2/install/hello_world/share/hello_world//launch
-- Up-to-date: /home/shiozaki/ros2/install/hello_world/share/hello_world//launch/talker_listener_with_param.launch.py
-- Up-to-date: /home/shiozaki/ros2/install/hello_world/share/hello_world//launch/params.yaml
-- Up-to-date: /home/shiozaki/ros2/install/hello_world/share/hello_world//launch/talker_listener.launch.py
-- Up-to-date: /home/shiozaki/ros2/install/hello_world/share/hello_world//launch/talker_listener_with_param_file.launch.py
-- Up-to-date: /home/shiozaki/ros2/install/hello_world/share/ament_index/resource_index/package_run_dependencies/hello_world
-- Up-to-date: /home/shiozaki/ros2/install/hello_world/share/ament_index/resource_index/parent_prefix_path/hello_world
-- Up-to-date: /home/shiozaki/ros2/install/hello_world/share/hello_world/environment/ament_prefix_path.sh
-- Up-to-date: /home/shiozaki/ros2/install/hello_world/share/hello_world/environment/path.sh
-- Up-to-date: /home/shiozaki/ros2/install/hello_world/share/hello_world/local_setup.bash
-- Up-to-date: /home/shiozaki/ros2/install/hello_world/share/hello_world/local_setup.sh
-- Up-to-date: /home/shiozaki/ros2/install/hello_world/share/hello_world/local_setup.zsh
-- Up-to-date: /home/shiozaki/ros2/install/hello_world/share/ament_index/resource_index/packages/hello_world
-- Up-to-date: /home/shiozaki/ros2/install/hello_world/share/ament_index/resource_index/rclcpp_components/hello_world
-- Up-to-date: /home/shiozaki/ros2/install/hello_world/share/hello_world/cmake/hello_worldConfig.cmake
-- Up-to-date: /home/shiozaki/ros2/install/hello_world/share/hello_world/cmake/hello_worldConfig-version.cmake
-- Up-to-date: /home/shiozaki/ros2/install/hello_world/share/hello_world/package.xml
