[0.060s] Invoking command in '/home/shiozaki/ros2/build/hello_world_msgs': CMAKE_PREFIX_PATH=${CMAKE_PREFIX_PATH}:/home/shiozaki/ros2/install/examples_rclpy_topics:/home/shiozaki/ros2/install/examples_rclpy_services:/home/shiozaki/ros2/install/examples_rclpy_minimal_action_server:/opt/ros/dashing /usr/bin/cmake --build /home/shiozaki/ros2/build/hello_world_msgs -- -j4 -l4
[0.989s] [  1%] Built target hello_world_msgs__dds_opensplice_idl
[0.989s] [  2%] Built target hello_world_msgs__dds_connext_idl
[0.990s] [  3%] Built target hello_world_msgs__cpp
[0.992s] [  7%] Built target hello_world_msgs__rosidl_generator_c
[0.992s] [ 11%] Built target hello_world_msgs__rosidl_typesupport_introspection_cpp
[0.993s] [ 15%] Built target hello_world_msgs__rosidl_typesupport_cpp
[0.994s] [ 29%] Built target hello_world_msgs__rosidl_typesupport_opensplice_cpp
[0.994s] [ 33%] Built target hello_world_msgs__rosidl_typesupport_fastrtps_cpp
[0.995s] [ 37%] Built target hello_world_msgs__rosidl_typesupport_introspection_c
[0.996s] [ 49%] Built target hello_world_msgs__rosidl_typesupport_connext_cpp
[0.997s] [ 53%] Built target hello_world_msgs__rosidl_typesupport_c
[0.997s] [ 57%] Built target hello_world_msgs__rosidl_typesupport_fastrtps_c
[0.997s] [ 72%] Built target hello_world_msgs__rosidl_typesupport_opensplice_c
[0.997s] [ 85%] Built target hello_world_msgs__rosidl_typesupport_connext_c
[0.997s] [ 85%] Built target hello_world_msgs
[0.999s] [ 86%] Built target hello_world_msgs__py
[1.000s] [ 89%] Built target hello_world_msgs__python
[1.000s] [ 91%] Built target hello_world_msgs__rosidl_typesupport_introspection_c__pyext
[1.001s] [ 93%] Built target hello_world_msgs__rosidl_typesupport_connext_c__pyext
[1.004s] [ 95%] Built target hello_world_msgs__rosidl_typesupport_opensplice_c__pyext
[1.004s] [ 97%] Built target hello_world_msgs__rosidl_typesupport_c__pyext
[1.004s] [100%] Built target hello_world_msgs__rosidl_typesupport_fastrtps_c__pyext
[1.005s] Invoked command in '/home/shiozaki/ros2/build/hello_world_msgs' returned '0': CMAKE_PREFIX_PATH=${CMAKE_PREFIX_PATH}:/home/shiozaki/ros2/install/examples_rclpy_topics:/home/shiozaki/ros2/install/examples_rclpy_services:/home/shiozaki/ros2/install/examples_rclpy_minimal_action_server:/opt/ros/dashing /usr/bin/cmake --build /home/shiozaki/ros2/build/hello_world_msgs -- -j4 -l4
[1.287s] Invoking command in '/home/shiozaki/ros2/build/hello_world_msgs': CMAKE_PREFIX_PATH=${CMAKE_PREFIX_PATH}:/home/shiozaki/ros2/install/examples_rclpy_topics:/home/shiozaki/ros2/install/examples_rclpy_services:/home/shiozaki/ros2/install/examples_rclpy_minimal_action_server:/opt/ros/dashing /usr/bin/cmake --build /home/shiozaki/ros2/build/hello_world_msgs --target install -- -j4 -l4
[1.419s] [  1%] Built target hello_world_msgs__cpp
[1.495s] [  2%] Built target hello_world_msgs__dds_connext_idl
[1.526s] [  6%] Built target hello_world_msgs__rosidl_generator_c
[1.526s] [  7%] Built target hello_world_msgs__dds_opensplice_idl
[1.552s] [ 11%] Built target hello_world_msgs__rosidl_typesupport_introspection_cpp
[1.624s] [ 15%] Built target hello_world_msgs__rosidl_typesupport_cpp
[1.651s] [ 20%] Built target hello_world_msgs__rosidl_typesupport_fastrtps_cpp
[1.661s] [ 24%] Built target hello_world_msgs__rosidl_typesupport_introspection_c
[1.679s] [ 35%] Built target hello_world_msgs__rosidl_typesupport_connext_cpp
[1.709s] [ 40%] Built target hello_world_msgs__rosidl_typesupport_c
[1.728s] [ 44%] Built target hello_world_msgs__rosidl_typesupport_fastrtps_c
[1.760s] [ 57%] Built target hello_world_msgs__rosidl_typesupport_opensplice_cpp
[1.805s] [ 70%] Built target hello_world_msgs__rosidl_typesupport_connext_c
[1.869s] [ 85%] Built target hello_world_msgs__rosidl_typesupport_opensplice_c
[1.898s] [ 85%] Built target hello_world_msgs
[1.929s] [ 86%] Built target hello_world_msgs__py
[1.965s] [ 89%] Built target hello_world_msgs__python
[2.022s] [ 93%] Built target hello_world_msgs__rosidl_typesupport_introspection_c__pyext
[2.022s] [ 93%] Built target hello_world_msgs__rosidl_typesupport_opensplice_c__pyext
[2.039s] [ 97%] Built target hello_world_msgs__rosidl_typesupport_c__pyext
[2.039s] [ 97%] Built target hello_world_msgs__rosidl_typesupport_connext_c__pyext
[2.080s] [100%] Built target hello_world_msgs__rosidl_typesupport_fastrtps_c__pyext
[2.122s] [36mInstall the project...[0m
[2.141s] -- Install configuration: ""
[2.141s] -- Up-to-date: /home/shiozaki/ros2/install/hello_world_msgs/share/ament_index/resource_index/rosidl_interfaces/hello_world_msgs
[2.142s] -- Up-to-date: /home/shiozaki/ros2/install/hello_world_msgs/include/hello_world_msgs
[2.142s] -- Up-to-date: /home/shiozaki/ros2/install/hello_world_msgs/include/hello_world_msgs/action
[2.142s] -- Up-to-date: /home/shiozaki/ros2/install/hello_world_msgs/include/hello_world_msgs/action/fibonacci__traits.hpp
[2.142s] -- Up-to-date: /home/shiozaki/ros2/install/hello_world_msgs/include/hello_world_msgs/action/fibonacci.hpp
[2.143s] -- Up-to-date: /home/shiozaki/ros2/install/hello_world_msgs/include/hello_world_msgs/action/fibonacci__struct.hpp
[2.143s] -- Up-to-date: /home/shiozaki/ros2/install/hello_world_msgs/include/hello_world_msgs/srv
[2.143s] -- Up-to-date: /home/shiozaki/ros2/install/hello_world_msgs/include/hello_world_msgs/srv/set_message__struct.hpp
[2.143s] -- Up-to-date: /home/shiozaki/ros2/install/hello_world_msgs/include/hello_world_msgs/srv/set_message__traits.hpp
[2.143s] -- Up-to-date: /home/shiozaki/ros2/install/hello_world_msgs/include/hello_world_msgs/srv/set_message.hpp
[2.143s] -- Up-to-date: /home/shiozaki/ros2/install/hello_world_msgs/include/hello_world_msgs
[2.144s] -- Up-to-date: /home/shiozaki/ros2/install/hello_world_msgs/include/hello_world_msgs/action
[2.144s] -- Up-to-date: /home/shiozaki/ros2/install/hello_world_msgs/include/hello_world_msgs/action/fibonacci__struct.h
[2.144s] -- Up-to-date: /home/shiozaki/ros2/install/hello_world_msgs/include/hello_world_msgs/action/fibonacci__functions.c
[2.144s] -- Up-to-date: /home/shiozaki/ros2/install/hello_world_msgs/include/hello_world_msgs/action/fibonacci.h
[2.144s] -- Up-to-date: /home/shiozaki/ros2/install/hello_world_msgs/include/hello_world_msgs/action/fibonacci__functions.h
[2.145s] -- Up-to-date: /home/shiozaki/ros2/install/hello_world_msgs/include/hello_world_msgs/action/fibonacci__type_support.h
[2.145s] -- Up-to-date: /home/shiozaki/ros2/install/hello_world_msgs/include/hello_world_msgs/srv
[2.145s] -- Up-to-date: /home/shiozaki/ros2/install/hello_world_msgs/include/hello_world_msgs/srv/set_message__type_support.h
[2.145s] -- Up-to-date: /home/shiozaki/ros2/install/hello_world_msgs/include/hello_world_msgs/srv/set_message__functions.h
[2.145s] -- Up-to-date: /home/shiozaki/ros2/install/hello_world_msgs/include/hello_world_msgs/srv/set_message__struct.h
[2.145s] -- Up-to-date: /home/shiozaki/ros2/install/hello_world_msgs/include/hello_world_msgs/srv/set_message__functions.c
[2.145s] -- Up-to-date: /home/shiozaki/ros2/install/hello_world_msgs/include/hello_world_msgs/srv/set_message.h
[2.146s] -- Up-to-date: /home/shiozaki/ros2/install/hello_world_msgs/include/hello_world_msgs/msg
[2.146s] -- Up-to-date: /home/shiozaki/ros2/install/hello_world_msgs/include/hello_world_msgs/msg/rosidl_generator_c__visibility_control.h
[2.146s] -- Up-to-date: /home/shiozaki/ros2/install/hello_world_msgs/share/hello_world_msgs/environment/library_path.sh
[2.146s] -- Up-to-date: /home/shiozaki/ros2/install/hello_world_msgs/lib/libhello_world_msgs__rosidl_generator_c.so
[2.147s] -- Up-to-date: /home/shiozaki/ros2/install/hello_world_msgs/lib/libhello_world_msgs__rosidl_typesupport_c.so
[2.147s] -- Up-to-date: /home/shiozaki/ros2/install/hello_world_msgs/lib/libhello_world_msgs__rosidl_typesupport_cpp.so
[2.147s] -- Up-to-date: /home/shiozaki/ros2/install/hello_world_msgs/include/hello_world_msgs
[2.147s] -- Up-to-date: /home/shiozaki/ros2/install/hello_world_msgs/include/hello_world_msgs/action
[2.147s] -- Up-to-date: /home/shiozaki/ros2/install/hello_world_msgs/include/hello_world_msgs/action/fibonacci__rosidl_typesupport_introspection_c.h
[2.148s] -- Up-to-date: /home/shiozaki/ros2/install/hello_world_msgs/include/hello_world_msgs/action/fibonacci__type_support.c
[2.148s] -- Up-to-date: /home/shiozaki/ros2/install/hello_world_msgs/include/hello_world_msgs/srv
[2.148s] -- Up-to-date: /home/shiozaki/ros2/install/hello_world_msgs/include/hello_world_msgs/srv/set_message__type_support.c
[2.148s] -- Up-to-date: /home/shiozaki/ros2/install/hello_world_msgs/include/hello_world_msgs/srv/set_message__rosidl_typesupport_introspection_c.h
[2.149s] -- Up-to-date: /home/shiozaki/ros2/install/hello_world_msgs/include/hello_world_msgs/msg
[2.149s] -- Up-to-date: /home/shiozaki/ros2/install/hello_world_msgs/include/hello_world_msgs/msg/rosidl_typesupport_introspection_c__visibility_control.h
[2.149s] -- Up-to-date: /home/shiozaki/ros2/install/hello_world_msgs/lib/libhello_world_msgs__rosidl_typesupport_introspection_c.so
[2.149s] -- Up-to-date: /home/shiozaki/ros2/install/hello_world_msgs/include/hello_world_msgs
[2.150s] -- Up-to-date: /home/shiozaki/ros2/install/hello_world_msgs/include/hello_world_msgs/action
[2.150s] -- Up-to-date: /home/shiozaki/ros2/install/hello_world_msgs/include/hello_world_msgs/action/fibonacci__rosidl_typesupport_introspection_cpp.hpp
[2.150s] -- Up-to-date: /home/shiozaki/ros2/install/hello_world_msgs/include/hello_world_msgs/action/fibonacci__type_support.cpp
[2.150s] -- Up-to-date: /home/shiozaki/ros2/install/hello_world_msgs/include/hello_world_msgs/srv
[2.150s] -- Up-to-date: /home/shiozaki/ros2/install/hello_world_msgs/include/hello_world_msgs/srv/set_message__rosidl_typesupport_introspection_cpp.hpp
[2.151s] -- Up-to-date: /home/shiozaki/ros2/install/hello_world_msgs/include/hello_world_msgs/srv/set_message__type_support.cpp
[2.151s] -- Up-to-date: /home/shiozaki/ros2/install/hello_world_msgs/lib/libhello_world_msgs__rosidl_typesupport_introspection_cpp.so
[2.151s] -- Up-to-date: /home/shiozaki/ros2/install/hello_world_msgs/include/hello_world_msgs
[2.152s] -- Up-to-date: /home/shiozaki/ros2/install/hello_world_msgs/include/hello_world_msgs/action
[2.152s] -- Up-to-date: /home/shiozaki/ros2/install/hello_world_msgs/include/hello_world_msgs/action/dds_connext
[2.152s] -- Up-to-date: /home/shiozaki/ros2/install/hello_world_msgs/include/hello_world_msgs/action/fibonacci__rosidl_typesupport_connext_c.h
[2.152s] -- Up-to-date: /home/shiozaki/ros2/install/hello_world_msgs/include/hello_world_msgs/srv
[2.153s] -- Up-to-date: /home/shiozaki/ros2/install/hello_world_msgs/include/hello_world_msgs/srv/set_message__rosidl_typesupport_connext_c.h
[2.153s] -- Up-to-date: /home/shiozaki/ros2/install/hello_world_msgs/include/hello_world_msgs/srv/dds_connext
[2.153s] -- Up-to-date: /home/shiozaki/ros2/install/hello_world_msgs/include/hello_world_msgs/msg
[2.153s] -- Up-to-date: /home/shiozaki/ros2/install/hello_world_msgs/include/hello_world_msgs/msg/rosidl_typesupport_connext_c__visibility_control.h
[2.153s] -- Up-to-date: /home/shiozaki/ros2/install/hello_world_msgs/lib/libhello_world_msgs__rosidl_typesupport_connext_c.so
[2.154s] -- Up-to-date: /home/shiozaki/ros2/install/hello_world_msgs/share/hello_world_msgs/srv/dds_connext
[2.154s] -- Up-to-date: /home/shiozaki/ros2/install/hello_world_msgs/share/hello_world_msgs/srv/dds_connext/SetMessage_.idl
[2.154s] -- Up-to-date: /home/shiozaki/ros2/install/hello_world_msgs/share/hello_world_msgs/action/dds_connext
[2.154s] -- Up-to-date: /home/shiozaki/ros2/install/hello_world_msgs/share/hello_world_msgs/action/dds_connext/Fibonacci_.idl
[2.154s] -- Up-to-date: /home/shiozaki/ros2/install/hello_world_msgs/include/hello_world_msgs
[2.155s] -- Up-to-date: /home/shiozaki/ros2/install/hello_world_msgs/include/hello_world_msgs/action
[2.155s] -- Up-to-date: /home/shiozaki/ros2/install/hello_world_msgs/include/hello_world_msgs/action/dds_connext
[2.155s] -- Up-to-date: /home/shiozaki/ros2/install/hello_world_msgs/include/hello_world_msgs/action/dds_connext/Fibonacci_Support.cxx
[2.155s] -- Up-to-date: /home/shiozaki/ros2/install/hello_world_msgs/include/hello_world_msgs/action/dds_connext/Fibonacci_Plugin.h
[2.155s] -- Up-to-date: /home/shiozaki/ros2/install/hello_world_msgs/include/hello_world_msgs/action/dds_connext/Fibonacci_.h
[2.155s] -- Up-to-date: /home/shiozaki/ros2/install/hello_world_msgs/include/hello_world_msgs/action/dds_connext/Fibonacci_.cxx
[2.156s] -- Up-to-date: /home/shiozaki/ros2/install/hello_world_msgs/include/hello_world_msgs/action/dds_connext/Fibonacci_Support.h
[2.156s] -- Up-to-date: /home/shiozaki/ros2/install/hello_world_msgs/include/hello_world_msgs/action/dds_connext/Fibonacci_Plugin.cxx
[2.156s] -- Up-to-date: /home/shiozaki/ros2/install/hello_world_msgs/include/hello_world_msgs/action/fibonacci__rosidl_typesupport_connext_cpp.hpp
[2.156s] -- Up-to-date: /home/shiozaki/ros2/install/hello_world_msgs/include/hello_world_msgs/srv
[2.156s] -- Up-to-date: /home/shiozaki/ros2/install/hello_world_msgs/include/hello_world_msgs/srv/dds_connext
[2.157s] -- Up-to-date: /home/shiozaki/ros2/install/hello_world_msgs/include/hello_world_msgs/srv/dds_connext/SetMessage_.cxx
[2.157s] -- Up-to-date: /home/shiozaki/ros2/install/hello_world_msgs/include/hello_world_msgs/srv/dds_connext/SetMessage_Support.h
[2.157s] -- Up-to-date: /home/shiozaki/ros2/install/hello_world_msgs/include/hello_world_msgs/srv/dds_connext/SetMessage_Plugin.cxx
[2.157s] -- Up-to-date: /home/shiozaki/ros2/install/hello_world_msgs/include/hello_world_msgs/srv/dds_connext/SetMessage_Support.cxx
[2.157s] -- Up-to-date: /home/shiozaki/ros2/install/hello_world_msgs/include/hello_world_msgs/srv/dds_connext/SetMessage_Plugin.h
[2.158s] -- Up-to-date: /home/shiozaki/ros2/install/hello_world_msgs/include/hello_world_msgs/srv/dds_connext/SetMessage_.h
[2.158s] -- Up-to-date: /home/shiozaki/ros2/install/hello_world_msgs/include/hello_world_msgs/srv/set_message__rosidl_typesupport_connext_cpp.hpp
[2.158s] -- Up-to-date: /home/shiozaki/ros2/install/hello_world_msgs/include/hello_world_msgs/msg
[2.159s] -- Up-to-date: /home/shiozaki/ros2/install/hello_world_msgs/include/hello_world_msgs/msg/rosidl_typesupport_connext_cpp__visibility_control.h
[2.159s] -- Up-to-date: /home/shiozaki/ros2/install/hello_world_msgs/lib/libhello_world_msgs__rosidl_typesupport_connext_cpp.so
[2.159s] -- Up-to-date: /home/shiozaki/ros2/install/hello_world_msgs/include/hello_world_msgs
[2.159s] -- Up-to-date: /home/shiozaki/ros2/install/hello_world_msgs/include/hello_world_msgs/action
[2.159s] -- Up-to-date: /home/shiozaki/ros2/install/hello_world_msgs/include/hello_world_msgs/action/fibonacci__rosidl_typesupport_fastrtps_c.h
[2.159s] -- Up-to-date: /home/shiozaki/ros2/install/hello_world_msgs/include/hello_world_msgs/srv
[2.159s] -- Up-to-date: /home/shiozaki/ros2/install/hello_world_msgs/include/hello_world_msgs/srv/set_message__rosidl_typesupport_fastrtps_c.h
[2.160s] -- Up-to-date: /home/shiozaki/ros2/install/hello_world_msgs/include/hello_world_msgs/msg
[2.160s] -- Up-to-date: /home/shiozaki/ros2/install/hello_world_msgs/include/hello_world_msgs/msg/rosidl_typesupport_fastrtps_c__visibility_control.h
[2.160s] -- Up-to-date: /home/shiozaki/ros2/install/hello_world_msgs/lib/libhello_world_msgs__rosidl_typesupport_fastrtps_c.so
[2.160s] -- Up-to-date: /home/shiozaki/ros2/install/hello_world_msgs/include/hello_world_msgs
[2.160s] -- Up-to-date: /home/shiozaki/ros2/install/hello_world_msgs/include/hello_world_msgs/action
[2.160s] -- Up-to-date: /home/shiozaki/ros2/install/hello_world_msgs/include/hello_world_msgs/action/dds_fastrtps
[2.160s] -- Up-to-date: /home/shiozaki/ros2/install/hello_world_msgs/include/hello_world_msgs/action/fibonacci__rosidl_typesupport_fastrtps_cpp.hpp
[2.160s] -- Up-to-date: /home/shiozaki/ros2/install/hello_world_msgs/include/hello_world_msgs/srv
[2.161s] -- Up-to-date: /home/shiozaki/ros2/install/hello_world_msgs/include/hello_world_msgs/srv/set_message__rosidl_typesupport_fastrtps_cpp.hpp
[2.161s] -- Up-to-date: /home/shiozaki/ros2/install/hello_world_msgs/include/hello_world_msgs/srv/dds_fastrtps
[2.161s] -- Up-to-date: /home/shiozaki/ros2/install/hello_world_msgs/include/hello_world_msgs/msg
[2.161s] -- Up-to-date: /home/shiozaki/ros2/install/hello_world_msgs/include/hello_world_msgs/msg/rosidl_typesupport_fastrtps_cpp__visibility_control.h
[2.161s] -- Up-to-date: /home/shiozaki/ros2/install/hello_world_msgs/lib/libhello_world_msgs__rosidl_typesupport_fastrtps_cpp.so
[2.161s] -- Up-to-date: /home/shiozaki/ros2/install/hello_world_msgs/include/hello_world_msgs
[2.161s] -- Up-to-date: /home/shiozaki/ros2/install/hello_world_msgs/include/hello_world_msgs/action
[2.162s] -- Up-to-date: /home/shiozaki/ros2/install/hello_world_msgs/include/hello_world_msgs/action/dds_opensplice_c
[2.162s] -- Up-to-date: /home/shiozaki/ros2/install/hello_world_msgs/include/hello_world_msgs/action/fibonacci__rosidl_typesupport_opensplice_c.h
[2.162s] -- Up-to-date: /home/shiozaki/ros2/install/hello_world_msgs/include/hello_world_msgs/srv
[2.162s] -- Up-to-date: /home/shiozaki/ros2/install/hello_world_msgs/include/hello_world_msgs/srv/dds_opensplice_c
[2.162s] -- Up-to-date: /home/shiozaki/ros2/install/hello_world_msgs/include/hello_world_msgs/srv/set_message__rosidl_typesupport_opensplice_c.h
[2.162s] -- Up-to-date: /home/shiozaki/ros2/install/hello_world_msgs/include/hello_world_msgs/msg
[2.162s] -- Up-to-date: /home/shiozaki/ros2/install/hello_world_msgs/include/hello_world_msgs/msg/rosidl_typesupport_opensplice_c__visibility_control.h
[2.163s] -- Up-to-date: /home/shiozaki/ros2/install/hello_world_msgs/lib/libhello_world_msgs__rosidl_typesupport_opensplice_c.so
[2.163s] -- Up-to-date: /home/shiozaki/ros2/install/hello_world_msgs/share/hello_world_msgs/srv/dds_opensplice
[2.163s] -- Up-to-date: /home/shiozaki/ros2/install/hello_world_msgs/share/hello_world_msgs/srv/dds_opensplice/SetMessage_.idl
[2.163s] -- Up-to-date: /home/shiozaki/ros2/install/hello_world_msgs/share/hello_world_msgs/action/dds_opensplice
[2.163s] -- Up-to-date: /home/shiozaki/ros2/install/hello_world_msgs/share/hello_world_msgs/action/dds_opensplice/Fibonacci_.idl
[2.163s] -- Up-to-date: /home/shiozaki/ros2/install/hello_world_msgs/include/hello_world_msgs
[2.164s] -- Up-to-date: /home/shiozaki/ros2/install/hello_world_msgs/include/hello_world_msgs/action
[2.164s] -- Up-to-date: /home/shiozaki/ros2/install/hello_world_msgs/include/hello_world_msgs/action/fibonacci__rosidl_typesupport_opensplice_cpp.hpp
[2.164s] -- Up-to-date: /home/shiozaki/ros2/install/hello_world_msgs/include/hello_world_msgs/action/dds_opensplice
[2.164s] -- Up-to-date: /home/shiozaki/ros2/install/hello_world_msgs/include/hello_world_msgs/action/dds_opensplice/ccpp_Fibonacci_.h
[2.164s] -- Up-to-date: /home/shiozaki/ros2/install/hello_world_msgs/include/hello_world_msgs/action/dds_opensplice/Fibonacci_SplDcps.h
[2.164s] -- Up-to-date: /home/shiozaki/ros2/install/hello_world_msgs/include/hello_world_msgs/action/dds_opensplice/Fibonacci_.h
[2.164s] -- Up-to-date: /home/shiozaki/ros2/install/hello_world_msgs/include/hello_world_msgs/action/dds_opensplice/Fibonacci_Dcps_impl.h
[2.165s] -- Up-to-date: /home/shiozaki/ros2/install/hello_world_msgs/include/hello_world_msgs/action/dds_opensplice/Fibonacci_Dcps.h
[2.165s] -- Up-to-date: /home/shiozaki/ros2/install/hello_world_msgs/include/hello_world_msgs/srv
[2.165s] -- Up-to-date: /home/shiozaki/ros2/install/hello_world_msgs/include/hello_world_msgs/srv/set_message__rosidl_typesupport_opensplice_cpp.hpp
[2.165s] -- Up-to-date: /home/shiozaki/ros2/install/hello_world_msgs/include/hello_world_msgs/srv/dds_opensplice
[2.165s] -- Up-to-date: /home/shiozaki/ros2/install/hello_world_msgs/include/hello_world_msgs/srv/dds_opensplice/SetMessage_Dcps.h
[2.165s] -- Up-to-date: /home/shiozaki/ros2/install/hello_world_msgs/include/hello_world_msgs/srv/dds_opensplice/ccpp_SetMessage_.h
[2.166s] -- Up-to-date: /home/shiozaki/ros2/install/hello_world_msgs/include/hello_world_msgs/srv/dds_opensplice/SetMessage_Dcps_impl.h
[2.166s] -- Up-to-date: /home/shiozaki/ros2/install/hello_world_msgs/include/hello_world_msgs/srv/dds_opensplice/SetMessage_.h
[2.166s] -- Up-to-date: /home/shiozaki/ros2/install/hello_world_msgs/include/hello_world_msgs/srv/dds_opensplice/SetMessage_SplDcps.h
[2.166s] -- Up-to-date: /home/shiozaki/ros2/install/hello_world_msgs/include/hello_world_msgs/msg
[2.166s] -- Up-to-date: /home/shiozaki/ros2/install/hello_world_msgs/include/hello_world_msgs/msg/rosidl_typesupport_opensplice_cpp__visibility_control.h
[2.167s] -- Up-to-date: /home/shiozaki/ros2/install/hello_world_msgs/lib/libhello_world_msgs__rosidl_typesupport_opensplice_cpp.so
[2.167s] -- Up-to-date: /home/shiozaki/ros2/install/hello_world_msgs/share/hello_world_msgs/environment/pythonpath.sh
[2.167s] -- Up-to-date: /home/shiozaki/ros2/install/hello_world_msgs/lib/python3.6/site-packages/hello_world_msgs/__init__.py
[2.219s] -- Up-to-date: /home/shiozaki/ros2/install/hello_world_msgs/lib/python3.6/site-packages/hello_world_msgs/srv
[2.219s] -- Up-to-date: /home/shiozaki/ros2/install/hello_world_msgs/lib/python3.6/site-packages/hello_world_msgs/srv/_set_message_s.c
[2.219s] -- Up-to-date: /home/shiozaki/ros2/install/hello_world_msgs/lib/python3.6/site-packages/hello_world_msgs/srv/_set_message.py
[2.220s] -- Up-to-date: /home/shiozaki/ros2/install/hello_world_msgs/lib/python3.6/site-packages/hello_world_msgs/srv/__init__.py
[2.220s] -- Up-to-date: /home/shiozaki/ros2/install/hello_world_msgs/lib/python3.6/site-packages/hello_world_msgs/action
[2.220s] -- Up-to-date: /home/shiozaki/ros2/install/hello_world_msgs/lib/python3.6/site-packages/hello_world_msgs/action/_fibonacci.py
[2.220s] -- Up-to-date: /home/shiozaki/ros2/install/hello_world_msgs/lib/python3.6/site-packages/hello_world_msgs/action/__init__.py
[2.221s] -- Up-to-date: /home/shiozaki/ros2/install/hello_world_msgs/lib/python3.6/site-packages/hello_world_msgs/action/_fibonacci_s.c
[2.221s] -- Up-to-date: /home/shiozaki/ros2/install/hello_world_msgs/lib/python3.6/site-packages/hello_world_msgs/hello_world_msgs_s__rosidl_typesupport_c.cpython-36m-x86_64-linux-gnu.so
[2.221s] -- Up-to-date: /home/shiozaki/ros2/install/hello_world_msgs/lib/python3.6/site-packages/hello_world_msgs/hello_world_msgs_s__rosidl_typesupport_connext_c.cpython-36m-x86_64-linux-gnu.so
[2.222s] -- Up-to-date: /home/shiozaki/ros2/install/hello_world_msgs/lib/python3.6/site-packages/hello_world_msgs/hello_world_msgs_s__rosidl_typesupport_introspection_c.cpython-36m-x86_64-linux-gnu.so
[2.222s] -- Up-to-date: /home/shiozaki/ros2/install/hello_world_msgs/lib/python3.6/site-packages/hello_world_msgs/hello_world_msgs_s__rosidl_typesupport_fastrtps_c.cpython-36m-x86_64-linux-gnu.so
[2.224s] -- Up-to-date: /home/shiozaki/ros2/install/hello_world_msgs/lib/python3.6/site-packages/hello_world_msgs/hello_world_msgs_s__rosidl_typesupport_opensplice_c.cpython-36m-x86_64-linux-gnu.so
[2.225s] -- Up-to-date: /home/shiozaki/ros2/install/hello_world_msgs/lib/libhello_world_msgs__python.so
[2.225s] -- Up-to-date: /home/shiozaki/ros2/install/hello_world_msgs/share/hello_world_msgs/srv/SetMessage.idl
[2.225s] -- Up-to-date: /home/shiozaki/ros2/install/hello_world_msgs/share/hello_world_msgs/action/Fibonacci.idl
[2.225s] -- Up-to-date: /home/shiozaki/ros2/install/hello_world_msgs/share/hello_world_msgs/srv/SetMessage.srv
[2.225s] -- Up-to-date: /home/shiozaki/ros2/install/hello_world_msgs/share/hello_world_msgs/srv/SetMessage_Request.msg
[2.226s] -- Up-to-date: /home/shiozaki/ros2/install/hello_world_msgs/share/hello_world_msgs/srv/SetMessage_Response.msg
[2.226s] -- Up-to-date: /home/shiozaki/ros2/install/hello_world_msgs/share/hello_world_msgs/action/Fibonacci.action
[2.228s] -- Up-to-date: /home/shiozaki/ros2/install/hello_world_msgs/share/ament_index/resource_index/package_run_dependencies/hello_world_msgs
[2.228s] -- Up-to-date: /home/shiozaki/ros2/install/hello_world_msgs/share/ament_index/resource_index/parent_prefix_path/hello_world_msgs
[2.229s] -- Up-to-date: /home/shiozaki/ros2/install/hello_world_msgs/share/hello_world_msgs/environment/ament_prefix_path.sh
[2.229s] -- Up-to-date: /home/shiozaki/ros2/install/hello_world_msgs/share/hello_world_msgs/environment/path.sh
[2.229s] -- Up-to-date: /home/shiozaki/ros2/install/hello_world_msgs/share/hello_world_msgs/local_setup.bash
[2.229s] -- Up-to-date: /home/shiozaki/ros2/install/hello_world_msgs/share/hello_world_msgs/local_setup.sh
[2.230s] -- Up-to-date: /home/shiozaki/ros2/install/hello_world_msgs/share/hello_world_msgs/local_setup.zsh
[2.230s] -- Up-to-date: /home/shiozaki/ros2/install/hello_world_msgs/share/ament_index/resource_index/packages/hello_world_msgs
[2.230s] -- Up-to-date: /home/shiozaki/ros2/install/hello_world_msgs/share/hello_world_msgs/cmake/rosidl_cmake-extras.cmake
[2.230s] -- Up-to-date: /home/shiozaki/ros2/install/hello_world_msgs/share/hello_world_msgs/cmake/ament_cmake_export_dependencies-extras.cmake
[2.230s] -- Up-to-date: /home/shiozaki/ros2/install/hello_world_msgs/share/hello_world_msgs/cmake/ament_cmake_export_include_directories-extras.cmake
[2.231s] -- Up-to-date: /home/shiozaki/ros2/install/hello_world_msgs/share/hello_world_msgs/cmake/ament_cmake_export_libraries-extras.cmake
[2.232s] -- Up-to-date: /home/shiozaki/ros2/install/hello_world_msgs/share/hello_world_msgs/cmake/rosidl_cmake_export_typesupport_libraries-extras.cmake
[2.233s] -- Up-to-date: /home/shiozaki/ros2/install/hello_world_msgs/share/hello_world_msgs/cmake/hello_world_msgsConfig.cmake
[2.233s] -- Up-to-date: /home/shiozaki/ros2/install/hello_world_msgs/share/hello_world_msgs/cmake/hello_world_msgsConfig-version.cmake
[2.233s] -- Up-to-date: /home/shiozaki/ros2/install/hello_world_msgs/share/hello_world_msgs/package.xml
[2.245s] Invoked command in '/home/shiozaki/ros2/build/hello_world_msgs' returned '0': CMAKE_PREFIX_PATH=${CMAKE_PREFIX_PATH}:/home/shiozaki/ros2/install/examples_rclpy_topics:/home/shiozaki/ros2/install/examples_rclpy_services:/home/shiozaki/ros2/install/examples_rclpy_minimal_action_server:/opt/ros/dashing /usr/bin/cmake --build /home/shiozaki/ros2/build/hello_world_msgs --target install -- -j4 -l4
