[0.057s] Invoking command in '/home/shiozaki/ros2/build/hello_world_msgs': CMAKE_PREFIX_PATH=${CMAKE_PREFIX_PATH}:/home/shiozaki/ros2/install/examples_rclpy_topics:/home/shiozaki/ros2/install/examples_rclpy_services:/home/shiozaki/ros2/install/examples_rclpy_minimal_action_server:/opt/ros/dashing /usr/bin/cmake --build /home/shiozaki/ros2/build/hello_world_msgs -- -j4 -l4
[0.990s] [  2%] Built target hello_world_msgs__dds_connext_idl
[0.991s] [  2%] Built target hello_world_msgs__dds_opensplice_idl
[0.991s] [  3%] Built target hello_world_msgs__cpp
[0.992s] [  7%] Built target hello_world_msgs__rosidl_generator_c
[0.992s] [ 11%] Built target hello_world_msgs__rosidl_typesupport_introspection_cpp
[0.993s] [ 15%] Built target hello_world_msgs__rosidl_typesupport_cpp
[0.993s] [ 29%] Built target hello_world_msgs__rosidl_typesupport_opensplice_cpp
[0.993s] [ 33%] Built target hello_world_msgs__rosidl_typesupport_introspection_c
[0.994s] [ 37%] Built target hello_world_msgs__rosidl_typesupport_fastrtps_cpp
[0.995s] [ 49%] Built target hello_world_msgs__rosidl_typesupport_connext_cpp
[0.995s] [ 53%] Built target hello_world_msgs__rosidl_typesupport_c
[0.998s] [ 57%] Built target hello_world_msgs__rosidl_typesupport_fastrtps_c
[1.001s] [ 72%] Built target hello_world_msgs__rosidl_typesupport_opensplice_c
[1.001s] [ 85%] Built target hello_world_msgs__rosidl_typesupport_connext_c
[1.001s] [ 85%] Built target hello_world_msgs
[1.002s] [ 86%] Built target hello_world_msgs__py
[1.003s] [ 89%] Built target hello_world_msgs__python
[1.004s] [ 91%] Built target hello_world_msgs__rosidl_typesupport_opensplice_c__pyext
[1.005s] [ 93%] Built target hello_world_msgs__rosidl_typesupport_introspection_c__pyext
[1.005s] [ 97%] Built target hello_world_msgs__rosidl_typesupport_c__pyext
[1.007s] [ 97%] Built target hello_world_msgs__rosidl_typesupport_connext_c__pyext
[1.008s] [100%] Built target hello_world_msgs__rosidl_typesupport_fastrtps_c__pyext
[1.008s] Invoked command in '/home/shiozaki/ros2/build/hello_world_msgs' returned '0': CMAKE_PREFIX_PATH=${CMAKE_PREFIX_PATH}:/home/shiozaki/ros2/install/examples_rclpy_topics:/home/shiozaki/ros2/install/examples_rclpy_services:/home/shiozaki/ros2/install/examples_rclpy_minimal_action_server:/opt/ros/dashing /usr/bin/cmake --build /home/shiozaki/ros2/build/hello_world_msgs -- -j4 -l4
[1.274s] Invoking command in '/home/shiozaki/ros2/build/hello_world_msgs': CMAKE_PREFIX_PATH=${CMAKE_PREFIX_PATH}:/home/shiozaki/ros2/install/examples_rclpy_topics:/home/shiozaki/ros2/install/examples_rclpy_services:/home/shiozaki/ros2/install/examples_rclpy_minimal_action_server:/opt/ros/dashing /usr/bin/cmake --build /home/shiozaki/ros2/build/hello_world_msgs --target install -- -j4 -l4
[1.428s] [  1%] Built target hello_world_msgs__dds_connext_idl
[1.460s] [  2%] Built target hello_world_msgs__cpp
[1.463s] [  3%] Built target hello_world_msgs__dds_opensplice_idl
[1.483s] [  7%] Built target hello_world_msgs__rosidl_generator_c
[1.595s] [ 11%] Built target hello_world_msgs__rosidl_typesupport_introspection_cpp
[1.616s] [ 15%] Built target hello_world_msgs__rosidl_typesupport_cpp
[1.634s] [ 20%] Built target hello_world_msgs__rosidl_typesupport_fastrtps_cpp
[1.641s] [ 31%] Built target hello_world_msgs__rosidl_typesupport_connext_cpp
[1.669s] [ 35%] Built target hello_world_msgs__rosidl_typesupport_introspection_c
[1.686s] [ 40%] Built target hello_world_msgs__rosidl_typesupport_c
[1.715s] [ 44%] Built target hello_world_msgs__rosidl_typesupport_fastrtps_c
[1.756s] [ 57%] Built target hello_world_msgs__rosidl_typesupport_opensplice_cpp
[1.780s] [ 70%] Built target hello_world_msgs__rosidl_typesupport_connext_c
[1.854s] [ 85%] Built target hello_world_msgs__rosidl_typesupport_opensplice_c
[1.889s] [ 85%] Built target hello_world_msgs
[1.921s] [ 86%] Built target hello_world_msgs__py
[1.962s] [ 89%] Built target hello_world_msgs__python
[2.013s] [ 91%] Built target hello_world_msgs__rosidl_typesupport_introspection_c__pyext
[2.024s] [ 93%] Built target hello_world_msgs__rosidl_typesupport_opensplice_c__pyext
[2.030s] [ 95%] Built target hello_world_msgs__rosidl_typesupport_c__pyext
[2.036s] [ 97%] Built target hello_world_msgs__rosidl_typesupport_connext_c__pyext
[2.074s] [100%] Built target hello_world_msgs__rosidl_typesupport_fastrtps_c__pyext
[2.118s] [36mInstall the project...[0m
[2.135s] -- Install configuration: ""
[2.136s] -- Up-to-date: /home/shiozaki/ros2/install/hello_world_msgs/share/ament_index/resource_index/rosidl_interfaces/hello_world_msgs
[2.136s] -- Up-to-date: /home/shiozaki/ros2/install/hello_world_msgs/include/hello_world_msgs
[2.136s] -- Up-to-date: /home/shiozaki/ros2/install/hello_world_msgs/include/hello_world_msgs/action
[2.136s] -- Up-to-date: /home/shiozaki/ros2/install/hello_world_msgs/include/hello_world_msgs/action/fibonacci__traits.hpp
[2.136s] -- Up-to-date: /home/shiozaki/ros2/install/hello_world_msgs/include/hello_world_msgs/action/fibonacci.hpp
[2.136s] -- Up-to-date: /home/shiozaki/ros2/install/hello_world_msgs/include/hello_world_msgs/action/fibonacci__struct.hpp
[2.137s] -- Up-to-date: /home/shiozaki/ros2/install/hello_world_msgs/include/hello_world_msgs/srv
[2.137s] -- Up-to-date: /home/shiozaki/ros2/install/hello_world_msgs/include/hello_world_msgs/srv/set_message__struct.hpp
[2.137s] -- Up-to-date: /home/shiozaki/ros2/install/hello_world_msgs/include/hello_world_msgs/srv/set_message__traits.hpp
[2.137s] -- Up-to-date: /home/shiozaki/ros2/install/hello_world_msgs/include/hello_world_msgs/srv/set_message.hpp
[2.137s] -- Up-to-date: /home/shiozaki/ros2/install/hello_world_msgs/include/hello_world_msgs
[2.137s] -- Up-to-date: /home/shiozaki/ros2/install/hello_world_msgs/include/hello_world_msgs/action
[2.138s] -- Up-to-date: /home/shiozaki/ros2/install/hello_world_msgs/include/hello_world_msgs/action/fibonacci__struct.h
[2.138s] -- Up-to-date: /home/shiozaki/ros2/install/hello_world_msgs/include/hello_world_msgs/action/fibonacci__functions.c
[2.138s] -- Up-to-date: /home/shiozaki/ros2/install/hello_world_msgs/include/hello_world_msgs/action/fibonacci.h
[2.138s] -- Up-to-date: /home/shiozaki/ros2/install/hello_world_msgs/include/hello_world_msgs/action/fibonacci__functions.h
[2.138s] -- Up-to-date: /home/shiozaki/ros2/install/hello_world_msgs/include/hello_world_msgs/action/fibonacci__type_support.h
[2.138s] -- Up-to-date: /home/shiozaki/ros2/install/hello_world_msgs/include/hello_world_msgs/srv
[2.138s] -- Up-to-date: /home/shiozaki/ros2/install/hello_world_msgs/include/hello_world_msgs/srv/set_message__type_support.h
[2.139s] -- Up-to-date: /home/shiozaki/ros2/install/hello_world_msgs/include/hello_world_msgs/srv/set_message__functions.h
[2.139s] -- Up-to-date: /home/shiozaki/ros2/install/hello_world_msgs/include/hello_world_msgs/srv/set_message__struct.h
[2.139s] -- Up-to-date: /home/shiozaki/ros2/install/hello_world_msgs/include/hello_world_msgs/srv/set_message__functions.c
[2.139s] -- Up-to-date: /home/shiozaki/ros2/install/hello_world_msgs/include/hello_world_msgs/srv/set_message.h
[2.140s] -- Up-to-date: /home/shiozaki/ros2/install/hello_world_msgs/include/hello_world_msgs/msg
[2.140s] -- Up-to-date: /home/shiozaki/ros2/install/hello_world_msgs/include/hello_world_msgs/msg/rosidl_generator_c__visibility_control.h
[2.140s] -- Up-to-date: /home/shiozaki/ros2/install/hello_world_msgs/share/hello_world_msgs/environment/library_path.sh
[2.141s] -- Up-to-date: /home/shiozaki/ros2/install/hello_world_msgs/lib/libhello_world_msgs__rosidl_generator_c.so
[2.141s] -- Up-to-date: /home/shiozaki/ros2/install/hello_world_msgs/lib/libhello_world_msgs__rosidl_typesupport_c.so
[2.141s] -- Up-to-date: /home/shiozaki/ros2/install/hello_world_msgs/lib/libhello_world_msgs__rosidl_typesupport_cpp.so
[2.141s] -- Up-to-date: /home/shiozaki/ros2/install/hello_world_msgs/include/hello_world_msgs
[2.141s] -- Up-to-date: /home/shiozaki/ros2/install/hello_world_msgs/include/hello_world_msgs/action
[2.141s] -- Up-to-date: /home/shiozaki/ros2/install/hello_world_msgs/include/hello_world_msgs/action/fibonacci__rosidl_typesupport_introspection_c.h
[2.141s] -- Up-to-date: /home/shiozaki/ros2/install/hello_world_msgs/include/hello_world_msgs/action/fibonacci__type_support.c
[2.141s] -- Up-to-date: /home/shiozaki/ros2/install/hello_world_msgs/include/hello_world_msgs/srv
[2.141s] -- Up-to-date: /home/shiozaki/ros2/install/hello_world_msgs/include/hello_world_msgs/srv/set_message__type_support.c
[2.142s] -- Up-to-date: /home/shiozaki/ros2/install/hello_world_msgs/include/hello_world_msgs/srv/set_message__rosidl_typesupport_introspection_c.h
[2.142s] -- Up-to-date: /home/shiozaki/ros2/install/hello_world_msgs/include/hello_world_msgs/msg
[2.142s] -- Up-to-date: /home/shiozaki/ros2/install/hello_world_msgs/include/hello_world_msgs/msg/rosidl_typesupport_introspection_c__visibility_control.h
[2.142s] -- Up-to-date: /home/shiozaki/ros2/install/hello_world_msgs/lib/libhello_world_msgs__rosidl_typesupport_introspection_c.so
[2.142s] -- Up-to-date: /home/shiozaki/ros2/install/hello_world_msgs/include/hello_world_msgs
[2.142s] -- Up-to-date: /home/shiozaki/ros2/install/hello_world_msgs/include/hello_world_msgs/action
[2.142s] -- Up-to-date: /home/shiozaki/ros2/install/hello_world_msgs/include/hello_world_msgs/action/fibonacci__rosidl_typesupport_introspection_cpp.hpp
[2.143s] -- Up-to-date: /home/shiozaki/ros2/install/hello_world_msgs/include/hello_world_msgs/action/fibonacci__type_support.cpp
[2.143s] -- Up-to-date: /home/shiozaki/ros2/install/hello_world_msgs/include/hello_world_msgs/srv
[2.143s] -- Up-to-date: /home/shiozaki/ros2/install/hello_world_msgs/include/hello_world_msgs/srv/set_message__rosidl_typesupport_introspection_cpp.hpp
[2.143s] -- Up-to-date: /home/shiozaki/ros2/install/hello_world_msgs/include/hello_world_msgs/srv/set_message__type_support.cpp
[2.143s] -- Up-to-date: /home/shiozaki/ros2/install/hello_world_msgs/lib/libhello_world_msgs__rosidl_typesupport_introspection_cpp.so
[2.143s] -- Up-to-date: /home/shiozaki/ros2/install/hello_world_msgs/include/hello_world_msgs
[2.143s] -- Up-to-date: /home/shiozaki/ros2/install/hello_world_msgs/include/hello_world_msgs/action
[2.144s] -- Up-to-date: /home/shiozaki/ros2/install/hello_world_msgs/include/hello_world_msgs/action/dds_connext
[2.144s] -- Up-to-date: /home/shiozaki/ros2/install/hello_world_msgs/include/hello_world_msgs/action/fibonacci__rosidl_typesupport_connext_c.h
[2.144s] -- Up-to-date: /home/shiozaki/ros2/install/hello_world_msgs/include/hello_world_msgs/srv
[2.144s] -- Up-to-date: /home/shiozaki/ros2/install/hello_world_msgs/include/hello_world_msgs/srv/set_message__rosidl_typesupport_connext_c.h
[2.144s] -- Up-to-date: /home/shiozaki/ros2/install/hello_world_msgs/include/hello_world_msgs/srv/dds_connext
[2.144s] -- Up-to-date: /home/shiozaki/ros2/install/hello_world_msgs/include/hello_world_msgs/msg
[2.144s] -- Up-to-date: /home/shiozaki/ros2/install/hello_world_msgs/include/hello_world_msgs/msg/rosidl_typesupport_connext_c__visibility_control.h
[2.144s] -- Up-to-date: /home/shiozaki/ros2/install/hello_world_msgs/lib/libhello_world_msgs__rosidl_typesupport_connext_c.so
[2.144s] -- Up-to-date: /home/shiozaki/ros2/install/hello_world_msgs/share/hello_world_msgs/srv/dds_connext
[2.145s] -- Up-to-date: /home/shiozaki/ros2/install/hello_world_msgs/share/hello_world_msgs/srv/dds_connext/SetMessage_.idl
[2.145s] -- Up-to-date: /home/shiozaki/ros2/install/hello_world_msgs/share/hello_world_msgs/action/dds_connext
[2.145s] -- Up-to-date: /home/shiozaki/ros2/install/hello_world_msgs/share/hello_world_msgs/action/dds_connext/Fibonacci_.idl
[2.145s] -- Up-to-date: /home/shiozaki/ros2/install/hello_world_msgs/include/hello_world_msgs
[2.145s] -- Up-to-date: /home/shiozaki/ros2/install/hello_world_msgs/include/hello_world_msgs/action
[2.145s] -- Up-to-date: /home/shiozaki/ros2/install/hello_world_msgs/include/hello_world_msgs/action/dds_connext
[2.145s] -- Up-to-date: /home/shiozaki/ros2/install/hello_world_msgs/include/hello_world_msgs/action/dds_connext/Fibonacci_Support.cxx
[2.145s] -- Up-to-date: /home/shiozaki/ros2/install/hello_world_msgs/include/hello_world_msgs/action/dds_connext/Fibonacci_Plugin.h
[2.145s] -- Up-to-date: /home/shiozaki/ros2/install/hello_world_msgs/include/hello_world_msgs/action/dds_connext/Fibonacci_.h
[2.145s] -- Up-to-date: /home/shiozaki/ros2/install/hello_world_msgs/include/hello_world_msgs/action/dds_connext/Fibonacci_.cxx
[2.146s] -- Up-to-date: /home/shiozaki/ros2/install/hello_world_msgs/include/hello_world_msgs/action/dds_connext/Fibonacci_Support.h
[2.146s] -- Up-to-date: /home/shiozaki/ros2/install/hello_world_msgs/include/hello_world_msgs/action/dds_connext/Fibonacci_Plugin.cxx
[2.146s] -- Up-to-date: /home/shiozaki/ros2/install/hello_world_msgs/include/hello_world_msgs/action/fibonacci__rosidl_typesupport_connext_cpp.hpp
[2.146s] -- Up-to-date: /home/shiozaki/ros2/install/hello_world_msgs/include/hello_world_msgs/srv
[2.146s] -- Up-to-date: /home/shiozaki/ros2/install/hello_world_msgs/include/hello_world_msgs/srv/dds_connext
[2.146s] -- Up-to-date: /home/shiozaki/ros2/install/hello_world_msgs/include/hello_world_msgs/srv/dds_connext/SetMessage_.cxx
[2.146s] -- Up-to-date: /home/shiozaki/ros2/install/hello_world_msgs/include/hello_world_msgs/srv/dds_connext/SetMessage_Support.h
[2.146s] -- Up-to-date: /home/shiozaki/ros2/install/hello_world_msgs/include/hello_world_msgs/srv/dds_connext/SetMessage_Plugin.cxx
[2.146s] -- Up-to-date: /home/shiozaki/ros2/install/hello_world_msgs/include/hello_world_msgs/srv/dds_connext/SetMessage_Support.cxx
[2.147s] -- Up-to-date: /home/shiozaki/ros2/install/hello_world_msgs/include/hello_world_msgs/srv/dds_connext/SetMessage_Plugin.h
[2.147s] -- Up-to-date: /home/shiozaki/ros2/install/hello_world_msgs/include/hello_world_msgs/srv/dds_connext/SetMessage_.h
[2.147s] -- Up-to-date: /home/shiozaki/ros2/install/hello_world_msgs/include/hello_world_msgs/srv/set_message__rosidl_typesupport_connext_cpp.hpp
[2.147s] -- Up-to-date: /home/shiozaki/ros2/install/hello_world_msgs/include/hello_world_msgs/msg
[2.147s] -- Up-to-date: /home/shiozaki/ros2/install/hello_world_msgs/include/hello_world_msgs/msg/rosidl_typesupport_connext_cpp__visibility_control.h
[2.147s] -- Up-to-date: /home/shiozaki/ros2/install/hello_world_msgs/lib/libhello_world_msgs__rosidl_typesupport_connext_cpp.so
[2.147s] -- Up-to-date: /home/shiozaki/ros2/install/hello_world_msgs/include/hello_world_msgs
[2.147s] -- Up-to-date: /home/shiozaki/ros2/install/hello_world_msgs/include/hello_world_msgs/action
[2.147s] -- Up-to-date: /home/shiozaki/ros2/install/hello_world_msgs/include/hello_world_msgs/action/fibonacci__rosidl_typesupport_fastrtps_c.h
[2.148s] -- Up-to-date: /home/shiozaki/ros2/install/hello_world_msgs/include/hello_world_msgs/srv
[2.148s] -- Up-to-date: /home/shiozaki/ros2/install/hello_world_msgs/include/hello_world_msgs/srv/set_message__rosidl_typesupport_fastrtps_c.h
[2.148s] -- Up-to-date: /home/shiozaki/ros2/install/hello_world_msgs/include/hello_world_msgs/msg
[2.148s] -- Up-to-date: /home/shiozaki/ros2/install/hello_world_msgs/include/hello_world_msgs/msg/rosidl_typesupport_fastrtps_c__visibility_control.h
[2.148s] -- Up-to-date: /home/shiozaki/ros2/install/hello_world_msgs/lib/libhello_world_msgs__rosidl_typesupport_fastrtps_c.so
[2.148s] -- Up-to-date: /home/shiozaki/ros2/install/hello_world_msgs/include/hello_world_msgs
[2.148s] -- Up-to-date: /home/shiozaki/ros2/install/hello_world_msgs/include/hello_world_msgs/action
[2.149s] -- Up-to-date: /home/shiozaki/ros2/install/hello_world_msgs/include/hello_world_msgs/action/dds_fastrtps
[2.149s] -- Up-to-date: /home/shiozaki/ros2/install/hello_world_msgs/include/hello_world_msgs/action/fibonacci__rosidl_typesupport_fastrtps_cpp.hpp
[2.149s] -- Up-to-date: /home/shiozaki/ros2/install/hello_world_msgs/include/hello_world_msgs/srv
[2.149s] -- Up-to-date: /home/shiozaki/ros2/install/hello_world_msgs/include/hello_world_msgs/srv/set_message__rosidl_typesupport_fastrtps_cpp.hpp
[2.149s] -- Up-to-date: /home/shiozaki/ros2/install/hello_world_msgs/include/hello_world_msgs/srv/dds_fastrtps
[2.149s] -- Up-to-date: /home/shiozaki/ros2/install/hello_world_msgs/include/hello_world_msgs/msg
[2.149s] -- Up-to-date: /home/shiozaki/ros2/install/hello_world_msgs/include/hello_world_msgs/msg/rosidl_typesupport_fastrtps_cpp__visibility_control.h
[2.150s] -- Up-to-date: /home/shiozaki/ros2/install/hello_world_msgs/lib/libhello_world_msgs__rosidl_typesupport_fastrtps_cpp.so
[2.150s] -- Up-to-date: /home/shiozaki/ros2/install/hello_world_msgs/include/hello_world_msgs
[2.150s] -- Up-to-date: /home/shiozaki/ros2/install/hello_world_msgs/include/hello_world_msgs/action
[2.150s] -- Up-to-date: /home/shiozaki/ros2/install/hello_world_msgs/include/hello_world_msgs/action/dds_opensplice_c
[2.150s] -- Up-to-date: /home/shiozaki/ros2/install/hello_world_msgs/include/hello_world_msgs/action/fibonacci__rosidl_typesupport_opensplice_c.h
[2.150s] -- Up-to-date: /home/shiozaki/ros2/install/hello_world_msgs/include/hello_world_msgs/srv
[2.150s] -- Up-to-date: /home/shiozaki/ros2/install/hello_world_msgs/include/hello_world_msgs/srv/dds_opensplice_c
[2.150s] -- Up-to-date: /home/shiozaki/ros2/install/hello_world_msgs/include/hello_world_msgs/srv/set_message__rosidl_typesupport_opensplice_c.h
[2.150s] -- Up-to-date: /home/shiozaki/ros2/install/hello_world_msgs/include/hello_world_msgs/msg
[2.150s] -- Up-to-date: /home/shiozaki/ros2/install/hello_world_msgs/include/hello_world_msgs/msg/rosidl_typesupport_opensplice_c__visibility_control.h
[2.150s] -- Up-to-date: /home/shiozaki/ros2/install/hello_world_msgs/lib/libhello_world_msgs__rosidl_typesupport_opensplice_c.so
[2.151s] -- Up-to-date: /home/shiozaki/ros2/install/hello_world_msgs/share/hello_world_msgs/srv/dds_opensplice
[2.151s] -- Up-to-date: /home/shiozaki/ros2/install/hello_world_msgs/share/hello_world_msgs/srv/dds_opensplice/SetMessage_.idl
[2.151s] -- Up-to-date: /home/shiozaki/ros2/install/hello_world_msgs/share/hello_world_msgs/action/dds_opensplice
[2.151s] -- Up-to-date: /home/shiozaki/ros2/install/hello_world_msgs/share/hello_world_msgs/action/dds_opensplice/Fibonacci_.idl
[2.151s] -- Up-to-date: /home/shiozaki/ros2/install/hello_world_msgs/include/hello_world_msgs
[2.151s] -- Up-to-date: /home/shiozaki/ros2/install/hello_world_msgs/include/hello_world_msgs/action
[2.151s] -- Up-to-date: /home/shiozaki/ros2/install/hello_world_msgs/include/hello_world_msgs/action/fibonacci__rosidl_typesupport_opensplice_cpp.hpp
[2.152s] -- Up-to-date: /home/shiozaki/ros2/install/hello_world_msgs/include/hello_world_msgs/action/dds_opensplice
[2.152s] -- Up-to-date: /home/shiozaki/ros2/install/hello_world_msgs/include/hello_world_msgs/action/dds_opensplice/ccpp_Fibonacci_.h
[2.152s] -- Up-to-date: /home/shiozaki/ros2/install/hello_world_msgs/include/hello_world_msgs/action/dds_opensplice/Fibonacci_SplDcps.h
[2.152s] -- Up-to-date: /home/shiozaki/ros2/install/hello_world_msgs/include/hello_world_msgs/action/dds_opensplice/Fibonacci_.h
[2.152s] -- Up-to-date: /home/shiozaki/ros2/install/hello_world_msgs/include/hello_world_msgs/action/dds_opensplice/Fibonacci_Dcps_impl.h
[2.153s] -- Up-to-date: /home/shiozaki/ros2/install/hello_world_msgs/include/hello_world_msgs/action/dds_opensplice/Fibonacci_Dcps.h
[2.153s] -- Up-to-date: /home/shiozaki/ros2/install/hello_world_msgs/include/hello_world_msgs/srv
[2.153s] -- Up-to-date: /home/shiozaki/ros2/install/hello_world_msgs/include/hello_world_msgs/srv/set_message__rosidl_typesupport_opensplice_cpp.hpp
[2.153s] -- Up-to-date: /home/shiozaki/ros2/install/hello_world_msgs/include/hello_world_msgs/srv/dds_opensplice
[2.153s] -- Up-to-date: /home/shiozaki/ros2/install/hello_world_msgs/include/hello_world_msgs/srv/dds_opensplice/SetMessage_Dcps.h
[2.153s] -- Up-to-date: /home/shiozaki/ros2/install/hello_world_msgs/include/hello_world_msgs/srv/dds_opensplice/ccpp_SetMessage_.h
[2.153s] -- Up-to-date: /home/shiozaki/ros2/install/hello_world_msgs/include/hello_world_msgs/srv/dds_opensplice/SetMessage_Dcps_impl.h
[2.154s] -- Up-to-date: /home/shiozaki/ros2/install/hello_world_msgs/include/hello_world_msgs/srv/dds_opensplice/SetMessage_.h
[2.154s] -- Up-to-date: /home/shiozaki/ros2/install/hello_world_msgs/include/hello_world_msgs/srv/dds_opensplice/SetMessage_SplDcps.h
[2.154s] -- Up-to-date: /home/shiozaki/ros2/install/hello_world_msgs/include/hello_world_msgs/msg
[2.154s] -- Up-to-date: /home/shiozaki/ros2/install/hello_world_msgs/include/hello_world_msgs/msg/rosidl_typesupport_opensplice_cpp__visibility_control.h
[2.154s] -- Up-to-date: /home/shiozaki/ros2/install/hello_world_msgs/lib/libhello_world_msgs__rosidl_typesupport_opensplice_cpp.so
[2.154s] -- Up-to-date: /home/shiozaki/ros2/install/hello_world_msgs/share/hello_world_msgs/environment/pythonpath.sh
[2.155s] -- Up-to-date: /home/shiozaki/ros2/install/hello_world_msgs/lib/python3.6/site-packages/hello_world_msgs/__init__.py
[2.203s] -- Up-to-date: /home/shiozaki/ros2/install/hello_world_msgs/lib/python3.6/site-packages/hello_world_msgs/srv
[2.203s] -- Up-to-date: /home/shiozaki/ros2/install/hello_world_msgs/lib/python3.6/site-packages/hello_world_msgs/srv/_set_message_s.c
[2.203s] -- Up-to-date: /home/shiozaki/ros2/install/hello_world_msgs/lib/python3.6/site-packages/hello_world_msgs/srv/_set_message.py
[2.203s] -- Up-to-date: /home/shiozaki/ros2/install/hello_world_msgs/lib/python3.6/site-packages/hello_world_msgs/srv/__init__.py
[2.204s] -- Up-to-date: /home/shiozaki/ros2/install/hello_world_msgs/lib/python3.6/site-packages/hello_world_msgs/action
[2.204s] -- Up-to-date: /home/shiozaki/ros2/install/hello_world_msgs/lib/python3.6/site-packages/hello_world_msgs/action/_fibonacci.py
[2.204s] -- Up-to-date: /home/shiozaki/ros2/install/hello_world_msgs/lib/python3.6/site-packages/hello_world_msgs/action/__init__.py
[2.204s] -- Up-to-date: /home/shiozaki/ros2/install/hello_world_msgs/lib/python3.6/site-packages/hello_world_msgs/action/_fibonacci_s.c
[2.204s] -- Up-to-date: /home/shiozaki/ros2/install/hello_world_msgs/lib/python3.6/site-packages/hello_world_msgs/hello_world_msgs_s__rosidl_typesupport_c.cpython-36m-x86_64-linux-gnu.so
[2.204s] -- Up-to-date: /home/shiozaki/ros2/install/hello_world_msgs/lib/python3.6/site-packages/hello_world_msgs/hello_world_msgs_s__rosidl_typesupport_connext_c.cpython-36m-x86_64-linux-gnu.so
[2.206s] -- Up-to-date: /home/shiozaki/ros2/install/hello_world_msgs/lib/python3.6/site-packages/hello_world_msgs/hello_world_msgs_s__rosidl_typesupport_introspection_c.cpython-36m-x86_64-linux-gnu.so
[2.207s] -- Up-to-date: /home/shiozaki/ros2/install/hello_world_msgs/lib/python3.6/site-packages/hello_world_msgs/hello_world_msgs_s__rosidl_typesupport_fastrtps_c.cpython-36m-x86_64-linux-gnu.so
[2.207s] -- Up-to-date: /home/shiozaki/ros2/install/hello_world_msgs/lib/python3.6/site-packages/hello_world_msgs/hello_world_msgs_s__rosidl_typesupport_opensplice_c.cpython-36m-x86_64-linux-gnu.so
[2.208s] -- Up-to-date: /home/shiozaki/ros2/install/hello_world_msgs/lib/libhello_world_msgs__python.so
[2.208s] -- Up-to-date: /home/shiozaki/ros2/install/hello_world_msgs/share/hello_world_msgs/srv/SetMessage.idl
[2.209s] -- Up-to-date: /home/shiozaki/ros2/install/hello_world_msgs/share/hello_world_msgs/action/Fibonacci.idl
[2.211s] -- Up-to-date: /home/shiozaki/ros2/install/hello_world_msgs/share/hello_world_msgs/srv/SetMessage.srv
[2.211s] -- Up-to-date: /home/shiozaki/ros2/install/hello_world_msgs/share/hello_world_msgs/srv/SetMessage_Request.msg
[2.211s] -- Up-to-date: /home/shiozaki/ros2/install/hello_world_msgs/share/hello_world_msgs/srv/SetMessage_Response.msg
[2.211s] -- Up-to-date: /home/shiozaki/ros2/install/hello_world_msgs/share/hello_world_msgs/action/Fibonacci.action
[2.212s] -- Up-to-date: /home/shiozaki/ros2/install/hello_world_msgs/share/ament_index/resource_index/package_run_dependencies/hello_world_msgs
[2.212s] -- Up-to-date: /home/shiozaki/ros2/install/hello_world_msgs/share/ament_index/resource_index/parent_prefix_path/hello_world_msgs
[2.212s] -- Up-to-date: /home/shiozaki/ros2/install/hello_world_msgs/share/hello_world_msgs/environment/ament_prefix_path.sh
[2.212s] -- Up-to-date: /home/shiozaki/ros2/install/hello_world_msgs/share/hello_world_msgs/environment/path.sh
[2.212s] -- Up-to-date: /home/shiozaki/ros2/install/hello_world_msgs/share/hello_world_msgs/local_setup.bash
[2.212s] -- Up-to-date: /home/shiozaki/ros2/install/hello_world_msgs/share/hello_world_msgs/local_setup.sh
[2.213s] -- Up-to-date: /home/shiozaki/ros2/install/hello_world_msgs/share/hello_world_msgs/local_setup.zsh
[2.213s] -- Up-to-date: /home/shiozaki/ros2/install/hello_world_msgs/share/ament_index/resource_index/packages/hello_world_msgs
[2.213s] -- Up-to-date: /home/shiozaki/ros2/install/hello_world_msgs/share/hello_world_msgs/cmake/rosidl_cmake-extras.cmake
[2.213s] -- Up-to-date: /home/shiozaki/ros2/install/hello_world_msgs/share/hello_world_msgs/cmake/ament_cmake_export_dependencies-extras.cmake
[2.213s] -- Up-to-date: /home/shiozaki/ros2/install/hello_world_msgs/share/hello_world_msgs/cmake/ament_cmake_export_include_directories-extras.cmake
[2.213s] -- Up-to-date: /home/shiozaki/ros2/install/hello_world_msgs/share/hello_world_msgs/cmake/ament_cmake_export_libraries-extras.cmake
[2.213s] -- Up-to-date: /home/shiozaki/ros2/install/hello_world_msgs/share/hello_world_msgs/cmake/rosidl_cmake_export_typesupport_libraries-extras.cmake
[2.213s] -- Up-to-date: /home/shiozaki/ros2/install/hello_world_msgs/share/hello_world_msgs/cmake/hello_world_msgsConfig.cmake
[2.215s] -- Up-to-date: /home/shiozaki/ros2/install/hello_world_msgs/share/hello_world_msgs/cmake/hello_world_msgsConfig-version.cmake
[2.215s] -- Up-to-date: /home/shiozaki/ros2/install/hello_world_msgs/share/hello_world_msgs/package.xml
[2.225s] Invoked command in '/home/shiozaki/ros2/build/hello_world_msgs' returned '0': CMAKE_PREFIX_PATH=${CMAKE_PREFIX_PATH}:/home/shiozaki/ros2/install/examples_rclpy_topics:/home/shiozaki/ros2/install/examples_rclpy_services:/home/shiozaki/ros2/install/examples_rclpy_minimal_action_server:/opt/ros/dashing /usr/bin/cmake --build /home/shiozaki/ros2/build/hello_world_msgs --target install -- -j4 -l4
