[0.030s] Invoking command in '/home/shiozaki/ros2/build/hello_world': CMAKE_PREFIX_PATH=/home/shiozaki/ros2/install/hello_world_msgs:/home/shiozaki/ros2/install/libcreate:/home/shiozaki/ros2/install/hello_world:/home/shiozaki/ros2/install/fibonacci:/home/shiozaki/ros2/install/examples_rclpy_topics:/home/shiozaki/ros2/install/examples_rclpy_services:/home/shiozaki/ros2/install/examples_rclpy_minimal_action_server:/opt/ros/dashing LD_LIBRARY_PATH=/home/shiozaki/ros2/install/hello_world_msgs/lib:/home/shiozaki/ros2/install/libcreate/lib:/opt/ros/dashing/opt/yaml_cpp_vendor/lib:/opt/ros/dashing/opt/rviz_ogre_vendor/lib:/usr/lib:/opt/rti.com/rti_connext_dds-5.3.1/lib/x64Linux3gcc5.4.0:/opt/ros/dashing/lib /usr/bin/cmake --build /home/shiozaki/ros2/build/hello_world -- -j4 -l4
[0.152s] [ 20%] Built target listener
[0.153s] [ 20%] Built target talker_listener_composition
[0.156s] [ 30%] Built target client_sync
[0.173s] [ 40%] Built target talker_with_service
[0.175s] [35m[1mScanning dependencies of target talker[0m
[0.217s] [ 50%] Built target talker_with_service_param
[0.222s] [ 55%] [32mBuilding CXX object CMakeFiles/talker.dir/src/talker.cpp.o[0m
[0.229s] [ 75%] Built target set_and_get_parameters
[0.229s] [ 75%] Built target listener_component
[0.276s] [ 85%] Built target client_async
[0.276s] [ 95%] Built target talker_component
[1.288s] [01m[K/home/shiozaki/ros2/src/hello_world/src/talker.cpp:[m[K In lambda function:
[1.289s] [01m[K/home/shiozaki/ros2/src/hello_world/src/talker.cpp:47:17:[m[K [01;31m[Kerror: [m[K‘[01m[Kusing _data_type = class std::vector<int> {aka class std::vector<int>}[m[K’ has no member named ‘[01m[Kpush_buck[m[K’; did you mean ‘[01m[Kpush_back[m[K’?
[1.289s]    arr_msg->data.[01;31m[Kpush_buck[m[K(1);
[1.289s]                  [01;31m[K^~~~~~~~~[m[K
[1.289s]                  [32m[Kpush_back[m[K
[1.717s] make[2]: *** [CMakeFiles/talker.dir/src/talker.cpp.o] Error 1
[1.718s] CMakeFiles/talker.dir/build.make:62: recipe for target 'CMakeFiles/talker.dir/src/talker.cpp.o' failed
[1.718s] CMakeFiles/Makefile2:284: recipe for target 'CMakeFiles/talker.dir/all' failed
[1.718s] make[1]: *** [CMakeFiles/talker.dir/all] Error 2
[1.718s] make: *** [all] Error 2
[1.718s] Makefile:140: recipe for target 'all' failed
[1.720s] Invoked command in '/home/shiozaki/ros2/build/hello_world' returned '2': CMAKE_PREFIX_PATH=/home/shiozaki/ros2/install/hello_world_msgs:/home/shiozaki/ros2/install/libcreate:/home/shiozaki/ros2/install/hello_world:/home/shiozaki/ros2/install/fibonacci:/home/shiozaki/ros2/install/examples_rclpy_topics:/home/shiozaki/ros2/install/examples_rclpy_services:/home/shiozaki/ros2/install/examples_rclpy_minimal_action_server:/opt/ros/dashing LD_LIBRARY_PATH=/home/shiozaki/ros2/install/hello_world_msgs/lib:/home/shiozaki/ros2/install/libcreate/lib:/opt/ros/dashing/opt/yaml_cpp_vendor/lib:/opt/ros/dashing/opt/rviz_ogre_vendor/lib:/usr/lib:/opt/rti.com/rti_connext_dds-5.3.1/lib/x64Linux3gcc5.4.0:/opt/ros/dashing/lib /usr/bin/cmake --build /home/shiozaki/ros2/build/hello_world -- -j4 -l4
