[0.050s] Invoking command in '/home/shiozaki/ros2/build/libcreate': CMAKE_PREFIX_PATH=${CMAKE_PREFIX_PATH}:/home/shiozaki/ros2/install/examples_rclpy_topics:/home/shiozaki/ros2/install/examples_rclpy_services:/home/shiozaki/ros2/install/examples_rclpy_minimal_action_server:/opt/ros/dashing /usr/bin/cmake --build /home/shiozaki/ros2/build/libcreate -- -j4 -l4
[0.188s] [ 36%] Built target create
[0.260s] [ 45%] Built target wheeldrop
[0.263s] [ 54%] Built target battery_level
[0.275s] [ 63%] Built target play_song
[0.277s] [ 72%] Built target packets
[0.312s] [ 81%] Built target leds
[0.314s] [ 90%] Built target drive_circle
[0.317s] [100%] Built target bumpers
[0.332s] Invoked command in '/home/shiozaki/ros2/build/libcreate' returned '0': CMAKE_PREFIX_PATH=${CMAKE_PREFIX_PATH}:/home/shiozaki/ros2/install/examples_rclpy_topics:/home/shiozaki/ros2/install/examples_rclpy_services:/home/shiozaki/ros2/install/examples_rclpy_minimal_action_server:/opt/ros/dashing /usr/bin/cmake --build /home/shiozaki/ros2/build/libcreate -- -j4 -l4
[0.407s] Invoking command in '/home/shiozaki/ros2/build/libcreate': CMAKE_PREFIX_PATH=${CMAKE_PREFIX_PATH}:/home/shiozaki/ros2/install/examples_rclpy_topics:/home/shiozaki/ros2/install/examples_rclpy_services:/home/shiozaki/ros2/install/examples_rclpy_minimal_action_server:/opt/ros/dashing /usr/bin/cmake --build /home/shiozaki/ros2/build/libcreate --target install -- -j4 -l4
[0.505s] [ 36%] Built target create
[0.571s] [ 54%] Built target play_song
[0.571s] [ 54%] Built target packets
[0.573s] [ 63%] Built target battery_level
[0.591s] [ 72%] Built target wheeldrop
[0.616s] [ 81%] Built target drive_circle
[0.617s] [ 90%] Built target bumpers
[0.619s] [100%] Built target leds
[0.650s] [36mInstall the project...[0m
[0.671s] -- Install configuration: ""
[0.672s] -- Up-to-date: /home/shiozaki/ros2/install/libcreate/lib/libcreate.so
[0.672s] -- Up-to-date: /home/shiozaki/ros2/install/libcreate/include
[0.673s] -- Up-to-date: /home/shiozaki/ros2/install/libcreate/include/create
[0.673s] -- Up-to-date: /home/shiozaki/ros2/install/libcreate/include/create/serial_stream.h
[0.676s] -- Up-to-date: /home/shiozaki/ros2/install/libcreate/include/create/types.h
[0.676s] -- Up-to-date: /home/shiozaki/ros2/install/libcreate/include/create/util.h
[0.676s] -- Up-to-date: /home/shiozaki/ros2/install/libcreate/include/create/data.h
[0.676s] -- Up-to-date: /home/shiozaki/ros2/install/libcreate/include/create/create.h
[0.676s] -- Up-to-date: /home/shiozaki/ros2/install/libcreate/include/create/serial.h
[0.676s] -- Up-to-date: /home/shiozaki/ros2/install/libcreate/include/create/serial_query.h
[0.676s] -- Up-to-date: /home/shiozaki/ros2/install/libcreate/include/create/packet.h
[0.676s] -- Up-to-date: /home/shiozaki/ros2/install/libcreate/lib/cmake/libcreate/libcreate-config.cmake
[0.676s] -- Up-to-date: /home/shiozaki/ros2/install/libcreate/lib/cmake/libcreate/libcreate-config-version.cmake
[0.677s] -- Up-to-date: /home/shiozaki/ros2/install/libcreate/lib/cmake/libcreate/libcreate-targets.cmake
[0.677s] -- Up-to-date: /home/shiozaki/ros2/install/libcreate/lib/cmake/libcreate/libcreate-targets-noconfig.cmake
[0.677s] -- Up-to-date: /home/shiozaki/ros2/install/libcreate/share/libcreate/package.xml
[0.692s] Invoked command in '/home/shiozaki/ros2/build/libcreate' returned '0': CMAKE_PREFIX_PATH=${CMAKE_PREFIX_PATH}:/home/shiozaki/ros2/install/examples_rclpy_topics:/home/shiozaki/ros2/install/examples_rclpy_services:/home/shiozaki/ros2/install/examples_rclpy_minimal_action_server:/opt/ros/dashing /usr/bin/cmake --build /home/shiozaki/ros2/build/libcreate --target install -- -j4 -l4
