-- The C compiler identification is GNU 7.5.0
-- The CXX compiler identification is GNU 7.5.0
-- Check for working C compiler: /usr/bin/cc
-- Check for working C compiler: /usr/bin/cc -- works
-- Detecting C compiler ABI info
-- Detecting C compiler ABI info - done
-- Detecting C compile features
-- Detecting C compile features - done
-- Check for working CXX compiler: /usr/bin/c++
-- Check for working CXX compiler: /usr/bin/c++ -- works
-- Detecting CXX compiler ABI info
-- Detecting CXX compiler ABI info - done
-- Detecting CXX compile features
-- Detecting CXX compile features - done
-- Looking for pthread.h
-- Looking for pthread.h - found
-- Looking for pthread_create
-- Looking for pthread_create - not found
-- Looking for pthread_create in pthreads
-- Looking for pthread_create in pthreads - not found
-- Looking for pthread_create in pthread
-- Looking for pthread_create in pthread - found
-- Found Threads: TRUE  
-- Boost version: 1.65.1
-- Found the following Boost libraries:
--   system
--   thread
--   chrono
--   date_time
--   atomic
-- Could NOT find GTest (missing: GTEST_LIBRARY GTEST_MAIN_LIBRARY) 
No GTest installation found. Skipping tests.
-- Configuring done
-- Generating done
-- Build files have been written to: /home/shiozaki/ros2/build/libcreate
[35m[1mScanning dependencies of target create[0m
[  4%] [32mBuilding CXX object CMakeFiles/create.dir/src/serial.cpp.o[0m
[  9%] [32mBuilding CXX object CMakeFiles/create.dir/src/create.cpp.o[0m
[ 13%] [32mBuilding CXX object CMakeFiles/create.dir/src/serial_query.cpp.o[0m
[ 18%] [32mBuilding CXX object CMakeFiles/create.dir/src/serial_stream.cpp.o[0m
[ 22%] [32mBuilding CXX object CMakeFiles/create.dir/src/data.cpp.o[0m
[ 27%] [32mBuilding CXX object CMakeFiles/create.dir/src/packet.cpp.o[0m
[ 31%] [32mBuilding CXX object CMakeFiles/create.dir/src/types.cpp.o[0m
[ 36%] [32m[1mLinking CXX shared library libcreate.so[0m
[ 36%] Built target create
[35m[1mScanning dependencies of target wheeldrop[0m
[35m[1mScanning dependencies of target packets[0m
[35m[1mScanning dependencies of target battery_level[0m
[35m[1mScanning dependencies of target play_song[0m
[ 40%] [32mBuilding CXX object CMakeFiles/wheeldrop.dir/examples/wheeldrop.cpp.o[0m
[ 45%] [32mBuilding CXX object CMakeFiles/battery_level.dir/examples/battery_level.cpp.o[0m
[ 50%] [32mBuilding CXX object CMakeFiles/packets.dir/examples/packets.cpp.o[0m
[ 54%] [32mBuilding CXX object CMakeFiles/play_song.dir/examples/play_song.cpp.o[0m
[ 59%] [32m[1mLinking CXX executable play_song[0m
[ 59%] Built target play_song
[35m[1mScanning dependencies of target drive_circle[0m
[ 63%] [32m[1mLinking CXX executable battery_level[0m
[ 68%] [32mBuilding CXX object CMakeFiles/drive_circle.dir/examples/drive_circle.cpp.o[0m
[ 72%] [32m[1mLinking CXX executable wheeldrop[0m
[ 77%] [32m[1mLinking CXX executable packets[0m
[ 77%] Built target battery_level
[35m[1mScanning dependencies of target leds[0m
[ 77%] Built target wheeldrop
[ 77%] Built target packets
[ 81%] [32mBuilding CXX object CMakeFiles/leds.dir/examples/leds.cpp.o[0m
[35m[1mScanning dependencies of target bumpers[0m
[ 86%] [32mBuilding CXX object CMakeFiles/bumpers.dir/examples/bumpers.cpp.o[0m
[ 90%] [32m[1mLinking CXX executable drive_circle[0m
[ 90%] Built target drive_circle
[ 95%] [32m[1mLinking CXX executable leds[0m
[ 95%] Built target leds
[100%] [32m[1mLinking CXX executable bumpers[0m
[100%] Built target bumpers
[ 36%] Built target create
[ 45%] Built target play_song
[ 54%] Built target packets
[ 63%] Built target battery_level
[ 72%] Built target wheeldrop
[ 81%] Built target bumpers
[ 90%] Built target drive_circle
[100%] Built target leds
[36mInstall the project...[0m
-- Install configuration: ""
-- Installing: /home/shiozaki/ros2/install/libcreate/lib/libcreate.so
-- Installing: /home/shiozaki/ros2/install/libcreate/include
-- Installing: /home/shiozaki/ros2/install/libcreate/include/create
-- Installing: /home/shiozaki/ros2/install/libcreate/include/create/serial_stream.h
-- Installing: /home/shiozaki/ros2/install/libcreate/include/create/types.h
-- Installing: /home/shiozaki/ros2/install/libcreate/include/create/util.h
-- Installing: /home/shiozaki/ros2/install/libcreate/include/create/data.h
-- Installing: /home/shiozaki/ros2/install/libcreate/include/create/create.h
-- Installing: /home/shiozaki/ros2/install/libcreate/include/create/serial.h
-- Installing: /home/shiozaki/ros2/install/libcreate/include/create/serial_query.h
-- Installing: /home/shiozaki/ros2/install/libcreate/include/create/packet.h
-- Installing: /home/shiozaki/ros2/install/libcreate/lib/cmake/libcreate/libcreate-config.cmake
-- Installing: /home/shiozaki/ros2/install/libcreate/lib/cmake/libcreate/libcreate-config-version.cmake
-- Installing: /home/shiozaki/ros2/install/libcreate/lib/cmake/libcreate/libcreate-targets.cmake
-- Installing: /home/shiozaki/ros2/install/libcreate/lib/cmake/libcreate/libcreate-targets-noconfig.cmake
-- Installing: /home/shiozaki/ros2/install/libcreate/share/libcreate/package.xml
