[0.049s] Invoking command in '/home/shiozaki/ros2/build/libcreate': CMAKE_PREFIX_PATH=${CMAKE_PREFIX_PATH}:/home/shiozaki/ros2/install/examples_rclpy_topics:/home/shiozaki/ros2/install/examples_rclpy_services:/home/shiozaki/ros2/install/examples_rclpy_minimal_action_server:/opt/ros/dashing /usr/bin/cmake --build /home/shiozaki/ros2/build/libcreate -- -j4 -l4
[0.163s] [ 36%] Built target create
[0.214s] [ 45%] Built target play_song
[0.214s] [ 54%] Built target battery_level
[0.215s] [ 63%] Built target wheeldrop
[0.222s] [ 72%] Built target packets
[0.258s] [ 81%] Built target drive_circle
[0.261s] [ 90%] Built target leds
[0.265s] [100%] Built target bumpers
[0.279s] Invoked command in '/home/shiozaki/ros2/build/libcreate' returned '0': CMAKE_PREFIX_PATH=${CMAKE_PREFIX_PATH}:/home/shiozaki/ros2/install/examples_rclpy_topics:/home/shiozaki/ros2/install/examples_rclpy_services:/home/shiozaki/ros2/install/examples_rclpy_minimal_action_server:/opt/ros/dashing /usr/bin/cmake --build /home/shiozaki/ros2/build/libcreate -- -j4 -l4
[0.395s] Invoking command in '/home/shiozaki/ros2/build/libcreate': CMAKE_PREFIX_PATH=${CMAKE_PREFIX_PATH}:/home/shiozaki/ros2/install/examples_rclpy_topics:/home/shiozaki/ros2/install/examples_rclpy_services:/home/shiozaki/ros2/install/examples_rclpy_minimal_action_server:/opt/ros/dashing /usr/bin/cmake --build /home/shiozaki/ros2/build/libcreate --target install -- -j4 -l4
[0.481s] [ 36%] Built target create
[0.534s] [ 45%] Built target wheeldrop
[0.535s] [ 54%] Built target battery_level
[0.541s] [ 63%] Built target packets
[0.552s] [ 72%] Built target play_song
[0.588s] [ 81%] Built target leds
[0.588s] [ 90%] Built target drive_circle
[0.597s] [100%] Built target bumpers
[0.629s] [36mInstall the project...[0m
[0.645s] -- Install configuration: ""
[0.645s] -- Up-to-date: /home/shiozaki/ros2/install/libcreate/lib/libcreate.so
[0.646s] -- Up-to-date: /home/shiozaki/ros2/install/libcreate/include
[0.646s] -- Up-to-date: /home/shiozaki/ros2/install/libcreate/include/create
[0.646s] -- Up-to-date: /home/shiozaki/ros2/install/libcreate/include/create/serial_stream.h
[0.646s] -- Up-to-date: /home/shiozaki/ros2/install/libcreate/include/create/types.h
[0.646s] -- Up-to-date: /home/shiozaki/ros2/install/libcreate/include/create/util.h
[0.647s] -- Up-to-date: /home/shiozaki/ros2/install/libcreate/include/create/data.h
[0.647s] -- Up-to-date: /home/shiozaki/ros2/install/libcreate/include/create/create.h
[0.647s] -- Up-to-date: /home/shiozaki/ros2/install/libcreate/include/create/serial.h
[0.647s] -- Up-to-date: /home/shiozaki/ros2/install/libcreate/include/create/serial_query.h
[0.647s] -- Up-to-date: /home/shiozaki/ros2/install/libcreate/include/create/packet.h
[0.648s] -- Up-to-date: /home/shiozaki/ros2/install/libcreate/lib/cmake/libcreate/libcreate-config.cmake
[0.648s] -- Up-to-date: /home/shiozaki/ros2/install/libcreate/lib/cmake/libcreate/libcreate-config-version.cmake
[0.648s] -- Up-to-date: /home/shiozaki/ros2/install/libcreate/lib/cmake/libcreate/libcreate-targets.cmake
[0.648s] -- Up-to-date: /home/shiozaki/ros2/install/libcreate/lib/cmake/libcreate/libcreate-targets-noconfig.cmake
[0.648s] -- Up-to-date: /home/shiozaki/ros2/install/libcreate/share/libcreate/package.xml
[0.657s] Invoked command in '/home/shiozaki/ros2/build/libcreate' returned '0': CMAKE_PREFIX_PATH=${CMAKE_PREFIX_PATH}:/home/shiozaki/ros2/install/examples_rclpy_topics:/home/shiozaki/ros2/install/examples_rclpy_services:/home/shiozaki/ros2/install/examples_rclpy_minimal_action_server:/opt/ros/dashing /usr/bin/cmake --build /home/shiozaki/ros2/build/libcreate --target install -- -j4 -l4
