[0.030s] Invoking command in '/home/shiozaki/ros2/build/hello_world': CMAKE_PREFIX_PATH=/home/shiozaki/ros2/install/hello_world_msgs:/home/shiozaki/ros2/install/libcreate:/home/shiozaki/ros2/install/hello_world:/home/shiozaki/ros2/install/fibonacci:/home/shiozaki/ros2/install/examples_rclpy_topics:/home/shiozaki/ros2/install/examples_rclpy_services:/home/shiozaki/ros2/install/examples_rclpy_minimal_action_server:/opt/ros/dashing LD_LIBRARY_PATH=/home/shiozaki/ros2/install/hello_world_msgs/lib:/home/shiozaki/ros2/install/libcreate/lib:/opt/ros/dashing/opt/yaml_cpp_vendor/lib:/opt/ros/dashing/opt/rviz_ogre_vendor/lib:/usr/lib:/opt/rti.com/rti_connext_dds-5.3.1/lib/x64Linux3gcc5.4.0:/opt/ros/dashing/lib /usr/bin/cmake --build /home/shiozaki/ros2/build/hello_world -- -j4 -l4
[0.155s] [ 10%] Built target talker_with_service
[0.159s] [ 20%] Built target client_sync
[0.163s] [ 30%] Built target listener
[0.176s] [ 40%] Built target talker_listener_composition
[0.188s] [35m[1mScanning dependencies of target talker[0m
[0.226s] [ 50%] Built target talker_with_service_param
[0.226s] [ 55%] [32mBuilding CXX object CMakeFiles/talker.dir/src/talker.cpp.o[0m
[0.232s] [ 65%] Built target listener_component
[0.242s] [ 75%] Built target set_and_get_parameters
[0.288s] [ 85%] Built target talker_component
[0.289s] [ 95%] Built target client_async
[1.295s] [01m[K/home/shiozaki/ros2/src/hello_world/src/talker.cpp:[m[K In lambda function:
[1.296s] [01m[K/home/shiozaki/ros2/src/hello_world/src/talker.cpp:41:36:[m[K [01;31m[Kerror: [m[Kno match for ‘[01m[Koperator+[m[K’ (operand types are ‘[01m[Kconst char [13][m[K’ and ‘[01m[Kstd::chrono::time_point<std::chrono::_V2::system_clock, std::chrono::duration<long int, std::ratio<1, 1000000000> > >[m[K’)
[1.297s]          msg->data = [01;31m[K"Hello world!" + now[m[K;
[1.297s]                      [01;31m[K~~~~~~~~~~~~~~~^~~~~[m[K
[1.297s] In file included from [01m[K/home/shiozaki/ros2/src/hello_world/src/talker.cpp:15:0[m[K:
[1.297s] [01m[K/usr/include/c++/7/chrono:728:7:[m[K [01;36m[Knote: [m[Kcandidate: template<class _Rep1, class _Period1, class _Clock, class _Dur2> constexpr std::chrono::time_point<_Clock, typename std::common_type<std::chrono::duration<_Rep1, _Period1>, _Dur2>::type> std::chrono::operator+(const std::chrono::duration<_Rep1, _Period1>&, const std::chrono::time_point<_Clock, _Dur2>&)
[1.297s]        [01;36m[Koperator[m[K+(const duration<_Rep1, _Period1>& __lhs,
[1.298s]        [01;36m[K^~~~~~~~[m[K
[1.298s] [01m[K/usr/include/c++/7/chrono:728:7:[m[K [01;36m[Knote: [m[K  template argument deduction/substitution failed:
[1.298s] [01m[K/home/shiozaki/ros2/src/hello_world/src/talker.cpp:41:38:[m[K [01;36m[Knote: [m[K  mismatched types ‘[01m[Kconst std::chrono::duration<_Rep1, _Period1>[m[K’ and ‘[01m[Kconst char [13][m[K’
[1.298s]          msg->data = "Hello world!" + [01;36m[Know[m[K;
[1.298s]                                       [01;36m[K^~~[m[K
[1.298s] In file included from [01m[K/home/shiozaki/ros2/src/hello_world/src/talker.cpp:15:0[m[K:
[1.299s] [01m[K/usr/include/c++/7/chrono:715:7:[m[K [01;36m[Knote: [m[Kcandidate: template<class _Clock, class _Dur1, class _Rep2, class _Period2> constexpr std::chrono::time_point<_Clock, typename std::common_type<_Dur1, std::chrono::duration<_Rep2, _Period2> >::type> std::chrono::operator+(const std::chrono::time_point<_Clock, _Duration1>&, const std::chrono::duration<_Rep2, _Period2>&)
[1.299s]        [01;36m[Koperator[m[K+(const time_point<_Clock, _Dur1>& __lhs,
[1.299s]        [01;36m[K^~~~~~~~[m[K
[1.299s] [01m[K/usr/include/c++/7/chrono:715:7:[m[K [01;36m[Knote: [m[K  template argument deduction/substitution failed:
[1.299s] [01m[K/home/shiozaki/ros2/src/hello_world/src/talker.cpp:41:38:[m[K [01;36m[Knote: [m[K  mismatched types ‘[01m[Kconst std::chrono::time_point<_Clock, _Duration1>[m[K’ and ‘[01m[Kconst char [13][m[K’
[1.299s]          msg->data = "Hello world!" + [01;36m[Know[m[K;
[1.299s]                                       [01;36m[K^~~[m[K
[1.300s] In file included from [01m[K/home/shiozaki/ros2/src/hello_world/src/talker.cpp:15:0[m[K:
[1.300s] [01m[K/usr/include/c++/7/chrono:446:7:[m[K [01;36m[Knote: [m[Kcandidate: template<class _Rep1, class _Period1, class _Rep2, class _Period2> constexpr typename std::common_type<std::chrono::duration<_Rep1, _Period1>, std::chrono::duration<_Rep2, _Period2> >::type std::chrono::operator+(const std::chrono::duration<_Rep1, _Period1>&, const std::chrono::duration<_Rep2, _Period2>&)
[1.300s]        [01;36m[Koperator[m[K+(const duration<_Rep1, _Period1>& __lhs,
[1.300s]        [01;36m[K^~~~~~~~[m[K
[1.300s] [01m[K/usr/include/c++/7/chrono:446:7:[m[K [01;36m[Knote: [m[K  template argument deduction/substitution failed:
[1.300s] [01m[K/home/shiozaki/ros2/src/hello_world/src/talker.cpp:41:38:[m[K [01;36m[Knote: [m[K  mismatched types ‘[01m[Kconst std::chrono::duration<_Rep1, _Period1>[m[K’ and ‘[01m[Kconst char [13][m[K’
[1.301s]          msg->data = "Hello world!" + [01;36m[Know[m[K;
[1.301s]                                       [01;36m[K^~~[m[K
[1.301s] In file included from [01m[K/usr/include/c++/7/vector:65:0[m[K,
[1.301s]                  from [01m[K/opt/ros/dashing/include/rclcpp/executor.hpp:27[m[K,
[1.301s]                  from [01m[K/opt/ros/dashing/include/rclcpp/executors/multi_threaded_executor.hpp:24[m[K,
[1.301s]                  from [01m[K/opt/ros/dashing/include/rclcpp/executors.hpp:21[m[K,
[1.301s]                  from [01m[K/opt/ros/dashing/include/rclcpp/rclcpp.hpp:144[m[K,
[1.302s]                  from [01m[K/home/shiozaki/ros2/src/hello_world/src/talker.cpp:19[m[K:
[1.302s] [01m[K/usr/include/c++/7/bits/stl_bvector.h:387:3:[m[K [01;36m[Knote: [m[Kcandidate: std::_Bit_const_iterator std::operator+(std::ptrdiff_t, const std::_Bit_const_iterator&)
[1.302s]    [01;36m[Koperator[m[K+(ptrdiff_t __n, const _Bit_const_iterator& __x)
[1.302s]    [01;36m[K^~~~~~~~[m[K
[1.302s] [01m[K/usr/include/c++/7/bits/stl_bvector.h:387:3:[m[K [01;36m[Knote: [m[K  no known conversion for argument 2 from ‘[01m[Kstd::chrono::time_point<std::chrono::_V2::system_clock, std::chrono::duration<long int, std::ratio<1, 1000000000> > >[m[K’ to ‘[01m[Kconst std::_Bit_const_iterator&[m[K’
[1.302s] [01m[K/usr/include/c++/7/bits/stl_bvector.h:297:3:[m[K [01;36m[Knote: [m[Kcandidate: std::_Bit_iterator std::operator+(std::ptrdiff_t, const std::_Bit_iterator&)
[1.302s]    [01;36m[Koperator[m[K+(ptrdiff_t __n, const _Bit_iterator& __x)
[1.303s]    [01;36m[K^~~~~~~~[m[K
[1.303s] [01m[K/usr/include/c++/7/bits/stl_bvector.h:297:3:[m[K [01;36m[Knote: [m[K  no known conversion for argument 2 from ‘[01m[Kstd::chrono::time_point<std::chrono::_V2::system_clock, std::chrono::duration<long int, std::ratio<1, 1000000000> > >[m[K’ to ‘[01m[Kconst std::_Bit_iterator&[m[K’
[1.303s] In file included from [01m[K/usr/include/c++/7/string:52:0[m[K,
[1.303s]                  from [01m[K/usr/include/c++/7/stdexcept:39[m[K,
[1.303s]                  from [01m[K/usr/include/c++/7/array:39[m[K,
[1.303s]                  from [01m[K/usr/include/c++/7/tuple:39[m[K,
[1.303s]                  from [01m[K/usr/include/c++/7/bits/unique_ptr.h:37[m[K,
[1.304s]                  from [01m[K/usr/include/c++/7/memory:80[m[K,
[1.304s]                  from [01m[K/home/shiozaki/ros2/src/hello_world/src/talker.cpp:17[m[K:
[1.304s] [01m[K/usr/include/c++/7/bits/basic_string.h:5995:5:[m[K [01;36m[Knote: [m[Kcandidate: template<class _CharT, class _Traits, class _Alloc> std::__cxx11::basic_string<_CharT, _Traits, _Alloc> std::operator+(std::__cxx11::basic_string<_CharT, _Traits, _Alloc>&&, _CharT)
[1.304s]      [01;36m[Koperator[m[K+(basic_string<_CharT, _Traits, _Alloc>&& __lhs,
[1.304s]      [01;36m[K^~~~~~~~[m[K
[1.304s] [01m[K/usr/include/c++/7/bits/basic_string.h:5995:5:[m[K [01;36m[Knote: [m[K  template argument deduction/substitution failed:
[1.304s] [01m[K/home/shiozaki/ros2/src/hello_world/src/talker.cpp:41:38:[m[K [01;36m[Knote: [m[K  mismatched types ‘[01m[Kstd::__cxx11::basic_string<_CharT, _Traits, _Alloc>[m[K’ and ‘[01m[Kconst char [13][m[K’
[1.305s]          msg->data = "Hello world!" + [01;36m[Know[m[K;
[1.305s]                                       [01;36m[K^~~[m[K
[1.305s] In file included from [01m[K/usr/include/c++/7/string:52:0[m[K,
[1.305s]                  from [01m[K/usr/include/c++/7/stdexcept:39[m[K,
[1.305s]                  from [01m[K/usr/include/c++/7/array:39[m[K,
[1.305s]                  from [01m[K/usr/include/c++/7/tuple:39[m[K,
[1.305s]                  from [01m[K/usr/include/c++/7/bits/unique_ptr.h:37[m[K,
[1.306s]                  from [01m[K/usr/include/c++/7/memory:80[m[K,
[1.306s]                  from [01m[K/home/shiozaki/ros2/src/hello_world/src/talker.cpp:17[m[K:
[1.306s] [01m[K/usr/include/c++/7/bits/basic_string.h:5989:5:[m[K [01;36m[Knote: [m[Kcandidate: template<class _CharT, class _Traits, class _Alloc> std::__cxx11::basic_string<_CharT, _Traits, _Alloc> std::operator+(std::__cxx11::basic_string<_CharT, _Traits, _Alloc>&&, const _CharT*)
[1.306s]      [01;36m[Koperator[m[K+(basic_string<_CharT, _Traits, _Alloc>&& __lhs,
[1.306s]      [01;36m[K^~~~~~~~[m[K
[1.306s] [01m[K/usr/include/c++/7/bits/basic_string.h:5989:5:[m[K [01;36m[Knote: [m[K  template argument deduction/substitution failed:
[1.306s] [01m[K/home/shiozaki/ros2/src/hello_world/src/talker.cpp:41:38:[m[K [01;36m[Knote: [m[K  mismatched types ‘[01m[Kstd::__cxx11::basic_string<_CharT, _Traits, _Alloc>[m[K’ and ‘[01m[Kconst char [13][m[K’
[1.307s]          msg->data = "Hello world!" + [01;36m[Know[m[K;
[1.307s]                                       [01;36m[K^~~[m[K
[1.307s] In file included from [01m[K/usr/include/c++/7/string:52:0[m[K,
[1.307s]                  from [01m[K/usr/include/c++/7/stdexcept:39[m[K,
[1.307s]                  from [01m[K/usr/include/c++/7/array:39[m[K,
[1.307s]                  from [01m[K/usr/include/c++/7/tuple:39[m[K,
[1.308s]                  from [01m[K/usr/include/c++/7/bits/unique_ptr.h:37[m[K,
[1.308s]                  from [01m[K/usr/include/c++/7/memory:80[m[K,
[1.308s]                  from [01m[K/home/shiozaki/ros2/src/hello_world/src/talker.cpp:17[m[K:
[1.308s] [01m[K/usr/include/c++/7/bits/basic_string.h:5983:5:[m[K [01;36m[Knote: [m[Kcandidate: template<class _CharT, class _Traits, class _Alloc> std::__cxx11::basic_string<_CharT, _Traits, _Alloc> std::operator+(_CharT, std::__cxx11::basic_string<_CharT, _Traits, _Alloc>&&)
[1.308s]      [01;36m[Koperator[m[K+(_CharT __lhs,
[1.308s]      [01;36m[K^~~~~~~~[m[K
[1.308s] [01m[K/usr/include/c++/7/bits/basic_string.h:5983:5:[m[K [01;36m[Knote: [m[K  template argument deduction/substitution failed:
[1.309s] [01m[K/home/shiozaki/ros2/src/hello_world/src/talker.cpp:41:38:[m[K [01;36m[Knote: [m[K  ‘[01m[Kstd::chrono::time_point<std::chrono::_V2::system_clock, std::chrono::duration<long int, std::ratio<1, 1000000000> > >[m[K’ is not derived from ‘[01m[Kstd::__cxx11::basic_string<_CharT, _Traits, _Alloc>[m[K’
[1.309s]          msg->data = "Hello world!" + [01;36m[Know[m[K;
[1.309s]                                       [01;36m[K^~~[m[K
[1.309s] In file included from [01m[K/usr/include/c++/7/string:52:0[m[K,
[1.309s]                  from [01m[K/usr/include/c++/7/stdexcept:39[m[K,
[1.309s]                  from [01m[K/usr/include/c++/7/array:39[m[K,
[1.309s]                  from [01m[K/usr/include/c++/7/tuple:39[m[K,
[1.310s]                  from [01m[K/usr/include/c++/7/bits/unique_ptr.h:37[m[K,
[1.310s]                  from [01m[K/usr/include/c++/7/memory:80[m[K,
[1.310s]                  from [01m[K/home/shiozaki/ros2/src/hello_world/src/talker.cpp:17[m[K:
[1.310s] [01m[K/usr/include/c++/7/bits/basic_string.h:5977:5:[m[K [01;36m[Knote: [m[Kcandidate: template<class _CharT, class _Traits, class _Alloc> std::__cxx11::basic_string<_CharT, _Traits, _Alloc> std::operator+(const _CharT*, std::__cxx11::basic_string<_CharT, _Traits, _Alloc>&&)
[1.310s]      [01;36m[Koperator[m[K+(const _CharT* __lhs,
[1.310s]      [01;36m[K^~~~~~~~[m[K
[1.310s] [01m[K/usr/include/c++/7/bits/basic_string.h:5977:5:[m[K [01;36m[Knote: [m[K  template argument deduction/substitution failed:
[1.311s] [01m[K/home/shiozaki/ros2/src/hello_world/src/talker.cpp:41:38:[m[K [01;36m[Knote: [m[K  ‘[01m[Kstd::chrono::time_point<std::chrono::_V2::system_clock, std::chrono::duration<long int, std::ratio<1, 1000000000> > >[m[K’ is not derived from ‘[01m[Kstd::__cxx11::basic_string<_CharT, _Traits, _Alloc>[m[K’
[1.311s]          msg->data = "Hello world!" + [01;36m[Know[m[K;
[1.311s]                                       [01;36m[K^~~[m[K
[1.311s] In file included from [01m[K/usr/include/c++/7/string:52:0[m[K,
[1.311s]                  from [01m[K/usr/include/c++/7/stdexcept:39[m[K,
[1.311s]                  from [01m[K/usr/include/c++/7/array:39[m[K,
[1.311s]                  from [01m[K/usr/include/c++/7/tuple:39[m[K,
[1.312s]                  from [01m[K/usr/include/c++/7/bits/unique_ptr.h:37[m[K,
[1.312s]                  from [01m[K/usr/include/c++/7/memory:80[m[K,
[1.312s]                  from [01m[K/home/shiozaki/ros2/src/hello_world/src/talker.cpp:17[m[K:
[1.312s] [01m[K/usr/include/c++/7/bits/basic_string.h:5965:5:[m[K [01;36m[Knote: [m[Kcandidate: template<class _CharT, class _Traits, class _Alloc> std::__cxx11::basic_string<_CharT, _Traits, _Alloc> std::operator+(std::__cxx11::basic_string<_CharT, _Traits, _Alloc>&&, std::__cxx11::basic_string<_CharT, _Traits, _Alloc>&&)
[1.312s]      [01;36m[Koperator[m[K+(basic_string<_CharT, _Traits, _Alloc>&& __lhs,
[1.312s]      [01;36m[K^~~~~~~~[m[K
[1.312s] [01m[K/usr/include/c++/7/bits/basic_string.h:5965:5:[m[K [01;36m[Knote: [m[K  template argument deduction/substitution failed:
[1.313s] [01m[K/home/shiozaki/ros2/src/hello_world/src/talker.cpp:41:38:[m[K [01;36m[Knote: [m[K  mismatched types ‘[01m[Kstd::__cxx11::basic_string<_CharT, _Traits, _Alloc>[m[K’ and ‘[01m[Kconst char [13][m[K’
[1.313s]          msg->data = "Hello world!" + [01;36m[Know[m[K;
[1.313s]                                       [01;36m[K^~~[m[K
[1.313s] In file included from [01m[K/usr/include/c++/7/string:52:0[m[K,
[1.313s]                  from [01m[K/usr/include/c++/7/stdexcept:39[m[K,
[1.313s]                  from [01m[K/usr/include/c++/7/array:39[m[K,
[1.313s]                  from [01m[K/usr/include/c++/7/tuple:39[m[K,
[1.314s]                  from [01m[K/usr/include/c++/7/bits/unique_ptr.h:37[m[K,
[1.314s]                  from [01m[K/usr/include/c++/7/memory:80[m[K,
[1.314s]                  from [01m[K/home/shiozaki/ros2/src/hello_world/src/talker.cpp:17[m[K:
[1.314s] [01m[K/usr/include/c++/7/bits/basic_string.h:5959:5:[m[K [01;36m[Knote: [m[Kcandidate: template<class _CharT, class _Traits, class _Alloc> std::__cxx11::basic_string<_CharT, _Traits, _Alloc> std::operator+(const std::__cxx11::basic_string<_CharT, _Traits, _Alloc>&, std::__cxx11::basic_string<_CharT, _Traits, _Alloc>&&)
[1.314s]      [01;36m[Koperator[m[K+(const basic_string<_CharT, _Traits, _Alloc>& __lhs,
[1.314s]      [01;36m[K^~~~~~~~[m[K
[1.314s] [01m[K/usr/include/c++/7/bits/basic_string.h:5959:5:[m[K [01;36m[Knote: [m[K  template argument deduction/substitution failed:
[1.315s] [01m[K/home/shiozaki/ros2/src/hello_world/src/talker.cpp:41:38:[m[K [01;36m[Knote: [m[K  mismatched types ‘[01m[Kconst std::__cxx11::basic_string<_CharT, _Traits, _Alloc>[m[K’ and ‘[01m[Kconst char [13][m[K’
[1.315s]          msg->data = "Hello world!" + [01;36m[Know[m[K;
[1.315s]                                       [01;36m[K^~~[m[K
[1.315s] In file included from [01m[K/usr/include/c++/7/string:52:0[m[K,
[1.315s]                  from [01m[K/usr/include/c++/7/stdexcept:39[m[K,
[1.315s]                  from [01m[K/usr/include/c++/7/array:39[m[K,
[1.315s]                  from [01m[K/usr/include/c++/7/tuple:39[m[K,
[1.315s]                  from [01m[K/usr/include/c++/7/bits/unique_ptr.h:37[m[K,
[1.315s]                  from [01m[K/usr/include/c++/7/memory:80[m[K,
[1.315s]                  from [01m[K/home/shiozaki/ros2/src/hello_world/src/talker.cpp:17[m[K:
[1.315s] [01m[K/usr/include/c++/7/bits/basic_string.h:5953:5:[m[K [01;36m[Knote: [m[Kcandidate: template<class _CharT, class _Traits, class _Alloc> std::__cxx11::basic_string<_CharT, _Traits, _Alloc> std::operator+(std::__cxx11::basic_string<_CharT, _Traits, _Alloc>&&, const std::__cxx11::basic_string<_CharT, _Traits, _Alloc>&)
[1.316s]      [01;36m[Koperator[m[K+(basic_string<_CharT, _Traits, _Alloc>&& __lhs,
[1.316s]      [01;36m[K^~~~~~~~[m[K
[1.316s] [01m[K/usr/include/c++/7/bits/basic_string.h:5953:5:[m[K [01;36m[Knote: [m[K  template argument deduction/substitution failed:
[1.316s] [01m[K/home/shiozaki/ros2/src/hello_world/src/talker.cpp:41:38:[m[K [01;36m[Knote: [m[K  mismatched types ‘[01m[Kstd::__cxx11::basic_string<_CharT, _Traits, _Alloc>[m[K’ and ‘[01m[Kconst char [13][m[K’
[1.316s]          msg->data = "Hello world!" + [01;36m[Know[m[K;
[1.316s]                                       [01;36m[K^~~[m[K
[1.316s] In file included from [01m[K/usr/include/c++/7/string:52:0[m[K,
[1.316s]                  from [01m[K/usr/include/c++/7/stdexcept:39[m[K,
[1.316s]                  from [01m[K/usr/include/c++/7/array:39[m[K,
[1.316s]                  from [01m[K/usr/include/c++/7/tuple:39[m[K,
[1.316s]                  from [01m[K/usr/include/c++/7/bits/unique_ptr.h:37[m[K,
[1.316s]                  from [01m[K/usr/include/c++/7/memory:80[m[K,
[1.316s]                  from [01m[K/home/shiozaki/ros2/src/hello_world/src/talker.cpp:17[m[K:
[1.316s] [01m[K/usr/include/c++/7/bits/basic_string.h:5941:5:[m[K [01;36m[Knote: [m[Kcandidate: template<class _CharT, class _Traits, class _Alloc> std::__cxx11::basic_string<_CharT, _Traits, _Alloc> std::operator+(const std::__cxx11::basic_string<_CharT, _Traits, _Alloc>&, _CharT)
[1.317s]      [01;36m[Koperator[m[K+(const basic_string<_CharT, _Traits, _Alloc>& __lhs, _CharT __rhs)
[1.317s]      [01;36m[K^~~~~~~~[m[K
[1.317s] [01m[K/usr/include/c++/7/bits/basic_string.h:5941:5:[m[K [01;36m[Knote: [m[K  template argument deduction/substitution failed:
[1.317s] [01m[K/home/shiozaki/ros2/src/hello_world/src/talker.cpp:41:38:[m[K [01;36m[Knote: [m[K  mismatched types ‘[01m[Kconst std::__cxx11::basic_string<_CharT, _Traits, _Alloc>[m[K’ and ‘[01m[Kconst char [13][m[K’
[1.317s]          msg->data = "Hello world!" + [01;36m[Know[m[K;
[1.317s]                                       [01;36m[K^~~[m[K
[1.317s] In file included from [01m[K/usr/include/c++/7/string:52:0[m[K,
[1.317s]                  from [01m[K/usr/include/c++/7/stdexcept:39[m[K,
[1.317s]                  from [01m[K/usr/include/c++/7/array:39[m[K,
[1.317s]                  from [01m[K/usr/include/c++/7/tuple:39[m[K,
[1.317s]                  from [01m[K/usr/include/c++/7/bits/unique_ptr.h:37[m[K,
[1.317s]                  from [01m[K/usr/include/c++/7/memory:80[m[K,
[1.317s]                  from [01m[K/home/shiozaki/ros2/src/hello_world/src/talker.cpp:17[m[K:
[1.318s] [01m[K/usr/include/c++/7/bits/basic_string.h:5925:5:[m[K [01;36m[Knote: [m[Kcandidate: template<class _CharT, class _Traits, class _Alloc> std::__cxx11::basic_string<_CharT, _Traits, _Alloc> std::operator+(const std::__cxx11::basic_string<_CharT, _Traits, _Alloc>&, const _CharT*)
[1.318s]      [01;36m[Koperator[m[K+(const basic_string<_CharT, _Traits, _Alloc>& __lhs,
[1.318s]      [01;36m[K^~~~~~~~[m[K
[1.318s] [01m[K/usr/include/c++/7/bits/basic_string.h:5925:5:[m[K [01;36m[Knote: [m[K  template argument deduction/substitution failed:
[1.318s] [01m[K/home/shiozaki/ros2/src/hello_world/src/talker.cpp:41:38:[m[K [01;36m[Knote: [m[K  mismatched types ‘[01m[Kconst std::__cxx11::basic_string<_CharT, _Traits, _Alloc>[m[K’ and ‘[01m[Kconst char [13][m[K’
[1.318s]          msg->data = "Hello world!" + [01;36m[Know[m[K;
[1.318s]                                       [01;36m[K^~~[m[K
[1.318s] In file included from [01m[K/usr/include/c++/7/string:53:0[m[K,
[1.318s]                  from [01m[K/usr/include/c++/7/stdexcept:39[m[K,
[1.318s]                  from [01m[K/usr/include/c++/7/array:39[m[K,
[1.318s]                  from [01m[K/usr/include/c++/7/tuple:39[m[K,
[1.318s]                  from [01m[K/usr/include/c++/7/bits/unique_ptr.h:37[m[K,
[1.319s]                  from [01m[K/usr/include/c++/7/memory:80[m[K,
[1.319s]                  from [01m[K/home/shiozaki/ros2/src/hello_world/src/talker.cpp:17[m[K:
[1.319s] [01m[K/usr/include/c++/7/bits/basic_string.tcc:1173:5:[m[K [01;36m[Knote: [m[Kcandidate: template<class _CharT, class _Traits, class _Alloc> std::__cxx11::basic_string<_CharT, _Traits, _Alloc> std::operator+(_CharT, const std::__cxx11::basic_string<_CharT, _Traits, _Alloc>&)
[1.319s]      [01;36m[Koperator[m[K+(_CharT __lhs, const basic_string<_CharT, _Traits, _Alloc>& __rhs)
[1.319s]      [01;36m[K^~~~~~~~[m[K
[1.319s] [01m[K/usr/include/c++/7/bits/basic_string.tcc:1173:5:[m[K [01;36m[Knote: [m[K  template argument deduction/substitution failed:
[1.319s] [01m[K/home/shiozaki/ros2/src/hello_world/src/talker.cpp:41:38:[m[K [01;36m[Knote: [m[K  ‘[01m[Kstd::chrono::time_point<std::chrono::_V2::system_clock, std::chrono::duration<long int, std::ratio<1, 1000000000> > >[m[K’ is not derived from ‘[01m[Kconst std::__cxx11::basic_string<_CharT, _Traits, _Alloc>[m[K’
[1.319s]          msg->data = "Hello world!" + [01;36m[Know[m[K;
[1.319s]                                       [01;36m[K^~~[m[K
[1.319s] In file included from [01m[K/usr/include/c++/7/string:53:0[m[K,
[1.319s]                  from [01m[K/usr/include/c++/7/stdexcept:39[m[K,
[1.320s]                  from [01m[K/usr/include/c++/7/array:39[m[K,
[1.320s]                  from [01m[K/usr/include/c++/7/tuple:39[m[K,
[1.320s]                  from [01m[K/usr/include/c++/7/bits/unique_ptr.h:37[m[K,
[1.320s]                  from [01m[K/usr/include/c++/7/memory:80[m[K,
[1.320s]                  from [01m[K/home/shiozaki/ros2/src/hello_world/src/talker.cpp:17[m[K:
[1.320s] [01m[K/usr/include/c++/7/bits/basic_string.tcc:1157:5:[m[K [01;36m[Knote: [m[Kcandidate: template<class _CharT, class _Traits, class _Alloc> std::__cxx11::basic_string<_CharT, _Traits, _Alloc> std::operator+(const _CharT*, const std::__cxx11::basic_string<_CharT, _Traits, _Alloc>&)
[1.320s]      [01;36m[Koperator[m[K+(const _CharT* __lhs,
[1.320s]      [01;36m[K^~~~~~~~[m[K
[1.320s] [01m[K/usr/include/c++/7/bits/basic_string.tcc:1157:5:[m[K [01;36m[Knote: [m[K  template argument deduction/substitution failed:
[1.320s] [01m[K/home/shiozaki/ros2/src/hello_world/src/talker.cpp:41:38:[m[K [01;36m[Knote: [m[K  ‘[01m[Kstd::chrono::time_point<std::chrono::_V2::system_clock, std::chrono::duration<long int, std::ratio<1, 1000000000> > >[m[K’ is not derived from ‘[01m[Kconst std::__cxx11::basic_string<_CharT, _Traits, _Alloc>[m[K’
[1.320s]          msg->data = "Hello world!" + [01;36m[Know[m[K;
[1.320s]                                       [01;36m[K^~~[m[K
[1.320s] In file included from [01m[K/usr/include/c++/7/string:52:0[m[K,
[1.321s]                  from [01m[K/usr/include/c++/7/stdexcept:39[m[K,
[1.321s]                  from [01m[K/usr/include/c++/7/array:39[m[K,
[1.321s]                  from [01m[K/usr/include/c++/7/tuple:39[m[K,
[1.321s]                  from [01m[K/usr/include/c++/7/bits/unique_ptr.h:37[m[K,
[1.321s]                  from [01m[K/usr/include/c++/7/memory:80[m[K,
[1.321s]                  from [01m[K/home/shiozaki/ros2/src/hello_world/src/talker.cpp:17[m[K:
[1.321s] [01m[K/usr/include/c++/7/bits/basic_string.h:5888:5:[m[K [01;36m[Knote: [m[Kcandidate: template<class _CharT, class _Traits, class _Alloc> std::__cxx11::basic_string<_CharT, _Traits, _Alloc> std::operator+(const std::__cxx11::basic_string<_CharT, _Traits, _Alloc>&, const std::__cxx11::basic_string<_CharT, _Traits, _Alloc>&)
[1.321s]      [01;36m[Koperator[m[K+(const basic_string<_CharT, _Traits, _Alloc>& __lhs,
[1.321s]      [01;36m[K^~~~~~~~[m[K
[1.321s] [01m[K/usr/include/c++/7/bits/basic_string.h:5888:5:[m[K [01;36m[Knote: [m[K  template argument deduction/substitution failed:
[1.321s] [01m[K/home/shiozaki/ros2/src/hello_world/src/talker.cpp:41:38:[m[K [01;36m[Knote: [m[K  mismatched types ‘[01m[Kconst std::__cxx11::basic_string<_CharT, _Traits, _Alloc>[m[K’ and ‘[01m[Kconst char [13][m[K’
[1.321s]          msg->data = "Hello world!" + [01;36m[Know[m[K;
[1.321s]                                       [01;36m[K^~~[m[K
[1.322s] In file included from [01m[K/usr/include/c++/7/bits/stl_algobase.h:67:0[m[K,
[1.322s]                  from [01m[K/usr/include/c++/7/memory:62[m[K,
[1.322s]                  from [01m[K/home/shiozaki/ros2/src/hello_world/src/talker.cpp:17[m[K:
[1.322s] [01m[K/usr/include/c++/7/bits/stl_iterator.h:1201:5:[m[K [01;36m[Knote: [m[Kcandidate: template<class _Iterator> std::move_iterator<_IteratorL> std::operator+(typename std::move_iterator<_IteratorL>::difference_type, const std::move_iterator<_IteratorL>&)
[1.322s]      [01;36m[Koperator[m[K+(typename move_iterator<_Iterator>::difference_type __n,
[1.322s]      [01;36m[K^~~~~~~~[m[K
[1.322s] [01m[K/usr/include/c++/7/bits/stl_iterator.h:1201:5:[m[K [01;36m[Knote: [m[K  template argument deduction/substitution failed:
[1.322s] [01m[K/home/shiozaki/ros2/src/hello_world/src/talker.cpp:41:38:[m[K [01;36m[Knote: [m[K  ‘[01m[Kstd::chrono::time_point<std::chrono::_V2::system_clock, std::chrono::duration<long int, std::ratio<1, 1000000000> > >[m[K’ is not derived from ‘[01m[Kconst std::move_iterator<_IteratorL>[m[K’
[1.322s]          msg->data = "Hello world!" + [01;36m[Know[m[K;
[1.322s]                                       [01;36m[K^~~[m[K
[1.322s] In file included from [01m[K/usr/include/c++/7/bits/stl_algobase.h:67:0[m[K,
[1.322s]                  from [01m[K/usr/include/c++/7/memory:62[m[K,
[1.322s]                  from [01m[K/home/shiozaki/ros2/src/hello_world/src/talker.cpp:17[m[K:
[1.322s] [01m[K/usr/include/c++/7/bits/stl_iterator.h:400:5:[m[K [01;36m[Knote: [m[Kcandidate: template<class _Iterator> std::reverse_iterator<_Iterator> std::operator+(typename std::reverse_iterator<_Iterator>::difference_type, const std::reverse_iterator<_Iterator>&)
[1.323s]      [01;36m[Koperator[m[K+(typename reverse_iterator<_Iterator>::difference_type __n,
[1.323s]      [01;36m[K^~~~~~~~[m[K
[1.323s] [01m[K/usr/include/c++/7/bits/stl_iterator.h:400:5:[m[K [01;36m[Knote: [m[K  template argument deduction/substitution failed:
[1.323s] [01m[K/home/shiozaki/ros2/src/hello_world/src/talker.cpp:41:38:[m[K [01;36m[Knote: [m[K  ‘[01m[Kstd::chrono::time_point<std::chrono::_V2::system_clock, std::chrono::duration<long int, std::ratio<1, 1000000000> > >[m[K’ is not derived from ‘[01m[Kconst std::reverse_iterator<_Iterator>[m[K’
[1.323s]          msg->data = "Hello world!" + [01;36m[Know[m[K;
[1.323s]                                       [01;36m[K^~~[m[K
[1.728s] make[2]: *** [CMakeFiles/talker.dir/src/talker.cpp.o] Error 1
[1.729s] CMakeFiles/talker.dir/build.make:62: recipe for target 'CMakeFiles/talker.dir/src/talker.cpp.o' failed
[1.729s] CMakeFiles/Makefile2:284: recipe for target 'CMakeFiles/talker.dir/all' failed
[1.729s] make[1]: *** [CMakeFiles/talker.dir/all] Error 2
[1.729s] Makefile:140: recipe for target 'all' failed
[1.729s] make: *** [all] Error 2
[1.731s] Invoked command in '/home/shiozaki/ros2/build/hello_world' returned '2': CMAKE_PREFIX_PATH=/home/shiozaki/ros2/install/hello_world_msgs:/home/shiozaki/ros2/install/libcreate:/home/shiozaki/ros2/install/hello_world:/home/shiozaki/ros2/install/fibonacci:/home/shiozaki/ros2/install/examples_rclpy_topics:/home/shiozaki/ros2/install/examples_rclpy_services:/home/shiozaki/ros2/install/examples_rclpy_minimal_action_server:/opt/ros/dashing LD_LIBRARY_PATH=/home/shiozaki/ros2/install/hello_world_msgs/lib:/home/shiozaki/ros2/install/libcreate/lib:/opt/ros/dashing/opt/yaml_cpp_vendor/lib:/opt/ros/dashing/opt/rviz_ogre_vendor/lib:/usr/lib:/opt/rti.com/rti_connext_dds-5.3.1/lib/x64Linux3gcc5.4.0:/opt/ros/dashing/lib /usr/bin/cmake --build /home/shiozaki/ros2/build/hello_world -- -j4 -l4
