[ 10%] Built target talker_listener_composition
[ 20%] Built target client_sync
[ 30%] Built target listener
[ 40%] Built target talker_with_service
[35m[1mScanning dependencies of target talker[0m
[ 50%] Built target talker_with_service_param
[ 65%] Built target listener_component
[ 65%] [32mBuilding CXX object CMakeFiles/talker.dir/src/talker.cpp.o[0m
[ 75%] Built target set_and_get_parameters
[ 85%] Built target talker_component
[ 95%] Built target client_async
[01m[K/home/shiozaki/ros2/src/hello_world/src/talker.cpp:[m[K In lambda function:
[01m[K/home/shiozaki/ros2/src/hello_world/src/talker.cpp:44:53:[m[K [01;31m[Kerror: [m[Kinvalid use of member function ‘[01m[Krclcpp::Time rclcpp::Node::now()[m[K’ (did you forget the ‘[01m[K()[m[K’ ?)
         msg->data = "Hello world!" + std::to_string([01;31m[Know[m[K.count());
                                                     [01;31m[K^~~[m[K
CMakeFiles/talker.dir/build.make:62: recipe for target 'CMakeFiles/talker.dir/src/talker.cpp.o' failed
make[2]: *** [CMakeFiles/talker.dir/src/talker.cpp.o] Error 1
make[1]: *** [CMakeFiles/talker.dir/all] Error 2
CMakeFiles/Makefile2:284: recipe for target 'CMakeFiles/talker.dir/all' failed
make: *** [all] Error 2
Makefile:140: recipe for target 'all' failed
