[0.028s] Invoking command in '/home/shiozaki/ros2/build/hello_world': CMAKE_PREFIX_PATH=/home/shiozaki/ros2/install/hello_world_msgs:/home/shiozaki/ros2/install/libcreate:/home/shiozaki/ros2/install/hello_world:/home/shiozaki/ros2/install/fibonacci:/home/shiozaki/ros2/install/examples_rclpy_topics:/home/shiozaki/ros2/install/examples_rclpy_services:/home/shiozaki/ros2/install/examples_rclpy_minimal_action_server:/opt/ros/dashing LD_LIBRARY_PATH=/home/shiozaki/ros2/install/hello_world_msgs/lib:/home/shiozaki/ros2/install/libcreate/lib:/opt/ros/dashing/opt/yaml_cpp_vendor/lib:/opt/ros/dashing/opt/rviz_ogre_vendor/lib:/usr/lib:/opt/rti.com/rti_connext_dds-5.3.1/lib/x64Linux3gcc5.4.0:/opt/ros/dashing/lib /usr/bin/cmake --build /home/shiozaki/ros2/build/hello_world -- -j4 -l4
[0.144s] [ 10%] Built target talker_listener_composition
[0.151s] [ 20%] Built target client_sync
[0.153s] [ 30%] Built target listener
[0.170s] [ 40%] Built target talker_with_service
[0.178s] [35m[1mScanning dependencies of target talker[0m
[0.210s] [ 50%] Built target talker_with_service_param
[0.217s] [ 65%] Built target listener_component
[0.218s] [ 65%] [32mBuilding CXX object CMakeFiles/talker.dir/src/talker.cpp.o[0m
[0.229s] [ 75%] Built target set_and_get_parameters
[0.264s] [ 85%] Built target talker_component
[0.269s] [ 95%] Built target client_async
[1.253s] [01m[K/home/shiozaki/ros2/src/hello_world/src/talker.cpp:[m[K In lambda function:
[1.254s] [01m[K/home/shiozaki/ros2/src/hello_world/src/talker.cpp:44:53:[m[K [01;31m[Kerror: [m[Kinvalid use of member function ‘[01m[Krclcpp::Time rclcpp::Node::now()[m[K’ (did you forget the ‘[01m[K()[m[K’ ?)
[1.254s]          msg->data = "Hello world!" + std::to_string([01;31m[Know[m[K.count());
[1.254s]                                                      [01;31m[K^~~[m[K
[1.668s] CMakeFiles/talker.dir/build.make:62: recipe for target 'CMakeFiles/talker.dir/src/talker.cpp.o' failed
[1.668s] make[2]: *** [CMakeFiles/talker.dir/src/talker.cpp.o] Error 1
[1.669s] make[1]: *** [CMakeFiles/talker.dir/all] Error 2
[1.669s] CMakeFiles/Makefile2:284: recipe for target 'CMakeFiles/talker.dir/all' failed
[1.669s] make: *** [all] Error 2
[1.669s] Makefile:140: recipe for target 'all' failed
[1.671s] Invoked command in '/home/shiozaki/ros2/build/hello_world' returned '2': CMAKE_PREFIX_PATH=/home/shiozaki/ros2/install/hello_world_msgs:/home/shiozaki/ros2/install/libcreate:/home/shiozaki/ros2/install/hello_world:/home/shiozaki/ros2/install/fibonacci:/home/shiozaki/ros2/install/examples_rclpy_topics:/home/shiozaki/ros2/install/examples_rclpy_services:/home/shiozaki/ros2/install/examples_rclpy_minimal_action_server:/opt/ros/dashing LD_LIBRARY_PATH=/home/shiozaki/ros2/install/hello_world_msgs/lib:/home/shiozaki/ros2/install/libcreate/lib:/opt/ros/dashing/opt/yaml_cpp_vendor/lib:/opt/ros/dashing/opt/rviz_ogre_vendor/lib:/usr/lib:/opt/rti.com/rti_connext_dds-5.3.1/lib/x64Linux3gcc5.4.0:/opt/ros/dashing/lib /usr/bin/cmake --build /home/shiozaki/ros2/build/hello_world -- -j4 -l4
