[0.051s] Invoking command in '/home/shiozaki/ros2/build/libcreate': CMAKE_PREFIX_PATH=${CMAKE_PREFIX_PATH}:/home/shiozaki/ros2/install/examples_rclpy_topics:/home/shiozaki/ros2/install/examples_rclpy_services:/home/shiozaki/ros2/install/examples_rclpy_minimal_action_server:/opt/ros/dashing /usr/bin/cmake --build /home/shiozaki/ros2/build/libcreate -- -j4 -l4
[0.161s] [ 36%] Built target create
[0.210s] [ 45%] Built target wheeldrop
[0.215s] [ 54%] Built target battery_level
[0.221s] [ 63%] Built target play_song
[0.231s] [ 72%] Built target packets
[0.261s] [ 81%] Built target drive_circle
[0.261s] [ 90%] Built target leds
[0.270s] [100%] Built target bumpers
[0.286s] Invoked command in '/home/shiozaki/ros2/build/libcreate' returned '0': CMAKE_PREFIX_PATH=${CMAKE_PREFIX_PATH}:/home/shiozaki/ros2/install/examples_rclpy_topics:/home/shiozaki/ros2/install/examples_rclpy_services:/home/shiozaki/ros2/install/examples_rclpy_minimal_action_server:/opt/ros/dashing /usr/bin/cmake --build /home/shiozaki/ros2/build/libcreate -- -j4 -l4
[0.359s] Invoking command in '/home/shiozaki/ros2/build/libcreate': CMAKE_PREFIX_PATH=${CMAKE_PREFIX_PATH}:/home/shiozaki/ros2/install/examples_rclpy_topics:/home/shiozaki/ros2/install/examples_rclpy_services:/home/shiozaki/ros2/install/examples_rclpy_minimal_action_server:/opt/ros/dashing /usr/bin/cmake --build /home/shiozaki/ros2/build/libcreate --target install -- -j4 -l4
[0.460s] [ 36%] Built target create
[0.506s] [ 45%] Built target packets
[0.513s] [ 63%] Built target wheeldrop
[0.513s] [ 63%] Built target play_song
[0.518s] [ 72%] Built target battery_level
[0.562s] [ 81%] Built target drive_circle
[0.563s] [ 90%] Built target leds
[0.572s] [100%] Built target bumpers
[0.596s] [36mInstall the project...[0m
[0.613s] -- Install configuration: ""
[0.614s] -- Up-to-date: /home/shiozaki/ros2/install/libcreate/lib/libcreate.so
[0.614s] -- Up-to-date: /home/shiozaki/ros2/install/libcreate/include
[0.614s] -- Up-to-date: /home/shiozaki/ros2/install/libcreate/include/create
[0.614s] -- Up-to-date: /home/shiozaki/ros2/install/libcreate/include/create/serial_stream.h
[0.615s] -- Up-to-date: /home/shiozaki/ros2/install/libcreate/include/create/types.h
[0.615s] -- Up-to-date: /home/shiozaki/ros2/install/libcreate/include/create/util.h
[0.615s] -- Up-to-date: /home/shiozaki/ros2/install/libcreate/include/create/data.h
[0.615s] -- Up-to-date: /home/shiozaki/ros2/install/libcreate/include/create/create.h
[0.615s] -- Up-to-date: /home/shiozaki/ros2/install/libcreate/include/create/serial.h
[0.616s] -- Up-to-date: /home/shiozaki/ros2/install/libcreate/include/create/serial_query.h
[0.616s] -- Up-to-date: /home/shiozaki/ros2/install/libcreate/include/create/packet.h
[0.616s] -- Up-to-date: /home/shiozaki/ros2/install/libcreate/lib/cmake/libcreate/libcreate-config.cmake
[0.616s] -- Up-to-date: /home/shiozaki/ros2/install/libcreate/lib/cmake/libcreate/libcreate-config-version.cmake
[0.616s] -- Up-to-date: /home/shiozaki/ros2/install/libcreate/lib/cmake/libcreate/libcreate-targets.cmake
[0.617s] -- Up-to-date: /home/shiozaki/ros2/install/libcreate/lib/cmake/libcreate/libcreate-targets-noconfig.cmake
[0.617s] -- Up-to-date: /home/shiozaki/ros2/install/libcreate/share/libcreate/package.xml
[0.650s] Invoked command in '/home/shiozaki/ros2/build/libcreate' returned '0': CMAKE_PREFIX_PATH=${CMAKE_PREFIX_PATH}:/home/shiozaki/ros2/install/examples_rclpy_topics:/home/shiozaki/ros2/install/examples_rclpy_services:/home/shiozaki/ros2/install/examples_rclpy_minimal_action_server:/opt/ros/dashing /usr/bin/cmake --build /home/shiozaki/ros2/build/libcreate --target install -- -j4 -l4
