[35m[1mScanning dependencies of target listener[0m
[ 10%] Built target client_sync
[ 20%] Built target talker_with_service
[ 30%] Built target talker_listener_composition
[ 35%] [32mBuilding CXX object CMakeFiles/listener.dir/src/listener.cpp.o[0m
[35m[1mScanning dependencies of target talker[0m
[ 45%] Built target talker_with_service_param
[ 55%] Built target listener_component
[ 60%] [32mBuilding CXX object CMakeFiles/talker.dir/src/talker.cpp.o[0m
[ 70%] Built target set_and_get_parameters
[ 80%] Built target talker_component
[ 90%] Built target client_async
In file included from [01m[K/opt/ros/dashing/include/rclcpp/client.hpp:39:0[m[K,
                 from [01m[K/opt/ros/dashing/include/rclcpp/callback_group.hpp:23[m[K,
                 from [01m[K/opt/ros/dashing/include/rclcpp/any_executable.hpp:20[m[K,
                 from [01m[K/opt/ros/dashing/include/rclcpp/memory_strategy.hpp:24[m[K,
                 from [01m[K/opt/ros/dashing/include/rclcpp/memory_strategies.hpp:18[m[K,
                 from [01m[K/opt/ros/dashing/include/rclcpp/executor.hpp:33[m[K,
                 from [01m[K/opt/ros/dashing/include/rclcpp/executors/multi_threaded_executor.hpp:24[m[K,
                 from [01m[K/opt/ros/dashing/include/rclcpp/executors.hpp:21[m[K,
                 from [01m[K/opt/ros/dashing/include/rclcpp/rclcpp.hpp:144[m[K,
                 from [01m[K/home/shiozaki/ros2/src/hello_world/src/listener.cpp:19[m[K:
[01m[K/home/shiozaki/ros2/src/hello_world/src/listener.cpp:[m[K In lambda function:
[01m[K/home/shiozaki/ros2/src/hello_world/src/listener.cpp:37:57:[m[K [01;31m[Kerror: [m[K‘[01m[Kusing _data_type = class std::vector<int> {aka class std::vector<int>}[m[K’ has no member named ‘[01m[Kc_str[m[K’
         RCLCPP_INFO(this->get_logger(), "%s", msg->data.[01;31m[Kc[m[K_str());
                                                         [01;31m[K^[m[K
[01m[K/opt/ros/dashing/include/rcutils/logging_macros.h:72:64:[m[K [01;36m[Knote: [m[Kin definition of macro ‘[01m[KRCUTILS_LOG_COND_NAMED[m[K’
       rcutils_log(&__rcutils_logging_location, severity, name, [01;36m[K__VA_ARGS__[m[K); \
                                                                [01;36m[K^~~~~~~~~~~[m[K
[01m[K/opt/ros/dashing/include/rclcpp/logging.hpp:218:5:[m[K [01;36m[Knote: [m[Kin expansion of macro ‘[01m[KRCUTILS_LOG_INFO_NAMED[m[K’
     [01;36m[KRCUTILS_LOG_INFO_NAMED[m[K( \
     [01;36m[K^~~~~~~~~~~~~~~~~~~~~~[m[K
[01m[K/opt/ros/dashing/include/rclcpp/logging.hpp:221:9:[m[K [01;36m[Knote: [m[Kin expansion of macro ‘[01m[KRCLCPP_ALL_BUT_FIRST_ARGS[m[K’
         [01;36m[KRCLCPP_ALL_BUT_FIRST_ARGS[m[K(__VA_ARGS__,"")); \
         [01;36m[K^~~~~~~~~~~~~~~~~~~~~~~~~[m[K
[01m[K/home/shiozaki/ros2/src/hello_world/src/listener.cpp:37:9:[m[K [01;36m[Knote: [m[Kin expansion of macro ‘[01m[KRCLCPP_INFO[m[K’
         [01;36m[KRCLCPP_INFO[m[K(this->get_logger(), "%s", msg->data.c_str());
         [01;36m[K^~~~~~~~~~~[m[K
[01m[K/home/shiozaki/ros2/src/hello_world/src/talker.cpp:[m[K In lambda function:
[01m[K/home/shiozaki/ros2/src/hello_world/src/talker.cpp:58:10:[m[K [01;31m[Kerror: [m[K‘[01m[Kclass std::unique_ptr<std_msgs::msg::Int32MultiArray_<std::allocator<void> >, std::default_delete<std_msgs::msg::Int32MultiArray_<std::allocator<void> > > >[m[K’ has no member named ‘[01m[Kheader[m[K’
  arr_msg.[01;31m[Kheader[m[K.frame_id = std::to_string(id);
          [01;31m[K^~~~~~[m[K
CMakeFiles/listener.dir/build.make:62: recipe for target 'CMakeFiles/listener.dir/src/listener.cpp.o' failed
make[2]: *** [CMakeFiles/listener.dir/src/listener.cpp.o] Error 1
CMakeFiles/Makefile2:67: recipe for target 'CMakeFiles/listener.dir/all' failed
make[1]: *** [CMakeFiles/listener.dir/all] Error 2
make[1]: *** 未完了のジョブを待っています....
CMakeFiles/talker.dir/build.make:62: recipe for target 'CMakeFiles/talker.dir/src/talker.cpp.o' failed
make[2]: *** [CMakeFiles/talker.dir/src/talker.cpp.o] Error 1
make[1]: *** [CMakeFiles/talker.dir/all] Error 2
CMakeFiles/Makefile2:284: recipe for target 'CMakeFiles/talker.dir/all' failed
Makefile:140: recipe for target 'all' failed
make: *** [all] Error 2
