[0.025s] Invoking command in '/home/shiozaki/ros2/build/hello_world': CMAKE_PREFIX_PATH=/home/shiozaki/ros2/install/hello_world_msgs:/home/shiozaki/ros2/install/libcreate:/home/shiozaki/ros2/install/hello_world:/home/shiozaki/ros2/install/fibonacci:/home/shiozaki/ros2/install/examples_rclpy_topics:/home/shiozaki/ros2/install/examples_rclpy_services:/home/shiozaki/ros2/install/examples_rclpy_minimal_action_server:/opt/ros/dashing LD_LIBRARY_PATH=/home/shiozaki/ros2/install/hello_world_msgs/lib:/home/shiozaki/ros2/install/libcreate/lib:/opt/ros/dashing/opt/yaml_cpp_vendor/lib:/opt/ros/dashing/opt/rviz_ogre_vendor/lib:/usr/lib:/opt/rti.com/rti_connext_dds-5.3.1/lib/x64Linux3gcc5.4.0:/opt/ros/dashing/lib /usr/bin/cmake --build /home/shiozaki/ros2/build/hello_world -- -j4 -l4
[0.132s] [ 10%] Built target listener
[0.136s] [ 20%] Built target talker_with_service
[0.140s] [ 30%] Built target talker_listener_composition
[0.144s] [ 40%] Built target client_sync
[0.174s] [35m[1mScanning dependencies of target talker[0m
[0.199s] [ 50%] Built target listener_component
[0.204s] [ 60%] Built target talker_with_service_param
[0.206s] [ 70%] Built target set_and_get_parameters
[0.226s] [ 75%] [32mBuilding CXX object CMakeFiles/talker.dir/src/talker.cpp.o[0m
[0.254s] [ 85%] Built target client_async
[0.260s] [ 95%] Built target talker_component
[1.258s] [01m[K/home/shiozaki/ros2/src/hello_world/src/talker.cpp:[m[K In lambda function:
[1.258s] [01m[K/home/shiozaki/ros2/src/hello_world/src/talker.cpp:55:109:[m[K [01;31m[Kerror: [m[Kinvalid use of non-static member function ‘[01m[Kconstexpr std::chrono::duration<_Rep, _Period>::rep std::chrono::duration<_Rep, _Period>::count() const [with _Rep = long int; _Period = std::ratio<1, 1000000000>; std::chrono::duration<_Rep, _Period>::rep = long int][m[K’
[1.258s]   auto duration_in_seconds = std::chrono::duration_cast<std::chrono::microseconds>(a.time_since_epoch().count[01;31m[K)[m[K;
[1.259s]                                                                                                              [01;31m[K^[m[K
[1.259s] In file included from [01m[K/home/shiozaki/ros2/src/hello_world/src/talker.cpp:15:0[m[K:
[1.259s] [01m[K/usr/include/c++/7/chrono:342:2:[m[K [01;36m[Knote: [m[Kdeclared here
[1.259s]   [01;36m[Kcount[m[K() const
[1.259s]   [01;36m[K^~~~~[m[K
[1.259s] [01m[K/home/shiozaki/ros2/src/hello_world/src/talker.cpp:59:40:[m[K [01;31m[Kerror: [m[K‘[01m[Kdutarion_in_seconds[m[K’ was not declared in this scope
[1.259s]   img->header.frame_id = std::to_string([01;31m[Kdutarion_in_seconds[m[K);
[1.259s]                                         [01;31m[K^~~~~~~~~~~~~~~~~~~[m[K
[1.685s] make[2]: *** [CMakeFiles/talker.dir/src/talker.cpp.o] Error 1
[1.685s] CMakeFiles/talker.dir/build.make:62: recipe for target 'CMakeFiles/talker.dir/src/talker.cpp.o' failed
[1.686s] CMakeFiles/Makefile2:284: recipe for target 'CMakeFiles/talker.dir/all' failed
[1.686s] make[1]: *** [CMakeFiles/talker.dir/all] Error 2
[1.686s] Makefile:140: recipe for target 'all' failed
[1.686s] make: *** [all] Error 2
[1.688s] Invoked command in '/home/shiozaki/ros2/build/hello_world' returned '2': CMAKE_PREFIX_PATH=/home/shiozaki/ros2/install/hello_world_msgs:/home/shiozaki/ros2/install/libcreate:/home/shiozaki/ros2/install/hello_world:/home/shiozaki/ros2/install/fibonacci:/home/shiozaki/ros2/install/examples_rclpy_topics:/home/shiozaki/ros2/install/examples_rclpy_services:/home/shiozaki/ros2/install/examples_rclpy_minimal_action_server:/opt/ros/dashing LD_LIBRARY_PATH=/home/shiozaki/ros2/install/hello_world_msgs/lib:/home/shiozaki/ros2/install/libcreate/lib:/opt/ros/dashing/opt/yaml_cpp_vendor/lib:/opt/ros/dashing/opt/rviz_ogre_vendor/lib:/usr/lib:/opt/rti.com/rti_connext_dds-5.3.1/lib/x64Linux3gcc5.4.0:/opt/ros/dashing/lib /usr/bin/cmake --build /home/shiozaki/ros2/build/hello_world -- -j4 -l4
