[0.032s] Invoking command in '/home/shiozaki/ros2/build/libcreate': CMAKE_PREFIX_PATH=${CMAKE_PREFIX_PATH}:/home/shiozaki/ros2/install/examples_rclpy_topics:/home/shiozaki/ros2/install/examples_rclpy_services:/home/shiozaki/ros2/install/examples_rclpy_minimal_action_server:/opt/ros/dashing /usr/bin/cmake --build /home/shiozaki/ros2/build/libcreate -- -j4 -l4
[0.195s] [ 36%] Built target create
[0.258s] [ 45%] Built target wheeldrop
[0.265s] [ 54%] Built target battery_level
[0.281s] [ 63%] Built target play_song
[0.299s] [ 72%] Built target packets
[0.334s] [ 81%] Built target drive_circle
[0.346s] [ 90%] Built target leds
[0.360s] [100%] Built target bumpers
[0.380s] Invoked command in '/home/shiozaki/ros2/build/libcreate' returned '0': CMAKE_PREFIX_PATH=${CMAKE_PREFIX_PATH}:/home/shiozaki/ros2/install/examples_rclpy_topics:/home/shiozaki/ros2/install/examples_rclpy_services:/home/shiozaki/ros2/install/examples_rclpy_minimal_action_server:/opt/ros/dashing /usr/bin/cmake --build /home/shiozaki/ros2/build/libcreate -- -j4 -l4
[0.463s] Invoking command in '/home/shiozaki/ros2/build/libcreate': CMAKE_PREFIX_PATH=${CMAKE_PREFIX_PATH}:/home/shiozaki/ros2/install/examples_rclpy_topics:/home/shiozaki/ros2/install/examples_rclpy_services:/home/shiozaki/ros2/install/examples_rclpy_minimal_action_server:/opt/ros/dashing /usr/bin/cmake --build /home/shiozaki/ros2/build/libcreate --target install -- -j4 -l4
[0.551s] [ 36%] Built target create
[0.619s] [ 45%] Built target packets
[0.639s] [ 54%] Built target play_song
[0.639s] [ 63%] Built target wheeldrop
[0.642s] [ 72%] Built target battery_level
[0.680s] [ 81%] Built target drive_circle
[0.683s] [ 90%] Built target bumpers
[0.686s] [100%] Built target leds
[0.712s] [36mInstall the project...[0m
[0.734s] -- Install configuration: ""
[0.738s] -- Up-to-date: /home/shiozaki/ros2/install/libcreate/lib/libcreate.so
[0.738s] -- Up-to-date: /home/shiozaki/ros2/install/libcreate/include
[0.738s] -- Up-to-date: /home/shiozaki/ros2/install/libcreate/include/create
[0.739s] -- Up-to-date: /home/shiozaki/ros2/install/libcreate/include/create/serial_stream.h
[0.739s] -- Up-to-date: /home/shiozaki/ros2/install/libcreate/include/create/types.h
[0.739s] -- Up-to-date: /home/shiozaki/ros2/install/libcreate/include/create/util.h
[0.739s] -- Up-to-date: /home/shiozaki/ros2/install/libcreate/include/create/data.h
[0.739s] -- Up-to-date: /home/shiozaki/ros2/install/libcreate/include/create/create.h
[0.739s] -- Up-to-date: /home/shiozaki/ros2/install/libcreate/include/create/serial.h
[0.739s] -- Up-to-date: /home/shiozaki/ros2/install/libcreate/include/create/serial_query.h
[0.740s] -- Up-to-date: /home/shiozaki/ros2/install/libcreate/include/create/packet.h
[0.740s] -- Up-to-date: /home/shiozaki/ros2/install/libcreate/lib/cmake/libcreate/libcreate-config.cmake
[0.742s] -- Up-to-date: /home/shiozaki/ros2/install/libcreate/lib/cmake/libcreate/libcreate-config-version.cmake
[0.742s] -- Up-to-date: /home/shiozaki/ros2/install/libcreate/lib/cmake/libcreate/libcreate-targets.cmake
[0.743s] -- Up-to-date: /home/shiozaki/ros2/install/libcreate/lib/cmake/libcreate/libcreate-targets-noconfig.cmake
[0.743s] -- Up-to-date: /home/shiozaki/ros2/install/libcreate/share/libcreate/package.xml
[0.755s] Invoked command in '/home/shiozaki/ros2/build/libcreate' returned '0': CMAKE_PREFIX_PATH=${CMAKE_PREFIX_PATH}:/home/shiozaki/ros2/install/examples_rclpy_topics:/home/shiozaki/ros2/install/examples_rclpy_services:/home/shiozaki/ros2/install/examples_rclpy_minimal_action_server:/opt/ros/dashing /usr/bin/cmake --build /home/shiozaki/ros2/build/libcreate --target install -- -j4 -l4
