[0.063s] Invoking command in '/home/shiozaki/ros2/build/libcreate': CMAKE_PREFIX_PATH=${CMAKE_PREFIX_PATH}:/home/shiozaki/ros2/install/examples_rclpy_topics:/home/shiozaki/ros2/install/examples_rclpy_services:/home/shiozaki/ros2/install/examples_rclpy_minimal_action_server:/opt/ros/dashing /usr/bin/cmake --build /home/shiozaki/ros2/build/libcreate -- -j4 -l4
[0.157s] [ 36%] Built target create
[0.218s] [ 45%] Built target packets
[0.224s] [ 54%] Built target battery_level
[0.225s] [ 63%] Built target wheeldrop
[0.233s] [ 72%] Built target play_song
[0.267s] [ 81%] Built target drive_circle
[0.271s] [ 90%] Built target leds
[0.280s] [100%] Built target bumpers
[0.294s] Invoked command in '/home/shiozaki/ros2/build/libcreate' returned '0': CMAKE_PREFIX_PATH=${CMAKE_PREFIX_PATH}:/home/shiozaki/ros2/install/examples_rclpy_topics:/home/shiozaki/ros2/install/examples_rclpy_services:/home/shiozaki/ros2/install/examples_rclpy_minimal_action_server:/opt/ros/dashing /usr/bin/cmake --build /home/shiozaki/ros2/build/libcreate -- -j4 -l4
[0.379s] Invoking command in '/home/shiozaki/ros2/build/libcreate': CMAKE_PREFIX_PATH=${CMAKE_PREFIX_PATH}:/home/shiozaki/ros2/install/examples_rclpy_topics:/home/shiozaki/ros2/install/examples_rclpy_services:/home/shiozaki/ros2/install/examples_rclpy_minimal_action_server:/opt/ros/dashing /usr/bin/cmake --build /home/shiozaki/ros2/build/libcreate --target install -- -j4 -l4
[0.474s] [ 36%] Built target create
[0.517s] [ 45%] Built target play_song
[0.520s] [ 54%] Built target wheeldrop
[0.523s] [ 63%] Built target packets
[0.533s] [ 72%] Built target battery_level
[0.571s] [ 81%] Built target drive_circle
[0.580s] [ 90%] Built target bumpers
[0.581s] [100%] Built target leds
[0.605s] [36mInstall the project...[0m
[0.622s] -- Install configuration: ""
[0.623s] -- Up-to-date: /home/shiozaki/ros2/install/libcreate/lib/libcreate.so
[0.626s] -- Up-to-date: /home/shiozaki/ros2/install/libcreate/include
[0.626s] -- Up-to-date: /home/shiozaki/ros2/install/libcreate/include/create
[0.626s] -- Up-to-date: /home/shiozaki/ros2/install/libcreate/include/create/serial_stream.h
[0.627s] -- Up-to-date: /home/shiozaki/ros2/install/libcreate/include/create/types.h
[0.627s] -- Up-to-date: /home/shiozaki/ros2/install/libcreate/include/create/util.h
[0.627s] -- Up-to-date: /home/shiozaki/ros2/install/libcreate/include/create/data.h
[0.627s] -- Up-to-date: /home/shiozaki/ros2/install/libcreate/include/create/create.h
[0.627s] -- Up-to-date: /home/shiozaki/ros2/install/libcreate/include/create/serial.h
[0.627s] -- Up-to-date: /home/shiozaki/ros2/install/libcreate/include/create/serial_query.h
[0.628s] -- Up-to-date: /home/shiozaki/ros2/install/libcreate/include/create/packet.h
[0.628s] -- Up-to-date: /home/shiozaki/ros2/install/libcreate/lib/cmake/libcreate/libcreate-config.cmake
[0.628s] -- Up-to-date: /home/shiozaki/ros2/install/libcreate/lib/cmake/libcreate/libcreate-config-version.cmake
[0.628s] -- Up-to-date: /home/shiozaki/ros2/install/libcreate/lib/cmake/libcreate/libcreate-targets.cmake
[0.629s] -- Up-to-date: /home/shiozaki/ros2/install/libcreate/lib/cmake/libcreate/libcreate-targets-noconfig.cmake
[0.629s] -- Up-to-date: /home/shiozaki/ros2/install/libcreate/share/libcreate/package.xml
[0.663s] Invoked command in '/home/shiozaki/ros2/build/libcreate' returned '0': CMAKE_PREFIX_PATH=${CMAKE_PREFIX_PATH}:/home/shiozaki/ros2/install/examples_rclpy_topics:/home/shiozaki/ros2/install/examples_rclpy_services:/home/shiozaki/ros2/install/examples_rclpy_minimal_action_server:/opt/ros/dashing /usr/bin/cmake --build /home/shiozaki/ros2/build/libcreate --target install -- -j4 -l4
