[0.075s] Invoking command in '/home/shiozaki/ros2/build/libcreate': CMAKE_PREFIX_PATH=${CMAKE_PREFIX_PATH}:/home/shiozaki/ros2/install/examples_rclpy_topics:/home/shiozaki/ros2/install/examples_rclpy_services:/home/shiozaki/ros2/install/examples_rclpy_minimal_action_server:/opt/ros/dashing /usr/bin/cmake --build /home/shiozaki/ros2/build/libcreate -- -j4 -l4
[0.177s] [ 36%] Built target create
[0.222s] [ 45%] Built target play_song
[0.228s] [ 54%] Built target battery_level
[0.237s] [ 63%] Built target wheeldrop
[0.239s] [ 72%] Built target packets
[0.274s] [ 81%] Built target drive_circle
[0.279s] [ 90%] Built target bumpers
[0.280s] [100%] Built target leds
[0.299s] Invoked command in '/home/shiozaki/ros2/build/libcreate' returned '0': CMAKE_PREFIX_PATH=${CMAKE_PREFIX_PATH}:/home/shiozaki/ros2/install/examples_rclpy_topics:/home/shiozaki/ros2/install/examples_rclpy_services:/home/shiozaki/ros2/install/examples_rclpy_minimal_action_server:/opt/ros/dashing /usr/bin/cmake --build /home/shiozaki/ros2/build/libcreate -- -j4 -l4
[0.416s] Invoking command in '/home/shiozaki/ros2/build/libcreate': CMAKE_PREFIX_PATH=${CMAKE_PREFIX_PATH}:/home/shiozaki/ros2/install/examples_rclpy_topics:/home/shiozaki/ros2/install/examples_rclpy_services:/home/shiozaki/ros2/install/examples_rclpy_minimal_action_server:/opt/ros/dashing /usr/bin/cmake --build /home/shiozaki/ros2/build/libcreate --target install -- -j4 -l4
[0.498s] [ 36%] Built target create
[0.556s] [ 45%] Built target packets
[0.561s] [ 54%] Built target play_song
[0.563s] [ 63%] Built target wheeldrop
[0.575s] [ 72%] Built target battery_level
[0.606s] [ 81%] Built target bumpers
[0.614s] [ 90%] Built target drive_circle
[0.618s] [100%] Built target leds
[0.646s] [36mInstall the project...[0m
[0.656s] -- Install configuration: ""
[0.657s] -- Up-to-date: /home/shiozaki/ros2/install/libcreate/lib/libcreate.so
[0.658s] -- Up-to-date: /home/shiozaki/ros2/install/libcreate/include
[0.659s] -- Up-to-date: /home/shiozaki/ros2/install/libcreate/include/create
[0.660s] -- Up-to-date: /home/shiozaki/ros2/install/libcreate/include/create/serial_stream.h
[0.660s] -- Up-to-date: /home/shiozaki/ros2/install/libcreate/include/create/types.h
[0.661s] -- Up-to-date: /home/shiozaki/ros2/install/libcreate/include/create/util.h
[0.661s] -- Up-to-date: /home/shiozaki/ros2/install/libcreate/include/create/data.h
[0.666s] -- Up-to-date: /home/shiozaki/ros2/install/libcreate/include/create/create.h
[0.666s] -- Up-to-date: /home/shiozaki/ros2/install/libcreate/include/create/serial.h
[0.666s] -- Up-to-date: /home/shiozaki/ros2/install/libcreate/include/create/serial_query.h
[0.667s] -- Up-to-date: /home/shiozaki/ros2/install/libcreate/include/create/packet.h
[0.667s] -- Up-to-date: /home/shiozaki/ros2/install/libcreate/lib/cmake/libcreate/libcreate-config.cmake
[0.667s] -- Up-to-date: /home/shiozaki/ros2/install/libcreate/lib/cmake/libcreate/libcreate-config-version.cmake
[0.668s] -- Up-to-date: /home/shiozaki/ros2/install/libcreate/lib/cmake/libcreate/libcreate-targets.cmake
[0.668s] -- Up-to-date: /home/shiozaki/ros2/install/libcreate/lib/cmake/libcreate/libcreate-targets-noconfig.cmake
[0.668s] -- Up-to-date: /home/shiozaki/ros2/install/libcreate/share/libcreate/package.xml
[0.677s] Invoked command in '/home/shiozaki/ros2/build/libcreate' returned '0': CMAKE_PREFIX_PATH=${CMAKE_PREFIX_PATH}:/home/shiozaki/ros2/install/examples_rclpy_topics:/home/shiozaki/ros2/install/examples_rclpy_services:/home/shiozaki/ros2/install/examples_rclpy_minimal_action_server:/opt/ros/dashing /usr/bin/cmake --build /home/shiozaki/ros2/build/libcreate --target install -- -j4 -l4
