[0.070s] Invoking command in '/home/shiozaki/ros2/build/libcreate': CMAKE_PREFIX_PATH=${CMAKE_PREFIX_PATH}:/home/shiozaki/ros2/install/examples_rclpy_topics:/home/shiozaki/ros2/install/examples_rclpy_services:/home/shiozaki/ros2/install/examples_rclpy_minimal_action_server:/opt/ros/dashing /usr/bin/cmake --build /home/shiozaki/ros2/build/libcreate -- -j4 -l4
[0.171s] [ 36%] Built target create
[0.215s] [ 45%] Built target packets
[0.221s] [ 54%] Built target battery_level
[0.229s] [ 63%] Built target play_song
[0.233s] [ 72%] Built target wheeldrop
[0.269s] [ 81%] Built target leds
[0.272s] [ 90%] Built target bumpers
[0.273s] [100%] Built target drive_circle
[0.288s] Invoked command in '/home/shiozaki/ros2/build/libcreate' returned '0': CMAKE_PREFIX_PATH=${CMAKE_PREFIX_PATH}:/home/shiozaki/ros2/install/examples_rclpy_topics:/home/shiozaki/ros2/install/examples_rclpy_services:/home/shiozaki/ros2/install/examples_rclpy_minimal_action_server:/opt/ros/dashing /usr/bin/cmake --build /home/shiozaki/ros2/build/libcreate -- -j4 -l4
[0.355s] Invoking command in '/home/shiozaki/ros2/build/libcreate': CMAKE_PREFIX_PATH=${CMAKE_PREFIX_PATH}:/home/shiozaki/ros2/install/examples_rclpy_topics:/home/shiozaki/ros2/install/examples_rclpy_services:/home/shiozaki/ros2/install/examples_rclpy_minimal_action_server:/opt/ros/dashing /usr/bin/cmake --build /home/shiozaki/ros2/build/libcreate --target install -- -j4 -l4
[0.453s] [ 36%] Built target create
[0.502s] [ 45%] Built target play_song
[0.503s] [ 54%] Built target battery_level
[0.506s] [ 63%] Built target packets
[0.509s] [ 72%] Built target wheeldrop
[0.557s] [ 81%] Built target leds
[0.557s] [ 90%] Built target drive_circle
[0.564s] [100%] Built target bumpers
[0.592s] [36mInstall the project...[0m
[0.608s] -- Install configuration: ""
[0.608s] -- Up-to-date: /home/shiozaki/ros2/install/libcreate/lib/libcreate.so
[0.609s] -- Up-to-date: /home/shiozaki/ros2/install/libcreate/include
[0.609s] -- Up-to-date: /home/shiozaki/ros2/install/libcreate/include/create
[0.609s] -- Up-to-date: /home/shiozaki/ros2/install/libcreate/include/create/serial_stream.h
[0.609s] -- Up-to-date: /home/shiozaki/ros2/install/libcreate/include/create/types.h
[0.609s] -- Up-to-date: /home/shiozaki/ros2/install/libcreate/include/create/util.h
[0.609s] -- Up-to-date: /home/shiozaki/ros2/install/libcreate/include/create/data.h
[0.609s] -- Up-to-date: /home/shiozaki/ros2/install/libcreate/include/create/create.h
[0.609s] -- Up-to-date: /home/shiozaki/ros2/install/libcreate/include/create/serial.h
[0.610s] -- Up-to-date: /home/shiozaki/ros2/install/libcreate/include/create/serial_query.h
[0.610s] -- Up-to-date: /home/shiozaki/ros2/install/libcreate/include/create/packet.h
[0.610s] -- Up-to-date: /home/shiozaki/ros2/install/libcreate/lib/cmake/libcreate/libcreate-config.cmake
[0.610s] -- Up-to-date: /home/shiozaki/ros2/install/libcreate/lib/cmake/libcreate/libcreate-config-version.cmake
[0.610s] -- Up-to-date: /home/shiozaki/ros2/install/libcreate/lib/cmake/libcreate/libcreate-targets.cmake
[0.610s] -- Up-to-date: /home/shiozaki/ros2/install/libcreate/lib/cmake/libcreate/libcreate-targets-noconfig.cmake
[0.610s] -- Up-to-date: /home/shiozaki/ros2/install/libcreate/share/libcreate/package.xml
[0.617s] Invoked command in '/home/shiozaki/ros2/build/libcreate' returned '0': CMAKE_PREFIX_PATH=${CMAKE_PREFIX_PATH}:/home/shiozaki/ros2/install/examples_rclpy_topics:/home/shiozaki/ros2/install/examples_rclpy_services:/home/shiozaki/ros2/install/examples_rclpy_minimal_action_server:/opt/ros/dashing /usr/bin/cmake --build /home/shiozaki/ros2/build/libcreate --target install -- -j4 -l4
