[0.049s] Invoking command in '/home/shiozaki/ros2/build/libcreate': CMAKE_PREFIX_PATH=${CMAKE_PREFIX_PATH}:/home/shiozaki/ros2/install/examples_rclpy_topics:/home/shiozaki/ros2/install/examples_rclpy_services:/home/shiozaki/ros2/install/examples_rclpy_minimal_action_server:/opt/ros/dashing /usr/bin/cmake --build /home/shiozaki/ros2/build/libcreate -- -j4 -l4
[0.176s] [ 36%] Built target create
[0.221s] [ 45%] Built target wheeldrop
[0.224s] [ 63%] Built target play_song
[0.224s] [ 63%] Built target battery_level
[0.228s] [ 72%] Built target packets
[0.267s] [ 81%] Built target drive_circle
[0.267s] [ 90%] Built target leds
[0.268s] [100%] Built target bumpers
[0.282s] Invoked command in '/home/shiozaki/ros2/build/libcreate' returned '0': CMAKE_PREFIX_PATH=${CMAKE_PREFIX_PATH}:/home/shiozaki/ros2/install/examples_rclpy_topics:/home/shiozaki/ros2/install/examples_rclpy_services:/home/shiozaki/ros2/install/examples_rclpy_minimal_action_server:/opt/ros/dashing /usr/bin/cmake --build /home/shiozaki/ros2/build/libcreate -- -j4 -l4
[0.384s] Invoking command in '/home/shiozaki/ros2/build/libcreate': CMAKE_PREFIX_PATH=${CMAKE_PREFIX_PATH}:/home/shiozaki/ros2/install/examples_rclpy_topics:/home/shiozaki/ros2/install/examples_rclpy_services:/home/shiozaki/ros2/install/examples_rclpy_minimal_action_server:/opt/ros/dashing /usr/bin/cmake --build /home/shiozaki/ros2/build/libcreate --target install -- -j4 -l4
[0.475s] [ 36%] Built target create
[0.528s] [ 45%] Built target play_song
[0.529s] [ 54%] Built target battery_level
[0.529s] [ 63%] Built target packets
[0.544s] [ 72%] Built target wheeldrop
[0.573s] [ 90%] Built target leds
[0.573s] [ 90%] Built target drive_circle
[0.583s] [100%] Built target bumpers
[0.611s] [36mInstall the project...[0m
[0.625s] -- Install configuration: ""
[0.625s] -- Up-to-date: /home/shiozaki/ros2/install/libcreate/lib/libcreate.so
[0.625s] -- Up-to-date: /home/shiozaki/ros2/install/libcreate/include
[0.631s] -- Up-to-date: /home/shiozaki/ros2/install/libcreate/include/create
[0.632s] -- Up-to-date: /home/shiozaki/ros2/install/libcreate/include/create/serial_stream.h
[0.632s] -- Up-to-date: /home/shiozaki/ros2/install/libcreate/include/create/types.h
[0.632s] -- Up-to-date: /home/shiozaki/ros2/install/libcreate/include/create/util.h
[0.633s] -- Up-to-date: /home/shiozaki/ros2/install/libcreate/include/create/data.h
[0.633s] -- Up-to-date: /home/shiozaki/ros2/install/libcreate/include/create/create.h
[0.633s] -- Up-to-date: /home/shiozaki/ros2/install/libcreate/include/create/serial.h
[0.633s] -- Up-to-date: /home/shiozaki/ros2/install/libcreate/include/create/serial_query.h
[0.633s] -- Up-to-date: /home/shiozaki/ros2/install/libcreate/include/create/packet.h
[0.633s] -- Up-to-date: /home/shiozaki/ros2/install/libcreate/lib/cmake/libcreate/libcreate-config.cmake
[0.633s] -- Up-to-date: /home/shiozaki/ros2/install/libcreate/lib/cmake/libcreate/libcreate-config-version.cmake
[0.634s] -- Up-to-date: /home/shiozaki/ros2/install/libcreate/lib/cmake/libcreate/libcreate-targets.cmake
[0.634s] -- Up-to-date: /home/shiozaki/ros2/install/libcreate/lib/cmake/libcreate/libcreate-targets-noconfig.cmake
[0.634s] -- Up-to-date: /home/shiozaki/ros2/install/libcreate/share/libcreate/package.xml
[0.643s] Invoked command in '/home/shiozaki/ros2/build/libcreate' returned '0': CMAKE_PREFIX_PATH=${CMAKE_PREFIX_PATH}:/home/shiozaki/ros2/install/examples_rclpy_topics:/home/shiozaki/ros2/install/examples_rclpy_services:/home/shiozaki/ros2/install/examples_rclpy_minimal_action_server:/opt/ros/dashing /usr/bin/cmake --build /home/shiozaki/ros2/build/libcreate --target install -- -j4 -l4
