running egg_info
creating /home/shiozaki/ros2/build/examples_rclpy_topics/examples_rclpy_topics.egg-info
writing /home/shiozaki/ros2/build/examples_rclpy_topics/examples_rclpy_topics.egg-info/PKG-INFO
writing dependency_links to /home/shiozaki/ros2/build/examples_rclpy_topics/examples_rclpy_topics.egg-info/dependency_links.txt
writing entry points to /home/shiozaki/ros2/build/examples_rclpy_topics/examples_rclpy_topics.egg-info/entry_points.txt
writing requirements to /home/shiozaki/ros2/build/examples_rclpy_topics/examples_rclpy_topics.egg-info/requires.txt
writing top-level names to /home/shiozaki/ros2/build/examples_rclpy_topics/examples_rclpy_topics.egg-info/top_level.txt
writing manifest file '/home/shiozaki/ros2/build/examples_rclpy_topics/examples_rclpy_topics.egg-info/SOURCES.txt'
reading manifest file '/home/shiozaki/ros2/build/examples_rclpy_topics/examples_rclpy_topics.egg-info/SOURCES.txt'
writing manifest file '/home/shiozaki/ros2/build/examples_rclpy_topics/examples_rclpy_topics.egg-info/SOURCES.txt'
running build
running build_py
creating /home/shiozaki/ros2/build/examples_rclpy_topics/build
creating /home/shiozaki/ros2/build/examples_rclpy_topics/build/lib
creating /home/shiozaki/ros2/build/examples_rclpy_topics/build/lib/examples_rclpy_topics
copying examples_rclpy_topics/__init__.py -> /home/shiozaki/ros2/build/examples_rclpy_topics/build/lib/examples_rclpy_topics
copying examples_rclpy_topics/subscriber.py -> /home/shiozaki/ros2/build/examples_rclpy_topics/build/lib/examples_rclpy_topics
copying examples_rclpy_topics/publisher.py -> /home/shiozaki/ros2/build/examples_rclpy_topics/build/lib/examples_rclpy_topics
running install
running install_lib
creating /home/shiozaki/ros2/install/examples_rclpy_topics/lib/python3.6/site-packages/examples_rclpy_topics
copying /home/shiozaki/ros2/build/examples_rclpy_topics/build/lib/examples_rclpy_topics/__init__.py -> /home/shiozaki/ros2/install/examples_rclpy_topics/lib/python3.6/site-packages/examples_rclpy_topics
copying /home/shiozaki/ros2/build/examples_rclpy_topics/build/lib/examples_rclpy_topics/subscriber.py -> /home/shiozaki/ros2/install/examples_rclpy_topics/lib/python3.6/site-packages/examples_rclpy_topics
copying /home/shiozaki/ros2/build/examples_rclpy_topics/build/lib/examples_rclpy_topics/publisher.py -> /home/shiozaki/ros2/install/examples_rclpy_topics/lib/python3.6/site-packages/examples_rclpy_topics
byte-compiling /home/shiozaki/ros2/install/examples_rclpy_topics/lib/python3.6/site-packages/examples_rclpy_topics/__init__.py to __init__.cpython-36.pyc
byte-compiling /home/shiozaki/ros2/install/examples_rclpy_topics/lib/python3.6/site-packages/examples_rclpy_topics/subscriber.py to subscriber.cpython-36.pyc
byte-compiling /home/shiozaki/ros2/install/examples_rclpy_topics/lib/python3.6/site-packages/examples_rclpy_topics/publisher.py to publisher.cpython-36.pyc
running install_data
creating /home/shiozaki/ros2/install/examples_rclpy_topics/share/ament_index
creating /home/shiozaki/ros2/install/examples_rclpy_topics/share/ament_index/resource_index
creating /home/shiozaki/ros2/install/examples_rclpy_topics/share/ament_index/resource_index/packages
copying resource/examples_rclpy_topics -> /home/shiozaki/ros2/install/examples_rclpy_topics/share/ament_index/resource_index/packages
copying package.xml -> /home/shiozaki/ros2/install/examples_rclpy_topics/share/examples_rclpy_topics
running install_egg_info
Copying /home/shiozaki/ros2/build/examples_rclpy_topics/examples_rclpy_topics.egg-info to /home/shiozaki/ros2/install/examples_rclpy_topics/lib/python3.6/site-packages/examples_rclpy_topics-0.6.3-py3.6.egg-info
running install_scripts
Installing publisher script to /home/shiozaki/ros2/install/examples_rclpy_topics/lib/examples_rclpy_topics
Installing subscriber script to /home/shiozaki/ros2/install/examples_rclpy_topics/lib/examples_rclpy_topics
writing list of installed files to '/home/shiozaki/ros2/build/examples_rclpy_topics/install.log'
