[0.062s] Invoking command in '/home/shiozaki/ros2/build/libcreate': CMAKE_PREFIX_PATH=${CMAKE_PREFIX_PATH}:/home/shiozaki/ros2/install/examples_rclpy_topics:/home/shiozaki/ros2/install/examples_rclpy_services:/home/shiozaki/ros2/install/examples_rclpy_minimal_action_server:/opt/ros/dashing /usr/bin/cmake --build /home/shiozaki/ros2/build/libcreate -- -j4 -l4
[0.150s] [ 36%] Built target create
[0.192s] [ 45%] Built target play_song
[0.193s] [ 54%] Built target wheeldrop
[0.211s] [ 63%] Built target battery_level
[0.232s] [ 72%] Built target packets
[0.240s] [ 81%] Built target leds
[0.241s] [ 90%] Built target drive_circle
[0.257s] [100%] Built target bumpers
[0.272s] Invoked command in '/home/shiozaki/ros2/build/libcreate' returned '0': CMAKE_PREFIX_PATH=${CMAKE_PREFIX_PATH}:/home/shiozaki/ros2/install/examples_rclpy_topics:/home/shiozaki/ros2/install/examples_rclpy_services:/home/shiozaki/ros2/install/examples_rclpy_minimal_action_server:/opt/ros/dashing /usr/bin/cmake --build /home/shiozaki/ros2/build/libcreate -- -j4 -l4
[0.350s] Invoking command in '/home/shiozaki/ros2/build/libcreate': CMAKE_PREFIX_PATH=${CMAKE_PREFIX_PATH}:/home/shiozaki/ros2/install/examples_rclpy_topics:/home/shiozaki/ros2/install/examples_rclpy_services:/home/shiozaki/ros2/install/examples_rclpy_minimal_action_server:/opt/ros/dashing /usr/bin/cmake --build /home/shiozaki/ros2/build/libcreate --target install -- -j4 -l4
[0.441s] [ 36%] Built target create
[0.490s] [ 45%] Built target wheeldrop
[0.494s] [ 54%] Built target battery_level
[0.496s] [ 63%] Built target packets
[0.514s] [ 72%] Built target play_song
[0.543s] [ 81%] Built target bumpers
[0.548s] [ 90%] Built target drive_circle
[0.549s] [100%] Built target leds
[0.575s] [36mInstall the project...[0m
[0.586s] -- Install configuration: ""
[0.587s] -- Up-to-date: /home/shiozaki/ros2/install/libcreate/lib/libcreate.so
[0.588s] -- Up-to-date: /home/shiozaki/ros2/install/libcreate/include
[0.588s] -- Up-to-date: /home/shiozaki/ros2/install/libcreate/include/create
[0.588s] -- Up-to-date: /home/shiozaki/ros2/install/libcreate/include/create/serial_stream.h
[0.589s] -- Up-to-date: /home/shiozaki/ros2/install/libcreate/include/create/types.h
[0.589s] -- Up-to-date: /home/shiozaki/ros2/install/libcreate/include/create/util.h
[0.589s] -- Up-to-date: /home/shiozaki/ros2/install/libcreate/include/create/data.h
[0.590s] -- Up-to-date: /home/shiozaki/ros2/install/libcreate/include/create/create.h
[0.590s] -- Up-to-date: /home/shiozaki/ros2/install/libcreate/include/create/serial.h
[0.590s] -- Up-to-date: /home/shiozaki/ros2/install/libcreate/include/create/serial_query.h
[0.590s] -- Up-to-date: /home/shiozaki/ros2/install/libcreate/include/create/packet.h
[0.590s] -- Up-to-date: /home/shiozaki/ros2/install/libcreate/lib/cmake/libcreate/libcreate-config.cmake
[0.591s] -- Up-to-date: /home/shiozaki/ros2/install/libcreate/lib/cmake/libcreate/libcreate-config-version.cmake
[0.591s] -- Up-to-date: /home/shiozaki/ros2/install/libcreate/lib/cmake/libcreate/libcreate-targets.cmake
[0.591s] -- Up-to-date: /home/shiozaki/ros2/install/libcreate/lib/cmake/libcreate/libcreate-targets-noconfig.cmake
[0.592s] -- Up-to-date: /home/shiozaki/ros2/install/libcreate/share/libcreate/package.xml
[0.619s] Invoked command in '/home/shiozaki/ros2/build/libcreate' returned '0': CMAKE_PREFIX_PATH=${CMAKE_PREFIX_PATH}:/home/shiozaki/ros2/install/examples_rclpy_topics:/home/shiozaki/ros2/install/examples_rclpy_services:/home/shiozaki/ros2/install/examples_rclpy_minimal_action_server:/opt/ros/dashing /usr/bin/cmake --build /home/shiozaki/ros2/build/libcreate --target install -- -j4 -l4
