[01m[K/home/shiozaki/ros2/src/hello_world/src/talker.cpp:[m[K In lambda function:
[01m[K/home/shiozaki/ros2/src/hello_world/src/talker.cpp:44:58:[m[K [01;31m[Kerror: [m[Kno matching function for call to ‘[01m[Kto_string(std::chrono::time_point<std::chrono::_V2::steady_clock, std::chrono::duration<long int, std::ratio<1, 1000000000> > >&)[m[K’
         msg->data = "Hello world!" + std::to_string(start[01;31m[K)[m[K;
                                                          [01;31m[K^[m[K
In file included from [01m[K/opt/ros/dashing/include/rclcpp/node_interfaces/node_parameters_interface.hpp:27:0[m[K,
                 from [01m[K/opt/ros/dashing/include/rclcpp/node.hpp:49[m[K,
                 from [01m[K/opt/ros/dashing/include/rclcpp/executors/single_threaded_executor.hpp:28[m[K,
                 from [01m[K/opt/ros/dashing/include/rclcpp/executors.hpp:22[m[K,
                 from [01m[K/opt/ros/dashing/include/rclcpp/rclcpp.hpp:144[m[K,
                 from [01m[K/home/shiozaki/ros2/src/hello_world/src/talker.cpp:19[m[K:
[01m[K/opt/ros/dashing/include/rclcpp/parameter.hpp:236:1:[m[K [01;36m[Knote: [m[Kcandidate: std::__cxx11::string std::to_string(const rclcpp::Parameter&)
 [01;36m[Kto_string[m[K(const rclcpp::Parameter & param);
 [01;36m[K^~~~~~~~~[m[K
[01m[K/opt/ros/dashing/include/rclcpp/parameter.hpp:236:1:[m[K [01;36m[Knote: [m[K  no known conversion for argument 1 from ‘[01m[Kstd::chrono::time_point<std::chrono::_V2::steady_clock, std::chrono::duration<long int, std::ratio<1, 1000000000> > >[m[K’ to ‘[01m[Kconst rclcpp::Parameter&[m[K’
[01m[K/opt/ros/dashing/include/rclcpp/parameter.hpp:241:1:[m[K [01;36m[Knote: [m[Kcandidate: std::__cxx11::string std::to_string(const std::vector<rclcpp::Parameter>&)
 [01;36m[Kto_string[m[K(const std::vector<rclcpp::Parameter> & parameters);
 [01;36m[K^~~~~~~~~[m[K
[01m[K/opt/ros/dashing/include/rclcpp/parameter.hpp:241:1:[m[K [01;36m[Knote: [m[K  no known conversion for argument 1 from ‘[01m[Kstd::chrono::time_point<std::chrono::_V2::steady_clock, std::chrono::duration<long int, std::ratio<1, 1000000000> > >[m[K’ to ‘[01m[Kconst std::vector<rclcpp::Parameter>&[m[K’
In file included from [01m[K/usr/include/c++/7/string:52:0[m[K,
                 from [01m[K/usr/include/c++/7/stdexcept:39[m[K,
                 from [01m[K/usr/include/c++/7/array:39[m[K,
                 from [01m[K/usr/include/c++/7/tuple:39[m[K,
                 from [01m[K/usr/include/c++/7/bits/unique_ptr.h:37[m[K,
                 from [01m[K/usr/include/c++/7/memory:80[m[K,
                 from [01m[K/home/shiozaki/ros2/src/hello_world/src/talker.cpp:17[m[K:
[01m[K/usr/include/c++/7/bits/basic_string.h:6466:3:[m[K [01;36m[Knote: [m[Kcandidate: std::__cxx11::string std::__cxx11::to_string(long double)
   [01;36m[Kto_string[m[K(long double __val)
   [01;36m[K^~~~~~~~~[m[K
[01m[K/usr/include/c++/7/bits/basic_string.h:6466:3:[m[K [01;36m[Knote: [m[K  no known conversion for argument 1 from ‘[01m[Kstd::chrono::time_point<std::chrono::_V2::steady_clock, std::chrono::duration<long int, std::ratio<1, 1000000000> > >[m[K’ to ‘[01m[Klong double[m[K’
[01m[K/usr/include/c++/7/bits/basic_string.h:6457:3:[m[K [01;36m[Knote: [m[Kcandidate: std::__cxx11::string std::__cxx11::to_string(double)
   [01;36m[Kto_string[m[K(double __val)
   [01;36m[K^~~~~~~~~[m[K
[01m[K/usr/include/c++/7/bits/basic_string.h:6457:3:[m[K [01;36m[Knote: [m[K  no known conversion for argument 1 from ‘[01m[Kstd::chrono::time_point<std::chrono::_V2::steady_clock, std::chrono::duration<long int, std::ratio<1, 1000000000> > >[m[K’ to ‘[01m[Kdouble[m[K’
[01m[K/usr/include/c++/7/bits/basic_string.h:6448:3:[m[K [01;36m[Knote: [m[Kcandidate: std::__cxx11::string std::__cxx11::to_string(float)
   [01;36m[Kto_string[m[K(float __val)
   [01;36m[K^~~~~~~~~[m[K
[01m[K/usr/include/c++/7/bits/basic_string.h:6448:3:[m[K [01;36m[Knote: [m[K  no known conversion for argument 1 from ‘[01m[Kstd::chrono::time_point<std::chrono::_V2::steady_clock, std::chrono::duration<long int, std::ratio<1, 1000000000> > >[m[K’ to ‘[01m[Kfloat[m[K’
[01m[K/usr/include/c++/7/bits/basic_string.h:6442:3:[m[K [01;36m[Knote: [m[Kcandidate: std::__cxx11::string std::__cxx11::to_string(long long unsigned int)
   [01;36m[Kto_string[m[K(unsigned long long __val)
   [01;36m[K^~~~~~~~~[m[K
[01m[K/usr/include/c++/7/bits/basic_string.h:6442:3:[m[K [01;36m[Knote: [m[K  no known conversion for argument 1 from ‘[01m[Kstd::chrono::time_point<std::chrono::_V2::steady_clock, std::chrono::duration<long int, std::ratio<1, 1000000000> > >[m[K’ to ‘[01m[Klong long unsigned int[m[K’
[01m[K/usr/include/c++/7/bits/basic_string.h:6436:3:[m[K [01;36m[Knote: [m[Kcandidate: std::__cxx11::string std::__cxx11::to_string(long long int)
   [01;36m[Kto_string[m[K(long long __val)
   [01;36m[K^~~~~~~~~[m[K
[01m[K/usr/include/c++/7/bits/basic_string.h:6436:3:[m[K [01;36m[Knote: [m[K  no known conversion for argument 1 from ‘[01m[Kstd::chrono::time_point<std::chrono::_V2::steady_clock, std::chrono::duration<long int, std::ratio<1, 1000000000> > >[m[K’ to ‘[01m[Klong long int[m[K’
[01m[K/usr/include/c++/7/bits/basic_string.h:6430:3:[m[K [01;36m[Knote: [m[Kcandidate: std::__cxx11::string std::__cxx11::to_string(long unsigned int)
   [01;36m[Kto_string[m[K(unsigned long __val)
   [01;36m[K^~~~~~~~~[m[K
[01m[K/usr/include/c++/7/bits/basic_string.h:6430:3:[m[K [01;36m[Knote: [m[K  no known conversion for argument 1 from ‘[01m[Kstd::chrono::time_point<std::chrono::_V2::steady_clock, std::chrono::duration<long int, std::ratio<1, 1000000000> > >[m[K’ to ‘[01m[Klong unsigned int[m[K’
[01m[K/usr/include/c++/7/bits/basic_string.h:6425:3:[m[K [01;36m[Knote: [m[Kcandidate: std::__cxx11::string std::__cxx11::to_string(long int)
   [01;36m[Kto_string[m[K(long __val)
   [01;36m[K^~~~~~~~~[m[K
[01m[K/usr/include/c++/7/bits/basic_string.h:6425:3:[m[K [01;36m[Knote: [m[K  no known conversion for argument 1 from ‘[01m[Kstd::chrono::time_point<std::chrono::_V2::steady_clock, std::chrono::duration<long int, std::ratio<1, 1000000000> > >[m[K’ to ‘[01m[Klong int[m[K’
[01m[K/usr/include/c++/7/bits/basic_string.h:6419:3:[m[K [01;36m[Knote: [m[Kcandidate: std::__cxx11::string std::__cxx11::to_string(unsigned int)
   [01;36m[Kto_string[m[K(unsigned __val)
   [01;36m[K^~~~~~~~~[m[K
[01m[K/usr/include/c++/7/bits/basic_string.h:6419:3:[m[K [01;36m[Knote: [m[K  no known conversion for argument 1 from ‘[01m[Kstd::chrono::time_point<std::chrono::_V2::steady_clock, std::chrono::duration<long int, std::ratio<1, 1000000000> > >[m[K’ to ‘[01m[Kunsigned int[m[K’
[01m[K/usr/include/c++/7/bits/basic_string.h:6414:3:[m[K [01;36m[Knote: [m[Kcandidate: std::__cxx11::string std::__cxx11::to_string(int)
   [01;36m[Kto_string[m[K(int __val)
   [01;36m[K^~~~~~~~~[m[K
[01m[K/usr/include/c++/7/bits/basic_string.h:6414:3:[m[K [01;36m[Knote: [m[K  no known conversion for argument 1 from ‘[01m[Kstd::chrono::time_point<std::chrono::_V2::steady_clock, std::chrono::duration<long int, std::ratio<1, 1000000000> > >[m[K’ to ‘[01m[Kint[m[K’
make[2]: *** [CMakeFiles/talker.dir/src/talker.cpp.o] Error 1
make[1]: *** [CMakeFiles/talker.dir/all] Error 2
make: *** [all] Error 2
