[0.033s] Invoking command in '/home/shiozaki/ros2/build/hello_world': CMAKE_PREFIX_PATH=/home/shiozaki/ros2/install/hello_world_msgs:/home/shiozaki/ros2/install/libcreate:/home/shiozaki/ros2/install/hello_world:/home/shiozaki/ros2/install/fibonacci:/home/shiozaki/ros2/install/examples_rclpy_topics:/home/shiozaki/ros2/install/examples_rclpy_services:/home/shiozaki/ros2/install/examples_rclpy_minimal_action_server:/opt/ros/dashing LD_LIBRARY_PATH=/home/shiozaki/ros2/install/hello_world_msgs/lib:/home/shiozaki/ros2/install/libcreate/lib:/opt/ros/dashing/opt/yaml_cpp_vendor/lib:/opt/ros/dashing/opt/rviz_ogre_vendor/lib:/usr/lib:/opt/rti.com/rti_connext_dds-5.3.1/lib/x64Linux3gcc5.4.0:/opt/ros/dashing/lib /usr/bin/cmake --build /home/shiozaki/ros2/build/hello_world -- -j4 -l4
[0.143s] [ 20%] Built target talker_with_service
[0.143s] [ 20%] Built target listener
[0.150s] [ 30%] Built target client_sync
[0.159s] [ 40%] Built target talker_listener_composition
[0.172s] [35m[1mScanning dependencies of target talker[0m
[0.204s] [ 50%] Built target talker_with_service_param
[0.211s] [ 60%] Built target listener_component
[0.222s] [ 65%] [32mBuilding CXX object CMakeFiles/talker.dir/src/talker.cpp.o[0m
[0.237s] [ 75%] Built target set_and_get_parameters
[0.260s] [ 85%] Built target client_async
[0.267s] [ 95%] Built target talker_component
[1.261s] [01m[K/home/shiozaki/ros2/src/hello_world/src/talker.cpp:[m[K In lambda function:
[1.262s] [01m[K/home/shiozaki/ros2/src/hello_world/src/talker.cpp:44:58:[m[K [01;31m[Kerror: [m[Kno matching function for call to ‘[01m[Kto_string(std::chrono::time_point<std::chrono::_V2::steady_clock, std::chrono::duration<long int, std::ratio<1, 1000000000> > >&)[m[K’
[1.262s]          msg->data = "Hello world!" + std::to_string(start[01;31m[K)[m[K;
[1.262s]                                                           [01;31m[K^[m[K
[1.262s] In file included from [01m[K/opt/ros/dashing/include/rclcpp/node_interfaces/node_parameters_interface.hpp:27:0[m[K,
[1.262s]                  from [01m[K/opt/ros/dashing/include/rclcpp/node.hpp:49[m[K,
[1.262s]                  from [01m[K/opt/ros/dashing/include/rclcpp/executors/single_threaded_executor.hpp:28[m[K,
[1.262s]                  from [01m[K/opt/ros/dashing/include/rclcpp/executors.hpp:22[m[K,
[1.262s]                  from [01m[K/opt/ros/dashing/include/rclcpp/rclcpp.hpp:144[m[K,
[1.263s]                  from [01m[K/home/shiozaki/ros2/src/hello_world/src/talker.cpp:19[m[K:
[1.263s] [01m[K/opt/ros/dashing/include/rclcpp/parameter.hpp:236:1:[m[K [01;36m[Knote: [m[Kcandidate: std::__cxx11::string std::to_string(const rclcpp::Parameter&)
[1.263s]  [01;36m[Kto_string[m[K(const rclcpp::Parameter & param);
[1.263s]  [01;36m[K^~~~~~~~~[m[K
[1.263s] [01m[K/opt/ros/dashing/include/rclcpp/parameter.hpp:236:1:[m[K [01;36m[Knote: [m[K  no known conversion for argument 1 from ‘[01m[Kstd::chrono::time_point<std::chrono::_V2::steady_clock, std::chrono::duration<long int, std::ratio<1, 1000000000> > >[m[K’ to ‘[01m[Kconst rclcpp::Parameter&[m[K’
[1.263s] [01m[K/opt/ros/dashing/include/rclcpp/parameter.hpp:241:1:[m[K [01;36m[Knote: [m[Kcandidate: std::__cxx11::string std::to_string(const std::vector<rclcpp::Parameter>&)
[1.263s]  [01;36m[Kto_string[m[K(const std::vector<rclcpp::Parameter> & parameters);
[1.263s]  [01;36m[K^~~~~~~~~[m[K
[1.263s] [01m[K/opt/ros/dashing/include/rclcpp/parameter.hpp:241:1:[m[K [01;36m[Knote: [m[K  no known conversion for argument 1 from ‘[01m[Kstd::chrono::time_point<std::chrono::_V2::steady_clock, std::chrono::duration<long int, std::ratio<1, 1000000000> > >[m[K’ to ‘[01m[Kconst std::vector<rclcpp::Parameter>&[m[K’
[1.263s] In file included from [01m[K/usr/include/c++/7/string:52:0[m[K,
[1.263s]                  from [01m[K/usr/include/c++/7/stdexcept:39[m[K,
[1.263s]                  from [01m[K/usr/include/c++/7/array:39[m[K,
[1.264s]                  from [01m[K/usr/include/c++/7/tuple:39[m[K,
[1.264s]                  from [01m[K/usr/include/c++/7/bits/unique_ptr.h:37[m[K,
[1.264s]                  from [01m[K/usr/include/c++/7/memory:80[m[K,
[1.264s]                  from [01m[K/home/shiozaki/ros2/src/hello_world/src/talker.cpp:17[m[K:
[1.264s] [01m[K/usr/include/c++/7/bits/basic_string.h:6466:3:[m[K [01;36m[Knote: [m[Kcandidate: std::__cxx11::string std::__cxx11::to_string(long double)
[1.264s]    [01;36m[Kto_string[m[K(long double __val)
[1.264s]    [01;36m[K^~~~~~~~~[m[K
[1.264s] [01m[K/usr/include/c++/7/bits/basic_string.h:6466:3:[m[K [01;36m[Knote: [m[K  no known conversion for argument 1 from ‘[01m[Kstd::chrono::time_point<std::chrono::_V2::steady_clock, std::chrono::duration<long int, std::ratio<1, 1000000000> > >[m[K’ to ‘[01m[Klong double[m[K’
[1.264s] [01m[K/usr/include/c++/7/bits/basic_string.h:6457:3:[m[K [01;36m[Knote: [m[Kcandidate: std::__cxx11::string std::__cxx11::to_string(double)
[1.264s]    [01;36m[Kto_string[m[K(double __val)
[1.264s]    [01;36m[K^~~~~~~~~[m[K
[1.264s] [01m[K/usr/include/c++/7/bits/basic_string.h:6457:3:[m[K [01;36m[Knote: [m[K  no known conversion for argument 1 from ‘[01m[Kstd::chrono::time_point<std::chrono::_V2::steady_clock, std::chrono::duration<long int, std::ratio<1, 1000000000> > >[m[K’ to ‘[01m[Kdouble[m[K’
[1.264s] [01m[K/usr/include/c++/7/bits/basic_string.h:6448:3:[m[K [01;36m[Knote: [m[Kcandidate: std::__cxx11::string std::__cxx11::to_string(float)
[1.265s]    [01;36m[Kto_string[m[K(float __val)
[1.265s]    [01;36m[K^~~~~~~~~[m[K
[1.265s] [01m[K/usr/include/c++/7/bits/basic_string.h:6448:3:[m[K [01;36m[Knote: [m[K  no known conversion for argument 1 from ‘[01m[Kstd::chrono::time_point<std::chrono::_V2::steady_clock, std::chrono::duration<long int, std::ratio<1, 1000000000> > >[m[K’ to ‘[01m[Kfloat[m[K’
[1.265s] [01m[K/usr/include/c++/7/bits/basic_string.h:6442:3:[m[K [01;36m[Knote: [m[Kcandidate: std::__cxx11::string std::__cxx11::to_string(long long unsigned int)
[1.265s]    [01;36m[Kto_string[m[K(unsigned long long __val)
[1.265s]    [01;36m[K^~~~~~~~~[m[K
[1.265s] [01m[K/usr/include/c++/7/bits/basic_string.h:6442:3:[m[K [01;36m[Knote: [m[K  no known conversion for argument 1 from ‘[01m[Kstd::chrono::time_point<std::chrono::_V2::steady_clock, std::chrono::duration<long int, std::ratio<1, 1000000000> > >[m[K’ to ‘[01m[Klong long unsigned int[m[K’
[1.265s] [01m[K/usr/include/c++/7/bits/basic_string.h:6436:3:[m[K [01;36m[Knote: [m[Kcandidate: std::__cxx11::string std::__cxx11::to_string(long long int)
[1.265s]    [01;36m[Kto_string[m[K(long long __val)
[1.265s]    [01;36m[K^~~~~~~~~[m[K
[1.265s] [01m[K/usr/include/c++/7/bits/basic_string.h:6436:3:[m[K [01;36m[Knote: [m[K  no known conversion for argument 1 from ‘[01m[Kstd::chrono::time_point<std::chrono::_V2::steady_clock, std::chrono::duration<long int, std::ratio<1, 1000000000> > >[m[K’ to ‘[01m[Klong long int[m[K’
[1.265s] [01m[K/usr/include/c++/7/bits/basic_string.h:6430:3:[m[K [01;36m[Knote: [m[Kcandidate: std::__cxx11::string std::__cxx11::to_string(long unsigned int)
[1.265s]    [01;36m[Kto_string[m[K(unsigned long __val)
[1.266s]    [01;36m[K^~~~~~~~~[m[K
[1.266s] [01m[K/usr/include/c++/7/bits/basic_string.h:6430:3:[m[K [01;36m[Knote: [m[K  no known conversion for argument 1 from ‘[01m[Kstd::chrono::time_point<std::chrono::_V2::steady_clock, std::chrono::duration<long int, std::ratio<1, 1000000000> > >[m[K’ to ‘[01m[Klong unsigned int[m[K’
[1.266s] [01m[K/usr/include/c++/7/bits/basic_string.h:6425:3:[m[K [01;36m[Knote: [m[Kcandidate: std::__cxx11::string std::__cxx11::to_string(long int)
[1.266s]    [01;36m[Kto_string[m[K(long __val)
[1.266s]    [01;36m[K^~~~~~~~~[m[K
[1.266s] [01m[K/usr/include/c++/7/bits/basic_string.h:6425:3:[m[K [01;36m[Knote: [m[K  no known conversion for argument 1 from ‘[01m[Kstd::chrono::time_point<std::chrono::_V2::steady_clock, std::chrono::duration<long int, std::ratio<1, 1000000000> > >[m[K’ to ‘[01m[Klong int[m[K’
[1.266s] [01m[K/usr/include/c++/7/bits/basic_string.h:6419:3:[m[K [01;36m[Knote: [m[Kcandidate: std::__cxx11::string std::__cxx11::to_string(unsigned int)
[1.266s]    [01;36m[Kto_string[m[K(unsigned __val)
[1.266s]    [01;36m[K^~~~~~~~~[m[K
[1.266s] [01m[K/usr/include/c++/7/bits/basic_string.h:6419:3:[m[K [01;36m[Knote: [m[K  no known conversion for argument 1 from ‘[01m[Kstd::chrono::time_point<std::chrono::_V2::steady_clock, std::chrono::duration<long int, std::ratio<1, 1000000000> > >[m[K’ to ‘[01m[Kunsigned int[m[K’
[1.266s] [01m[K/usr/include/c++/7/bits/basic_string.h:6414:3:[m[K [01;36m[Knote: [m[Kcandidate: std::__cxx11::string std::__cxx11::to_string(int)
[1.266s]    [01;36m[Kto_string[m[K(int __val)
[1.266s]    [01;36m[K^~~~~~~~~[m[K
[1.267s] [01m[K/usr/include/c++/7/bits/basic_string.h:6414:3:[m[K [01;36m[Knote: [m[K  no known conversion for argument 1 from ‘[01m[Kstd::chrono::time_point<std::chrono::_V2::steady_clock, std::chrono::duration<long int, std::ratio<1, 1000000000> > >[m[K’ to ‘[01m[Kint[m[K’
[1.680s] CMakeFiles/talker.dir/build.make:62: recipe for target 'CMakeFiles/talker.dir/src/talker.cpp.o' failed
[1.680s] make[2]: *** [CMakeFiles/talker.dir/src/talker.cpp.o] Error 1
[1.680s] CMakeFiles/Makefile2:284: recipe for target 'CMakeFiles/talker.dir/all' failed
[1.680s] make[1]: *** [CMakeFiles/talker.dir/all] Error 2
[1.680s] Makefile:140: recipe for target 'all' failed
[1.680s] make: *** [all] Error 2
[1.682s] Invoked command in '/home/shiozaki/ros2/build/hello_world' returned '2': CMAKE_PREFIX_PATH=/home/shiozaki/ros2/install/hello_world_msgs:/home/shiozaki/ros2/install/libcreate:/home/shiozaki/ros2/install/hello_world:/home/shiozaki/ros2/install/fibonacci:/home/shiozaki/ros2/install/examples_rclpy_topics:/home/shiozaki/ros2/install/examples_rclpy_services:/home/shiozaki/ros2/install/examples_rclpy_minimal_action_server:/opt/ros/dashing LD_LIBRARY_PATH=/home/shiozaki/ros2/install/hello_world_msgs/lib:/home/shiozaki/ros2/install/libcreate/lib:/opt/ros/dashing/opt/yaml_cpp_vendor/lib:/opt/ros/dashing/opt/rviz_ogre_vendor/lib:/usr/lib:/opt/rti.com/rti_connext_dds-5.3.1/lib/x64Linux3gcc5.4.0:/opt/ros/dashing/lib /usr/bin/cmake --build /home/shiozaki/ros2/build/hello_world -- -j4 -l4
