[0.048s] Invoking command in '/home/shiozaki/ros2/build/libcreate': CMAKE_PREFIX_PATH=${CMAKE_PREFIX_PATH}:/home/shiozaki/ros2/install/examples_rclpy_topics:/home/shiozaki/ros2/install/examples_rclpy_services:/home/shiozaki/ros2/install/examples_rclpy_minimal_action_server:/opt/ros/dashing /usr/bin/cmake --build /home/shiozaki/ros2/build/libcreate -- -j4 -l4
[0.200s] [ 36%] Built target create
[0.243s] [ 54%] Built target battery_level
[0.244s] [ 54%] Built target wheeldrop
[0.258s] [ 63%] Built target play_song
[0.272s] [ 72%] Built target packets
[0.291s] [ 81%] Built target leds
[0.296s] [ 90%] Built target drive_circle
[0.304s] [100%] Built target bumpers
[0.323s] Invoked command in '/home/shiozaki/ros2/build/libcreate' returned '0': CMAKE_PREFIX_PATH=${CMAKE_PREFIX_PATH}:/home/shiozaki/ros2/install/examples_rclpy_topics:/home/shiozaki/ros2/install/examples_rclpy_services:/home/shiozaki/ros2/install/examples_rclpy_minimal_action_server:/opt/ros/dashing /usr/bin/cmake --build /home/shiozaki/ros2/build/libcreate -- -j4 -l4
[0.440s] Invoking command in '/home/shiozaki/ros2/build/libcreate': CMAKE_PREFIX_PATH=${CMAKE_PREFIX_PATH}:/home/shiozaki/ros2/install/examples_rclpy_topics:/home/shiozaki/ros2/install/examples_rclpy_services:/home/shiozaki/ros2/install/examples_rclpy_minimal_action_server:/opt/ros/dashing /usr/bin/cmake --build /home/shiozaki/ros2/build/libcreate --target install -- -j4 -l4
[0.517s] [ 36%] Built target create
[0.566s] [ 45%] Built target packets
[0.579s] [ 54%] Built target battery_level
[0.580s] [ 63%] Built target play_song
[0.582s] [ 72%] Built target wheeldrop
[0.626s] [ 81%] Built target leds
[0.626s] [ 90%] Built target drive_circle
[0.629s] [100%] Built target bumpers
[0.662s] [36mInstall the project...[0m
[0.675s] -- Install configuration: ""
[0.676s] -- Up-to-date: /home/shiozaki/ros2/install/libcreate/lib/libcreate.so
[0.679s] -- Up-to-date: /home/shiozaki/ros2/install/libcreate/include
[0.679s] -- Up-to-date: /home/shiozaki/ros2/install/libcreate/include/create
[0.679s] -- Up-to-date: /home/shiozaki/ros2/install/libcreate/include/create/serial_stream.h
[0.679s] -- Up-to-date: /home/shiozaki/ros2/install/libcreate/include/create/types.h
[0.680s] -- Up-to-date: /home/shiozaki/ros2/install/libcreate/include/create/util.h
[0.680s] -- Up-to-date: /home/shiozaki/ros2/install/libcreate/include/create/data.h
[0.681s] -- Up-to-date: /home/shiozaki/ros2/install/libcreate/include/create/create.h
[0.682s] -- Up-to-date: /home/shiozaki/ros2/install/libcreate/include/create/serial.h
[0.682s] -- Up-to-date: /home/shiozaki/ros2/install/libcreate/include/create/serial_query.h
[0.682s] -- Up-to-date: /home/shiozaki/ros2/install/libcreate/include/create/packet.h
[0.682s] -- Up-to-date: /home/shiozaki/ros2/install/libcreate/lib/cmake/libcreate/libcreate-config.cmake
[0.682s] -- Up-to-date: /home/shiozaki/ros2/install/libcreate/lib/cmake/libcreate/libcreate-config-version.cmake
[0.684s] -- Up-to-date: /home/shiozaki/ros2/install/libcreate/lib/cmake/libcreate/libcreate-targets.cmake
[0.685s] -- Up-to-date: /home/shiozaki/ros2/install/libcreate/lib/cmake/libcreate/libcreate-targets-noconfig.cmake
[0.685s] -- Up-to-date: /home/shiozaki/ros2/install/libcreate/share/libcreate/package.xml
[0.689s] Invoked command in '/home/shiozaki/ros2/build/libcreate' returned '0': CMAKE_PREFIX_PATH=${CMAKE_PREFIX_PATH}:/home/shiozaki/ros2/install/examples_rclpy_topics:/home/shiozaki/ros2/install/examples_rclpy_services:/home/shiozaki/ros2/install/examples_rclpy_minimal_action_server:/opt/ros/dashing /usr/bin/cmake --build /home/shiozaki/ros2/build/libcreate --target install -- -j4 -l4
