[ 10%] Built target talker_listener_composition
[ 20%] Built target listener
[ 40%] Built target talker_with_service
[ 40%] Built target client_sync
[35m[1mScanning dependencies of target talker[0m
[ 50%] Built target talker_with_service_param
[ 60%] Built target set_and_get_parameters
[ 70%] Built target listener_component
[ 75%] [32mBuilding CXX object CMakeFiles/talker.dir/src/talker.cpp.o[0m
[ 85%] Built target client_async
[ 95%] Built target talker_component
[01m[K/home/shiozaki/ros2/src/hello_world/src/talker.cpp:67:34:[m[K [01;31m[Kerror: [m[K‘[01m[KInt32MultiArray[m[K’ is not a member of ‘[01m[Kstd_msgs::msg[m[K’
   std::shared_ptr<std_msgs::msg::[01;31m[KInt32MultiArray[m[K> msg_;
                                  [01;31m[K^~~~~~~~~~~~~~~[m[K
[01m[K/home/shiozaki/ros2/src/hello_world/src/talker.cpp:67:34:[m[K [01;31m[Kerror: [m[K‘[01m[KInt32MultiArray[m[K’ is not a member of ‘[01m[Kstd_msgs::msg[m[K’
[01m[K/home/shiozaki/ros2/src/hello_world/src/talker.cpp:67:49:[m[K [01;31m[Kerror: [m[Ktemplate argument 1 is invalid
   std::shared_ptr<std_msgs::msg::Int32MultiArray[01;31m[K>[m[K msg_;
                                                 [01;31m[K^[m[K
[01m[K/home/shiozaki/ros2/src/hello_world/src/talker.cpp:68:36:[m[K [01;31m[Kerror: [m[K‘[01m[KInt32MultiArray[m[K’ is not a member of ‘[01m[Kstd_msgs::msg[m[K’
   rclcpp::Publisher<std_msgs::msg::[01;31m[KInt32MultiArray[m[K>::SharedPtr pub_;
                                    [01;31m[K^~~~~~~~~~~~~~~[m[K
[01m[K/home/shiozaki/ros2/src/hello_world/src/talker.cpp:68:36:[m[K [01;31m[Kerror: [m[K‘[01m[KInt32MultiArray[m[K’ is not a member of ‘[01m[Kstd_msgs::msg[m[K’
[01m[K/home/shiozaki/ros2/src/hello_world/src/talker.cpp:68:51:[m[K [01;31m[Kerror: [m[Ktemplate argument 1 is invalid
   rclcpp::Publisher<std_msgs::msg::Int32MultiArray[01;31m[K>[m[K::SharedPtr pub_;
                                                   [01;31m[K^[m[K
[01m[K/home/shiozaki/ros2/src/hello_world/src/talker.cpp:68:54:[m[K [01;31m[Kerror: [m[Kexpected ‘[01m[K;[m[K’ at end of member declaration
   rclcpp::Publisher<std_msgs::msg::Int32MultiArray>::[01;31m[KSharedPtr[m[K pub_;
                                                      [01;31m[K^~~~~~~~~[m[K
[01m[K/home/shiozaki/ros2/src/hello_world/src/talker.cpp:68:64:[m[K [01;31m[Kerror: [m[K‘[01m[Kpub_[m[K’ does not name a type; did you mean ‘[01m[Kputw[m[K’?
   rclcpp::Publisher<std_msgs::msg::Int32MultiArray>::SharedPtr [01;31m[Kpub_[m[K;
                                                                [01;31m[K^~~~[m[K
                                                                [32m[Kputw[m[K
[01m[K/home/shiozaki/ros2/src/hello_world/src/talker.cpp:[m[K In lambda function:
[01m[K/home/shiozaki/ros2/src/hello_world/src/talker.cpp:44:49:[m[K [01;31m[Kerror: [m[K‘[01m[KInt32MultiArray[m[K’ is not a member of ‘[01m[Kstd_msgs::msg[m[K’
  auto arr_msg = std::make_unique<std_msgs::msg::[01;31m[KInt32MultiArray[m[K>();
                                                 [01;31m[K^~~~~~~~~~~~~~~[m[K
[01m[K/home/shiozaki/ros2/src/hello_world/src/talker.cpp:44:49:[m[K [01;31m[Kerror: [m[K‘[01m[KInt32MultiArray[m[K’ is not a member of ‘[01m[Kstd_msgs::msg[m[K’
[01m[K/home/shiozaki/ros2/src/hello_world/src/talker.cpp:44:66:[m[K [01;31m[Kerror: [m[Kno matching function for call to ‘[01m[Kmake_unique<<expression error> >()[m[K’
  auto arr_msg = std::make_unique<std_msgs::msg::Int32MultiArray>([01;31m[K)[m[K;
                                                                  [01;31m[K^[m[K
In file included from [01m[K/usr/include/c++/7/memory:80:0[m[K,
                 from [01m[K/home/shiozaki/ros2/src/hello_world/src/talker.cpp:17[m[K:
[01m[K/usr/include/c++/7/bits/unique_ptr.h:820:5:[m[K [01;36m[Knote: [m[Kcandidate: template<class _Tp, class ... _Args> typename std::_MakeUniq<_Tp>::__single_object std::make_unique(_Args&& ...)
     [01;36m[Kmake_unique[m[K(_Args&&... __args)
     [01;36m[K^~~~~~~~~~~[m[K
[01m[K/usr/include/c++/7/bits/unique_ptr.h:820:5:[m[K [01;36m[Knote: [m[K  template argument deduction/substitution failed:
[01m[K/home/shiozaki/ros2/src/hello_world/src/talker.cpp:44:66:[m[K [01;31m[Kerror: [m[Ktemplate argument 1 is invalid
  auto arr_msg = std::make_unique<std_msgs::msg::Int32MultiArray>([01;31m[K)[m[K;
                                                                  [01;31m[K^[m[K
In file included from [01m[K/usr/include/c++/7/memory:80:0[m[K,
                 from [01m[K/home/shiozaki/ros2/src/hello_world/src/talker.cpp:17[m[K:
[01m[K/usr/include/c++/7/bits/unique_ptr.h:826:5:[m[K [01;36m[Knote: [m[Kcandidate: template<class _Tp> typename std::_MakeUniq<_Tp>::__array std::make_unique(std::size_t)
     [01;36m[Kmake_unique[m[K(size_t __num)
     [01;36m[K^~~~~~~~~~~[m[K
[01m[K/usr/include/c++/7/bits/unique_ptr.h:826:5:[m[K [01;36m[Knote: [m[K  template argument deduction/substitution failed:
[01m[K/home/shiozaki/ros2/src/hello_world/src/talker.cpp:44:66:[m[K [01;31m[Kerror: [m[Ktemplate argument 1 is invalid
  auto arr_msg = std::make_unique<std_msgs::msg::Int32MultiArray>([01;31m[K)[m[K;
                                                                  [01;31m[K^[m[K
In file included from [01m[K/usr/include/c++/7/memory:80:0[m[K,
                 from [01m[K/home/shiozaki/ros2/src/hello_world/src/talker.cpp:17[m[K:
[01m[K/usr/include/c++/7/bits/unique_ptr.h:832:5:[m[K [01;36m[Knote: [m[Kcandidate: template<class _Tp, class ... _Args> typename std::_MakeUniq<_Tp>::__invalid_type std::make_unique(_Args&& ...) <deleted>
     [01;36m[Kmake_unique[m[K(_Args&&...) = delete;
     [01;36m[K^~~~~~~~~~~[m[K
[01m[K/usr/include/c++/7/bits/unique_ptr.h:832:5:[m[K [01;36m[Knote: [m[K  template argument deduction/substitution failed:
[01m[K/home/shiozaki/ros2/src/hello_world/src/talker.cpp:44:66:[m[K [01;31m[Kerror: [m[Ktemplate argument 1 is invalid
  auto arr_msg = std::make_unique<std_msgs::msg::Int32MultiArray>([01;31m[K)[m[K;
                                                                  [01;31m[K^[m[K
[01m[K/home/shiozaki/ros2/src/hello_world/src/talker.cpp:45:2:[m[K [01;31m[Kerror: [m[K‘[01m[Kint32[m[K’ was not declared in this scope
  [01;31m[Kint32[m[K []data = {1, 2, 3};
  [01;31m[K^~~~~[m[K
[01m[K/home/shiozaki/ros2/src/hello_world/src/talker.cpp:45:2:[m[K [01;36m[Knote: [m[Ksuggested alternative: ‘[01m[Kint32_t[m[K’
  [01;36m[Kint32[m[K []data = {1, 2, 3};
  [01;36m[K^~~~~[m[K
  [32m[Kint32_t[m[K
[01m[K/home/shiozaki/ros2/src/hello_world/src/talker.cpp:45:9:[m[K [01;31m[Kerror: [m[Kexpected primary-expression before ‘[01m[K][m[K’ token
  int32 [[01;31m[K][m[Kdata = {1, 2, 3};
         [01;31m[K^[m[K
[01m[K/home/shiozaki/ros2/src/hello_world/src/talker.cpp:46:18:[m[K [01;31m[Kerror: [m[K‘[01m[Kdata[m[K’ was not declared in this scope
  arr_msg->data = [01;31m[Kdata[m[K;
                  [01;31m[K^~~~[m[K
[01m[K/home/shiozaki/ros2/src/hello_world/src/talker.cpp:48:9:[m[K [01;31m[Kerror: [m[K‘[01m[Kmsg[m[K’ was not declared in this scope
         [01;31m[Kmsg[m[K->data = "Hello world!";
         [01;31m[K^~~[m[K
[01m[K/home/shiozaki/ros2/src/hello_world/src/talker.cpp:48:9:[m[K [01;36m[Knote: [m[Ksuggested alternatives:
In file included from [01m[K/opt/ros/dashing/include/rcl_interfaces/msg/intra_process_message.hpp:7:0[m[K,
                 from [01m[K/opt/ros/dashing/include/rclcpp/publisher.hpp:31[m[K,
                 from [01m[K/opt/ros/dashing/include/rclcpp/callback_group.hpp:24[m[K,
                 from [01m[K/opt/ros/dashing/include/rclcpp/any_executable.hpp:20[m[K,
                 from [01m[K/opt/ros/dashing/include/rclcpp/memory_strategy.hpp:24[m[K,
                 from [01m[K/opt/ros/dashing/include/rclcpp/memory_strategies.hpp:18[m[K,
                 from [01m[K/opt/ros/dashing/include/rclcpp/executor.hpp:33[m[K,
                 from [01m[K/opt/ros/dashing/include/rclcpp/executors/multi_threaded_executor.hpp:24[m[K,
                 from [01m[K/opt/ros/dashing/include/rclcpp/executors.hpp:21[m[K,
                 from [01m[K/opt/ros/dashing/include/rclcpp/rclcpp.hpp:144[m[K,
                 from [01m[K/home/shiozaki/ros2/src/hello_world/src/talker.cpp:19[m[K:
[01m[K/opt/ros/dashing/include/rcl_interfaces/msg/intra_process_message__struct.hpp:36:11:[m[K [01;36m[Knote: [m[K  ‘[01m[Krcl_interfaces::msg[m[K’
 namespace [01;36m[Kmsg[m[K
           [01;36m[K^~~[m[K
In file included from [01m[K/opt/ros/dashing/include/builtin_interfaces/msg/time.hpp:7:0[m[K,
                 from [01m[K/opt/ros/dashing/include/rclcpp/time.hpp:18[m[K,
                 from [01m[K/opt/ros/dashing/include/rclcpp/clock.hpp:21[m[K,
                 from [01m[K/opt/ros/dashing/include/rclcpp/timer.hpp:26[m[K,
                 from [01m[K/opt/ros/dashing/include/rclcpp/callback_group.hpp:27[m[K,
                 from [01m[K/opt/ros/dashing/include/rclcpp/any_executable.hpp:20[m[K,
                 from [01m[K/opt/ros/dashing/include/rclcpp/memory_strategy.hpp:24[m[K,
                 from [01m[K/opt/ros/dashing/include/rclcpp/memory_strategies.hpp:18[m[K,
                 from [01m[K/opt/ros/dashing/include/rclcpp/executor.hpp:33[m[K,
                 from [01m[K/opt/ros/dashing/include/rclcpp/executors/multi_threaded_executor.hpp:24[m[K,
                 from [01m[K/opt/ros/dashing/include/rclcpp/executors.hpp:21[m[K,
                 from [01m[K/opt/ros/dashing/include/rclcpp/rclcpp.hpp:144[m[K,
                 from [01m[K/home/shiozaki/ros2/src/hello_world/src/talker.cpp:19[m[K:
[01m[K/opt/ros/dashing/include/builtin_interfaces/msg/time__struct.hpp:36:11:[m[K [01;36m[Knote: [m[K  ‘[01m[Kbuiltin_interfaces::msg[m[K’
 namespace [01;36m[Kmsg[m[K
           [01;36m[K^~~[m[K
In file included from [01m[K/opt/ros/dashing/include/std_msgs/msg/string.hpp:7:0[m[K,
                 from [01m[K/home/shiozaki/ros2/src/hello_world/src/talker.cpp:20[m[K:
[01m[K/opt/ros/dashing/include/std_msgs/msg/string__struct.hpp:36:11:[m[K [01;36m[Knote: [m[K  ‘[01m[Kstd_msgs::msg[m[K’
 namespace [01;36m[Kmsg[m[K
           [01;36m[K^~~[m[K
In file included from [01m[K/opt/ros/dashing/include/sensor_msgs/msg/image.hpp:7:0[m[K,
                 from [01m[K/home/shiozaki/ros2/src/hello_world/src/talker.cpp:21[m[K:
[01m[K/opt/ros/dashing/include/sensor_msgs/msg/image__struct.hpp:40:11:[m[K [01;36m[Knote: [m[K  ‘[01m[Ksensor_msgs::msg[m[K’
 namespace [01;36m[Kmsg[m[K
           [01;36m[K^~~[m[K
[01m[K/home/shiozaki/ros2/src/hello_world/src/talker.cpp:55:9:[m[K [01;31m[Kerror: [m[K‘[01m[Kpub_[m[K’ was not declared in this scope
         [01;31m[Kpub_[m[K->publish(std::move(msg));
         [01;31m[K^~~~[m[K
[01m[K/home/shiozaki/ros2/src/hello_world/src/talker.cpp:55:9:[m[K [01;36m[Knote: [m[Ksuggested alternative: ‘[01m[Kputw[m[K’
         [01;36m[Kpub_[m[K->publish(std::move(msg));
         [01;36m[K^~~~[m[K
         [32m[Kputw[m[K
[01m[K/home/shiozaki/ros2/src/hello_world/src/talker.cpp:[m[K In constructor ‘[01m[KTalker::Talker(const string&)[m[K’:
[01m[K/home/shiozaki/ros2/src/hello_world/src/talker.cpp:61:5:[m[K [01;31m[Kerror: [m[K‘[01m[Kpub_[m[K’ was not declared in this scope
     [01;31m[Kpub_[m[K = create_publisher<std_msgs::msg::Int32MultiArray>(topic_name, qos);
     [01;31m[K^~~~[m[K
[01m[K/home/shiozaki/ros2/src/hello_world/src/talker.cpp:61:5:[m[K [01;36m[Knote: [m[Ksuggested alternative: ‘[01m[Kputw[m[K’
     [01;36m[Kpub_[m[K = create_publisher<std_msgs::msg::Int32MultiArray>(topic_name, qos);
     [01;36m[K^~~~[m[K
     [32m[Kputw[m[K
[01m[K/home/shiozaki/ros2/src/hello_world/src/talker.cpp:61:44:[m[K [01;31m[Kerror: [m[K‘[01m[KInt32MultiArray[m[K’ is not a member of ‘[01m[Kstd_msgs::msg[m[K’
     pub_ = create_publisher<std_msgs::msg::[01;31m[KInt32MultiArray[m[K>(topic_name, qos);
                                            [01;31m[K^~~~~~~~~~~~~~~[m[K
[01m[K/home/shiozaki/ros2/src/hello_world/src/talker.cpp:61:44:[m[K [01;31m[Kerror: [m[K‘[01m[KInt32MultiArray[m[K’ is not a member of ‘[01m[Kstd_msgs::msg[m[K’
[01m[K/home/shiozaki/ros2/src/hello_world/src/talker.cpp:61:76:[m[K [01;31m[Kerror: [m[Kno matching function for call to ‘[01m[KTalker::create_publisher<<expression error> >(const string&, rclcpp::QoS&)[m[K’
     pub_ = create_publisher<std_msgs::msg::Int32MultiArray>(topic_name, qos[01;31m[K)[m[K;
                                                                            [01;31m[K^[m[K
In file included from [01m[K/opt/ros/dashing/include/rclcpp/executors/single_threaded_executor.hpp:28:0[m[K,
                 from [01m[K/opt/ros/dashing/include/rclcpp/executors.hpp:22[m[K,
                 from [01m[K/opt/ros/dashing/include/rclcpp/rclcpp.hpp:144[m[K,
                 from [01m[K/home/shiozaki/ros2/src/hello_world/src/talker.cpp:19[m[K:
[01m[K/opt/ros/dashing/include/rclcpp/node.hpp:177:3:[m[K [01;36m[Knote: [m[Kcandidate: template<class MessageT, class AllocatorT, class PublisherT> std::shared_ptr<PublisherT> rclcpp::Node::create_publisher(const string&, const rclcpp::QoS&, const rclcpp::PublisherOptionsWithAllocator<AllocatorT>&)
   [01;36m[Kcreate_publisher[m[K(
   [01;36m[K^~~~~~~~~~~~~~~~[m[K
[01m[K/opt/ros/dashing/include/rclcpp/node.hpp:177:3:[m[K [01;36m[Knote: [m[K  template argument deduction/substitution failed:
[01m[K/home/shiozaki/ros2/src/hello_world/src/talker.cpp:61:76:[m[K [01;31m[Kerror: [m[Ktemplate argument 1 is invalid
     pub_ = create_publisher<std_msgs::msg::Int32MultiArray>(topic_name, qos[01;31m[K)[m[K;
                                                                            [01;31m[K^[m[K
In file included from [01m[K/opt/ros/dashing/include/rclcpp/executors/single_threaded_executor.hpp:28:0[m[K,
                 from [01m[K/opt/ros/dashing/include/rclcpp/executors.hpp:22[m[K,
                 from [01m[K/opt/ros/dashing/include/rclcpp/rclcpp.hpp:144[m[K,
                 from [01m[K/home/shiozaki/ros2/src/hello_world/src/talker.cpp:19[m[K:
[01m[K/opt/ros/dashing/include/rclcpp/node.hpp:198:3:[m[K [01;36m[Knote: [m[Kcandidate: template<class MessageT, class AllocatorT, class PublisherT> std::shared_ptr<PublisherT> rclcpp::Node::create_publisher(const string&, size_t, std::shared_ptr<_Up>)
   [01;36m[Kcreate_publisher[m[K(
   [01;36m[K^~~~~~~~~~~~~~~~[m[K
[01m[K/opt/ros/dashing/include/rclcpp/node.hpp:198:3:[m[K [01;36m[Knote: [m[K  template argument deduction/substitution failed:
[01m[K/home/shiozaki/ros2/src/hello_world/src/talker.cpp:61:76:[m[K [01;31m[Kerror: [m[Ktemplate argument 1 is invalid
     pub_ = create_publisher<std_msgs::msg::Int32MultiArray>(topic_name, qos[01;31m[K)[m[K;
                                                                            [01;31m[K^[m[K
In file included from [01m[K/opt/ros/dashing/include/rclcpp/executors/single_threaded_executor.hpp:28:0[m[K,
                 from [01m[K/opt/ros/dashing/include/rclcpp/executors.hpp:22[m[K,
                 from [01m[K/opt/ros/dashing/include/rclcpp/rclcpp.hpp:144[m[K,
                 from [01m[K/home/shiozaki/ros2/src/hello_world/src/talker.cpp:19[m[K:
[01m[K/opt/ros/dashing/include/rclcpp/node.hpp:217:3:[m[K [01;36m[Knote: [m[Kcandidate: template<class MessageT, class AllocatorT, class PublisherT> std::shared_ptr<PublisherT> rclcpp::Node::create_publisher(const string&, const rmw_qos_profile_t&, std::shared_ptr<_Up>)
   [01;36m[Kcreate_publisher[m[K(
   [01;36m[K^~~~~~~~~~~~~~~~[m[K
[01m[K/opt/ros/dashing/include/rclcpp/node.hpp:217:3:[m[K [01;36m[Knote: [m[K  template argument deduction/substitution failed:
[01m[K/home/shiozaki/ros2/src/hello_world/src/talker.cpp:61:76:[m[K [01;31m[Kerror: [m[Ktemplate argument 1 is invalid
     pub_ = create_publisher<std_msgs::msg::Int32MultiArray>(topic_name, qos[01;31m[K)[m[K;
                                                                            [01;31m[K^[m[K
make[2]: *** [CMakeFiles/talker.dir/src/talker.cpp.o] Error 1
CMakeFiles/talker.dir/build.make:62: recipe for target 'CMakeFiles/talker.dir/src/talker.cpp.o' failed
CMakeFiles/Makefile2:284: recipe for target 'CMakeFiles/talker.dir/all' failed
make[1]: *** [CMakeFiles/talker.dir/all] Error 2
make: *** [all] Error 2
Makefile:140: recipe for target 'all' failed
