[0.032s] Invoking command in '/home/shiozaki/ros2/build/hello_world': CMAKE_PREFIX_PATH=/home/shiozaki/ros2/install/hello_world_msgs:/home/shiozaki/ros2/install/libcreate:/home/shiozaki/ros2/install/hello_world:/home/shiozaki/ros2/install/fibonacci:/home/shiozaki/ros2/install/examples_rclpy_topics:/home/shiozaki/ros2/install/examples_rclpy_services:/home/shiozaki/ros2/install/examples_rclpy_minimal_action_server:/opt/ros/dashing LD_LIBRARY_PATH=/home/shiozaki/ros2/install/hello_world_msgs/lib:/home/shiozaki/ros2/install/libcreate/lib:/opt/ros/dashing/opt/yaml_cpp_vendor/lib:/opt/ros/dashing/opt/rviz_ogre_vendor/lib:/usr/lib:/opt/rti.com/rti_connext_dds-5.3.1/lib/x64Linux3gcc5.4.0:/opt/ros/dashing/lib /usr/bin/cmake --build /home/shiozaki/ros2/build/hello_world -- -j4 -l4
[0.144s] [35m[1mScanning dependencies of target listener[0m
[0.149s] [ 10%] Built target talker_listener_composition
[0.176s] [ 20%] Built target client_sync
[0.179s] [ 30%] Built target talker_with_service
[0.189s] [ 35%] [32mBuilding CXX object CMakeFiles/listener.dir/src/listener.cpp.o[0m
[0.208s] [ 45%] Built target talker_with_service_param
[0.233s] [ 55%] Built target talker
[0.251s] [ 65%] Built target listener_component
[0.277s] [ 75%] Built target set_and_get_parameters
[0.302s] [ 85%] Built target client_async
[0.309s] [ 95%] Built target talker_component
[2.704s] [100%] [32m[1mLinking CXX executable listener[0m
[2.903s] [100%] Built target listener
[2.918s] Invoked command in '/home/shiozaki/ros2/build/hello_world' returned '0': CMAKE_PREFIX_PATH=/home/shiozaki/ros2/install/hello_world_msgs:/home/shiozaki/ros2/install/libcreate:/home/shiozaki/ros2/install/hello_world:/home/shiozaki/ros2/install/fibonacci:/home/shiozaki/ros2/install/examples_rclpy_topics:/home/shiozaki/ros2/install/examples_rclpy_services:/home/shiozaki/ros2/install/examples_rclpy_minimal_action_server:/opt/ros/dashing LD_LIBRARY_PATH=/home/shiozaki/ros2/install/hello_world_msgs/lib:/home/shiozaki/ros2/install/libcreate/lib:/opt/ros/dashing/opt/yaml_cpp_vendor/lib:/opt/ros/dashing/opt/rviz_ogre_vendor/lib:/usr/lib:/opt/rti.com/rti_connext_dds-5.3.1/lib/x64Linux3gcc5.4.0:/opt/ros/dashing/lib /usr/bin/cmake --build /home/shiozaki/ros2/build/hello_world -- -j4 -l4
[2.977s] Invoking command in '/home/shiozaki/ros2/build/hello_world': CMAKE_PREFIX_PATH=/home/shiozaki/ros2/install/hello_world_msgs:/home/shiozaki/ros2/install/libcreate:/home/shiozaki/ros2/install/hello_world:/home/shiozaki/ros2/install/fibonacci:/home/shiozaki/ros2/install/examples_rclpy_topics:/home/shiozaki/ros2/install/examples_rclpy_services:/home/shiozaki/ros2/install/examples_rclpy_minimal_action_server:/opt/ros/dashing LD_LIBRARY_PATH=/home/shiozaki/ros2/install/hello_world_msgs/lib:/home/shiozaki/ros2/install/libcreate/lib:/opt/ros/dashing/opt/yaml_cpp_vendor/lib:/opt/ros/dashing/opt/rviz_ogre_vendor/lib:/usr/lib:/opt/rti.com/rti_connext_dds-5.3.1/lib/x64Linux3gcc5.4.0:/opt/ros/dashing/lib /usr/bin/cmake --build /home/shiozaki/ros2/build/hello_world --target install -- -j4 -l4
[3.059s] [ 10%] Built target listener
[3.062s] [ 30%] Built target talker_listener_composition
[3.062s] [ 30%] Built target client_sync
[3.068s] [ 40%] Built target talker_with_service
[3.108s] [ 50%] Built target talker_with_service_param
[3.112s] [ 60%] Built target talker
[3.113s] [ 70%] Built target set_and_get_parameters
[3.124s] [ 80%] Built target listener_component
[3.154s] [ 90%] Built target talker_component
[3.156s] [100%] Built target client_async
[3.181s] [36mInstall the project...[0m
[3.193s] -- Install configuration: ""
[3.193s] -- Up-to-date: /home/shiozaki/ros2/install/hello_world/lib/hello_world/talker
[3.194s] -- Up-to-date: /home/shiozaki/ros2/install/hello_world/lib/hello_world/talker_with_service
[3.194s] -- Up-to-date: /home/shiozaki/ros2/install/hello_world/lib/hello_world/talker_with_service_param
[3.195s] -- Installing: /home/shiozaki/ros2/install/hello_world/lib/hello_world/listener
[3.196s] -- Set runtime path of "/home/shiozaki/ros2/install/hello_world/lib/hello_world/listener" to ""
[3.196s] -- Up-to-date: /home/shiozaki/ros2/install/hello_world/lib/hello_world/client_sync
[3.196s] -- Up-to-date: /home/shiozaki/ros2/install/hello_world/lib/hello_world/client_async
[3.197s] -- Up-to-date: /home/shiozaki/ros2/install/hello_world/lib/hello_world/talker_listener_composition
[3.197s] -- Up-to-date: /home/shiozaki/ros2/install/hello_world/lib/hello_world/set_and_get_parameters
[3.198s] -- Up-to-date: /home/shiozaki/ros2/install/hello_world/share/hello_world//launch
[3.198s] -- Up-to-date: /home/shiozaki/ros2/install/hello_world/share/hello_world//launch/talker_listener_with_param.launch.py
[3.198s] -- Up-to-date: /home/shiozaki/ros2/install/hello_world/share/hello_world//launch/params.yaml
[3.198s] -- Up-to-date: /home/shiozaki/ros2/install/hello_world/share/hello_world//launch/talker_listener.launch.py
[3.198s] -- Up-to-date: /home/shiozaki/ros2/install/hello_world/share/hello_world//launch/talker_listener_with_param_file.launch.py
[3.198s] -- Up-to-date: /home/shiozaki/ros2/install/hello_world/share/ament_index/resource_index/package_run_dependencies/hello_world
[3.199s] -- Up-to-date: /home/shiozaki/ros2/install/hello_world/share/ament_index/resource_index/parent_prefix_path/hello_world
[3.199s] -- Up-to-date: /home/shiozaki/ros2/install/hello_world/share/hello_world/environment/ament_prefix_path.sh
[3.199s] -- Up-to-date: /home/shiozaki/ros2/install/hello_world/share/hello_world/environment/path.sh
[3.199s] -- Up-to-date: /home/shiozaki/ros2/install/hello_world/share/hello_world/local_setup.bash
[3.199s] -- Up-to-date: /home/shiozaki/ros2/install/hello_world/share/hello_world/local_setup.sh
[3.199s] -- Up-to-date: /home/shiozaki/ros2/install/hello_world/share/hello_world/local_setup.zsh
[3.199s] -- Up-to-date: /home/shiozaki/ros2/install/hello_world/share/ament_index/resource_index/packages/hello_world
[3.199s] -- Up-to-date: /home/shiozaki/ros2/install/hello_world/share/ament_index/resource_index/rclcpp_components/hello_world
[3.199s] -- Up-to-date: /home/shiozaki/ros2/install/hello_world/share/hello_world/cmake/hello_worldConfig.cmake
[3.199s] -- Up-to-date: /home/shiozaki/ros2/install/hello_world/share/hello_world/cmake/hello_worldConfig-version.cmake
[3.199s] -- Up-to-date: /home/shiozaki/ros2/install/hello_world/share/hello_world/package.xml
[3.204s] Invoked command in '/home/shiozaki/ros2/build/hello_world' returned '0': CMAKE_PREFIX_PATH=/home/shiozaki/ros2/install/hello_world_msgs:/home/shiozaki/ros2/install/libcreate:/home/shiozaki/ros2/install/hello_world:/home/shiozaki/ros2/install/fibonacci:/home/shiozaki/ros2/install/examples_rclpy_topics:/home/shiozaki/ros2/install/examples_rclpy_services:/home/shiozaki/ros2/install/examples_rclpy_minimal_action_server:/opt/ros/dashing LD_LIBRARY_PATH=/home/shiozaki/ros2/install/hello_world_msgs/lib:/home/shiozaki/ros2/install/libcreate/lib:/opt/ros/dashing/opt/yaml_cpp_vendor/lib:/opt/ros/dashing/opt/rviz_ogre_vendor/lib:/usr/lib:/opt/rti.com/rti_connext_dds-5.3.1/lib/x64Linux3gcc5.4.0:/opt/ros/dashing/lib /usr/bin/cmake --build /home/shiozaki/ros2/build/hello_world --target install -- -j4 -l4
