[0.070s] Invoking command in '/home/shiozaki/ros2/build/libcreate': CMAKE_PREFIX_PATH=${CMAKE_PREFIX_PATH}:/home/shiozaki/ros2/install/examples_rclpy_topics:/home/shiozaki/ros2/install/examples_rclpy_services:/home/shiozaki/ros2/install/examples_rclpy_minimal_action_server:/opt/ros/dashing /usr/bin/cmake --build /home/shiozaki/ros2/build/libcreate -- -j4 -l4
[0.191s] [ 36%] Built target create
[0.244s] [ 45%] Built target packets
[0.249s] [ 54%] Built target play_song
[0.254s] [ 63%] Built target wheeldrop
[0.262s] [ 72%] Built target battery_level
[0.297s] [ 90%] Built target drive_circle
[0.297s] [ 90%] Built target leds
[0.305s] [100%] Built target bumpers
[0.320s] Invoked command in '/home/shiozaki/ros2/build/libcreate' returned '0': CMAKE_PREFIX_PATH=${CMAKE_PREFIX_PATH}:/home/shiozaki/ros2/install/examples_rclpy_topics:/home/shiozaki/ros2/install/examples_rclpy_services:/home/shiozaki/ros2/install/examples_rclpy_minimal_action_server:/opt/ros/dashing /usr/bin/cmake --build /home/shiozaki/ros2/build/libcreate -- -j4 -l4
[0.433s] Invoking command in '/home/shiozaki/ros2/build/libcreate': CMAKE_PREFIX_PATH=${CMAKE_PREFIX_PATH}:/home/shiozaki/ros2/install/examples_rclpy_topics:/home/shiozaki/ros2/install/examples_rclpy_services:/home/shiozaki/ros2/install/examples_rclpy_minimal_action_server:/opt/ros/dashing /usr/bin/cmake --build /home/shiozaki/ros2/build/libcreate --target install -- -j4 -l4
[0.522s] [ 36%] Built target create
[0.567s] [ 45%] Built target packets
[0.576s] [ 54%] Built target play_song
[0.594s] [ 63%] Built target wheeldrop
[0.594s] [ 72%] Built target battery_level
[0.622s] [ 81%] Built target drive_circle
[0.625s] [ 90%] Built target leds
[0.639s] [100%] Built target bumpers
[0.669s] [36mInstall the project...[0m
[0.687s] -- Install configuration: ""
[0.687s] -- Up-to-date: /home/shiozaki/ros2/install/libcreate/lib/libcreate.so
[0.687s] -- Up-to-date: /home/shiozaki/ros2/install/libcreate/include
[0.688s] -- Up-to-date: /home/shiozaki/ros2/install/libcreate/include/create
[0.688s] -- Up-to-date: /home/shiozaki/ros2/install/libcreate/include/create/serial_stream.h
[0.688s] -- Up-to-date: /home/shiozaki/ros2/install/libcreate/include/create/types.h
[0.688s] -- Up-to-date: /home/shiozaki/ros2/install/libcreate/include/create/util.h
[0.688s] -- Up-to-date: /home/shiozaki/ros2/install/libcreate/include/create/data.h
[0.688s] -- Up-to-date: /home/shiozaki/ros2/install/libcreate/include/create/create.h
[0.689s] -- Up-to-date: /home/shiozaki/ros2/install/libcreate/include/create/serial.h
[0.689s] -- Up-to-date: /home/shiozaki/ros2/install/libcreate/include/create/serial_query.h
[0.689s] -- Up-to-date: /home/shiozaki/ros2/install/libcreate/include/create/packet.h
[0.689s] -- Up-to-date: /home/shiozaki/ros2/install/libcreate/lib/cmake/libcreate/libcreate-config.cmake
[0.689s] -- Up-to-date: /home/shiozaki/ros2/install/libcreate/lib/cmake/libcreate/libcreate-config-version.cmake
[0.689s] -- Up-to-date: /home/shiozaki/ros2/install/libcreate/lib/cmake/libcreate/libcreate-targets.cmake
[0.690s] -- Up-to-date: /home/shiozaki/ros2/install/libcreate/lib/cmake/libcreate/libcreate-targets-noconfig.cmake
[0.690s] -- Up-to-date: /home/shiozaki/ros2/install/libcreate/share/libcreate/package.xml
[0.694s] Invoked command in '/home/shiozaki/ros2/build/libcreate' returned '0': CMAKE_PREFIX_PATH=${CMAKE_PREFIX_PATH}:/home/shiozaki/ros2/install/examples_rclpy_topics:/home/shiozaki/ros2/install/examples_rclpy_services:/home/shiozaki/ros2/install/examples_rclpy_minimal_action_server:/opt/ros/dashing /usr/bin/cmake --build /home/shiozaki/ros2/build/libcreate --target install -- -j4 -l4
