[0.046s] Invoking command in '/home/shiozaki/ros2/build/libcreate': CMAKE_PREFIX_PATH=${CMAKE_PREFIX_PATH}:/home/shiozaki/ros2/install/examples_rclpy_topics:/home/shiozaki/ros2/install/examples_rclpy_services:/home/shiozaki/ros2/install/examples_rclpy_minimal_action_server:/opt/ros/dashing /usr/bin/cmake --build /home/shiozaki/ros2/build/libcreate -- -j4 -l4
[0.239s] [ 36%] Built target create
[0.300s] [ 45%] Built target wheeldrop
[0.320s] [ 54%] Built target packets
[0.326s] [ 63%] Built target battery_level
[0.336s] [ 72%] Built target play_song
[0.367s] [ 81%] Built target drive_circle
[0.381s] [ 90%] Built target bumpers
[0.383s] [100%] Built target leds
[0.403s] Invoked command in '/home/shiozaki/ros2/build/libcreate' returned '0': CMAKE_PREFIX_PATH=${CMAKE_PREFIX_PATH}:/home/shiozaki/ros2/install/examples_rclpy_topics:/home/shiozaki/ros2/install/examples_rclpy_services:/home/shiozaki/ros2/install/examples_rclpy_minimal_action_server:/opt/ros/dashing /usr/bin/cmake --build /home/shiozaki/ros2/build/libcreate -- -j4 -l4
[0.518s] Invoking command in '/home/shiozaki/ros2/build/libcreate': CMAKE_PREFIX_PATH=${CMAKE_PREFIX_PATH}:/home/shiozaki/ros2/install/examples_rclpy_topics:/home/shiozaki/ros2/install/examples_rclpy_services:/home/shiozaki/ros2/install/examples_rclpy_minimal_action_server:/opt/ros/dashing /usr/bin/cmake --build /home/shiozaki/ros2/build/libcreate --target install -- -j4 -l4
[0.674s] [ 36%] Built target create
[0.722s] [ 45%] Built target play_song
[0.747s] [ 54%] Built target battery_level
[0.777s] [ 63%] Built target drive_circle
[0.787s] [ 72%] Built target wheeldrop
[0.788s] [ 81%] Built target packets
[0.818s] [ 90%] Built target leds
[0.830s] [100%] Built target bumpers
[0.864s] [36mInstall the project...[0m
[0.876s] -- Install configuration: ""
[0.877s] -- Up-to-date: /home/shiozaki/ros2/install/libcreate/lib/libcreate.so
[0.877s] -- Up-to-date: /home/shiozaki/ros2/install/libcreate/include
[0.878s] -- Up-to-date: /home/shiozaki/ros2/install/libcreate/include/create
[0.878s] -- Up-to-date: /home/shiozaki/ros2/install/libcreate/include/create/serial_stream.h
[0.879s] -- Up-to-date: /home/shiozaki/ros2/install/libcreate/include/create/types.h
[0.880s] -- Up-to-date: /home/shiozaki/ros2/install/libcreate/include/create/util.h
[0.880s] -- Up-to-date: /home/shiozaki/ros2/install/libcreate/include/create/data.h
[0.880s] -- Up-to-date: /home/shiozaki/ros2/install/libcreate/include/create/create.h
[0.881s] -- Up-to-date: /home/shiozaki/ros2/install/libcreate/include/create/serial.h
[0.881s] -- Up-to-date: /home/shiozaki/ros2/install/libcreate/include/create/serial_query.h
[0.881s] -- Up-to-date: /home/shiozaki/ros2/install/libcreate/include/create/packet.h
[0.881s] -- Up-to-date: /home/shiozaki/ros2/install/libcreate/lib/cmake/libcreate/libcreate-config.cmake
[0.882s] -- Up-to-date: /home/shiozaki/ros2/install/libcreate/lib/cmake/libcreate/libcreate-config-version.cmake
[0.882s] -- Up-to-date: /home/shiozaki/ros2/install/libcreate/lib/cmake/libcreate/libcreate-targets.cmake
[0.882s] -- Up-to-date: /home/shiozaki/ros2/install/libcreate/lib/cmake/libcreate/libcreate-targets-noconfig.cmake
[0.883s] -- Up-to-date: /home/shiozaki/ros2/install/libcreate/share/libcreate/package.xml
[0.908s] Invoked command in '/home/shiozaki/ros2/build/libcreate' returned '0': CMAKE_PREFIX_PATH=${CMAKE_PREFIX_PATH}:/home/shiozaki/ros2/install/examples_rclpy_topics:/home/shiozaki/ros2/install/examples_rclpy_services:/home/shiozaki/ros2/install/examples_rclpy_minimal_action_server:/opt/ros/dashing /usr/bin/cmake --build /home/shiozaki/ros2/build/libcreate --target install -- -j4 -l4
