[35m[1mScanning dependencies of target listener[0m
[ 10%] Built target talker_listener_composition
[ 20%] Built target talker_with_service
[ 30%] Built target client_sync
[ 35%] [32mBuilding CXX object CMakeFiles/listener.dir/src/listener.cpp.o[0m
[ 55%] Built target talker_with_service_param
[ 55%] Built target talker
[ 65%] Built target listener_component
[ 75%] Built target talker_component
[ 95%] Built target client_async
[ 95%] Built target set_and_get_parameters
[100%] [32m[1mLinking CXX executable listener[0m
[100%] Built target listener
[ 20%] Built target listener
[ 20%] Built target client_sync
[ 30%] Built target talker_with_service
[ 40%] Built target talker_listener_composition
[ 50%] Built target talker
[ 60%] Built target talker_with_service_param
[ 70%] Built target set_and_get_parameters
[ 80%] Built target listener_component
[ 90%] Built target client_async
[100%] Built target talker_component
[36mInstall the project...[0m
-- Install configuration: ""
-- Up-to-date: /home/shiozaki/ros2/install/hello_world/lib/hello_world/talker
-- Up-to-date: /home/shiozaki/ros2/install/hello_world/lib/hello_world/talker_with_service
-- Up-to-date: /home/shiozaki/ros2/install/hello_world/lib/hello_world/talker_with_service_param
-- Installing: /home/shiozaki/ros2/install/hello_world/lib/hello_world/listener
-- Set runtime path of "/home/shiozaki/ros2/install/hello_world/lib/hello_world/listener" to ""
-- Up-to-date: /home/shiozaki/ros2/install/hello_world/lib/hello_world/client_sync
-- Up-to-date: /home/shiozaki/ros2/install/hello_world/lib/hello_world/client_async
-- Up-to-date: /home/shiozaki/ros2/install/hello_world/lib/hello_world/talker_listener_composition
-- Up-to-date: /home/shiozaki/ros2/install/hello_world/lib/hello_world/set_and_get_parameters
-- Up-to-date: /home/shiozaki/ros2/install/hello_world/share/hello_world//launch
-- Up-to-date: /home/shiozaki/ros2/install/hello_world/share/hello_world//launch/talker_listener_with_param.launch.py
-- Up-to-date: /home/shiozaki/ros2/install/hello_world/share/hello_world//launch/params.yaml
-- Up-to-date: /home/shiozaki/ros2/install/hello_world/share/hello_world//launch/talker_listener.launch.py
-- Up-to-date: /home/shiozaki/ros2/install/hello_world/share/hello_world//launch/talker_listener_with_param_file.launch.py
-- Up-to-date: /home/shiozaki/ros2/install/hello_world/share/ament_index/resource_index/package_run_dependencies/hello_world
-- Up-to-date: /home/shiozaki/ros2/install/hello_world/share/ament_index/resource_index/parent_prefix_path/hello_world
-- Up-to-date: /home/shiozaki/ros2/install/hello_world/share/hello_world/environment/ament_prefix_path.sh
-- Up-to-date: /home/shiozaki/ros2/install/hello_world/share/hello_world/environment/path.sh
-- Up-to-date: /home/shiozaki/ros2/install/hello_world/share/hello_world/local_setup.bash
-- Up-to-date: /home/shiozaki/ros2/install/hello_world/share/hello_world/local_setup.sh
-- Up-to-date: /home/shiozaki/ros2/install/hello_world/share/hello_world/local_setup.zsh
-- Up-to-date: /home/shiozaki/ros2/install/hello_world/share/ament_index/resource_index/packages/hello_world
-- Up-to-date: /home/shiozaki/ros2/install/hello_world/share/ament_index/resource_index/rclcpp_components/hello_world
-- Up-to-date: /home/shiozaki/ros2/install/hello_world/share/hello_world/cmake/hello_worldConfig.cmake
-- Up-to-date: /home/shiozaki/ros2/install/hello_world/share/hello_world/cmake/hello_worldConfig-version.cmake
-- Up-to-date: /home/shiozaki/ros2/install/hello_world/share/hello_world/package.xml
