[0.086s] Invoking command in '/home/shiozaki/ros2/build/libcreate': CMAKE_PREFIX_PATH=${CMAKE_PREFIX_PATH}:/home/shiozaki/ros2/install/examples_rclpy_topics:/home/shiozaki/ros2/install/examples_rclpy_services:/home/shiozaki/ros2/install/examples_rclpy_minimal_action_server:/opt/ros/dashing /usr/bin/cmake --build /home/shiozaki/ros2/build/libcreate -- -j4 -l4
[0.185s] [ 36%] Built target create
[0.232s] [ 45%] Built target packets
[0.239s] [ 54%] Built target wheeldrop
[0.241s] [ 63%] Built target play_song
[0.250s] [ 72%] Built target battery_level
[0.279s] [ 81%] Built target drive_circle
[0.286s] [ 90%] Built target leds
[0.290s] [100%] Built target bumpers
[0.312s] Invoked command in '/home/shiozaki/ros2/build/libcreate' returned '0': CMAKE_PREFIX_PATH=${CMAKE_PREFIX_PATH}:/home/shiozaki/ros2/install/examples_rclpy_topics:/home/shiozaki/ros2/install/examples_rclpy_services:/home/shiozaki/ros2/install/examples_rclpy_minimal_action_server:/opt/ros/dashing /usr/bin/cmake --build /home/shiozaki/ros2/build/libcreate -- -j4 -l4
[0.405s] Invoking command in '/home/shiozaki/ros2/build/libcreate': CMAKE_PREFIX_PATH=${CMAKE_PREFIX_PATH}:/home/shiozaki/ros2/install/examples_rclpy_topics:/home/shiozaki/ros2/install/examples_rclpy_services:/home/shiozaki/ros2/install/examples_rclpy_minimal_action_server:/opt/ros/dashing /usr/bin/cmake --build /home/shiozaki/ros2/build/libcreate --target install -- -j4 -l4
[0.476s] [ 36%] Built target create
[0.525s] [ 45%] Built target wheeldrop
[0.530s] [ 54%] Built target play_song
[0.548s] [ 63%] Built target packets
[0.549s] [ 72%] Built target battery_level
[0.573s] [ 81%] Built target drive_circle
[0.581s] [ 90%] Built target leds
[0.595s] [100%] Built target bumpers
[0.632s] [36mInstall the project...[0m
[0.647s] -- Install configuration: ""
[0.648s] -- Up-to-date: /home/shiozaki/ros2/install/libcreate/lib/libcreate.so
[0.648s] -- Up-to-date: /home/shiozaki/ros2/install/libcreate/include
[0.648s] -- Up-to-date: /home/shiozaki/ros2/install/libcreate/include/create
[0.649s] -- Up-to-date: /home/shiozaki/ros2/install/libcreate/include/create/serial_stream.h
[0.649s] -- Up-to-date: /home/shiozaki/ros2/install/libcreate/include/create/types.h
[0.649s] -- Up-to-date: /home/shiozaki/ros2/install/libcreate/include/create/util.h
[0.649s] -- Up-to-date: /home/shiozaki/ros2/install/libcreate/include/create/data.h
[0.650s] -- Up-to-date: /home/shiozaki/ros2/install/libcreate/include/create/create.h
[0.650s] -- Up-to-date: /home/shiozaki/ros2/install/libcreate/include/create/serial.h
[0.650s] -- Up-to-date: /home/shiozaki/ros2/install/libcreate/include/create/serial_query.h
[0.650s] -- Up-to-date: /home/shiozaki/ros2/install/libcreate/include/create/packet.h
[0.650s] -- Up-to-date: /home/shiozaki/ros2/install/libcreate/lib/cmake/libcreate/libcreate-config.cmake
[0.651s] -- Up-to-date: /home/shiozaki/ros2/install/libcreate/lib/cmake/libcreate/libcreate-config-version.cmake
[0.651s] -- Up-to-date: /home/shiozaki/ros2/install/libcreate/lib/cmake/libcreate/libcreate-targets.cmake
[0.651s] -- Up-to-date: /home/shiozaki/ros2/install/libcreate/lib/cmake/libcreate/libcreate-targets-noconfig.cmake
[0.651s] -- Up-to-date: /home/shiozaki/ros2/install/libcreate/share/libcreate/package.xml
[0.661s] Invoked command in '/home/shiozaki/ros2/build/libcreate' returned '0': CMAKE_PREFIX_PATH=${CMAKE_PREFIX_PATH}:/home/shiozaki/ros2/install/examples_rclpy_topics:/home/shiozaki/ros2/install/examples_rclpy_services:/home/shiozaki/ros2/install/examples_rclpy_minimal_action_server:/opt/ros/dashing /usr/bin/cmake --build /home/shiozaki/ros2/build/libcreate --target install -- -j4 -l4
