[0.049s] Invoking command in '/home/shiozaki/ros2/build/libcreate': CMAKE_PREFIX_PATH=${CMAKE_PREFIX_PATH}:/home/shiozaki/ros2/install/examples_rclpy_topics:/home/shiozaki/ros2/install/examples_rclpy_services:/home/shiozaki/ros2/install/examples_rclpy_minimal_action_server:/opt/ros/dashing /usr/bin/cmake --build /home/shiozaki/ros2/build/libcreate -- -j4 -l4
[0.181s] [ 36%] Built target create
[0.247s] [ 45%] Built target wheeldrop
[0.253s] [ 54%] Built target play_song
[0.261s] [ 63%] Built target battery_level
[0.267s] [ 72%] Built target packets
[0.294s] [ 81%] Built target drive_circle
[0.310s] [ 90%] Built target bumpers
[0.314s] [100%] Built target leds
[0.331s] Invoked command in '/home/shiozaki/ros2/build/libcreate' returned '0': CMAKE_PREFIX_PATH=${CMAKE_PREFIX_PATH}:/home/shiozaki/ros2/install/examples_rclpy_topics:/home/shiozaki/ros2/install/examples_rclpy_services:/home/shiozaki/ros2/install/examples_rclpy_minimal_action_server:/opt/ros/dashing /usr/bin/cmake --build /home/shiozaki/ros2/build/libcreate -- -j4 -l4
[0.418s] Invoking command in '/home/shiozaki/ros2/build/libcreate': CMAKE_PREFIX_PATH=${CMAKE_PREFIX_PATH}:/home/shiozaki/ros2/install/examples_rclpy_topics:/home/shiozaki/ros2/install/examples_rclpy_services:/home/shiozaki/ros2/install/examples_rclpy_minimal_action_server:/opt/ros/dashing /usr/bin/cmake --build /home/shiozaki/ros2/build/libcreate --target install -- -j4 -l4
[0.532s] [ 36%] Built target create
[0.585s] [ 45%] Built target play_song
[0.593s] [ 54%] Built target packets
[0.594s] [ 63%] Built target wheeldrop
[0.599s] [ 72%] Built target battery_level
[0.631s] [ 81%] Built target drive_circle
[0.640s] [ 90%] Built target bumpers
[0.645s] [100%] Built target leds
[0.678s] [36mInstall the project...[0m
[0.694s] -- Install configuration: ""
[0.695s] -- Up-to-date: /home/shiozaki/ros2/install/libcreate/lib/libcreate.so
[0.695s] -- Up-to-date: /home/shiozaki/ros2/install/libcreate/include
[0.695s] -- Up-to-date: /home/shiozaki/ros2/install/libcreate/include/create
[0.695s] -- Up-to-date: /home/shiozaki/ros2/install/libcreate/include/create/serial_stream.h
[0.695s] -- Up-to-date: /home/shiozaki/ros2/install/libcreate/include/create/types.h
[0.696s] -- Up-to-date: /home/shiozaki/ros2/install/libcreate/include/create/util.h
[0.696s] -- Up-to-date: /home/shiozaki/ros2/install/libcreate/include/create/data.h
[0.696s] -- Up-to-date: /home/shiozaki/ros2/install/libcreate/include/create/create.h
[0.696s] -- Up-to-date: /home/shiozaki/ros2/install/libcreate/include/create/serial.h
[0.696s] -- Up-to-date: /home/shiozaki/ros2/install/libcreate/include/create/serial_query.h
[0.696s] -- Up-to-date: /home/shiozaki/ros2/install/libcreate/include/create/packet.h
[0.696s] -- Up-to-date: /home/shiozaki/ros2/install/libcreate/lib/cmake/libcreate/libcreate-config.cmake
[0.696s] -- Up-to-date: /home/shiozaki/ros2/install/libcreate/lib/cmake/libcreate/libcreate-config-version.cmake
[0.696s] -- Up-to-date: /home/shiozaki/ros2/install/libcreate/lib/cmake/libcreate/libcreate-targets.cmake
[0.696s] -- Up-to-date: /home/shiozaki/ros2/install/libcreate/lib/cmake/libcreate/libcreate-targets-noconfig.cmake
[0.697s] -- Up-to-date: /home/shiozaki/ros2/install/libcreate/share/libcreate/package.xml
[0.701s] Invoked command in '/home/shiozaki/ros2/build/libcreate' returned '0': CMAKE_PREFIX_PATH=${CMAKE_PREFIX_PATH}:/home/shiozaki/ros2/install/examples_rclpy_topics:/home/shiozaki/ros2/install/examples_rclpy_services:/home/shiozaki/ros2/install/examples_rclpy_minimal_action_server:/opt/ros/dashing /usr/bin/cmake --build /home/shiozaki/ros2/build/libcreate --target install -- -j4 -l4
