[0.056s] Invoking command in '/home/shiozaki/ros2/build/libcreate': CMAKE_PREFIX_PATH=${CMAKE_PREFIX_PATH}:/home/shiozaki/ros2/install/examples_rclpy_topics:/home/shiozaki/ros2/install/examples_rclpy_services:/home/shiozaki/ros2/install/examples_rclpy_minimal_action_server:/opt/ros/dashing /usr/bin/cmake --build /home/shiozaki/ros2/build/libcreate -- -j4 -l4
[0.176s] [ 36%] Built target create
[0.226s] [ 45%] Built target wheeldrop
[0.237s] [ 54%] Built target play_song
[0.244s] [ 63%] Built target packets
[0.254s] [ 72%] Built target battery_level
[0.282s] [ 81%] Built target drive_circle
[0.287s] [ 90%] Built target leds
[0.295s] [100%] Built target bumpers
[0.308s] Invoked command in '/home/shiozaki/ros2/build/libcreate' returned '0': CMAKE_PREFIX_PATH=${CMAKE_PREFIX_PATH}:/home/shiozaki/ros2/install/examples_rclpy_topics:/home/shiozaki/ros2/install/examples_rclpy_services:/home/shiozaki/ros2/install/examples_rclpy_minimal_action_server:/opt/ros/dashing /usr/bin/cmake --build /home/shiozaki/ros2/build/libcreate -- -j4 -l4
[0.423s] Invoking command in '/home/shiozaki/ros2/build/libcreate': CMAKE_PREFIX_PATH=${CMAKE_PREFIX_PATH}:/home/shiozaki/ros2/install/examples_rclpy_topics:/home/shiozaki/ros2/install/examples_rclpy_services:/home/shiozaki/ros2/install/examples_rclpy_minimal_action_server:/opt/ros/dashing /usr/bin/cmake --build /home/shiozaki/ros2/build/libcreate --target install -- -j4 -l4
[0.500s] [ 36%] Built target create
[0.555s] [ 45%] Built target wheeldrop
[0.562s] [ 54%] Built target battery_level
[0.563s] [ 63%] Built target play_song
[0.571s] [ 72%] Built target packets
[0.602s] [ 81%] Built target drive_circle
[0.611s] [ 90%] Built target bumpers
[0.614s] [100%] Built target leds
[0.641s] [36mInstall the project...[0m
[0.656s] -- Install configuration: ""
[0.657s] -- Up-to-date: /home/shiozaki/ros2/install/libcreate/lib/libcreate.so
[0.658s] -- Up-to-date: /home/shiozaki/ros2/install/libcreate/include
[0.658s] -- Up-to-date: /home/shiozaki/ros2/install/libcreate/include/create
[0.658s] -- Up-to-date: /home/shiozaki/ros2/install/libcreate/include/create/serial_stream.h
[0.659s] -- Up-to-date: /home/shiozaki/ros2/install/libcreate/include/create/types.h
[0.659s] -- Up-to-date: /home/shiozaki/ros2/install/libcreate/include/create/util.h
[0.662s] -- Up-to-date: /home/shiozaki/ros2/install/libcreate/include/create/data.h
[0.662s] -- Up-to-date: /home/shiozaki/ros2/install/libcreate/include/create/create.h
[0.663s] -- Up-to-date: /home/shiozaki/ros2/install/libcreate/include/create/serial.h
[0.663s] -- Up-to-date: /home/shiozaki/ros2/install/libcreate/include/create/serial_query.h
[0.664s] -- Up-to-date: /home/shiozaki/ros2/install/libcreate/include/create/packet.h
[0.665s] -- Up-to-date: /home/shiozaki/ros2/install/libcreate/lib/cmake/libcreate/libcreate-config.cmake
[0.665s] -- Up-to-date: /home/shiozaki/ros2/install/libcreate/lib/cmake/libcreate/libcreate-config-version.cmake
[0.665s] -- Up-to-date: /home/shiozaki/ros2/install/libcreate/lib/cmake/libcreate/libcreate-targets.cmake
[0.665s] -- Up-to-date: /home/shiozaki/ros2/install/libcreate/lib/cmake/libcreate/libcreate-targets-noconfig.cmake
[0.665s] -- Up-to-date: /home/shiozaki/ros2/install/libcreate/share/libcreate/package.xml
[0.671s] Invoked command in '/home/shiozaki/ros2/build/libcreate' returned '0': CMAKE_PREFIX_PATH=${CMAKE_PREFIX_PATH}:/home/shiozaki/ros2/install/examples_rclpy_topics:/home/shiozaki/ros2/install/examples_rclpy_services:/home/shiozaki/ros2/install/examples_rclpy_minimal_action_server:/opt/ros/dashing /usr/bin/cmake --build /home/shiozaki/ros2/build/libcreate --target install -- -j4 -l4
