[0.055s] Invoking command in '/home/shiozaki/ros2/build/libcreate': CMAKE_PREFIX_PATH=${CMAKE_PREFIX_PATH}:/home/shiozaki/ros2/install/examples_rclpy_topics:/home/shiozaki/ros2/install/examples_rclpy_services:/home/shiozaki/ros2/install/examples_rclpy_minimal_action_server:/opt/ros/dashing /usr/bin/cmake --build /home/shiozaki/ros2/build/libcreate -- -j4 -l4
[0.155s] [ 36%] Built target create
[0.211s] [ 45%] Built target wheeldrop
[0.220s] [ 54%] Built target packets
[0.222s] [ 63%] Built target play_song
[0.228s] [ 72%] Built target battery_level
[0.265s] [ 90%] Built target drive_circle
[0.266s] [ 90%] Built target bumpers
[0.267s] [100%] Built target leds
[0.286s] Invoked command in '/home/shiozaki/ros2/build/libcreate' returned '0': CMAKE_PREFIX_PATH=${CMAKE_PREFIX_PATH}:/home/shiozaki/ros2/install/examples_rclpy_topics:/home/shiozaki/ros2/install/examples_rclpy_services:/home/shiozaki/ros2/install/examples_rclpy_minimal_action_server:/opt/ros/dashing /usr/bin/cmake --build /home/shiozaki/ros2/build/libcreate -- -j4 -l4
[0.384s] Invoking command in '/home/shiozaki/ros2/build/libcreate': CMAKE_PREFIX_PATH=${CMAKE_PREFIX_PATH}:/home/shiozaki/ros2/install/examples_rclpy_topics:/home/shiozaki/ros2/install/examples_rclpy_services:/home/shiozaki/ros2/install/examples_rclpy_minimal_action_server:/opt/ros/dashing /usr/bin/cmake --build /home/shiozaki/ros2/build/libcreate --target install -- -j4 -l4
[0.469s] [ 36%] Built target create
[0.519s] [ 45%] Built target wheeldrop
[0.528s] [ 63%] Built target battery_level
[0.529s] [ 63%] Built target packets
[0.539s] [ 72%] Built target play_song
[0.576s] [ 81%] Built target drive_circle
[0.576s] [ 90%] Built target leds
[0.579s] [100%] Built target bumpers
[0.614s] [36mInstall the project...[0m
[0.630s] -- Install configuration: ""
[0.632s] -- Up-to-date: /home/shiozaki/ros2/install/libcreate/lib/libcreate.so
[0.632s] -- Up-to-date: /home/shiozaki/ros2/install/libcreate/include
[0.632s] -- Up-to-date: /home/shiozaki/ros2/install/libcreate/include/create
[0.632s] -- Up-to-date: /home/shiozaki/ros2/install/libcreate/include/create/serial_stream.h
[0.632s] -- Up-to-date: /home/shiozaki/ros2/install/libcreate/include/create/types.h
[0.632s] -- Up-to-date: /home/shiozaki/ros2/install/libcreate/include/create/util.h
[0.632s] -- Up-to-date: /home/shiozaki/ros2/install/libcreate/include/create/data.h
[0.633s] -- Up-to-date: /home/shiozaki/ros2/install/libcreate/include/create/create.h
[0.633s] -- Up-to-date: /home/shiozaki/ros2/install/libcreate/include/create/serial.h
[0.633s] -- Up-to-date: /home/shiozaki/ros2/install/libcreate/include/create/serial_query.h
[0.634s] -- Up-to-date: /home/shiozaki/ros2/install/libcreate/include/create/packet.h
[0.634s] -- Up-to-date: /home/shiozaki/ros2/install/libcreate/lib/cmake/libcreate/libcreate-config.cmake
[0.635s] -- Up-to-date: /home/shiozaki/ros2/install/libcreate/lib/cmake/libcreate/libcreate-config-version.cmake
[0.635s] -- Up-to-date: /home/shiozaki/ros2/install/libcreate/lib/cmake/libcreate/libcreate-targets.cmake
[0.636s] -- Up-to-date: /home/shiozaki/ros2/install/libcreate/lib/cmake/libcreate/libcreate-targets-noconfig.cmake
[0.636s] -- Up-to-date: /home/shiozaki/ros2/install/libcreate/share/libcreate/package.xml
[0.640s] Invoked command in '/home/shiozaki/ros2/build/libcreate' returned '0': CMAKE_PREFIX_PATH=${CMAKE_PREFIX_PATH}:/home/shiozaki/ros2/install/examples_rclpy_topics:/home/shiozaki/ros2/install/examples_rclpy_services:/home/shiozaki/ros2/install/examples_rclpy_minimal_action_server:/opt/ros/dashing /usr/bin/cmake --build /home/shiozaki/ros2/build/libcreate --target install -- -j4 -l4
