[ 10%] Built target talker_with_service
[ 20%] Built target listener
[ 30%] Built target talker_listener_composition
[ 40%] Built target client_sync
[35m[1mScanning dependencies of target talker[0m
[ 50%] Built target talker_with_service_param
[ 55%] [32mBuilding CXX object CMakeFiles/talker.dir/src/talker.cpp.o[0m
[ 65%] Built target set_and_get_parameters
[ 75%] Built target listener_component
[ 85%] Built target talker_component
[ 95%] Built target client_async
[01m[K/home/shiozaki/ros2/src/hello_world/src/talker.cpp:[m[K In lambda function:
[01m[K/home/shiozaki/ros2/src/hello_world/src/talker.cpp:56:7:[m[K [01;31m[Kerror: [m[K‘[01m[Kstruct sensor_msgs::msg::Image_<std::allocator<void> >[m[K’ has no member named ‘[01m[Kstring[m[K’
  img->[01;31m[Kstring[m[K = "rgb8";
       [01;31m[K^~~~~~[m[K
[01m[K/home/shiozaki/ros2/src/hello_world/src/talker.cpp:63:37:[m[K [01;31m[Kerror: [m[Kno matching function for call to ‘[01m[Krclcpp::Publisher<sensor_msgs::msg::Image_<std::allocator<void> > >::publish(std::remove_reference<std::unique_ptr<std_msgs::msg::String_<std::allocator<void> >, std::default_delete<std_msgs::msg::String_<std::allocator<void> > > >&>::type)[m[K’
         pub_->publish(std::move(msg)[01;31m[K)[m[K;
                                     [01;31m[K^[m[K
In file included from [01m[K/opt/ros/dashing/include/rclcpp/callback_group.hpp:24:0[m[K,
                 from [01m[K/opt/ros/dashing/include/rclcpp/any_executable.hpp:20[m[K,
                 from [01m[K/opt/ros/dashing/include/rclcpp/memory_strategy.hpp:24[m[K,
                 from [01m[K/opt/ros/dashing/include/rclcpp/memory_strategies.hpp:18[m[K,
                 from [01m[K/opt/ros/dashing/include/rclcpp/executor.hpp:33[m[K,
                 from [01m[K/opt/ros/dashing/include/rclcpp/executors/multi_threaded_executor.hpp:24[m[K,
                 from [01m[K/opt/ros/dashing/include/rclcpp/executors.hpp:21[m[K,
                 from [01m[K/opt/ros/dashing/include/rclcpp/rclcpp.hpp:144[m[K,
                 from [01m[K/home/shiozaki/ros2/src/hello_world/src/talker.cpp:19[m[K:
[01m[K/opt/ros/dashing/include/rclcpp/publisher.hpp:100:3:[m[K [01;36m[Knote: [m[Kcandidate: void rclcpp::Publisher<MessageT, Alloc>::publish(std::unique_ptr<T, typename std::conditional<std::is_same<typename std::allocator_traits<typename std::allocator_traits<_Alloc>::rebind_traits<T>::allocator_type>::rebind_alloc<T>, typename std::allocator<void>::rebind<_Tp1>::other>::value, std::default_delete<_Tp>, rclcpp::allocator::AllocatorDeleter<typename std::allocator_traits<_Alloc>::rebind_traits<T>::allocator_type> >::type>) [with MessageT = sensor_msgs::msg::Image_<std::allocator<void> >; Alloc = std::allocator<void>; typename std::conditional<std::is_same<typename std::allocator_traits<typename std::allocator_traits<_Alloc>::rebind_traits<T>::allocator_type>::rebind_alloc<T>, typename std::allocator<void>::rebind<_Tp1>::other>::value, std::default_delete<_Tp>, rclcpp::allocator::AllocatorDeleter<typename std::allocator_traits<_Alloc>::rebind_traits<T>::allocator_type> >::type = std::default_delete<sensor_msgs::msg::Image_<std::allocator<void> > >]
   [01;36m[Kpublish[m[K(std::unique_ptr<MessageT, MessageDeleter> msg)
   [01;36m[K^~~~~~~[m[K
[01m[K/opt/ros/dashing/include/rclcpp/publisher.hpp:100:3:[m[K [01;36m[Knote: [m[K  no known conversion for argument 1 from ‘[01m[Kstd::remove_reference<std::unique_ptr<std_msgs::msg::String_<std::allocator<void> >, std::default_delete<std_msgs::msg::String_<std::allocator<void> > > >&>::type {aka std::unique_ptr<std_msgs::msg::String_<std::allocator<void> >, std::default_delete<std_msgs::msg::String_<std::allocator<void> > > >}[m[K’ to ‘[01m[Kstd::unique_ptr<sensor_msgs::msg::Image_<std::allocator<void> >, std::default_delete<sensor_msgs::msg::Image_<std::allocator<void> > > >[m[K’
[01m[K/opt/ros/dashing/include/rclcpp/publisher.hpp:137:3:[m[K [01;36m[Knote: [m[Kcandidate: void rclcpp::Publisher<MessageT, Alloc>::publish(const std::shared_ptr<const _Tp>&) [with MessageT = sensor_msgs::msg::Image_<std::allocator<void> >; Alloc = std::allocator<void>]
   [01;36m[Kpublish[m[K(const std::shared_ptr<const MessageT> & msg)
   [01;36m[K^~~~~~~[m[K
[01m[K/opt/ros/dashing/include/rclcpp/publisher.hpp:137:3:[m[K [01;36m[Knote: [m[K  no known conversion for argument 1 from ‘[01m[Kstd::remove_reference<std::unique_ptr<std_msgs::msg::String_<std::allocator<void> >, std::default_delete<std_msgs::msg::String_<std::allocator<void> > > >&>::type {aka std::unique_ptr<std_msgs::msg::String_<std::allocator<void> >, std::default_delete<std_msgs::msg::String_<std::allocator<void> > > >}[m[K’ to ‘[01m[Kconst std::shared_ptr<const sensor_msgs::msg::Image_<std::allocator<void> > >&[m[K’
[01m[K/opt/ros/dashing/include/rclcpp/publisher.hpp:143:3:[m[K [01;36m[Knote: [m[Kcandidate: void rclcpp::Publisher<MessageT, Alloc>::publish(const MessageT&) [with MessageT = sensor_msgs::msg::Image_<std::allocator<void> >; Alloc = std::allocator<void>]
   [01;36m[Kpublish[m[K(const MessageT & msg)
   [01;36m[K^~~~~~~[m[K
[01m[K/opt/ros/dashing/include/rclcpp/publisher.hpp:143:3:[m[K [01;36m[Knote: [m[K  no known conversion for argument 1 from ‘[01m[Kstd::remove_reference<std::unique_ptr<std_msgs::msg::String_<std::allocator<void> >, std::default_delete<std_msgs::msg::String_<std::allocator<void> > > >&>::type {aka std::unique_ptr<std_msgs::msg::String_<std::allocator<void> >, std::default_delete<std_msgs::msg::String_<std::allocator<void> > > >}[m[K’ to ‘[01m[Kconst sensor_msgs::msg::Image_<std::allocator<void> >&[m[K’
[01m[K/opt/ros/dashing/include/rclcpp/publisher.hpp:165:3:[m[K [01;36m[Knote: [m[Kcandidate: void rclcpp::Publisher<MessageT, Alloc>::publish(const MessageT*) [with MessageT = sensor_msgs::msg::Image_<std::allocator<void> >; Alloc = std::allocator<void>]
   [01;36m[Kpublish[m[K(const MessageT * msg)
   [01;36m[K^~~~~~~[m[K
[01m[K/opt/ros/dashing/include/rclcpp/publisher.hpp:165:3:[m[K [01;36m[Knote: [m[K  no known conversion for argument 1 from ‘[01m[Kstd::remove_reference<std::unique_ptr<std_msgs::msg::String_<std::allocator<void> >, std::default_delete<std_msgs::msg::String_<std::allocator<void> > > >&>::type {aka std::unique_ptr<std_msgs::msg::String_<std::allocator<void> >, std::default_delete<std_msgs::msg::String_<std::allocator<void> > > >}[m[K’ to ‘[01m[Kconst sensor_msgs::msg::Image_<std::allocator<void> >*[m[K’
[01m[K/opt/ros/dashing/include/rclcpp/publisher.hpp:174:3:[m[K [01;36m[Knote: [m[Kcandidate: void rclcpp::Publisher<MessageT, Alloc>::publish(const rcl_serialized_message_t&) [with MessageT = sensor_msgs::msg::Image_<std::allocator<void> >; Alloc = std::allocator<void>; rcl_serialized_message_t = rcutils_uint8_array_t]
   [01;36m[Kpublish[m[K(const rcl_serialized_message_t & serialized_msg)
   [01;36m[K^~~~~~~[m[K
[01m[K/opt/ros/dashing/include/rclcpp/publisher.hpp:174:3:[m[K [01;36m[Knote: [m[K  no known conversion for argument 1 from ‘[01m[Kstd::remove_reference<std::unique_ptr<std_msgs::msg::String_<std::allocator<void> >, std::default_delete<std_msgs::msg::String_<std::allocator<void> > > >&>::type {aka std::unique_ptr<std_msgs::msg::String_<std::allocator<void> >, std::default_delete<std_msgs::msg::String_<std::allocator<void> > > >}[m[K’ to ‘[01m[Kconst rcl_serialized_message_t& {aka const rcutils_uint8_array_t&}[m[K’
[01m[K/opt/ros/dashing/include/rclcpp/publisher.hpp:185:3:[m[K [01;36m[Knote: [m[Kcandidate: void rclcpp::Publisher<MessageT, Alloc>::publish(const rcl_serialized_message_t*) [with MessageT = sensor_msgs::msg::Image_<std::allocator<void> >; Alloc = std::allocator<void>; rcl_serialized_message_t = rcutils_uint8_array_t]
   [01;36m[Kpublish[m[K(const rcl_serialized_message_t * serialized_msg)
   [01;36m[K^~~~~~~[m[K
[01m[K/opt/ros/dashing/include/rclcpp/publisher.hpp:185:3:[m[K [01;36m[Knote: [m[K  no known conversion for argument 1 from ‘[01m[Kstd::remove_reference<std::unique_ptr<std_msgs::msg::String_<std::allocator<void> >, std::default_delete<std_msgs::msg::String_<std::allocator<void> > > >&>::type {aka std::unique_ptr<std_msgs::msg::String_<std::allocator<void> >, std::default_delete<std_msgs::msg::String_<std::allocator<void> > > >}[m[K’ to ‘[01m[Kconst rcl_serialized_message_t* {aka const rcutils_uint8_array_t*}[m[K’
[01m[K/opt/ros/dashing/include/rclcpp/publisher.hpp:196:3:[m[K [01;36m[Knote: [m[Kcandidate: void rclcpp::Publisher<MessageT, Alloc>::publish(std::shared_ptr<const rcutils_uint8_array_t>) [with MessageT = sensor_msgs::msg::Image_<std::allocator<void> >; Alloc = std::allocator<void>]
   [01;36m[Kpublish[m[K(std::shared_ptr<const rcl_serialized_message_t> serialized_msg)
   [01;36m[K^~~~~~~[m[K
[01m[K/opt/ros/dashing/include/rclcpp/publisher.hpp:196:3:[m[K [01;36m[Knote: [m[K  no known conversion for argument 1 from ‘[01m[Kstd::remove_reference<std::unique_ptr<std_msgs::msg::String_<std::allocator<void> >, std::default_delete<std_msgs::msg::String_<std::allocator<void> > > >&>::type {aka std::unique_ptr<std_msgs::msg::String_<std::allocator<void> >, std::default_delete<std_msgs::msg::String_<std::allocator<void> > > >}[m[K’ to ‘[01m[Kstd::shared_ptr<const rcutils_uint8_array_t>[m[K’
[01m[K/home/shiozaki/ros2/src/hello_world/src/talker.cpp:[m[K In constructor ‘[01m[KTalker::Talker(const string&)[m[K’:
[01m[K/home/shiozaki/ros2/src/hello_world/src/talker.cpp:69:67:[m[K [01;31m[Kerror: [m[Kno match for ‘[01m[Koperator=[m[K’ (operand types are ‘[01m[Krclcpp::Publisher<sensor_msgs::msg::Image_<std::allocator<void> > >::SharedPtr {aka std::shared_ptr<rclcpp::Publisher<sensor_msgs::msg::Image_<std::allocator<void> > > >}[m[K’ and ‘[01m[Kstd::shared_ptr<rclcpp::Publisher<std_msgs::msg::String_<std::allocator<void> >, std::allocator<void> > >[m[K’)
     pub_ = create_publisher<std_msgs::msg::String>(topic_name, qos[01;31m[K)[m[K;
                                                                   [01;31m[K^[m[K
In file included from [01m[K/usr/include/c++/7/memory:81:0[m[K,
                 from [01m[K/home/shiozaki/ros2/src/hello_world/src/talker.cpp:17[m[K:
[01m[K/usr/include/c++/7/bits/shared_ptr.h:296:19:[m[K [01;36m[Knote: [m[Kcandidate: std::shared_ptr<_Tp>& std::shared_ptr<_Tp>::operator=(const std::shared_ptr<_Tp>&) [with _Tp = rclcpp::Publisher<sensor_msgs::msg::Image_<std::allocator<void> > >]
       shared_ptr& [01;36m[Koperator[m[K=(const shared_ptr&) noexcept = default;
                   [01;36m[K^~~~~~~~[m[K
[01m[K/usr/include/c++/7/bits/shared_ptr.h:296:19:[m[K [01;36m[Knote: [m[K  no known conversion for argument 1 from ‘[01m[Kstd::shared_ptr<rclcpp::Publisher<std_msgs::msg::String_<std::allocator<void> >, std::allocator<void> > >[m[K’ to ‘[01m[Kconst std::shared_ptr<rclcpp::Publisher<sensor_msgs::msg::Image_<std::allocator<void> > > >&[m[K’
[01m[K/usr/include/c++/7/bits/shared_ptr.h:300:2:[m[K [01;36m[Knote: [m[Kcandidate: template<class _Yp> std::shared_ptr<_Tp>::_Assignable<const std::shared_ptr<_Yp>&> std::shared_ptr<_Tp>::operator=(const std::shared_ptr<_Yp>&) [with _Yp = _Yp; _Tp = rclcpp::Publisher<sensor_msgs::msg::Image_<std::allocator<void> > >]
  [01;36m[Koperator[m[K=(const shared_ptr<_Yp>& __r) noexcept
  [01;36m[K^~~~~~~~[m[K
[01m[K/usr/include/c++/7/bits/shared_ptr.h:300:2:[m[K [01;36m[Knote: [m[K  template argument deduction/substitution failed:
[01m[K/usr/include/c++/7/bits/shared_ptr.h:309:2:[m[K [01;36m[Knote: [m[Kcandidate: template<class _Yp> std::shared_ptr<_Tp>::_Assignable<std::auto_ptr<_Up> > std::shared_ptr<_Tp>::operator=(std::auto_ptr<_Up>&&) [with _Yp = _Yp; _Tp = rclcpp::Publisher<sensor_msgs::msg::Image_<std::allocator<void> > >]
  [01;36m[Koperator[m[K=(auto_ptr<_Yp>&& __r)
  [01;36m[K^~~~~~~~[m[K
[01m[K/usr/include/c++/7/bits/shared_ptr.h:309:2:[m[K [01;36m[Knote: [m[K  template argument deduction/substitution failed:
[01m[K/home/shiozaki/ros2/src/hello_world/src/talker.cpp:69:67:[m[K [01;36m[Knote: [m[K  ‘[01m[Kstd::shared_ptr<rclcpp::Publisher<std_msgs::msg::String_<std::allocator<void> >, std::allocator<void> > >[m[K’ is not derived from ‘[01m[Kstd::auto_ptr<_Up>[m[K’
     pub_ = create_publisher<std_msgs::msg::String>(topic_name, qos[01;36m[K)[m[K;
                                                                   [01;36m[K^[m[K
In file included from [01m[K/usr/include/c++/7/memory:81:0[m[K,
                 from [01m[K/home/shiozaki/ros2/src/hello_world/src/talker.cpp:17[m[K:
[01m[K/usr/include/c++/7/bits/shared_ptr.h:317:7:[m[K [01;36m[Knote: [m[Kcandidate: std::shared_ptr<_Tp>& std::shared_ptr<_Tp>::operator=(std::shared_ptr<_Tp>&&) [with _Tp = rclcpp::Publisher<sensor_msgs::msg::Image_<std::allocator<void> > >]
       [01;36m[Koperator[m[K=(shared_ptr&& __r) noexcept
       [01;36m[K^~~~~~~~[m[K
[01m[K/usr/include/c++/7/bits/shared_ptr.h:317:7:[m[K [01;36m[Knote: [m[K  no known conversion for argument 1 from ‘[01m[Kstd::shared_ptr<rclcpp::Publisher<std_msgs::msg::String_<std::allocator<void> >, std::allocator<void> > >[m[K’ to ‘[01m[Kstd::shared_ptr<rclcpp::Publisher<sensor_msgs::msg::Image_<std::allocator<void> > > >&&[m[K’
[01m[K/usr/include/c++/7/bits/shared_ptr.h:325:2:[m[K [01;36m[Knote: [m[Kcandidate: template<class _Yp> std::shared_ptr<_Tp>::_Assignable<std::shared_ptr<_Yp> > std::shared_ptr<_Tp>::operator=(std::shared_ptr<_Yp>&&) [with _Yp = _Yp; _Tp = rclcpp::Publisher<sensor_msgs::msg::Image_<std::allocator<void> > >]
  [01;36m[Koperator[m[K=(shared_ptr<_Yp>&& __r) noexcept
  [01;36m[K^~~~~~~~[m[K
[01m[K/usr/include/c++/7/bits/shared_ptr.h:325:2:[m[K [01;36m[Knote: [m[K  template argument deduction/substitution failed:
[01m[K/usr/include/c++/7/bits/shared_ptr.h:333:2:[m[K [01;36m[Knote: [m[Kcandidate: template<class _Yp, class _Del> std::shared_ptr<_Tp>::_Assignable<std::unique_ptr<_Up, _Ep> > std::shared_ptr<_Tp>::operator=(std::unique_ptr<_Up, _Ep>&&) [with _Yp = _Yp; _Del = _Del; _Tp = rclcpp::Publisher<sensor_msgs::msg::Image_<std::allocator<void> > >]
  [01;36m[Koperator[m[K=(unique_ptr<_Yp, _Del>&& __r)
  [01;36m[K^~~~~~~~[m[K
[01m[K/usr/include/c++/7/bits/shared_ptr.h:333:2:[m[K [01;36m[Knote: [m[K  template argument deduction/substitution failed:
[01m[K/home/shiozaki/ros2/src/hello_world/src/talker.cpp:69:67:[m[K [01;36m[Knote: [m[K  ‘[01m[Kstd::shared_ptr<rclcpp::Publisher<std_msgs::msg::String_<std::allocator<void> >, std::allocator<void> > >[m[K’ is not derived from ‘[01m[Kstd::unique_ptr<_Tp, _Dp>[m[K’
     pub_ = create_publisher<std_msgs::msg::String>(topic_name, qos[01;36m[K)[m[K;
                                                                   [01;36m[K^[m[K
make[2]: *** [CMakeFiles/talker.dir/src/talker.cpp.o] Error 1
CMakeFiles/talker.dir/build.make:62: recipe for target 'CMakeFiles/talker.dir/src/talker.cpp.o' failed
CMakeFiles/Makefile2:284: recipe for target 'CMakeFiles/talker.dir/all' failed
make[1]: *** [CMakeFiles/talker.dir/all] Error 2
Makefile:140: recipe for target 'all' failed
make: *** [all] Error 2
