[0.051s] Invoking command in '/home/shiozaki/ros2/build/libcreate': CMAKE_PREFIX_PATH=${CMAKE_PREFIX_PATH}:/home/shiozaki/ros2/install/examples_rclpy_topics:/home/shiozaki/ros2/install/examples_rclpy_services:/home/shiozaki/ros2/install/examples_rclpy_minimal_action_server:/opt/ros/dashing /usr/bin/cmake --build /home/shiozaki/ros2/build/libcreate -- -j4 -l4
[0.177s] [ 36%] Built target create
[0.242s] [ 45%] Built target battery_level
[0.245s] [ 63%] Built target packets
[0.246s] [ 63%] Built target wheeldrop
[0.255s] [ 72%] Built target play_song
[0.295s] [ 81%] Built target drive_circle
[0.297s] [ 90%] Built target leds
[0.297s] [100%] Built target bumpers
[0.313s] Invoked command in '/home/shiozaki/ros2/build/libcreate' returned '0': CMAKE_PREFIX_PATH=${CMAKE_PREFIX_PATH}:/home/shiozaki/ros2/install/examples_rclpy_topics:/home/shiozaki/ros2/install/examples_rclpy_services:/home/shiozaki/ros2/install/examples_rclpy_minimal_action_server:/opt/ros/dashing /usr/bin/cmake --build /home/shiozaki/ros2/build/libcreate -- -j4 -l4
[0.385s] Invoking command in '/home/shiozaki/ros2/build/libcreate': CMAKE_PREFIX_PATH=${CMAKE_PREFIX_PATH}:/home/shiozaki/ros2/install/examples_rclpy_topics:/home/shiozaki/ros2/install/examples_rclpy_services:/home/shiozaki/ros2/install/examples_rclpy_minimal_action_server:/opt/ros/dashing /usr/bin/cmake --build /home/shiozaki/ros2/build/libcreate --target install -- -j4 -l4
[0.492s] [ 36%] Built target create
[0.537s] [ 54%] Built target wheeldrop
[0.537s] [ 54%] Built target battery_level
[0.546s] [ 63%] Built target play_song
[0.570s] [ 72%] Built target packets
[0.585s] [ 81%] Built target drive_circle
[0.597s] [ 90%] Built target bumpers
[0.605s] [100%] Built target leds
[0.629s] [36mInstall the project...[0m
[0.645s] -- Install configuration: ""
[0.646s] -- Up-to-date: /home/shiozaki/ros2/install/libcreate/lib/libcreate.so
[0.646s] -- Up-to-date: /home/shiozaki/ros2/install/libcreate/include
[0.646s] -- Up-to-date: /home/shiozaki/ros2/install/libcreate/include/create
[0.646s] -- Up-to-date: /home/shiozaki/ros2/install/libcreate/include/create/serial_stream.h
[0.647s] -- Up-to-date: /home/shiozaki/ros2/install/libcreate/include/create/types.h
[0.647s] -- Up-to-date: /home/shiozaki/ros2/install/libcreate/include/create/util.h
[0.647s] -- Up-to-date: /home/shiozaki/ros2/install/libcreate/include/create/data.h
[0.647s] -- Up-to-date: /home/shiozaki/ros2/install/libcreate/include/create/create.h
[0.647s] -- Up-to-date: /home/shiozaki/ros2/install/libcreate/include/create/serial.h
[0.647s] -- Up-to-date: /home/shiozaki/ros2/install/libcreate/include/create/serial_query.h
[0.647s] -- Up-to-date: /home/shiozaki/ros2/install/libcreate/include/create/packet.h
[0.647s] -- Up-to-date: /home/shiozaki/ros2/install/libcreate/lib/cmake/libcreate/libcreate-config.cmake
[0.647s] -- Up-to-date: /home/shiozaki/ros2/install/libcreate/lib/cmake/libcreate/libcreate-config-version.cmake
[0.647s] -- Up-to-date: /home/shiozaki/ros2/install/libcreate/lib/cmake/libcreate/libcreate-targets.cmake
[0.647s] -- Up-to-date: /home/shiozaki/ros2/install/libcreate/lib/cmake/libcreate/libcreate-targets-noconfig.cmake
[0.648s] -- Up-to-date: /home/shiozaki/ros2/install/libcreate/share/libcreate/package.xml
[0.652s] Invoked command in '/home/shiozaki/ros2/build/libcreate' returned '0': CMAKE_PREFIX_PATH=${CMAKE_PREFIX_PATH}:/home/shiozaki/ros2/install/examples_rclpy_topics:/home/shiozaki/ros2/install/examples_rclpy_services:/home/shiozaki/ros2/install/examples_rclpy_minimal_action_server:/opt/ros/dashing /usr/bin/cmake --build /home/shiozaki/ros2/build/libcreate --target install -- -j4 -l4
