[0.062s] Invoking command in '/home/shiozaki/ros2/build/libcreate': CMAKE_PREFIX_PATH=${CMAKE_PREFIX_PATH}:/home/shiozaki/ros2/install/examples_rclpy_topics:/home/shiozaki/ros2/install/examples_rclpy_services:/home/shiozaki/ros2/install/examples_rclpy_minimal_action_server:/opt/ros/dashing /usr/bin/cmake --build /home/shiozaki/ros2/build/libcreate -- -j4 -l4
[0.190s] [ 36%] Built target create
[0.247s] [ 54%] Built target battery_level
[0.248s] [ 54%] Built target play_song
[0.256s] [ 63%] Built target packets
[0.266s] [ 72%] Built target wheeldrop
[0.292s] [ 81%] Built target drive_circle
[0.299s] [ 90%] Built target leds
[0.303s] [100%] Built target bumpers
[0.318s] Invoked command in '/home/shiozaki/ros2/build/libcreate' returned '0': CMAKE_PREFIX_PATH=${CMAKE_PREFIX_PATH}:/home/shiozaki/ros2/install/examples_rclpy_topics:/home/shiozaki/ros2/install/examples_rclpy_services:/home/shiozaki/ros2/install/examples_rclpy_minimal_action_server:/opt/ros/dashing /usr/bin/cmake --build /home/shiozaki/ros2/build/libcreate -- -j4 -l4
[0.397s] Invoking command in '/home/shiozaki/ros2/build/libcreate': CMAKE_PREFIX_PATH=${CMAKE_PREFIX_PATH}:/home/shiozaki/ros2/install/examples_rclpy_topics:/home/shiozaki/ros2/install/examples_rclpy_services:/home/shiozaki/ros2/install/examples_rclpy_minimal_action_server:/opt/ros/dashing /usr/bin/cmake --build /home/shiozaki/ros2/build/libcreate --target install -- -j4 -l4
[0.498s] [ 36%] Built target create
[0.543s] [ 45%] Built target packets
[0.549s] [ 54%] Built target play_song
[0.557s] [ 63%] Built target wheeldrop
[0.561s] [ 72%] Built target battery_level
[0.592s] [ 81%] Built target leds
[0.602s] [ 90%] Built target bumpers
[0.603s] [100%] Built target drive_circle
[0.633s] [36mInstall the project...[0m
[0.645s] -- Install configuration: ""
[0.646s] -- Up-to-date: /home/shiozaki/ros2/install/libcreate/lib/libcreate.so
[0.646s] -- Up-to-date: /home/shiozaki/ros2/install/libcreate/include
[0.646s] -- Up-to-date: /home/shiozaki/ros2/install/libcreate/include/create
[0.647s] -- Up-to-date: /home/shiozaki/ros2/install/libcreate/include/create/serial_stream.h
[0.647s] -- Up-to-date: /home/shiozaki/ros2/install/libcreate/include/create/types.h
[0.647s] -- Up-to-date: /home/shiozaki/ros2/install/libcreate/include/create/util.h
[0.647s] -- Up-to-date: /home/shiozaki/ros2/install/libcreate/include/create/data.h
[0.647s] -- Up-to-date: /home/shiozaki/ros2/install/libcreate/include/create/create.h
[0.647s] -- Up-to-date: /home/shiozaki/ros2/install/libcreate/include/create/serial.h
[0.647s] -- Up-to-date: /home/shiozaki/ros2/install/libcreate/include/create/serial_query.h
[0.647s] -- Up-to-date: /home/shiozaki/ros2/install/libcreate/include/create/packet.h
[0.647s] -- Up-to-date: /home/shiozaki/ros2/install/libcreate/lib/cmake/libcreate/libcreate-config.cmake
[0.647s] -- Up-to-date: /home/shiozaki/ros2/install/libcreate/lib/cmake/libcreate/libcreate-config-version.cmake
[0.647s] -- Up-to-date: /home/shiozaki/ros2/install/libcreate/lib/cmake/libcreate/libcreate-targets.cmake
[0.648s] -- Up-to-date: /home/shiozaki/ros2/install/libcreate/lib/cmake/libcreate/libcreate-targets-noconfig.cmake
[0.648s] -- Up-to-date: /home/shiozaki/ros2/install/libcreate/share/libcreate/package.xml
[0.659s] Invoked command in '/home/shiozaki/ros2/build/libcreate' returned '0': CMAKE_PREFIX_PATH=${CMAKE_PREFIX_PATH}:/home/shiozaki/ros2/install/examples_rclpy_topics:/home/shiozaki/ros2/install/examples_rclpy_services:/home/shiozaki/ros2/install/examples_rclpy_minimal_action_server:/opt/ros/dashing /usr/bin/cmake --build /home/shiozaki/ros2/build/libcreate --target install -- -j4 -l4
