[0.059s] Invoking command in '/home/shiozaki/ros2/build/libcreate': CMAKE_PREFIX_PATH=${CMAKE_PREFIX_PATH}:/home/shiozaki/ros2/install/examples_rclpy_topics:/home/shiozaki/ros2/install/examples_rclpy_services:/home/shiozaki/ros2/install/examples_rclpy_minimal_action_server:/opt/ros/dashing /usr/bin/cmake --build /home/shiozaki/ros2/build/libcreate -- -j4 -l4
[0.172s] [ 36%] Built target create
[0.224s] [ 45%] Built target wheeldrop
[0.226s] [ 54%] Built target play_song
[0.229s] [ 63%] Built target packets
[0.231s] [ 72%] Built target battery_level
[0.269s] [ 81%] Built target drive_circle
[0.271s] [ 90%] Built target leds
[0.273s] [100%] Built target bumpers
[0.289s] Invoked command in '/home/shiozaki/ros2/build/libcreate' returned '0': CMAKE_PREFIX_PATH=${CMAKE_PREFIX_PATH}:/home/shiozaki/ros2/install/examples_rclpy_topics:/home/shiozaki/ros2/install/examples_rclpy_services:/home/shiozaki/ros2/install/examples_rclpy_minimal_action_server:/opt/ros/dashing /usr/bin/cmake --build /home/shiozaki/ros2/build/libcreate -- -j4 -l4
[0.390s] Invoking command in '/home/shiozaki/ros2/build/libcreate': CMAKE_PREFIX_PATH=${CMAKE_PREFIX_PATH}:/home/shiozaki/ros2/install/examples_rclpy_topics:/home/shiozaki/ros2/install/examples_rclpy_services:/home/shiozaki/ros2/install/examples_rclpy_minimal_action_server:/opt/ros/dashing /usr/bin/cmake --build /home/shiozaki/ros2/build/libcreate --target install -- -j4 -l4
[0.473s] [ 36%] Built target create
[0.523s] [ 45%] Built target wheeldrop
[0.524s] [ 54%] Built target play_song
[0.540s] [ 63%] Built target battery_level
[0.540s] [ 72%] Built target packets
[0.578s] [ 81%] Built target drive_circle
[0.582s] [ 90%] Built target leds
[0.589s] [100%] Built target bumpers
[0.629s] [36mInstall the project...[0m
[0.642s] -- Install configuration: ""
[0.643s] -- Up-to-date: /home/shiozaki/ros2/install/libcreate/lib/libcreate.so
[0.643s] -- Up-to-date: /home/shiozaki/ros2/install/libcreate/include
[0.643s] -- Up-to-date: /home/shiozaki/ros2/install/libcreate/include/create
[0.643s] -- Up-to-date: /home/shiozaki/ros2/install/libcreate/include/create/serial_stream.h
[0.644s] -- Up-to-date: /home/shiozaki/ros2/install/libcreate/include/create/types.h
[0.644s] -- Up-to-date: /home/shiozaki/ros2/install/libcreate/include/create/util.h
[0.644s] -- Up-to-date: /home/shiozaki/ros2/install/libcreate/include/create/data.h
[0.644s] -- Up-to-date: /home/shiozaki/ros2/install/libcreate/include/create/create.h
[0.644s] -- Up-to-date: /home/shiozaki/ros2/install/libcreate/include/create/serial.h
[0.645s] -- Up-to-date: /home/shiozaki/ros2/install/libcreate/include/create/serial_query.h
[0.645s] -- Up-to-date: /home/shiozaki/ros2/install/libcreate/include/create/packet.h
[0.645s] -- Up-to-date: /home/shiozaki/ros2/install/libcreate/lib/cmake/libcreate/libcreate-config.cmake
[0.645s] -- Up-to-date: /home/shiozaki/ros2/install/libcreate/lib/cmake/libcreate/libcreate-config-version.cmake
[0.645s] -- Up-to-date: /home/shiozaki/ros2/install/libcreate/lib/cmake/libcreate/libcreate-targets.cmake
[0.645s] -- Up-to-date: /home/shiozaki/ros2/install/libcreate/lib/cmake/libcreate/libcreate-targets-noconfig.cmake
[0.645s] -- Up-to-date: /home/shiozaki/ros2/install/libcreate/share/libcreate/package.xml
[0.651s] Invoked command in '/home/shiozaki/ros2/build/libcreate' returned '0': CMAKE_PREFIX_PATH=${CMAKE_PREFIX_PATH}:/home/shiozaki/ros2/install/examples_rclpy_topics:/home/shiozaki/ros2/install/examples_rclpy_services:/home/shiozaki/ros2/install/examples_rclpy_minimal_action_server:/opt/ros/dashing /usr/bin/cmake --build /home/shiozaki/ros2/build/libcreate --target install -- -j4 -l4
