[0.061s] Invoking command in '/home/shiozaki/ros2/build/libcreate': CMAKE_PREFIX_PATH=${CMAKE_PREFIX_PATH}:/home/shiozaki/ros2/install/examples_rclpy_topics:/home/shiozaki/ros2/install/examples_rclpy_services:/home/shiozaki/ros2/install/examples_rclpy_minimal_action_server:/opt/ros/dashing /usr/bin/cmake --build /home/shiozaki/ros2/build/libcreate -- -j4 -l4
[0.166s] [ 36%] Built target create
[0.216s] [ 45%] Built target play_song
[0.217s] [ 54%] Built target wheeldrop
[0.223s] [ 63%] Built target battery_level
[0.223s] [ 72%] Built target packets
[0.263s] [ 81%] Built target leds
[0.267s] [100%] Built target bumpers
[0.267s] [100%] Built target drive_circle
[0.285s] Invoked command in '/home/shiozaki/ros2/build/libcreate' returned '0': CMAKE_PREFIX_PATH=${CMAKE_PREFIX_PATH}:/home/shiozaki/ros2/install/examples_rclpy_topics:/home/shiozaki/ros2/install/examples_rclpy_services:/home/shiozaki/ros2/install/examples_rclpy_minimal_action_server:/opt/ros/dashing /usr/bin/cmake --build /home/shiozaki/ros2/build/libcreate -- -j4 -l4
[0.400s] Invoking command in '/home/shiozaki/ros2/build/libcreate': CMAKE_PREFIX_PATH=${CMAKE_PREFIX_PATH}:/home/shiozaki/ros2/install/examples_rclpy_topics:/home/shiozaki/ros2/install/examples_rclpy_services:/home/shiozaki/ros2/install/examples_rclpy_minimal_action_server:/opt/ros/dashing /usr/bin/cmake --build /home/shiozaki/ros2/build/libcreate --target install -- -j4 -l4
[0.480s] [ 36%] Built target create
[0.525s] [ 45%] Built target play_song
[0.531s] [ 54%] Built target wheeldrop
[0.547s] [ 63%] Built target packets
[0.547s] [ 72%] Built target battery_level
[0.573s] [ 81%] Built target drive_circle
[0.588s] [ 90%] Built target leds
[0.594s] [100%] Built target bumpers
[0.625s] [36mInstall the project...[0m
[0.636s] -- Install configuration: ""
[0.636s] -- Up-to-date: /home/shiozaki/ros2/install/libcreate/lib/libcreate.so
[0.636s] -- Up-to-date: /home/shiozaki/ros2/install/libcreate/include
[0.637s] -- Up-to-date: /home/shiozaki/ros2/install/libcreate/include/create
[0.637s] -- Up-to-date: /home/shiozaki/ros2/install/libcreate/include/create/serial_stream.h
[0.637s] -- Up-to-date: /home/shiozaki/ros2/install/libcreate/include/create/types.h
[0.637s] -- Up-to-date: /home/shiozaki/ros2/install/libcreate/include/create/util.h
[0.637s] -- Up-to-date: /home/shiozaki/ros2/install/libcreate/include/create/data.h
[0.637s] -- Up-to-date: /home/shiozaki/ros2/install/libcreate/include/create/create.h
[0.637s] -- Up-to-date: /home/shiozaki/ros2/install/libcreate/include/create/serial.h
[0.638s] -- Up-to-date: /home/shiozaki/ros2/install/libcreate/include/create/serial_query.h
[0.638s] -- Up-to-date: /home/shiozaki/ros2/install/libcreate/include/create/packet.h
[0.638s] -- Up-to-date: /home/shiozaki/ros2/install/libcreate/lib/cmake/libcreate/libcreate-config.cmake
[0.638s] -- Up-to-date: /home/shiozaki/ros2/install/libcreate/lib/cmake/libcreate/libcreate-config-version.cmake
[0.638s] -- Up-to-date: /home/shiozaki/ros2/install/libcreate/lib/cmake/libcreate/libcreate-targets.cmake
[0.638s] -- Up-to-date: /home/shiozaki/ros2/install/libcreate/lib/cmake/libcreate/libcreate-targets-noconfig.cmake
[0.639s] -- Up-to-date: /home/shiozaki/ros2/install/libcreate/share/libcreate/package.xml
[0.643s] Invoked command in '/home/shiozaki/ros2/build/libcreate' returned '0': CMAKE_PREFIX_PATH=${CMAKE_PREFIX_PATH}:/home/shiozaki/ros2/install/examples_rclpy_topics:/home/shiozaki/ros2/install/examples_rclpy_services:/home/shiozaki/ros2/install/examples_rclpy_minimal_action_server:/opt/ros/dashing /usr/bin/cmake --build /home/shiozaki/ros2/build/libcreate --target install -- -j4 -l4
