running egg_info
creating /home/shiozaki/ros2/build/examples_rclpy_minimal_action_server/examples_rclpy_actions.egg-info
writing /home/shiozaki/ros2/build/examples_rclpy_minimal_action_server/examples_rclpy_actions.egg-info/PKG-INFO
writing dependency_links to /home/shiozaki/ros2/build/examples_rclpy_minimal_action_server/examples_rclpy_actions.egg-info/dependency_links.txt
writing entry points to /home/shiozaki/ros2/build/examples_rclpy_minimal_action_server/examples_rclpy_actions.egg-info/entry_points.txt
writing requirements to /home/shiozaki/ros2/build/examples_rclpy_minimal_action_server/examples_rclpy_actions.egg-info/requires.txt
writing top-level names to /home/shiozaki/ros2/build/examples_rclpy_minimal_action_server/examples_rclpy_actions.egg-info/top_level.txt
writing manifest file '/home/shiozaki/ros2/build/examples_rclpy_minimal_action_server/examples_rclpy_actions.egg-info/SOURCES.txt'
reading manifest file '/home/shiozaki/ros2/build/examples_rclpy_minimal_action_server/examples_rclpy_actions.egg-info/SOURCES.txt'
writing manifest file '/home/shiozaki/ros2/build/examples_rclpy_minimal_action_server/examples_rclpy_actions.egg-info/SOURCES.txt'
running build
running build_py
creating /home/shiozaki/ros2/build/examples_rclpy_minimal_action_server/build
creating /home/shiozaki/ros2/build/examples_rclpy_minimal_action_server/build/lib
creating /home/shiozaki/ros2/build/examples_rclpy_minimal_action_server/build/lib/examples_rclpy_actions
copying examples_rclpy_actions/server.py -> /home/shiozaki/ros2/build/examples_rclpy_minimal_action_server/build/lib/examples_rclpy_actions
copying examples_rclpy_actions/client.py -> /home/shiozaki/ros2/build/examples_rclpy_minimal_action_server/build/lib/examples_rclpy_actions
copying examples_rclpy_actions/__init__.py -> /home/shiozaki/ros2/build/examples_rclpy_minimal_action_server/build/lib/examples_rclpy_actions
running install
running install_lib
creating /home/shiozaki/ros2/install/examples_rclpy_minimal_action_server/lib/python3.6/site-packages/examples_rclpy_actions
copying /home/shiozaki/ros2/build/examples_rclpy_minimal_action_server/build/lib/examples_rclpy_actions/server.py -> /home/shiozaki/ros2/install/examples_rclpy_minimal_action_server/lib/python3.6/site-packages/examples_rclpy_actions
copying /home/shiozaki/ros2/build/examples_rclpy_minimal_action_server/build/lib/examples_rclpy_actions/client.py -> /home/shiozaki/ros2/install/examples_rclpy_minimal_action_server/lib/python3.6/site-packages/examples_rclpy_actions
copying /home/shiozaki/ros2/build/examples_rclpy_minimal_action_server/build/lib/examples_rclpy_actions/__init__.py -> /home/shiozaki/ros2/install/examples_rclpy_minimal_action_server/lib/python3.6/site-packages/examples_rclpy_actions
byte-compiling /home/shiozaki/ros2/install/examples_rclpy_minimal_action_server/lib/python3.6/site-packages/examples_rclpy_actions/server.py to server.cpython-36.pyc
byte-compiling /home/shiozaki/ros2/install/examples_rclpy_minimal_action_server/lib/python3.6/site-packages/examples_rclpy_actions/client.py to client.cpython-36.pyc
byte-compiling /home/shiozaki/ros2/install/examples_rclpy_minimal_action_server/lib/python3.6/site-packages/examples_rclpy_actions/__init__.py to __init__.cpython-36.pyc
running install_data
copying resource/examples_rclpy_actions -> /home/shiozaki/ros2/install/examples_rclpy_minimal_action_server/share/ament_index/resource_index/packages
creating /home/shiozaki/ros2/install/examples_rclpy_minimal_action_server/share/examples_rclpy_actions
copying package.xml -> /home/shiozaki/ros2/install/examples_rclpy_minimal_action_server/share/examples_rclpy_actions
running install_egg_info
Copying /home/shiozaki/ros2/build/examples_rclpy_minimal_action_server/examples_rclpy_actions.egg-info to /home/shiozaki/ros2/install/examples_rclpy_minimal_action_server/lib/python3.6/site-packages/examples_rclpy_actions-0.6.3-py3.6.egg-info
running install_scripts
Installing client script to /home/shiozaki/ros2/install/examples_rclpy_minimal_action_server/lib/examples_rclpy_actions
Installing server script to /home/shiozaki/ros2/install/examples_rclpy_minimal_action_server/lib/examples_rclpy_actions
writing list of installed files to '/home/shiozaki/ros2/build/examples_rclpy_minimal_action_server/install.log'
