[0.934s] Invoking command in '/home/shiozaki/ros2/src/examples_rclpy/examples_rclpy_actions': PYTHONPATH=/home/shiozaki/ros2/install/examples_rclpy_minimal_action_server/lib/python3.6/site-packages:${PYTHONPATH} /usr/bin/python3 setup.py egg_info --egg-base /home/shiozaki/ros2/build/examples_rclpy_minimal_action_server build --build-base /home/shiozaki/ros2/build/examples_rclpy_minimal_action_server/build install --prefix /home/shiozaki/ros2/install/examples_rclpy_minimal_action_server --record /home/shiozaki/ros2/build/examples_rclpy_minimal_action_server/install.log --single-version-externally-managed
[1.337s] running egg_info
[1.339s] creating /home/shiozaki/ros2/build/examples_rclpy_minimal_action_server/examples_rclpy_actions.egg-info
[1.339s] writing /home/shiozaki/ros2/build/examples_rclpy_minimal_action_server/examples_rclpy_actions.egg-info/PKG-INFO
[1.340s] writing dependency_links to /home/shiozaki/ros2/build/examples_rclpy_minimal_action_server/examples_rclpy_actions.egg-info/dependency_links.txt
[1.340s] writing entry points to /home/shiozaki/ros2/build/examples_rclpy_minimal_action_server/examples_rclpy_actions.egg-info/entry_points.txt
[1.340s] writing requirements to /home/shiozaki/ros2/build/examples_rclpy_minimal_action_server/examples_rclpy_actions.egg-info/requires.txt
[1.341s] writing top-level names to /home/shiozaki/ros2/build/examples_rclpy_minimal_action_server/examples_rclpy_actions.egg-info/top_level.txt
[1.341s] writing manifest file '/home/shiozaki/ros2/build/examples_rclpy_minimal_action_server/examples_rclpy_actions.egg-info/SOURCES.txt'
[1.410s] reading manifest file '/home/shiozaki/ros2/build/examples_rclpy_minimal_action_server/examples_rclpy_actions.egg-info/SOURCES.txt'
[1.412s] writing manifest file '/home/shiozaki/ros2/build/examples_rclpy_minimal_action_server/examples_rclpy_actions.egg-info/SOURCES.txt'
[1.412s] running build
[1.413s] running build_py
[1.413s] creating /home/shiozaki/ros2/build/examples_rclpy_minimal_action_server/build
[1.413s] creating /home/shiozaki/ros2/build/examples_rclpy_minimal_action_server/build/lib
[1.413s] creating /home/shiozaki/ros2/build/examples_rclpy_minimal_action_server/build/lib/examples_rclpy_actions
[1.413s] copying examples_rclpy_actions/server.py -> /home/shiozaki/ros2/build/examples_rclpy_minimal_action_server/build/lib/examples_rclpy_actions
[1.414s] copying examples_rclpy_actions/client.py -> /home/shiozaki/ros2/build/examples_rclpy_minimal_action_server/build/lib/examples_rclpy_actions
[1.414s] copying examples_rclpy_actions/__init__.py -> /home/shiozaki/ros2/build/examples_rclpy_minimal_action_server/build/lib/examples_rclpy_actions
[1.414s] running install
[1.415s] running install_lib
[1.416s] creating /home/shiozaki/ros2/install/examples_rclpy_minimal_action_server/lib/python3.6/site-packages/examples_rclpy_actions
[1.417s] copying /home/shiozaki/ros2/build/examples_rclpy_minimal_action_server/build/lib/examples_rclpy_actions/server.py -> /home/shiozaki/ros2/install/examples_rclpy_minimal_action_server/lib/python3.6/site-packages/examples_rclpy_actions
[1.418s] copying /home/shiozaki/ros2/build/examples_rclpy_minimal_action_server/build/lib/examples_rclpy_actions/client.py -> /home/shiozaki/ros2/install/examples_rclpy_minimal_action_server/lib/python3.6/site-packages/examples_rclpy_actions
[1.418s] copying /home/shiozaki/ros2/build/examples_rclpy_minimal_action_server/build/lib/examples_rclpy_actions/__init__.py -> /home/shiozaki/ros2/install/examples_rclpy_minimal_action_server/lib/python3.6/site-packages/examples_rclpy_actions
[1.419s] byte-compiling /home/shiozaki/ros2/install/examples_rclpy_minimal_action_server/lib/python3.6/site-packages/examples_rclpy_actions/server.py to server.cpython-36.pyc
[1.421s] byte-compiling /home/shiozaki/ros2/install/examples_rclpy_minimal_action_server/lib/python3.6/site-packages/examples_rclpy_actions/client.py to client.cpython-36.pyc
[1.422s] byte-compiling /home/shiozaki/ros2/install/examples_rclpy_minimal_action_server/lib/python3.6/site-packages/examples_rclpy_actions/__init__.py to __init__.cpython-36.pyc
[1.423s] running install_data
[1.424s] copying resource/examples_rclpy_actions -> /home/shiozaki/ros2/install/examples_rclpy_minimal_action_server/share/ament_index/resource_index/packages
[1.424s] creating /home/shiozaki/ros2/install/examples_rclpy_minimal_action_server/share/examples_rclpy_actions
[1.425s] copying package.xml -> /home/shiozaki/ros2/install/examples_rclpy_minimal_action_server/share/examples_rclpy_actions
[1.425s] running install_egg_info
[1.429s] Copying /home/shiozaki/ros2/build/examples_rclpy_minimal_action_server/examples_rclpy_actions.egg-info to /home/shiozaki/ros2/install/examples_rclpy_minimal_action_server/lib/python3.6/site-packages/examples_rclpy_actions-0.6.3-py3.6.egg-info
[1.432s] running install_scripts
[1.474s] Installing client script to /home/shiozaki/ros2/install/examples_rclpy_minimal_action_server/lib/examples_rclpy_actions
[1.474s] Installing server script to /home/shiozaki/ros2/install/examples_rclpy_minimal_action_server/lib/examples_rclpy_actions
[1.474s] writing list of installed files to '/home/shiozaki/ros2/build/examples_rclpy_minimal_action_server/install.log'
[1.547s] Invoked command in '/home/shiozaki/ros2/src/examples_rclpy/examples_rclpy_actions' returned '0': PYTHONPATH=/home/shiozaki/ros2/install/examples_rclpy_minimal_action_server/lib/python3.6/site-packages:${PYTHONPATH} /usr/bin/python3 setup.py egg_info --egg-base /home/shiozaki/ros2/build/examples_rclpy_minimal_action_server build --build-base /home/shiozaki/ros2/build/examples_rclpy_minimal_action_server/build install --prefix /home/shiozaki/ros2/install/examples_rclpy_minimal_action_server --record /home/shiozaki/ros2/build/examples_rclpy_minimal_action_server/install.log --single-version-externally-managed
