[0.050s] Invoking command in '/home/shiozaki/ros2/build/libcreate': CMAKE_PREFIX_PATH=${CMAKE_PREFIX_PATH}:/home/shiozaki/ros2/install/examples_rclpy_topics:/home/shiozaki/ros2/install/examples_rclpy_services:/home/shiozaki/ros2/install/examples_rclpy_minimal_action_server:/opt/ros/dashing /usr/bin/cmake --build /home/shiozaki/ros2/build/libcreate -- -j4 -l4
[0.163s] [ 36%] Built target create
[0.209s] [ 45%] Built target play_song
[0.216s] [ 54%] Built target wheeldrop
[0.221s] [ 63%] Built target packets
[0.230s] [ 72%] Built target battery_level
[0.260s] [ 81%] Built target drive_circle
[0.266s] [ 90%] Built target leds
[0.269s] [100%] Built target bumpers
[0.285s] Invoked command in '/home/shiozaki/ros2/build/libcreate' returned '0': CMAKE_PREFIX_PATH=${CMAKE_PREFIX_PATH}:/home/shiozaki/ros2/install/examples_rclpy_topics:/home/shiozaki/ros2/install/examples_rclpy_services:/home/shiozaki/ros2/install/examples_rclpy_minimal_action_server:/opt/ros/dashing /usr/bin/cmake --build /home/shiozaki/ros2/build/libcreate -- -j4 -l4
[0.352s] Invoking command in '/home/shiozaki/ros2/build/libcreate': CMAKE_PREFIX_PATH=${CMAKE_PREFIX_PATH}:/home/shiozaki/ros2/install/examples_rclpy_topics:/home/shiozaki/ros2/install/examples_rclpy_services:/home/shiozaki/ros2/install/examples_rclpy_minimal_action_server:/opt/ros/dashing /usr/bin/cmake --build /home/shiozaki/ros2/build/libcreate --target install -- -j4 -l4
[0.456s] [ 36%] Built target create
[0.500s] [ 50%] Built target battery_level
[0.501s] [ 54%] Built target wheeldrop
[0.515s] [ 63%] Built target play_song
[0.519s] [ 72%] Built target packets
[0.555s] [ 81%] Built target drive_circle
[0.561s] [ 90%] Built target leds
[0.563s] [100%] Built target bumpers
[0.587s] [36mInstall the project...[0m
[0.603s] -- Install configuration: ""
[0.604s] -- Up-to-date: /home/shiozaki/ros2/install/libcreate/lib/libcreate.so
[0.604s] -- Up-to-date: /home/shiozaki/ros2/install/libcreate/include
[0.604s] -- Up-to-date: /home/shiozaki/ros2/install/libcreate/include/create
[0.604s] -- Up-to-date: /home/shiozaki/ros2/install/libcreate/include/create/serial_stream.h
[0.604s] -- Up-to-date: /home/shiozaki/ros2/install/libcreate/include/create/types.h
[0.605s] -- Up-to-date: /home/shiozaki/ros2/install/libcreate/include/create/util.h
[0.605s] -- Up-to-date: /home/shiozaki/ros2/install/libcreate/include/create/data.h
[0.605s] -- Up-to-date: /home/shiozaki/ros2/install/libcreate/include/create/create.h
[0.605s] -- Up-to-date: /home/shiozaki/ros2/install/libcreate/include/create/serial.h
[0.605s] -- Up-to-date: /home/shiozaki/ros2/install/libcreate/include/create/serial_query.h
[0.605s] -- Up-to-date: /home/shiozaki/ros2/install/libcreate/include/create/packet.h
[0.605s] -- Up-to-date: /home/shiozaki/ros2/install/libcreate/lib/cmake/libcreate/libcreate-config.cmake
[0.605s] -- Up-to-date: /home/shiozaki/ros2/install/libcreate/lib/cmake/libcreate/libcreate-config-version.cmake
[0.605s] -- Up-to-date: /home/shiozaki/ros2/install/libcreate/lib/cmake/libcreate/libcreate-targets.cmake
[0.605s] -- Up-to-date: /home/shiozaki/ros2/install/libcreate/lib/cmake/libcreate/libcreate-targets-noconfig.cmake
[0.605s] -- Up-to-date: /home/shiozaki/ros2/install/libcreate/share/libcreate/package.xml
[0.611s] Invoked command in '/home/shiozaki/ros2/build/libcreate' returned '0': CMAKE_PREFIX_PATH=${CMAKE_PREFIX_PATH}:/home/shiozaki/ros2/install/examples_rclpy_topics:/home/shiozaki/ros2/install/examples_rclpy_services:/home/shiozaki/ros2/install/examples_rclpy_minimal_action_server:/opt/ros/dashing /usr/bin/cmake --build /home/shiozaki/ros2/build/libcreate --target install -- -j4 -l4
