[0.078s] Invoking command in '/home/shiozaki/ros2/build/hello_world_msgs': CMAKE_PREFIX_PATH=${CMAKE_PREFIX_PATH}:/home/shiozaki/ros2/install/examples_rclpy_topics:/home/shiozaki/ros2/install/examples_rclpy_services:/home/shiozaki/ros2/install/examples_rclpy_minimal_action_server:/opt/ros/dashing /usr/bin/cmake --build /home/shiozaki/ros2/build/hello_world_msgs -- -j4 -l4
[2.053s] [  1%] Built target hello_world_msgs__dds_opensplice_idl
[2.054s] [  5%] Built target hello_world_msgs__rosidl_generator_c
[2.054s] [  6%] Built target hello_world_msgs__cpp
[2.054s] [  7%] Built target hello_world_msgs__dds_connext_idl
[2.054s] [ 11%] Built target hello_world_msgs__rosidl_typesupport_introspection_c
[2.054s] [35m[1mScanning dependencies of target hello_world_msgs__rosidl_typesupport_opensplice_cpp[0m
[2.055s] [ 15%] Built target hello_world_msgs__rosidl_typesupport_cpp
[2.055s] [ 20%] Built target hello_world_msgs__rosidl_typesupport_c
[2.055s] [ 24%] Built target hello_world_msgs__rosidl_typesupport_introspection_cpp
[2.055s] [35m[1mScanning dependencies of target hello_world_msgs__rosidl_typesupport_connext_cpp[0m
[2.055s] [ 25%] [32mBuilding CXX object CMakeFiles/hello_world_msgs__rosidl_typesupport_opensplice_cpp.dir/rosidl_typesupport_opensplice_cpp/hello_world_msgs/srv/dds_opensplice/set_message__type_support.cpp.o[0m
[2.055s] [ 29%] Built target hello_world_msgs__rosidl_typesupport_fastrtps_cpp
[2.055s] [ 30%] [32mBuilding CXX object CMakeFiles/hello_world_msgs__rosidl_typesupport_opensplice_cpp.dir/rosidl_typesupport_opensplice_cpp/hello_world_msgs/action/dds_opensplice/fibonacci__type_support.cpp.o[0m
[2.056s] [ 34%] Built target hello_world_msgs__rosidl_typesupport_fastrtps_c
[2.056s] [ 35%] [32mBuilding CXX object CMakeFiles/hello_world_msgs__rosidl_typesupport_opensplice_cpp.dir/rosidl_typesupport_opensplice_cpp/hello_world_msgs/srv/dds_opensplice/SetMessage_.cpp.o[0m
[2.056s] [ 36%] [32mBuilding CXX object CMakeFiles/hello_world_msgs__rosidl_typesupport_connext_cpp.dir/rosidl_typesupport_connext_cpp/hello_world_msgs/srv/dds_connext/set_message__type_support.cpp.o[0m
[2.056s] [ 37%] [32mBuilding CXX object CMakeFiles/hello_world_msgs__rosidl_typesupport_opensplice_cpp.dir/rosidl_typesupport_opensplice_cpp/hello_world_msgs/srv/dds_opensplice/SetMessage_Dcps.cpp.o[0m
[2.056s] [ 38%] [32mBuilding CXX object CMakeFiles/hello_world_msgs__rosidl_typesupport_opensplice_cpp.dir/rosidl_typesupport_opensplice_cpp/hello_world_msgs/srv/dds_opensplice/SetMessage_Dcps_impl.cpp.o[0m
[4.026s] [ 40%] [32mBuilding CXX object CMakeFiles/hello_world_msgs__rosidl_typesupport_connext_cpp.dir/rosidl_typesupport_connext_cpp/hello_world_msgs/srv/dds_connext/SetMessage_.cxx.o[0m
[4.034s] [ 41%] [32mBuilding CXX object CMakeFiles/hello_world_msgs__rosidl_typesupport_connext_cpp.dir/rosidl_typesupport_connext_cpp/hello_world_msgs/action/dds_connext/fibonacci__type_support.cpp.o[0m
[4.063s] [ 42%] [32mBuilding CXX object CMakeFiles/hello_world_msgs__rosidl_typesupport_opensplice_cpp.dir/rosidl_typesupport_opensplice_cpp/hello_world_msgs/srv/dds_opensplice/SetMessage_SplDcps.cpp.o[0m
[4.563s] [ 43%] [32mBuilding CXX object CMakeFiles/hello_world_msgs__rosidl_typesupport_opensplice_cpp.dir/rosidl_typesupport_opensplice_cpp/hello_world_msgs/action/dds_opensplice/Fibonacci_.cpp.o[0m
[4.763s] [ 44%] [32mBuilding CXX object CMakeFiles/hello_world_msgs__rosidl_typesupport_opensplice_cpp.dir/rosidl_typesupport_opensplice_cpp/hello_world_msgs/action/dds_opensplice/Fibonacci_Dcps.cpp.o[0m
[5.032s] [ 45%] [32mBuilding CXX object CMakeFiles/hello_world_msgs__rosidl_typesupport_opensplice_cpp.dir/rosidl_typesupport_opensplice_cpp/hello_world_msgs/action/dds_opensplice/Fibonacci_Dcps_impl.cpp.o[0m
[5.507s] [ 46%] [32mBuilding CXX object CMakeFiles/hello_world_msgs__rosidl_typesupport_connext_cpp.dir/rosidl_typesupport_connext_cpp/hello_world_msgs/srv/dds_connext/SetMessage_Plugin.cxx.o[0m
[5.828s] [ 47%] [32mBuilding CXX object CMakeFiles/hello_world_msgs__rosidl_typesupport_opensplice_cpp.dir/rosidl_typesupport_opensplice_cpp/hello_world_msgs/action/dds_opensplice/Fibonacci_SplDcps.cpp.o[0m
[6.557s] [ 48%] [32mBuilding CXX object CMakeFiles/hello_world_msgs__rosidl_typesupport_connext_cpp.dir/rosidl_typesupport_connext_cpp/hello_world_msgs/srv/dds_connext/SetMessage_Support.cxx.o[0m
[6.603s] [ 49%] [32mBuilding CXX object CMakeFiles/hello_world_msgs__rosidl_typesupport_connext_cpp.dir/rosidl_typesupport_connext_cpp/hello_world_msgs/action/dds_connext/Fibonacci_.cxx.o[0m
[6.792s] [ 50%] [32mBuilding CXX object CMakeFiles/hello_world_msgs__rosidl_typesupport_connext_cpp.dir/rosidl_typesupport_connext_cpp/hello_world_msgs/action/dds_connext/Fibonacci_Plugin.cxx.o[0m
[7.813s] [ 51%] [32mBuilding CXX object CMakeFiles/hello_world_msgs__rosidl_typesupport_connext_cpp.dir/rosidl_typesupport_connext_cpp/hello_world_msgs/action/dds_connext/Fibonacci_Support.cxx.o[0m
[8.918s] [ 52%] [32m[1mLinking CXX shared library libhello_world_msgs__rosidl_typesupport_opensplice_cpp.so[0m
[9.359s] [ 54%] Built target hello_world_msgs__rosidl_typesupport_opensplice_cpp
[9.378s] [ 55%] [32m[1mLinking CXX shared library libhello_world_msgs__rosidl_typesupport_connext_cpp.so[0m
[9.396s] [35m[1mScanning dependencies of target hello_world_msgs__rosidl_typesupport_opensplice_c[0m
[9.493s] [ 56%] [32mBuilding CXX object CMakeFiles/hello_world_msgs__rosidl_typesupport_opensplice_c.dir/rosidl_typesupport_opensplice_c/hello_world_msgs/srv/dds_opensplice_c/set_message__type_support_c.cpp.o[0m
[9.494s] [ 57%] [32mBuilding CXX object CMakeFiles/hello_world_msgs__rosidl_typesupport_opensplice_c.dir/rosidl_typesupport_opensplice_cpp/hello_world_msgs/srv/dds_opensplice/SetMessage_.cpp.o[0m
[9.494s] [ 58%] [32mBuilding CXX object CMakeFiles/hello_world_msgs__rosidl_typesupport_opensplice_c.dir/rosidl_typesupport_opensplice_c/hello_world_msgs/action/dds_opensplice_c/fibonacci__type_support_c.cpp.o[0m
[9.680s] [ 60%] [32mBuilding CXX object CMakeFiles/hello_world_msgs__rosidl_typesupport_opensplice_c.dir/rosidl_typesupport_opensplice_cpp/hello_world_msgs/srv/dds_opensplice/SetMessage_Dcps.cpp.o[0m
[10.102s] [ 61%] [32mBuilding CXX object CMakeFiles/hello_world_msgs__rosidl_typesupport_opensplice_c.dir/rosidl_typesupport_opensplice_cpp/hello_world_msgs/srv/dds_opensplice/SetMessage_Dcps_impl.cpp.o[0m
[10.295s] [ 63%] Built target hello_world_msgs__rosidl_typesupport_connext_cpp
[10.342s] [ 64%] [34m[1mGenerating C type support for RTI Connext[0m
[11.259s] [ 65%] [32mBuilding CXX object CMakeFiles/hello_world_msgs__rosidl_typesupport_opensplice_c.dir/rosidl_typesupport_opensplice_cpp/hello_world_msgs/srv/dds_opensplice/SetMessage_SplDcps.cpp.o[0m
[11.268s] [ 66%] [32mBuilding CXX object CMakeFiles/hello_world_msgs__rosidl_typesupport_opensplice_c.dir/rosidl_typesupport_opensplice_cpp/hello_world_msgs/action/dds_opensplice/Fibonacci_.cpp.o[0m
[11.414s] [35m[1mScanning dependencies of target hello_world_msgs__rosidl_typesupport_connext_c[0m
[11.466s] [ 67%] [32mBuilding CXX object CMakeFiles/hello_world_msgs__rosidl_typesupport_opensplice_c.dir/rosidl_typesupport_opensplice_cpp/hello_world_msgs/action/dds_opensplice/Fibonacci_Dcps.cpp.o[0m
[11.556s] [ 67%] [34m[1mGenerating C type support for RTI Connext[0m
[11.704s] [ 68%] [32mBuilding CXX object CMakeFiles/hello_world_msgs__rosidl_typesupport_opensplice_c.dir/rosidl_typesupport_opensplice_cpp/hello_world_msgs/action/dds_opensplice/Fibonacci_Dcps_impl.cpp.o[0m
[12.015s] [ 69%] [32mBuilding CXX object CMakeFiles/hello_world_msgs__rosidl_typesupport_opensplice_c.dir/rosidl_typesupport_opensplice_cpp/hello_world_msgs/action/dds_opensplice/Fibonacci_SplDcps.cpp.o[0m
[12.182s] [ 70%] [32mBuilding CXX object CMakeFiles/hello_world_msgs__rosidl_typesupport_connext_c.dir/rosidl_typesupport_connext_cpp/hello_world_msgs/srv/dds_connext/SetMessage_.cxx.o[0m
[12.619s] [ 71%] [32mBuilding CXX object CMakeFiles/hello_world_msgs__rosidl_typesupport_connext_c.dir/rosidl_typesupport_connext_cpp/hello_world_msgs/srv/dds_connext/SetMessage_Plugin.cxx.o[0m
[12.686s] [ 72%] [32mBuilding CXX object CMakeFiles/hello_world_msgs__rosidl_typesupport_connext_c.dir/rosidl_typesupport_connext_cpp/hello_world_msgs/srv/dds_connext/SetMessage_Support.cxx.o[0m
[13.137s] [ 73%] [32mBuilding CXX object CMakeFiles/hello_world_msgs__rosidl_typesupport_connext_c.dir/rosidl_typesupport_connext_cpp/hello_world_msgs/action/dds_connext/Fibonacci_.cxx.o[0m
[13.406s] [ 74%] [32mBuilding CXX object CMakeFiles/hello_world_msgs__rosidl_typesupport_connext_c.dir/rosidl_typesupport_connext_cpp/hello_world_msgs/action/dds_connext/Fibonacci_Plugin.cxx.o[0m
[13.667s] [ 75%] [32mBuilding CXX object CMakeFiles/hello_world_msgs__rosidl_typesupport_connext_c.dir/rosidl_typesupport_connext_cpp/hello_world_msgs/action/dds_connext/Fibonacci_Support.cxx.o[0m
[14.447s] [ 76%] [32m[1mLinking CXX shared library libhello_world_msgs__rosidl_typesupport_opensplice_c.so[0m
[14.829s] [ 77%] [32mBuilding CXX object CMakeFiles/hello_world_msgs__rosidl_typesupport_connext_c.dir/rosidl_typesupport_connext_c/hello_world_msgs/srv/dds_connext/set_message__type_support_c.cpp.o[0m
[15.174s] [ 78%] [32mBuilding CXX object CMakeFiles/hello_world_msgs__rosidl_typesupport_connext_c.dir/rosidl_typesupport_connext_c/hello_world_msgs/action/dds_connext/fibonacci__type_support_c.cpp.o[0m
[15.292s] [ 82%] Built target hello_world_msgs__rosidl_typesupport_opensplice_c
[16.223s] [ 83%] [32m[1mLinking CXX shared library libhello_world_msgs__rosidl_typesupport_connext_c.so[0m
[17.158s] [ 85%] Built target hello_world_msgs__rosidl_typesupport_connext_c
[17.185s] [ 85%] Built target hello_world_msgs
[17.217s] [ 86%] Built target hello_world_msgs__py
[17.263s] [ 89%] Built target hello_world_msgs__python
[17.312s] [ 90%] [32m[1mLinking C shared library rosidl_generator_py/hello_world_msgs/hello_world_msgs_s__rosidl_typesupport_opensplice_c.cpython-36m-x86_64-linux-gnu.so[0m
[17.313s] [ 94%] Built target hello_world_msgs__rosidl_typesupport_c__pyext
[17.314s] [ 94%] Built target hello_world_msgs__rosidl_typesupport_introspection_c__pyext
[17.320s] [ 95%] [32m[1mLinking C shared library rosidl_generator_py/hello_world_msgs/hello_world_msgs_s__rosidl_typesupport_connext_c.cpython-36m-x86_64-linux-gnu.so[0m
[17.359s] [ 97%] Built target hello_world_msgs__rosidl_typesupport_fastrtps_c__pyext
[17.448s] [ 98%] Built target hello_world_msgs__rosidl_typesupport_opensplice_c__pyext
[17.765s] [100%] Built target hello_world_msgs__rosidl_typesupport_connext_c__pyext
[17.781s] Invoked command in '/home/shiozaki/ros2/build/hello_world_msgs' returned '0': CMAKE_PREFIX_PATH=${CMAKE_PREFIX_PATH}:/home/shiozaki/ros2/install/examples_rclpy_topics:/home/shiozaki/ros2/install/examples_rclpy_services:/home/shiozaki/ros2/install/examples_rclpy_minimal_action_server:/opt/ros/dashing /usr/bin/cmake --build /home/shiozaki/ros2/build/hello_world_msgs -- -j4 -l4
[17.922s] Invoking command in '/home/shiozaki/ros2/build/hello_world_msgs': CMAKE_PREFIX_PATH=${CMAKE_PREFIX_PATH}:/home/shiozaki/ros2/install/examples_rclpy_topics:/home/shiozaki/ros2/install/examples_rclpy_services:/home/shiozaki/ros2/install/examples_rclpy_minimal_action_server:/opt/ros/dashing /usr/bin/cmake --build /home/shiozaki/ros2/build/hello_world_msgs --target install -- -j4 -l4
[17.999s] [  1%] Built target hello_world_msgs__dds_opensplice_idl
[18.002s] [  2%] Built target hello_world_msgs__cpp
[18.006s] [  3%] Built target hello_world_msgs__dds_connext_idl
[18.007s] [  7%] Built target hello_world_msgs__rosidl_generator_c
[18.047s] [ 11%] Built target hello_world_msgs__rosidl_typesupport_cpp
[18.054s] [ 15%] Built target hello_world_msgs__rosidl_typesupport_introspection_cpp
[18.061s] [ 20%] Built target hello_world_msgs__rosidl_typesupport_fastrtps_cpp
[18.093s] [ 24%] Built target hello_world_msgs__rosidl_typesupport_introspection_c
[18.099s] [ 28%] Built target hello_world_msgs__rosidl_typesupport_c
[18.101s] [ 42%] Built target hello_world_msgs__rosidl_typesupport_opensplice_cpp
[18.140s] [ 46%] Built target hello_world_msgs__rosidl_typesupport_fastrtps_c
[18.160s] [ 57%] Built target hello_world_msgs__rosidl_typesupport_connext_cpp
[18.180s] [ 72%] Built target hello_world_msgs__rosidl_typesupport_opensplice_c
[18.195s] [ 73%] [34m[1mGenerating C type support for RTI Connext[0m
[18.786s] [ 73%] [34m[1mGenerating C type support for RTI Connext[0m
[19.344s] [ 85%] Built target hello_world_msgs__rosidl_typesupport_connext_c
[19.371s] [ 85%] Built target hello_world_msgs
[19.399s] [ 86%] Built target hello_world_msgs__py
[19.432s] [ 89%] Built target hello_world_msgs__python
[19.482s] [ 91%] Built target hello_world_msgs__rosidl_typesupport_c__pyext
[19.482s] [ 93%] Built target hello_world_msgs__rosidl_typesupport_connext_c__pyext
[19.483s] [ 97%] Built target hello_world_msgs__rosidl_typesupport_introspection_c__pyext
[19.484s] [ 97%] Built target hello_world_msgs__rosidl_typesupport_opensplice_c__pyext
[19.516s] [100%] Built target hello_world_msgs__rosidl_typesupport_fastrtps_c__pyext
[19.542s] [36mInstall the project...[0m
[19.554s] -- Install configuration: ""
[19.554s] -- Up-to-date: /home/shiozaki/ros2/install/hello_world_msgs/share/ament_index/resource_index/rosidl_interfaces/hello_world_msgs
[19.554s] -- Up-to-date: /home/shiozaki/ros2/install/hello_world_msgs/include/hello_world_msgs
[19.555s] -- Up-to-date: /home/shiozaki/ros2/install/hello_world_msgs/include/hello_world_msgs/action
[19.555s] -- Up-to-date: /home/shiozaki/ros2/install/hello_world_msgs/include/hello_world_msgs/action/fibonacci__traits.hpp
[19.555s] -- Up-to-date: /home/shiozaki/ros2/install/hello_world_msgs/include/hello_world_msgs/action/fibonacci.hpp
[19.555s] -- Up-to-date: /home/shiozaki/ros2/install/hello_world_msgs/include/hello_world_msgs/action/fibonacci__struct.hpp
[19.555s] -- Up-to-date: /home/shiozaki/ros2/install/hello_world_msgs/include/hello_world_msgs/srv
[19.555s] -- Up-to-date: /home/shiozaki/ros2/install/hello_world_msgs/include/hello_world_msgs/srv/set_message__struct.hpp
[19.555s] -- Up-to-date: /home/shiozaki/ros2/install/hello_world_msgs/include/hello_world_msgs/srv/set_message__traits.hpp
[19.555s] -- Up-to-date: /home/shiozaki/ros2/install/hello_world_msgs/include/hello_world_msgs/srv/set_message.hpp
[19.555s] -- Up-to-date: /home/shiozaki/ros2/install/hello_world_msgs/include/hello_world_msgs
[19.555s] -- Up-to-date: /home/shiozaki/ros2/install/hello_world_msgs/include/hello_world_msgs/action
[19.555s] -- Up-to-date: /home/shiozaki/ros2/install/hello_world_msgs/include/hello_world_msgs/action/fibonacci__struct.h
[19.556s] -- Up-to-date: /home/shiozaki/ros2/install/hello_world_msgs/include/hello_world_msgs/action/fibonacci__functions.c
[19.556s] -- Up-to-date: /home/shiozaki/ros2/install/hello_world_msgs/include/hello_world_msgs/action/fibonacci.h
[19.556s] -- Up-to-date: /home/shiozaki/ros2/install/hello_world_msgs/include/hello_world_msgs/action/fibonacci__functions.h
[19.556s] -- Up-to-date: /home/shiozaki/ros2/install/hello_world_msgs/include/hello_world_msgs/action/fibonacci__type_support.h
[19.556s] -- Up-to-date: /home/shiozaki/ros2/install/hello_world_msgs/include/hello_world_msgs/srv
[19.556s] -- Up-to-date: /home/shiozaki/ros2/install/hello_world_msgs/include/hello_world_msgs/srv/set_message__type_support.h
[19.556s] -- Up-to-date: /home/shiozaki/ros2/install/hello_world_msgs/include/hello_world_msgs/srv/set_message__functions.h
[19.557s] -- Up-to-date: /home/shiozaki/ros2/install/hello_world_msgs/include/hello_world_msgs/srv/set_message__struct.h
[19.557s] -- Up-to-date: /home/shiozaki/ros2/install/hello_world_msgs/include/hello_world_msgs/srv/set_message__functions.c
[19.557s] -- Up-to-date: /home/shiozaki/ros2/install/hello_world_msgs/include/hello_world_msgs/srv/set_message.h
[19.557s] -- Up-to-date: /home/shiozaki/ros2/install/hello_world_msgs/include/hello_world_msgs/msg
[19.557s] -- Up-to-date: /home/shiozaki/ros2/install/hello_world_msgs/include/hello_world_msgs/msg/rosidl_generator_c__visibility_control.h
[19.557s] -- Up-to-date: /home/shiozaki/ros2/install/hello_world_msgs/share/hello_world_msgs/environment/library_path.sh
[19.557s] -- Up-to-date: /home/shiozaki/ros2/install/hello_world_msgs/lib/libhello_world_msgs__rosidl_generator_c.so
[19.557s] -- Up-to-date: /home/shiozaki/ros2/install/hello_world_msgs/lib/libhello_world_msgs__rosidl_typesupport_c.so
[19.557s] -- Up-to-date: /home/shiozaki/ros2/install/hello_world_msgs/lib/libhello_world_msgs__rosidl_typesupport_cpp.so
[19.557s] -- Up-to-date: /home/shiozaki/ros2/install/hello_world_msgs/include/hello_world_msgs
[19.558s] -- Up-to-date: /home/shiozaki/ros2/install/hello_world_msgs/include/hello_world_msgs/action
[19.558s] -- Up-to-date: /home/shiozaki/ros2/install/hello_world_msgs/include/hello_world_msgs/action/fibonacci__rosidl_typesupport_introspection_c.h
[19.558s] -- Up-to-date: /home/shiozaki/ros2/install/hello_world_msgs/include/hello_world_msgs/action/fibonacci__type_support.c
[19.558s] -- Up-to-date: /home/shiozaki/ros2/install/hello_world_msgs/include/hello_world_msgs/srv
[19.558s] -- Up-to-date: /home/shiozaki/ros2/install/hello_world_msgs/include/hello_world_msgs/srv/set_message__type_support.c
[19.558s] -- Up-to-date: /home/shiozaki/ros2/install/hello_world_msgs/include/hello_world_msgs/srv/set_message__rosidl_typesupport_introspection_c.h
[19.558s] -- Up-to-date: /home/shiozaki/ros2/install/hello_world_msgs/include/hello_world_msgs/msg
[19.558s] -- Up-to-date: /home/shiozaki/ros2/install/hello_world_msgs/include/hello_world_msgs/msg/rosidl_typesupport_introspection_c__visibility_control.h
[19.558s] -- Up-to-date: /home/shiozaki/ros2/install/hello_world_msgs/lib/libhello_world_msgs__rosidl_typesupport_introspection_c.so
[19.559s] -- Up-to-date: /home/shiozaki/ros2/install/hello_world_msgs/include/hello_world_msgs
[19.559s] -- Up-to-date: /home/shiozaki/ros2/install/hello_world_msgs/include/hello_world_msgs/action
[19.559s] -- Up-to-date: /home/shiozaki/ros2/install/hello_world_msgs/include/hello_world_msgs/action/fibonacci__rosidl_typesupport_introspection_cpp.hpp
[19.559s] -- Up-to-date: /home/shiozaki/ros2/install/hello_world_msgs/include/hello_world_msgs/action/fibonacci__type_support.cpp
[19.559s] -- Up-to-date: /home/shiozaki/ros2/install/hello_world_msgs/include/hello_world_msgs/srv
[19.559s] -- Up-to-date: /home/shiozaki/ros2/install/hello_world_msgs/include/hello_world_msgs/srv/set_message__rosidl_typesupport_introspection_cpp.hpp
[19.559s] -- Up-to-date: /home/shiozaki/ros2/install/hello_world_msgs/include/hello_world_msgs/srv/set_message__type_support.cpp
[19.559s] -- Up-to-date: /home/shiozaki/ros2/install/hello_world_msgs/lib/libhello_world_msgs__rosidl_typesupport_introspection_cpp.so
[19.559s] -- Up-to-date: /home/shiozaki/ros2/install/hello_world_msgs/include/hello_world_msgs
[19.559s] -- Up-to-date: /home/shiozaki/ros2/install/hello_world_msgs/include/hello_world_msgs/action
[19.559s] -- Up-to-date: /home/shiozaki/ros2/install/hello_world_msgs/include/hello_world_msgs/action/dds_connext
[19.559s] -- Up-to-date: /home/shiozaki/ros2/install/hello_world_msgs/include/hello_world_msgs/action/fibonacci__rosidl_typesupport_connext_c.h
[19.559s] -- Up-to-date: /home/shiozaki/ros2/install/hello_world_msgs/include/hello_world_msgs/srv
[19.560s] -- Up-to-date: /home/shiozaki/ros2/install/hello_world_msgs/include/hello_world_msgs/srv/set_message__rosidl_typesupport_connext_c.h
[19.560s] -- Up-to-date: /home/shiozaki/ros2/install/hello_world_msgs/include/hello_world_msgs/srv/dds_connext
[19.560s] -- Up-to-date: /home/shiozaki/ros2/install/hello_world_msgs/include/hello_world_msgs/msg
[19.560s] -- Up-to-date: /home/shiozaki/ros2/install/hello_world_msgs/include/hello_world_msgs/msg/rosidl_typesupport_connext_c__visibility_control.h
[19.560s] -- Installing: /home/shiozaki/ros2/install/hello_world_msgs/lib/libhello_world_msgs__rosidl_typesupport_connext_c.so
[19.561s] -- Set runtime path of "/home/shiozaki/ros2/install/hello_world_msgs/lib/libhello_world_msgs__rosidl_typesupport_connext_c.so" to ""
[19.561s] -- Up-to-date: /home/shiozaki/ros2/install/hello_world_msgs/share/hello_world_msgs/srv/dds_connext
[19.561s] -- Up-to-date: /home/shiozaki/ros2/install/hello_world_msgs/share/hello_world_msgs/srv/dds_connext/SetMessage_.idl
[19.562s] -- Up-to-date: /home/shiozaki/ros2/install/hello_world_msgs/share/hello_world_msgs/action/dds_connext
[19.562s] -- Up-to-date: /home/shiozaki/ros2/install/hello_world_msgs/share/hello_world_msgs/action/dds_connext/Fibonacci_.idl
[19.562s] -- Up-to-date: /home/shiozaki/ros2/install/hello_world_msgs/include/hello_world_msgs
[19.562s] -- Up-to-date: /home/shiozaki/ros2/install/hello_world_msgs/include/hello_world_msgs/action
[19.562s] -- Up-to-date: /home/shiozaki/ros2/install/hello_world_msgs/include/hello_world_msgs/action/dds_connext
[19.562s] -- Up-to-date: /home/shiozaki/ros2/install/hello_world_msgs/include/hello_world_msgs/action/dds_connext/Fibonacci_Support.cxx
[19.562s] -- Up-to-date: /home/shiozaki/ros2/install/hello_world_msgs/include/hello_world_msgs/action/dds_connext/Fibonacci_Plugin.h
[19.562s] -- Up-to-date: /home/shiozaki/ros2/install/hello_world_msgs/include/hello_world_msgs/action/dds_connext/Fibonacci_.h
[19.562s] -- Up-to-date: /home/shiozaki/ros2/install/hello_world_msgs/include/hello_world_msgs/action/dds_connext/Fibonacci_.cxx
[19.562s] -- Up-to-date: /home/shiozaki/ros2/install/hello_world_msgs/include/hello_world_msgs/action/dds_connext/Fibonacci_Support.h
[19.562s] -- Up-to-date: /home/shiozaki/ros2/install/hello_world_msgs/include/hello_world_msgs/action/dds_connext/Fibonacci_Plugin.cxx
[19.562s] -- Up-to-date: /home/shiozaki/ros2/install/hello_world_msgs/include/hello_world_msgs/action/fibonacci__rosidl_typesupport_connext_cpp.hpp
[19.563s] -- Up-to-date: /home/shiozaki/ros2/install/hello_world_msgs/include/hello_world_msgs/srv
[19.563s] -- Up-to-date: /home/shiozaki/ros2/install/hello_world_msgs/include/hello_world_msgs/srv/dds_connext
[19.563s] -- Up-to-date: /home/shiozaki/ros2/install/hello_world_msgs/include/hello_world_msgs/srv/dds_connext/SetMessage_.cxx
[19.563s] -- Up-to-date: /home/shiozaki/ros2/install/hello_world_msgs/include/hello_world_msgs/srv/dds_connext/SetMessage_Support.h
[19.563s] -- Up-to-date: /home/shiozaki/ros2/install/hello_world_msgs/include/hello_world_msgs/srv/dds_connext/SetMessage_Plugin.cxx
[19.563s] -- Up-to-date: /home/shiozaki/ros2/install/hello_world_msgs/include/hello_world_msgs/srv/dds_connext/SetMessage_Support.cxx
[19.563s] -- Up-to-date: /home/shiozaki/ros2/install/hello_world_msgs/include/hello_world_msgs/srv/dds_connext/SetMessage_Plugin.h
[19.563s] -- Up-to-date: /home/shiozaki/ros2/install/hello_world_msgs/include/hello_world_msgs/srv/dds_connext/SetMessage_.h
[19.563s] -- Up-to-date: /home/shiozaki/ros2/install/hello_world_msgs/include/hello_world_msgs/srv/set_message__rosidl_typesupport_connext_cpp.hpp
[19.563s] -- Up-to-date: /home/shiozaki/ros2/install/hello_world_msgs/include/hello_world_msgs/msg
[19.563s] -- Up-to-date: /home/shiozaki/ros2/install/hello_world_msgs/include/hello_world_msgs/msg/rosidl_typesupport_connext_cpp__visibility_control.h
[19.563s] -- Installing: /home/shiozaki/ros2/install/hello_world_msgs/lib/libhello_world_msgs__rosidl_typesupport_connext_cpp.so
[19.565s] -- Set runtime path of "/home/shiozaki/ros2/install/hello_world_msgs/lib/libhello_world_msgs__rosidl_typesupport_connext_cpp.so" to ""
[19.565s] -- Up-to-date: /home/shiozaki/ros2/install/hello_world_msgs/include/hello_world_msgs
[19.565s] -- Up-to-date: /home/shiozaki/ros2/install/hello_world_msgs/include/hello_world_msgs/action
[19.565s] -- Up-to-date: /home/shiozaki/ros2/install/hello_world_msgs/include/hello_world_msgs/action/fibonacci__rosidl_typesupport_fastrtps_c.h
[19.565s] -- Up-to-date: /home/shiozaki/ros2/install/hello_world_msgs/include/hello_world_msgs/srv
[19.565s] -- Up-to-date: /home/shiozaki/ros2/install/hello_world_msgs/include/hello_world_msgs/srv/set_message__rosidl_typesupport_fastrtps_c.h
[19.565s] -- Up-to-date: /home/shiozaki/ros2/install/hello_world_msgs/include/hello_world_msgs/msg
[19.566s] -- Up-to-date: /home/shiozaki/ros2/install/hello_world_msgs/include/hello_world_msgs/msg/rosidl_typesupport_fastrtps_c__visibility_control.h
[19.566s] -- Up-to-date: /home/shiozaki/ros2/install/hello_world_msgs/lib/libhello_world_msgs__rosidl_typesupport_fastrtps_c.so
[19.566s] -- Up-to-date: /home/shiozaki/ros2/install/hello_world_msgs/include/hello_world_msgs
[19.566s] -- Up-to-date: /home/shiozaki/ros2/install/hello_world_msgs/include/hello_world_msgs/action
[19.566s] -- Up-to-date: /home/shiozaki/ros2/install/hello_world_msgs/include/hello_world_msgs/action/dds_fastrtps
[19.566s] -- Up-to-date: /home/shiozaki/ros2/install/hello_world_msgs/include/hello_world_msgs/action/fibonacci__rosidl_typesupport_fastrtps_cpp.hpp
[19.566s] -- Up-to-date: /home/shiozaki/ros2/install/hello_world_msgs/include/hello_world_msgs/srv
[19.566s] -- Up-to-date: /home/shiozaki/ros2/install/hello_world_msgs/include/hello_world_msgs/srv/set_message__rosidl_typesupport_fastrtps_cpp.hpp
[19.567s] -- Up-to-date: /home/shiozaki/ros2/install/hello_world_msgs/include/hello_world_msgs/srv/dds_fastrtps
[19.567s] -- Up-to-date: /home/shiozaki/ros2/install/hello_world_msgs/include/hello_world_msgs/msg
[19.567s] -- Up-to-date: /home/shiozaki/ros2/install/hello_world_msgs/include/hello_world_msgs/msg/rosidl_typesupport_fastrtps_cpp__visibility_control.h
[19.567s] -- Up-to-date: /home/shiozaki/ros2/install/hello_world_msgs/lib/libhello_world_msgs__rosidl_typesupport_fastrtps_cpp.so
[19.567s] -- Up-to-date: /home/shiozaki/ros2/install/hello_world_msgs/include/hello_world_msgs
[19.567s] -- Up-to-date: /home/shiozaki/ros2/install/hello_world_msgs/include/hello_world_msgs/action
[19.567s] -- Up-to-date: /home/shiozaki/ros2/install/hello_world_msgs/include/hello_world_msgs/action/dds_opensplice_c
[19.567s] -- Up-to-date: /home/shiozaki/ros2/install/hello_world_msgs/include/hello_world_msgs/action/fibonacci__rosidl_typesupport_opensplice_c.h
[19.567s] -- Up-to-date: /home/shiozaki/ros2/install/hello_world_msgs/include/hello_world_msgs/srv
[19.567s] -- Up-to-date: /home/shiozaki/ros2/install/hello_world_msgs/include/hello_world_msgs/srv/dds_opensplice_c
[19.567s] -- Up-to-date: /home/shiozaki/ros2/install/hello_world_msgs/include/hello_world_msgs/srv/set_message__rosidl_typesupport_opensplice_c.h
[19.567s] -- Up-to-date: /home/shiozaki/ros2/install/hello_world_msgs/include/hello_world_msgs/msg
[19.568s] -- Up-to-date: /home/shiozaki/ros2/install/hello_world_msgs/include/hello_world_msgs/msg/rosidl_typesupport_opensplice_c__visibility_control.h
[19.568s] -- Installing: /home/shiozaki/ros2/install/hello_world_msgs/lib/libhello_world_msgs__rosidl_typesupport_opensplice_c.so
[19.572s] -- Set runtime path of "/home/shiozaki/ros2/install/hello_world_msgs/lib/libhello_world_msgs__rosidl_typesupport_opensplice_c.so" to ""
[19.572s] -- Up-to-date: /home/shiozaki/ros2/install/hello_world_msgs/share/hello_world_msgs/srv/dds_opensplice
[19.572s] -- Up-to-date: /home/shiozaki/ros2/install/hello_world_msgs/share/hello_world_msgs/srv/dds_opensplice/SetMessage_.idl
[19.573s] -- Up-to-date: /home/shiozaki/ros2/install/hello_world_msgs/share/hello_world_msgs/action/dds_opensplice
[19.573s] -- Up-to-date: /home/shiozaki/ros2/install/hello_world_msgs/share/hello_world_msgs/action/dds_opensplice/Fibonacci_.idl
[19.573s] -- Up-to-date: /home/shiozaki/ros2/install/hello_world_msgs/include/hello_world_msgs
[19.573s] -- Up-to-date: /home/shiozaki/ros2/install/hello_world_msgs/include/hello_world_msgs/action
[19.573s] -- Up-to-date: /home/shiozaki/ros2/install/hello_world_msgs/include/hello_world_msgs/action/fibonacci__rosidl_typesupport_opensplice_cpp.hpp
[19.573s] -- Up-to-date: /home/shiozaki/ros2/install/hello_world_msgs/include/hello_world_msgs/action/dds_opensplice
[19.573s] -- Up-to-date: /home/shiozaki/ros2/install/hello_world_msgs/include/hello_world_msgs/action/dds_opensplice/ccpp_Fibonacci_.h
[19.573s] -- Up-to-date: /home/shiozaki/ros2/install/hello_world_msgs/include/hello_world_msgs/action/dds_opensplice/Fibonacci_SplDcps.h
[19.573s] -- Up-to-date: /home/shiozaki/ros2/install/hello_world_msgs/include/hello_world_msgs/action/dds_opensplice/Fibonacci_.h
[19.573s] -- Up-to-date: /home/shiozaki/ros2/install/hello_world_msgs/include/hello_world_msgs/action/dds_opensplice/Fibonacci_Dcps_impl.h
[19.573s] -- Up-to-date: /home/shiozaki/ros2/install/hello_world_msgs/include/hello_world_msgs/action/dds_opensplice/Fibonacci_Dcps.h
[19.574s] -- Up-to-date: /home/shiozaki/ros2/install/hello_world_msgs/include/hello_world_msgs/srv
[19.574s] -- Up-to-date: /home/shiozaki/ros2/install/hello_world_msgs/include/hello_world_msgs/srv/set_message__rosidl_typesupport_opensplice_cpp.hpp
[19.574s] -- Up-to-date: /home/shiozaki/ros2/install/hello_world_msgs/include/hello_world_msgs/srv/dds_opensplice
[19.574s] -- Up-to-date: /home/shiozaki/ros2/install/hello_world_msgs/include/hello_world_msgs/srv/dds_opensplice/SetMessage_Dcps.h
[19.574s] -- Up-to-date: /home/shiozaki/ros2/install/hello_world_msgs/include/hello_world_msgs/srv/dds_opensplice/ccpp_SetMessage_.h
[19.574s] -- Up-to-date: /home/shiozaki/ros2/install/hello_world_msgs/include/hello_world_msgs/srv/dds_opensplice/SetMessage_Dcps_impl.h
[19.574s] -- Up-to-date: /home/shiozaki/ros2/install/hello_world_msgs/include/hello_world_msgs/srv/dds_opensplice/SetMessage_.h
[19.574s] -- Up-to-date: /home/shiozaki/ros2/install/hello_world_msgs/include/hello_world_msgs/srv/dds_opensplice/SetMessage_SplDcps.h
[19.574s] -- Up-to-date: /home/shiozaki/ros2/install/hello_world_msgs/include/hello_world_msgs/msg
[19.574s] -- Up-to-date: /home/shiozaki/ros2/install/hello_world_msgs/include/hello_world_msgs/msg/rosidl_typesupport_opensplice_cpp__visibility_control.h
[19.574s] -- Installing: /home/shiozaki/ros2/install/hello_world_msgs/lib/libhello_world_msgs__rosidl_typesupport_opensplice_cpp.so
[19.579s] -- Set runtime path of "/home/shiozaki/ros2/install/hello_world_msgs/lib/libhello_world_msgs__rosidl_typesupport_opensplice_cpp.so" to ""
[19.579s] -- Up-to-date: /home/shiozaki/ros2/install/hello_world_msgs/share/hello_world_msgs/environment/pythonpath.sh
[19.579s] -- Up-to-date: /home/shiozaki/ros2/install/hello_world_msgs/lib/python3.6/site-packages/hello_world_msgs/__init__.py
[19.620s] -- Up-to-date: /home/shiozaki/ros2/install/hello_world_msgs/lib/python3.6/site-packages/hello_world_msgs/srv
[19.620s] -- Up-to-date: /home/shiozaki/ros2/install/hello_world_msgs/lib/python3.6/site-packages/hello_world_msgs/srv/_set_message_s.c
[19.620s] -- Up-to-date: /home/shiozaki/ros2/install/hello_world_msgs/lib/python3.6/site-packages/hello_world_msgs/srv/_set_message.py
[19.620s] -- Up-to-date: /home/shiozaki/ros2/install/hello_world_msgs/lib/python3.6/site-packages/hello_world_msgs/srv/__init__.py
[19.620s] -- Up-to-date: /home/shiozaki/ros2/install/hello_world_msgs/lib/python3.6/site-packages/hello_world_msgs/action
[19.620s] -- Up-to-date: /home/shiozaki/ros2/install/hello_world_msgs/lib/python3.6/site-packages/hello_world_msgs/action/_fibonacci.py
[19.620s] -- Up-to-date: /home/shiozaki/ros2/install/hello_world_msgs/lib/python3.6/site-packages/hello_world_msgs/action/__init__.py
[19.620s] -- Up-to-date: /home/shiozaki/ros2/install/hello_world_msgs/lib/python3.6/site-packages/hello_world_msgs/action/_fibonacci_s.c
[19.620s] -- Up-to-date: /home/shiozaki/ros2/install/hello_world_msgs/lib/python3.6/site-packages/hello_world_msgs/hello_world_msgs_s__rosidl_typesupport_c.cpython-36m-x86_64-linux-gnu.so
[19.621s] -- Installing: /home/shiozaki/ros2/install/hello_world_msgs/lib/python3.6/site-packages/hello_world_msgs/hello_world_msgs_s__rosidl_typesupport_connext_c.cpython-36m-x86_64-linux-gnu.so
[19.622s] -- Set runtime path of "/home/shiozaki/ros2/install/hello_world_msgs/lib/python3.6/site-packages/hello_world_msgs/hello_world_msgs_s__rosidl_typesupport_connext_c.cpython-36m-x86_64-linux-gnu.so" to ""
[19.622s] -- Up-to-date: /home/shiozaki/ros2/install/hello_world_msgs/lib/python3.6/site-packages/hello_world_msgs/hello_world_msgs_s__rosidl_typesupport_introspection_c.cpython-36m-x86_64-linux-gnu.so
[19.623s] -- Up-to-date: /home/shiozaki/ros2/install/hello_world_msgs/lib/python3.6/site-packages/hello_world_msgs/hello_world_msgs_s__rosidl_typesupport_fastrtps_c.cpython-36m-x86_64-linux-gnu.so
[19.624s] -- Installing: /home/shiozaki/ros2/install/hello_world_msgs/lib/python3.6/site-packages/hello_world_msgs/hello_world_msgs_s__rosidl_typesupport_opensplice_c.cpython-36m-x86_64-linux-gnu.so
[19.624s] -- Set runtime path of "/home/shiozaki/ros2/install/hello_world_msgs/lib/python3.6/site-packages/hello_world_msgs/hello_world_msgs_s__rosidl_typesupport_opensplice_c.cpython-36m-x86_64-linux-gnu.so" to ""
[19.625s] -- Up-to-date: /home/shiozaki/ros2/install/hello_world_msgs/lib/libhello_world_msgs__python.so
[19.625s] -- Up-to-date: /home/shiozaki/ros2/install/hello_world_msgs/share/hello_world_msgs/srv/SetMessage.idl
[19.625s] -- Up-to-date: /home/shiozaki/ros2/install/hello_world_msgs/share/hello_world_msgs/action/Fibonacci.idl
[19.625s] -- Up-to-date: /home/shiozaki/ros2/install/hello_world_msgs/share/hello_world_msgs/srv/SetMessage.srv
[19.626s] -- Up-to-date: /home/shiozaki/ros2/install/hello_world_msgs/share/hello_world_msgs/srv/SetMessage_Request.msg
[19.626s] -- Up-to-date: /home/shiozaki/ros2/install/hello_world_msgs/share/hello_world_msgs/srv/SetMessage_Response.msg
[19.626s] -- Up-to-date: /home/shiozaki/ros2/install/hello_world_msgs/share/hello_world_msgs/action/Fibonacci.action
[19.626s] -- Up-to-date: /home/shiozaki/ros2/install/hello_world_msgs/share/ament_index/resource_index/package_run_dependencies/hello_world_msgs
[19.626s] -- Up-to-date: /home/shiozaki/ros2/install/hello_world_msgs/share/ament_index/resource_index/parent_prefix_path/hello_world_msgs
[19.626s] -- Up-to-date: /home/shiozaki/ros2/install/hello_world_msgs/share/hello_world_msgs/environment/ament_prefix_path.sh
[19.626s] -- Up-to-date: /home/shiozaki/ros2/install/hello_world_msgs/share/hello_world_msgs/environment/path.sh
[19.626s] -- Up-to-date: /home/shiozaki/ros2/install/hello_world_msgs/share/hello_world_msgs/local_setup.bash
[19.627s] -- Up-to-date: /home/shiozaki/ros2/install/hello_world_msgs/share/hello_world_msgs/local_setup.sh
[19.627s] -- Up-to-date: /home/shiozaki/ros2/install/hello_world_msgs/share/hello_world_msgs/local_setup.zsh
[19.627s] -- Up-to-date: /home/shiozaki/ros2/install/hello_world_msgs/share/ament_index/resource_index/packages/hello_world_msgs
[19.627s] -- Up-to-date: /home/shiozaki/ros2/install/hello_world_msgs/share/hello_world_msgs/cmake/rosidl_cmake-extras.cmake
[19.627s] -- Up-to-date: /home/shiozaki/ros2/install/hello_world_msgs/share/hello_world_msgs/cmake/ament_cmake_export_dependencies-extras.cmake
[19.627s] -- Up-to-date: /home/shiozaki/ros2/install/hello_world_msgs/share/hello_world_msgs/cmake/ament_cmake_export_include_directories-extras.cmake
[19.627s] -- Up-to-date: /home/shiozaki/ros2/install/hello_world_msgs/share/hello_world_msgs/cmake/ament_cmake_export_libraries-extras.cmake
[19.627s] -- Up-to-date: /home/shiozaki/ros2/install/hello_world_msgs/share/hello_world_msgs/cmake/rosidl_cmake_export_typesupport_libraries-extras.cmake
[19.627s] -- Up-to-date: /home/shiozaki/ros2/install/hello_world_msgs/share/hello_world_msgs/cmake/hello_world_msgsConfig.cmake
[19.627s] -- Up-to-date: /home/shiozaki/ros2/install/hello_world_msgs/share/hello_world_msgs/cmake/hello_world_msgsConfig-version.cmake
[19.627s] -- Up-to-date: /home/shiozaki/ros2/install/hello_world_msgs/share/hello_world_msgs/package.xml
[19.632s] Invoked command in '/home/shiozaki/ros2/build/hello_world_msgs' returned '0': CMAKE_PREFIX_PATH=${CMAKE_PREFIX_PATH}:/home/shiozaki/ros2/install/examples_rclpy_topics:/home/shiozaki/ros2/install/examples_rclpy_services:/home/shiozaki/ros2/install/examples_rclpy_minimal_action_server:/opt/ros/dashing /usr/bin/cmake --build /home/shiozaki/ros2/build/hello_world_msgs --target install -- -j4 -l4
