[0.973s] Invoking command in '/home/shiozaki/ros2/src/examples_rclpy/examples_rclpy_topics': PYTHONPATH=/home/shiozaki/ros2/install/examples_rclpy_topics/lib/python3.6/site-packages:${PYTHONPATH} /usr/bin/python3 setup.py egg_info --egg-base /home/shiozaki/ros2/build/examples_rclpy_topics build --build-base /home/shiozaki/ros2/build/examples_rclpy_topics/build install --prefix /home/shiozaki/ros2/install/examples_rclpy_topics --record /home/shiozaki/ros2/build/examples_rclpy_topics/install.log --single-version-externally-managed
[1.311s] running egg_info
[1.312s] writing /home/shiozaki/ros2/build/examples_rclpy_topics/examples_rclpy_topics.egg-info/PKG-INFO
[1.313s] writing dependency_links to /home/shiozaki/ros2/build/examples_rclpy_topics/examples_rclpy_topics.egg-info/dependency_links.txt
[1.313s] writing entry points to /home/shiozaki/ros2/build/examples_rclpy_topics/examples_rclpy_topics.egg-info/entry_points.txt
[1.314s] writing requirements to /home/shiozaki/ros2/build/examples_rclpy_topics/examples_rclpy_topics.egg-info/requires.txt
[1.314s] writing top-level names to /home/shiozaki/ros2/build/examples_rclpy_topics/examples_rclpy_topics.egg-info/top_level.txt
[1.378s] reading manifest file '/home/shiozaki/ros2/build/examples_rclpy_topics/examples_rclpy_topics.egg-info/SOURCES.txt'
[1.380s] writing manifest file '/home/shiozaki/ros2/build/examples_rclpy_topics/examples_rclpy_topics.egg-info/SOURCES.txt'
[1.380s] running build
[1.380s] running build_py
[1.381s] running install
[1.381s] running install_lib
[1.383s] running install_data
[1.384s] running install_egg_info
[1.387s] removing '/home/shiozaki/ros2/install/examples_rclpy_topics/lib/python3.6/site-packages/examples_rclpy_topics-0.6.3-py3.6.egg-info' (and everything under it)
[1.388s] Copying /home/shiozaki/ros2/build/examples_rclpy_topics/examples_rclpy_topics.egg-info to /home/shiozaki/ros2/install/examples_rclpy_topics/lib/python3.6/site-packages/examples_rclpy_topics-0.6.3-py3.6.egg-info
[1.388s] running install_scripts
[1.421s] Installing publisher script to /home/shiozaki/ros2/install/examples_rclpy_topics/lib/examples_rclpy_topics
[1.421s] Installing subscriber script to /home/shiozaki/ros2/install/examples_rclpy_topics/lib/examples_rclpy_topics
[1.422s] writing list of installed files to '/home/shiozaki/ros2/build/examples_rclpy_topics/install.log'
[1.473s] Invoked command in '/home/shiozaki/ros2/src/examples_rclpy/examples_rclpy_topics' returned '0': PYTHONPATH=/home/shiozaki/ros2/install/examples_rclpy_topics/lib/python3.6/site-packages:${PYTHONPATH} /usr/bin/python3 setup.py egg_info --egg-base /home/shiozaki/ros2/build/examples_rclpy_topics build --build-base /home/shiozaki/ros2/build/examples_rclpy_topics/build install --prefix /home/shiozaki/ros2/install/examples_rclpy_topics --record /home/shiozaki/ros2/build/examples_rclpy_topics/install.log --single-version-externally-managed
