[0.062s] Invoking command in '/home/shiozaki/ros2/build/hello_world_msgs': CMAKE_PREFIX_PATH=${CMAKE_PREFIX_PATH}:/home/shiozaki/ros2/install/examples_rclpy_topics:/home/shiozaki/ros2/install/examples_rclpy_services:/home/shiozaki/ros2/install/examples_rclpy_minimal_action_server:/opt/ros/dashing /usr/bin/cmake --build /home/shiozaki/ros2/build/hello_world_msgs -- -j4 -l4
[0.786s] [  1%] Built target hello_world_msgs__dds_opensplice_idl
[0.786s] [  3%] Built target hello_world_msgs__dds_connext_idl
[0.786s] [  3%] Built target hello_world_msgs__cpp
[0.788s] [  7%] Built target hello_world_msgs__rosidl_generator_c
[0.788s] [ 11%] Built target hello_world_msgs__rosidl_typesupport_introspection_cpp
[0.788s] [ 15%] Built target hello_world_msgs__rosidl_typesupport_cpp
[0.788s] [ 20%] Built target hello_world_msgs__rosidl_typesupport_introspection_c
[0.789s] [ 33%] Built target hello_world_msgs__rosidl_typesupport_opensplice_cpp
[0.789s] [ 37%] Built target hello_world_msgs__rosidl_typesupport_fastrtps_cpp
[0.789s] [ 49%] Built target hello_world_msgs__rosidl_typesupport_connext_cpp
[0.789s] [ 53%] Built target hello_world_msgs__rosidl_typesupport_c
[0.789s] [ 57%] Built target hello_world_msgs__rosidl_typesupport_fastrtps_c
[0.789s] [ 72%] Built target hello_world_msgs__rosidl_typesupport_opensplice_c
[0.789s] [ 85%] Built target hello_world_msgs__rosidl_typesupport_connext_c
[0.789s] [ 85%] Built target hello_world_msgs
[0.789s] [ 86%] Built target hello_world_msgs__py
[0.789s] [ 89%] Built target hello_world_msgs__python
[0.789s] [ 91%] Built target hello_world_msgs__rosidl_typesupport_opensplice_c__pyext
[0.789s] [ 95%] Built target hello_world_msgs__rosidl_typesupport_introspection_c__pyext
[0.790s] [ 95%] Built target hello_world_msgs__rosidl_typesupport_connext_c__pyext
[0.790s] [ 97%] Built target hello_world_msgs__rosidl_typesupport_c__pyext
[0.790s] [100%] Built target hello_world_msgs__rosidl_typesupport_fastrtps_c__pyext
[1.053s] Invoked command in '/home/shiozaki/ros2/build/hello_world_msgs' returned '0': CMAKE_PREFIX_PATH=${CMAKE_PREFIX_PATH}:/home/shiozaki/ros2/install/examples_rclpy_topics:/home/shiozaki/ros2/install/examples_rclpy_services:/home/shiozaki/ros2/install/examples_rclpy_minimal_action_server:/opt/ros/dashing /usr/bin/cmake --build /home/shiozaki/ros2/build/hello_world_msgs -- -j4 -l4
[1.391s] Invoking command in '/home/shiozaki/ros2/build/hello_world_msgs': CMAKE_PREFIX_PATH=${CMAKE_PREFIX_PATH}:/home/shiozaki/ros2/install/examples_rclpy_topics:/home/shiozaki/ros2/install/examples_rclpy_services:/home/shiozaki/ros2/install/examples_rclpy_minimal_action_server:/opt/ros/dashing /usr/bin/cmake --build /home/shiozaki/ros2/build/hello_world_msgs --target install -- -j4 -l4
[1.594s] [  1%] Built target hello_world_msgs__dds_opensplice_idl
[1.641s] [  2%] Built target hello_world_msgs__cpp
[1.641s] [  3%] Built target hello_world_msgs__dds_connext_idl
[1.648s] [  7%] Built target hello_world_msgs__rosidl_generator_c
[1.711s] [ 11%] Built target hello_world_msgs__rosidl_typesupport_introspection_cpp
[1.734s] [ 15%] Built target hello_world_msgs__rosidl_typesupport_cpp
[1.768s] [ 27%] Built target hello_world_msgs__rosidl_typesupport_connext_cpp
[1.771s] [ 41%] Built target hello_world_msgs__rosidl_typesupport_opensplice_cpp
[1.791s] [ 49%] Built target hello_world_msgs__rosidl_typesupport_fastrtps_cpp
[1.791s] [ 49%] Built target hello_world_msgs__rosidl_typesupport_introspection_c
[1.826s] [ 53%] Built target hello_world_msgs__rosidl_typesupport_c
[1.905s] [ 66%] Built target hello_world_msgs__rosidl_typesupport_connext_c
[1.907s] [ 70%] Built target hello_world_msgs__rosidl_typesupport_fastrtps_c
[1.918s] [ 85%] Built target hello_world_msgs__rosidl_typesupport_opensplice_c
[1.967s] [ 85%] Built target hello_world_msgs
[2.002s] [ 86%] Built target hello_world_msgs__py
[2.039s] [ 89%] Built target hello_world_msgs__python
[2.096s] [ 92%] Built target hello_world_msgs__rosidl_typesupport_opensplice_c__pyext
[2.097s] [ 93%] Built target hello_world_msgs__rosidl_typesupport_connext_c__pyext
[2.097s] [ 95%] Built target hello_world_msgs__rosidl_typesupport_introspection_c__pyext
[2.103s] [ 97%] Built target hello_world_msgs__rosidl_typesupport_c__pyext
[2.135s] [100%] Built target hello_world_msgs__rosidl_typesupport_fastrtps_c__pyext
[2.162s] [36mInstall the project...[0m
[2.176s] -- Install configuration: ""
[2.177s] -- Up-to-date: /home/shiozaki/ros2/install/hello_world_msgs/share/ament_index/resource_index/rosidl_interfaces/hello_world_msgs
[2.177s] -- Up-to-date: /home/shiozaki/ros2/install/hello_world_msgs/include/hello_world_msgs
[2.177s] -- Up-to-date: /home/shiozaki/ros2/install/hello_world_msgs/include/hello_world_msgs/action
[2.177s] -- Up-to-date: /home/shiozaki/ros2/install/hello_world_msgs/include/hello_world_msgs/action/fibonacci__traits.hpp
[2.177s] -- Up-to-date: /home/shiozaki/ros2/install/hello_world_msgs/include/hello_world_msgs/action/fibonacci.hpp
[2.177s] -- Up-to-date: /home/shiozaki/ros2/install/hello_world_msgs/include/hello_world_msgs/action/fibonacci__struct.hpp
[2.177s] -- Up-to-date: /home/shiozaki/ros2/install/hello_world_msgs/include/hello_world_msgs/srv
[2.178s] -- Up-to-date: /home/shiozaki/ros2/install/hello_world_msgs/include/hello_world_msgs/srv/set_message__struct.hpp
[2.178s] -- Up-to-date: /home/shiozaki/ros2/install/hello_world_msgs/include/hello_world_msgs/srv/set_message__traits.hpp
[2.178s] -- Up-to-date: /home/shiozaki/ros2/install/hello_world_msgs/include/hello_world_msgs/srv/set_message.hpp
[2.178s] -- Up-to-date: /home/shiozaki/ros2/install/hello_world_msgs/include/hello_world_msgs
[2.178s] -- Up-to-date: /home/shiozaki/ros2/install/hello_world_msgs/include/hello_world_msgs/action
[2.178s] -- Up-to-date: /home/shiozaki/ros2/install/hello_world_msgs/include/hello_world_msgs/action/fibonacci__struct.h
[2.178s] -- Up-to-date: /home/shiozaki/ros2/install/hello_world_msgs/include/hello_world_msgs/action/fibonacci__functions.c
[2.178s] -- Up-to-date: /home/shiozaki/ros2/install/hello_world_msgs/include/hello_world_msgs/action/fibonacci.h
[2.178s] -- Up-to-date: /home/shiozaki/ros2/install/hello_world_msgs/include/hello_world_msgs/action/fibonacci__functions.h
[2.178s] -- Up-to-date: /home/shiozaki/ros2/install/hello_world_msgs/include/hello_world_msgs/action/fibonacci__type_support.h
[2.178s] -- Up-to-date: /home/shiozaki/ros2/install/hello_world_msgs/include/hello_world_msgs/srv
[2.178s] -- Up-to-date: /home/shiozaki/ros2/install/hello_world_msgs/include/hello_world_msgs/srv/set_message__type_support.h
[2.179s] -- Up-to-date: /home/shiozaki/ros2/install/hello_world_msgs/include/hello_world_msgs/srv/set_message__functions.h
[2.179s] -- Up-to-date: /home/shiozaki/ros2/install/hello_world_msgs/include/hello_world_msgs/srv/set_message__struct.h
[2.179s] -- Up-to-date: /home/shiozaki/ros2/install/hello_world_msgs/include/hello_world_msgs/srv/set_message__functions.c
[2.179s] -- Up-to-date: /home/shiozaki/ros2/install/hello_world_msgs/include/hello_world_msgs/srv/set_message.h
[2.179s] -- Up-to-date: /home/shiozaki/ros2/install/hello_world_msgs/include/hello_world_msgs/msg
[2.179s] -- Up-to-date: /home/shiozaki/ros2/install/hello_world_msgs/include/hello_world_msgs/msg/rosidl_generator_c__visibility_control.h
[2.179s] -- Up-to-date: /home/shiozaki/ros2/install/hello_world_msgs/share/hello_world_msgs/environment/library_path.sh
[2.179s] -- Up-to-date: /home/shiozaki/ros2/install/hello_world_msgs/lib/libhello_world_msgs__rosidl_generator_c.so
[2.179s] -- Up-to-date: /home/shiozaki/ros2/install/hello_world_msgs/lib/libhello_world_msgs__rosidl_typesupport_c.so
[2.179s] -- Up-to-date: /home/shiozaki/ros2/install/hello_world_msgs/lib/libhello_world_msgs__rosidl_typesupport_cpp.so
[2.180s] -- Up-to-date: /home/shiozaki/ros2/install/hello_world_msgs/include/hello_world_msgs
[2.180s] -- Up-to-date: /home/shiozaki/ros2/install/hello_world_msgs/include/hello_world_msgs/action
[2.180s] -- Up-to-date: /home/shiozaki/ros2/install/hello_world_msgs/include/hello_world_msgs/action/fibonacci__rosidl_typesupport_introspection_c.h
[2.180s] -- Up-to-date: /home/shiozaki/ros2/install/hello_world_msgs/include/hello_world_msgs/action/fibonacci__type_support.c
[2.180s] -- Up-to-date: /home/shiozaki/ros2/install/hello_world_msgs/include/hello_world_msgs/srv
[2.180s] -- Up-to-date: /home/shiozaki/ros2/install/hello_world_msgs/include/hello_world_msgs/srv/set_message__type_support.c
[2.180s] -- Up-to-date: /home/shiozaki/ros2/install/hello_world_msgs/include/hello_world_msgs/srv/set_message__rosidl_typesupport_introspection_c.h
[2.180s] -- Up-to-date: /home/shiozaki/ros2/install/hello_world_msgs/include/hello_world_msgs/msg
[2.180s] -- Up-to-date: /home/shiozaki/ros2/install/hello_world_msgs/include/hello_world_msgs/msg/rosidl_typesupport_introspection_c__visibility_control.h
[2.181s] -- Up-to-date: /home/shiozaki/ros2/install/hello_world_msgs/lib/libhello_world_msgs__rosidl_typesupport_introspection_c.so
[2.181s] -- Up-to-date: /home/shiozaki/ros2/install/hello_world_msgs/include/hello_world_msgs
[2.181s] -- Up-to-date: /home/shiozaki/ros2/install/hello_world_msgs/include/hello_world_msgs/action
[2.181s] -- Up-to-date: /home/shiozaki/ros2/install/hello_world_msgs/include/hello_world_msgs/action/fibonacci__rosidl_typesupport_introspection_cpp.hpp
[2.181s] -- Up-to-date: /home/shiozaki/ros2/install/hello_world_msgs/include/hello_world_msgs/action/fibonacci__type_support.cpp
[2.181s] -- Up-to-date: /home/shiozaki/ros2/install/hello_world_msgs/include/hello_world_msgs/srv
[2.181s] -- Up-to-date: /home/shiozaki/ros2/install/hello_world_msgs/include/hello_world_msgs/srv/set_message__rosidl_typesupport_introspection_cpp.hpp
[2.181s] -- Up-to-date: /home/shiozaki/ros2/install/hello_world_msgs/include/hello_world_msgs/srv/set_message__type_support.cpp
[2.181s] -- Up-to-date: /home/shiozaki/ros2/install/hello_world_msgs/lib/libhello_world_msgs__rosidl_typesupport_introspection_cpp.so
[2.182s] -- Up-to-date: /home/shiozaki/ros2/install/hello_world_msgs/include/hello_world_msgs
[2.182s] -- Up-to-date: /home/shiozaki/ros2/install/hello_world_msgs/include/hello_world_msgs/action
[2.182s] -- Up-to-date: /home/shiozaki/ros2/install/hello_world_msgs/include/hello_world_msgs/action/dds_connext
[2.182s] -- Up-to-date: /home/shiozaki/ros2/install/hello_world_msgs/include/hello_world_msgs/action/fibonacci__rosidl_typesupport_connext_c.h
[2.182s] -- Up-to-date: /home/shiozaki/ros2/install/hello_world_msgs/include/hello_world_msgs/srv
[2.183s] -- Up-to-date: /home/shiozaki/ros2/install/hello_world_msgs/include/hello_world_msgs/srv/set_message__rosidl_typesupport_connext_c.h
[2.183s] -- Up-to-date: /home/shiozaki/ros2/install/hello_world_msgs/include/hello_world_msgs/srv/dds_connext
[2.183s] -- Up-to-date: /home/shiozaki/ros2/install/hello_world_msgs/include/hello_world_msgs/msg
[2.183s] -- Up-to-date: /home/shiozaki/ros2/install/hello_world_msgs/include/hello_world_msgs/msg/rosidl_typesupport_connext_c__visibility_control.h
[2.183s] -- Up-to-date: /home/shiozaki/ros2/install/hello_world_msgs/lib/libhello_world_msgs__rosidl_typesupport_connext_c.so
[2.183s] -- Up-to-date: /home/shiozaki/ros2/install/hello_world_msgs/share/hello_world_msgs/srv/dds_connext
[2.183s] -- Up-to-date: /home/shiozaki/ros2/install/hello_world_msgs/share/hello_world_msgs/srv/dds_connext/SetMessage_.idl
[2.184s] -- Up-to-date: /home/shiozaki/ros2/install/hello_world_msgs/share/hello_world_msgs/action/dds_connext
[2.184s] -- Up-to-date: /home/shiozaki/ros2/install/hello_world_msgs/share/hello_world_msgs/action/dds_connext/Fibonacci_.idl
[2.184s] -- Up-to-date: /home/shiozaki/ros2/install/hello_world_msgs/include/hello_world_msgs
[2.184s] -- Up-to-date: /home/shiozaki/ros2/install/hello_world_msgs/include/hello_world_msgs/action
[2.184s] -- Up-to-date: /home/shiozaki/ros2/install/hello_world_msgs/include/hello_world_msgs/action/dds_connext
[2.184s] -- Up-to-date: /home/shiozaki/ros2/install/hello_world_msgs/include/hello_world_msgs/action/dds_connext/Fibonacci_Support.cxx
[2.184s] -- Up-to-date: /home/shiozaki/ros2/install/hello_world_msgs/include/hello_world_msgs/action/dds_connext/Fibonacci_Plugin.h
[2.184s] -- Up-to-date: /home/shiozaki/ros2/install/hello_world_msgs/include/hello_world_msgs/action/dds_connext/Fibonacci_.h
[2.185s] -- Up-to-date: /home/shiozaki/ros2/install/hello_world_msgs/include/hello_world_msgs/action/dds_connext/Fibonacci_.cxx
[2.185s] -- Up-to-date: /home/shiozaki/ros2/install/hello_world_msgs/include/hello_world_msgs/action/dds_connext/Fibonacci_Support.h
[2.185s] -- Up-to-date: /home/shiozaki/ros2/install/hello_world_msgs/include/hello_world_msgs/action/dds_connext/Fibonacci_Plugin.cxx
[2.185s] -- Up-to-date: /home/shiozaki/ros2/install/hello_world_msgs/include/hello_world_msgs/action/fibonacci__rosidl_typesupport_connext_cpp.hpp
[2.185s] -- Up-to-date: /home/shiozaki/ros2/install/hello_world_msgs/include/hello_world_msgs/srv
[2.185s] -- Up-to-date: /home/shiozaki/ros2/install/hello_world_msgs/include/hello_world_msgs/srv/dds_connext
[2.185s] -- Up-to-date: /home/shiozaki/ros2/install/hello_world_msgs/include/hello_world_msgs/srv/dds_connext/SetMessage_.cxx
[2.185s] -- Up-to-date: /home/shiozaki/ros2/install/hello_world_msgs/include/hello_world_msgs/srv/dds_connext/SetMessage_Support.h
[2.185s] -- Up-to-date: /home/shiozaki/ros2/install/hello_world_msgs/include/hello_world_msgs/srv/dds_connext/SetMessage_Plugin.cxx
[2.186s] -- Up-to-date: /home/shiozaki/ros2/install/hello_world_msgs/include/hello_world_msgs/srv/dds_connext/SetMessage_Support.cxx
[2.186s] -- Up-to-date: /home/shiozaki/ros2/install/hello_world_msgs/include/hello_world_msgs/srv/dds_connext/SetMessage_Plugin.h
[2.186s] -- Up-to-date: /home/shiozaki/ros2/install/hello_world_msgs/include/hello_world_msgs/srv/dds_connext/SetMessage_.h
[2.186s] -- Up-to-date: /home/shiozaki/ros2/install/hello_world_msgs/include/hello_world_msgs/srv/set_message__rosidl_typesupport_connext_cpp.hpp
[2.186s] -- Up-to-date: /home/shiozaki/ros2/install/hello_world_msgs/include/hello_world_msgs/msg
[2.186s] -- Up-to-date: /home/shiozaki/ros2/install/hello_world_msgs/include/hello_world_msgs/msg/rosidl_typesupport_connext_cpp__visibility_control.h
[2.186s] -- Up-to-date: /home/shiozaki/ros2/install/hello_world_msgs/lib/libhello_world_msgs__rosidl_typesupport_connext_cpp.so
[2.186s] -- Up-to-date: /home/shiozaki/ros2/install/hello_world_msgs/include/hello_world_msgs
[2.187s] -- Up-to-date: /home/shiozaki/ros2/install/hello_world_msgs/include/hello_world_msgs/action
[2.187s] -- Up-to-date: /home/shiozaki/ros2/install/hello_world_msgs/include/hello_world_msgs/action/fibonacci__rosidl_typesupport_fastrtps_c.h
[2.187s] -- Up-to-date: /home/shiozaki/ros2/install/hello_world_msgs/include/hello_world_msgs/srv
[2.187s] -- Up-to-date: /home/shiozaki/ros2/install/hello_world_msgs/include/hello_world_msgs/srv/set_message__rosidl_typesupport_fastrtps_c.h
[2.187s] -- Up-to-date: /home/shiozaki/ros2/install/hello_world_msgs/include/hello_world_msgs/msg
[2.187s] -- Up-to-date: /home/shiozaki/ros2/install/hello_world_msgs/include/hello_world_msgs/msg/rosidl_typesupport_fastrtps_c__visibility_control.h
[2.187s] -- Up-to-date: /home/shiozaki/ros2/install/hello_world_msgs/lib/libhello_world_msgs__rosidl_typesupport_fastrtps_c.so
[2.187s] -- Up-to-date: /home/shiozaki/ros2/install/hello_world_msgs/include/hello_world_msgs
[2.187s] -- Up-to-date: /home/shiozaki/ros2/install/hello_world_msgs/include/hello_world_msgs/action
[2.188s] -- Up-to-date: /home/shiozaki/ros2/install/hello_world_msgs/include/hello_world_msgs/action/dds_fastrtps
[2.188s] -- Up-to-date: /home/shiozaki/ros2/install/hello_world_msgs/include/hello_world_msgs/action/fibonacci__rosidl_typesupport_fastrtps_cpp.hpp
[2.188s] -- Up-to-date: /home/shiozaki/ros2/install/hello_world_msgs/include/hello_world_msgs/srv
[2.188s] -- Up-to-date: /home/shiozaki/ros2/install/hello_world_msgs/include/hello_world_msgs/srv/set_message__rosidl_typesupport_fastrtps_cpp.hpp
[2.188s] -- Up-to-date: /home/shiozaki/ros2/install/hello_world_msgs/include/hello_world_msgs/srv/dds_fastrtps
[2.188s] -- Up-to-date: /home/shiozaki/ros2/install/hello_world_msgs/include/hello_world_msgs/msg
[2.188s] -- Up-to-date: /home/shiozaki/ros2/install/hello_world_msgs/include/hello_world_msgs/msg/rosidl_typesupport_fastrtps_cpp__visibility_control.h
[2.188s] -- Up-to-date: /home/shiozaki/ros2/install/hello_world_msgs/lib/libhello_world_msgs__rosidl_typesupport_fastrtps_cpp.so
[2.188s] -- Up-to-date: /home/shiozaki/ros2/install/hello_world_msgs/include/hello_world_msgs
[2.188s] -- Up-to-date: /home/shiozaki/ros2/install/hello_world_msgs/include/hello_world_msgs/action
[2.189s] -- Up-to-date: /home/shiozaki/ros2/install/hello_world_msgs/include/hello_world_msgs/action/dds_opensplice_c
[2.189s] -- Up-to-date: /home/shiozaki/ros2/install/hello_world_msgs/include/hello_world_msgs/action/fibonacci__rosidl_typesupport_opensplice_c.h
[2.189s] -- Up-to-date: /home/shiozaki/ros2/install/hello_world_msgs/include/hello_world_msgs/srv
[2.189s] -- Up-to-date: /home/shiozaki/ros2/install/hello_world_msgs/include/hello_world_msgs/srv/dds_opensplice_c
[2.189s] -- Up-to-date: /home/shiozaki/ros2/install/hello_world_msgs/include/hello_world_msgs/srv/set_message__rosidl_typesupport_opensplice_c.h
[2.189s] -- Up-to-date: /home/shiozaki/ros2/install/hello_world_msgs/include/hello_world_msgs/msg
[2.189s] -- Up-to-date: /home/shiozaki/ros2/install/hello_world_msgs/include/hello_world_msgs/msg/rosidl_typesupport_opensplice_c__visibility_control.h
[2.190s] -- Up-to-date: /home/shiozaki/ros2/install/hello_world_msgs/lib/libhello_world_msgs__rosidl_typesupport_opensplice_c.so
[2.190s] -- Up-to-date: /home/shiozaki/ros2/install/hello_world_msgs/share/hello_world_msgs/srv/dds_opensplice
[2.190s] -- Up-to-date: /home/shiozaki/ros2/install/hello_world_msgs/share/hello_world_msgs/srv/dds_opensplice/SetMessage_.idl
[2.190s] -- Up-to-date: /home/shiozaki/ros2/install/hello_world_msgs/share/hello_world_msgs/action/dds_opensplice
[2.190s] -- Up-to-date: /home/shiozaki/ros2/install/hello_world_msgs/share/hello_world_msgs/action/dds_opensplice/Fibonacci_.idl
[2.190s] -- Up-to-date: /home/shiozaki/ros2/install/hello_world_msgs/include/hello_world_msgs
[2.190s] -- Up-to-date: /home/shiozaki/ros2/install/hello_world_msgs/include/hello_world_msgs/action
[2.190s] -- Up-to-date: /home/shiozaki/ros2/install/hello_world_msgs/include/hello_world_msgs/action/fibonacci__rosidl_typesupport_opensplice_cpp.hpp
[2.190s] -- Up-to-date: /home/shiozaki/ros2/install/hello_world_msgs/include/hello_world_msgs/action/dds_opensplice
[2.190s] -- Up-to-date: /home/shiozaki/ros2/install/hello_world_msgs/include/hello_world_msgs/action/dds_opensplice/ccpp_Fibonacci_.h
[2.190s] -- Up-to-date: /home/shiozaki/ros2/install/hello_world_msgs/include/hello_world_msgs/action/dds_opensplice/Fibonacci_SplDcps.h
[2.191s] -- Up-to-date: /home/shiozaki/ros2/install/hello_world_msgs/include/hello_world_msgs/action/dds_opensplice/Fibonacci_.h
[2.191s] -- Up-to-date: /home/shiozaki/ros2/install/hello_world_msgs/include/hello_world_msgs/action/dds_opensplice/Fibonacci_Dcps_impl.h
[2.191s] -- Up-to-date: /home/shiozaki/ros2/install/hello_world_msgs/include/hello_world_msgs/action/dds_opensplice/Fibonacci_Dcps.h
[2.191s] -- Up-to-date: /home/shiozaki/ros2/install/hello_world_msgs/include/hello_world_msgs/srv
[2.191s] -- Up-to-date: /home/shiozaki/ros2/install/hello_world_msgs/include/hello_world_msgs/srv/set_message__rosidl_typesupport_opensplice_cpp.hpp
[2.191s] -- Up-to-date: /home/shiozaki/ros2/install/hello_world_msgs/include/hello_world_msgs/srv/dds_opensplice
[2.191s] -- Up-to-date: /home/shiozaki/ros2/install/hello_world_msgs/include/hello_world_msgs/srv/dds_opensplice/SetMessage_Dcps.h
[2.191s] -- Up-to-date: /home/shiozaki/ros2/install/hello_world_msgs/include/hello_world_msgs/srv/dds_opensplice/ccpp_SetMessage_.h
[2.191s] -- Up-to-date: /home/shiozaki/ros2/install/hello_world_msgs/include/hello_world_msgs/srv/dds_opensplice/SetMessage_Dcps_impl.h
[2.192s] -- Up-to-date: /home/shiozaki/ros2/install/hello_world_msgs/include/hello_world_msgs/srv/dds_opensplice/SetMessage_.h
[2.192s] -- Up-to-date: /home/shiozaki/ros2/install/hello_world_msgs/include/hello_world_msgs/srv/dds_opensplice/SetMessage_SplDcps.h
[2.192s] -- Up-to-date: /home/shiozaki/ros2/install/hello_world_msgs/include/hello_world_msgs/msg
[2.192s] -- Up-to-date: /home/shiozaki/ros2/install/hello_world_msgs/include/hello_world_msgs/msg/rosidl_typesupport_opensplice_cpp__visibility_control.h
[2.192s] -- Up-to-date: /home/shiozaki/ros2/install/hello_world_msgs/lib/libhello_world_msgs__rosidl_typesupport_opensplice_cpp.so
[2.192s] -- Up-to-date: /home/shiozaki/ros2/install/hello_world_msgs/share/hello_world_msgs/environment/pythonpath.sh
[2.192s] -- Up-to-date: /home/shiozaki/ros2/install/hello_world_msgs/lib/python3.6/site-packages/hello_world_msgs/__init__.py
[2.259s] -- Up-to-date: /home/shiozaki/ros2/install/hello_world_msgs/lib/python3.6/site-packages/hello_world_msgs/srv
[2.259s] -- Up-to-date: /home/shiozaki/ros2/install/hello_world_msgs/lib/python3.6/site-packages/hello_world_msgs/srv/_set_message_s.c
[2.259s] -- Up-to-date: /home/shiozaki/ros2/install/hello_world_msgs/lib/python3.6/site-packages/hello_world_msgs/srv/_set_message.py
[2.259s] -- Up-to-date: /home/shiozaki/ros2/install/hello_world_msgs/lib/python3.6/site-packages/hello_world_msgs/srv/__init__.py
[2.259s] -- Up-to-date: /home/shiozaki/ros2/install/hello_world_msgs/lib/python3.6/site-packages/hello_world_msgs/action
[2.260s] -- Up-to-date: /home/shiozaki/ros2/install/hello_world_msgs/lib/python3.6/site-packages/hello_world_msgs/action/_fibonacci.py
[2.260s] -- Up-to-date: /home/shiozaki/ros2/install/hello_world_msgs/lib/python3.6/site-packages/hello_world_msgs/action/__init__.py
[2.260s] -- Up-to-date: /home/shiozaki/ros2/install/hello_world_msgs/lib/python3.6/site-packages/hello_world_msgs/action/_fibonacci_s.c
[2.260s] -- Up-to-date: /home/shiozaki/ros2/install/hello_world_msgs/lib/python3.6/site-packages/hello_world_msgs/hello_world_msgs_s__rosidl_typesupport_c.cpython-36m-x86_64-linux-gnu.so
[2.261s] -- Up-to-date: /home/shiozaki/ros2/install/hello_world_msgs/lib/python3.6/site-packages/hello_world_msgs/hello_world_msgs_s__rosidl_typesupport_connext_c.cpython-36m-x86_64-linux-gnu.so
[2.262s] -- Up-to-date: /home/shiozaki/ros2/install/hello_world_msgs/lib/python3.6/site-packages/hello_world_msgs/hello_world_msgs_s__rosidl_typesupport_introspection_c.cpython-36m-x86_64-linux-gnu.so
[2.265s] -- Up-to-date: /home/shiozaki/ros2/install/hello_world_msgs/lib/python3.6/site-packages/hello_world_msgs/hello_world_msgs_s__rosidl_typesupport_fastrtps_c.cpython-36m-x86_64-linux-gnu.so
[2.265s] -- Up-to-date: /home/shiozaki/ros2/install/hello_world_msgs/lib/python3.6/site-packages/hello_world_msgs/hello_world_msgs_s__rosidl_typesupport_opensplice_c.cpython-36m-x86_64-linux-gnu.so
[2.265s] -- Up-to-date: /home/shiozaki/ros2/install/hello_world_msgs/lib/libhello_world_msgs__python.so
[2.266s] -- Up-to-date: /home/shiozaki/ros2/install/hello_world_msgs/share/hello_world_msgs/srv/SetMessage.idl
[2.266s] -- Up-to-date: /home/shiozaki/ros2/install/hello_world_msgs/share/hello_world_msgs/action/Fibonacci.idl
[2.266s] -- Up-to-date: /home/shiozaki/ros2/install/hello_world_msgs/share/hello_world_msgs/srv/SetMessage.srv
[2.266s] -- Up-to-date: /home/shiozaki/ros2/install/hello_world_msgs/share/hello_world_msgs/srv/SetMessage_Request.msg
[2.267s] -- Up-to-date: /home/shiozaki/ros2/install/hello_world_msgs/share/hello_world_msgs/srv/SetMessage_Response.msg
[2.267s] -- Up-to-date: /home/shiozaki/ros2/install/hello_world_msgs/share/hello_world_msgs/action/Fibonacci.action
[2.267s] -- Up-to-date: /home/shiozaki/ros2/install/hello_world_msgs/share/ament_index/resource_index/package_run_dependencies/hello_world_msgs
[2.267s] -- Up-to-date: /home/shiozaki/ros2/install/hello_world_msgs/share/ament_index/resource_index/parent_prefix_path/hello_world_msgs
[2.268s] -- Up-to-date: /home/shiozaki/ros2/install/hello_world_msgs/share/hello_world_msgs/environment/ament_prefix_path.sh
[2.268s] -- Up-to-date: /home/shiozaki/ros2/install/hello_world_msgs/share/hello_world_msgs/environment/path.sh
[2.268s] -- Up-to-date: /home/shiozaki/ros2/install/hello_world_msgs/share/hello_world_msgs/local_setup.bash
[2.268s] -- Up-to-date: /home/shiozaki/ros2/install/hello_world_msgs/share/hello_world_msgs/local_setup.sh
[2.268s] -- Up-to-date: /home/shiozaki/ros2/install/hello_world_msgs/share/hello_world_msgs/local_setup.zsh
[2.268s] -- Up-to-date: /home/shiozaki/ros2/install/hello_world_msgs/share/ament_index/resource_index/packages/hello_world_msgs
[2.269s] -- Up-to-date: /home/shiozaki/ros2/install/hello_world_msgs/share/hello_world_msgs/cmake/rosidl_cmake-extras.cmake
[2.269s] -- Up-to-date: /home/shiozaki/ros2/install/hello_world_msgs/share/hello_world_msgs/cmake/ament_cmake_export_dependencies-extras.cmake
[2.269s] -- Up-to-date: /home/shiozaki/ros2/install/hello_world_msgs/share/hello_world_msgs/cmake/ament_cmake_export_include_directories-extras.cmake
[2.269s] -- Up-to-date: /home/shiozaki/ros2/install/hello_world_msgs/share/hello_world_msgs/cmake/ament_cmake_export_libraries-extras.cmake
[2.269s] -- Up-to-date: /home/shiozaki/ros2/install/hello_world_msgs/share/hello_world_msgs/cmake/rosidl_cmake_export_typesupport_libraries-extras.cmake
[2.269s] -- Up-to-date: /home/shiozaki/ros2/install/hello_world_msgs/share/hello_world_msgs/cmake/hello_world_msgsConfig.cmake
[2.269s] -- Up-to-date: /home/shiozaki/ros2/install/hello_world_msgs/share/hello_world_msgs/cmake/hello_world_msgsConfig-version.cmake
[2.270s] -- Up-to-date: /home/shiozaki/ros2/install/hello_world_msgs/share/hello_world_msgs/package.xml
[2.281s] Invoked command in '/home/shiozaki/ros2/build/hello_world_msgs' returned '0': CMAKE_PREFIX_PATH=${CMAKE_PREFIX_PATH}:/home/shiozaki/ros2/install/examples_rclpy_topics:/home/shiozaki/ros2/install/examples_rclpy_services:/home/shiozaki/ros2/install/examples_rclpy_minimal_action_server:/opt/ros/dashing /usr/bin/cmake --build /home/shiozaki/ros2/build/hello_world_msgs --target install -- -j4 -l4
