[01m[K/home/shiozaki/ros2/src/hello_world/src/talker.cpp:[m[K In lambda function:
[01m[K/home/shiozaki/ros2/src/hello_world/src/talker.cpp:59:30:[m[K [01;31m[Kerror: [m[K‘[01m[Kstd::chron[m[K’ has not been declared
  img->header.frame_id = std::[01;31m[Kchron[m[K::duration_cast<std::chrono;;microseconds>(numseconds);
                              [01;31m[K^~~~~[m[K
[01m[K/home/shiozaki/ros2/src/hello_world/src/talker.cpp:59:62:[m[K [01;31m[Kerror: [m[Kexpected primary-expression before ‘[01m[K;[m[K’ token
  img->header.frame_id = std::chron::duration_cast<std::chrono[01;31m[K;[m[K;microseconds>(numseconds);
                                                              [01;31m[K^[m[K
[01m[K/home/shiozaki/ros2/src/hello_world/src/talker.cpp:59:64:[m[K [01;31m[Kerror: [m[K‘[01m[Kmicroseconds[m[K’ was not declared in this scope
  img->header.frame_id = std::chron::duration_cast<std::chrono;;[01;31m[Kmicroseconds[m[K>(numseconds);
                                                                [01;31m[K^~~~~~~~~~~~[m[K
[01m[K/home/shiozaki/ros2/src/hello_world/src/talker.cpp:59:64:[m[K [01;36m[Knote: [m[Ksuggested alternative:
In file included from [01m[K/home/shiozaki/ros2/src/hello_world/src/talker.cpp:15:0[m[K:
[01m[K/usr/include/c++/7/chrono:600:43:[m[K [01;36m[Knote: [m[K  ‘[01m[Kstd::chrono::microseconds[m[K’
     typedef duration<int64_t, micro>      [01;36m[Kmicroseconds[m[K;
                                           [01;36m[K^~~~~~~~~~~~[m[K
[01m[K/home/shiozaki/ros2/src/hello_world/src/talker.cpp:59:78:[m[K [01;31m[Kerror: [m[K‘[01m[Knumseconds[m[K’ was not declared in this scope
  img->header.frame_id = std::chron::duration_cast<std::chrono;;microseconds>([01;31m[Knumseconds[m[K);
                                                                              [01;31m[K^~~~~~~~~~[m[K
[01m[K/home/shiozaki/ros2/src/hello_world/src/talker.cpp:59:78:[m[K [01;36m[Knote: [m[Ksuggested alternative: ‘[01m[Knum_seconds[m[K’
  img->header.frame_id = std::chron::duration_cast<std::chrono;;microseconds>([01;36m[Knumseconds[m[K);
                                                                              [01;36m[K^~~~~~~~~~[m[K
                                                                              [32m[Knum_seconds[m[K
make[2]: *** [CMakeFiles/talker.dir/src/talker.cpp.o] Error 1
make[1]: *** [CMakeFiles/talker.dir/all] Error 2
make: *** [all] Error 2
