-- The C compiler identification is GNU 7.5.0
-- The CXX compiler identification is GNU 7.5.0
-- Check for working C compiler: /usr/bin/cc
-- Check for working C compiler: /usr/bin/cc -- works
-- Detecting C compiler ABI info
-- Detecting C compiler ABI info - done
-- Detecting C compile features
-- Detecting C compile features - done
-- Check for working CXX compiler: /usr/bin/c++
-- Check for working CXX compiler: /usr/bin/c++ -- works
-- Detecting CXX compiler ABI info
-- Detecting CXX compiler ABI info - done
-- Detecting CXX compile features
-- Detecting CXX compile features - done
-- Found ament_cmake: 0.7.4 (/opt/ros/dashing/share/ament_cmake/cmake)
-- Found PythonInterp: /usr/bin/python3 (found suitable version "3.6.9", minimum required is "3") 
-- Using PYTHON_EXECUTABLE: /usr/bin/python3
-- Found std_msgs: 0.7.0 (/opt/ros/dashing/share/std_msgs/cmake)
-- Found rosidl_adapter: 0.7.9 (/opt/ros/dashing/share/rosidl_adapter/cmake)
-- Found action_msgs: 0.7.4 (/opt/ros/dashing/share/action_msgs/cmake)
-- Found rosidl_default_generators: 0.7.0 (/opt/ros/dashing/share/rosidl_default_generators/cmake)
-- Found RTI Connext: /opt/rti.com/rti_connext_dds-5.3.1
-- Found OpenSSL: /usr/lib/x86_64-linux-gnu/libcrypto.so (found version "1.1.1") 
-- Found FastRTPS: /opt/ros/dashing/include  
-- Found PrismTech OpenSplice: /usr/share/opensplice/cmake
-- Found PythonInterp: /usr/bin/python3 (found version "3.6.9") 
-- Using all available rosidl_typesupport_c: rosidl_typesupport_connext_c;rosidl_typesupport_fastrtps_c;rosidl_typesupport_introspection_c;rosidl_typesupport_opensplice_c
-- Using all available rosidl_typesupport_cpp: rosidl_typesupport_connext_cpp;rosidl_typesupport_fastrtps_cpp;rosidl_typesupport_introspection_cpp;rosidl_typesupport_opensplice_cpp
-- Found rmw_implementation_cmake: 0.7.2 (/opt/ros/dashing/share/rmw_implementation_cmake/cmake)
-- Found PythonInterp: /usr/bin/python3 (found suitable version "3.6.9", minimum required is "3.5") 
-- Found python_cmake_module: 0.7.10 (/opt/ros/dashing/share/python_cmake_module/cmake)
-- Found PythonLibs: /usr/lib/x86_64-linux-gnu/libpython3.6m.so (found suitable version "3.6.9", minimum required is "3.5") 
-- Using PYTHON_EXECUTABLE: /usr/bin/python3
-- Using PYTHON_INCLUDE_DIRS: /usr/include/python3.6m
-- Using PYTHON_LIBRARIES: /usr/lib/x86_64-linux-gnu/libpython3.6m.so
-- Found PythonExtra: .so  
-- Configuring done
-- Generating done
-- Build files have been written to: /home/shiozaki/ros2/build/hello_world_msgs
[  1%] [34m[1mGenerating C code for ROS interfaces[0m
[35m[1mScanning dependencies of target hello_world_msgs__cpp[0m
[35m[1mScanning dependencies of target hello_world_msgs__dds_opensplice_idl[0m
[35m[1mScanning dependencies of target hello_world_msgs__dds_connext_idl[0m
[  2%] [34m[1mGenerating DDS interfaces[0m
[  3%] [34m[1mGenerating C++ code for ROS interfaces[0m
[  4%] [34m[1mGenerating DDS interfaces[0m
[  4%] Built target hello_world_msgs__dds_connext_idl
[  4%] Built target hello_world_msgs__dds_opensplice_idl
[  4%] Built target hello_world_msgs__cpp
[  5%] [34m[1mGenerating C++ type support for PrismTech OpenSplice[0m
[  6%] [34m[1mGenerating C++ type support dispatch for ROS interfaces[0m
[  7%] [34m[1mGenerating C++ introspection for ROS interfaces[0m
[35m[1mScanning dependencies of target hello_world_msgs__rosidl_generator_c[0m
[  8%] [32mBuilding C object CMakeFiles/hello_world_msgs__rosidl_generator_c.dir/rosidl_generator_c/hello_world_msgs/srv/set_message__functions.c.o[0m
[  9%] [32mBuilding C object CMakeFiles/hello_world_msgs__rosidl_generator_c.dir/rosidl_generator_c/hello_world_msgs/action/fibonacci__functions.c.o[0m
[ 10%] [32m[1mLinking C shared library libhello_world_msgs__rosidl_generator_c.so[0m
[ 10%] Built target hello_world_msgs__rosidl_generator_c
[ 11%] [34m[1mGenerating C++ type support for RTI Connext (using '/opt/rti.com/rti_connext_dds-5.3.1/bin/rtiddsgen_server')[0m
[35m[1mScanning dependencies of target hello_world_msgs__rosidl_typesupport_cpp[0m
[35m[1mScanning dependencies of target hello_world_msgs__rosidl_typesupport_introspection_cpp[0m
[ 12%] [32mBuilding CXX object CMakeFiles/hello_world_msgs__rosidl_typesupport_cpp.dir/rosidl_typesupport_cpp/hello_world_msgs/srv/set_message__type_support.cpp.o[0m
[ 13%] [32mBuilding CXX object CMakeFiles/hello_world_msgs__rosidl_typesupport_introspection_cpp.dir/rosidl_typesupport_introspection_cpp/hello_world_msgs/srv/set_message__type_support.cpp.o[0m
[ 14%] [32mBuilding CXX object CMakeFiles/hello_world_msgs__rosidl_typesupport_cpp.dir/rosidl_typesupport_cpp/hello_world_msgs/action/fibonacci__type_support.cpp.o[0m
[ 15%] [32mBuilding CXX object CMakeFiles/hello_world_msgs__rosidl_typesupport_introspection_cpp.dir/rosidl_typesupport_introspection_cpp/hello_world_msgs/action/fibonacci__type_support.cpp.o[0m
[ 16%] [32m[1mLinking CXX shared library libhello_world_msgs__rosidl_typesupport_cpp.so[0m
[ 17%] [32m[1mLinking CXX shared library libhello_world_msgs__rosidl_typesupport_introspection_cpp.so[0m
[35m[1mScanning dependencies of target hello_world_msgs__rosidl_typesupport_opensplice_cpp[0m
[ 17%] Built target hello_world_msgs__rosidl_typesupport_cpp
[ 18%] [34m[1mGenerating C++ type support for eProsima Fast-RTPS[0m
[ 18%] Built target hello_world_msgs__rosidl_typesupport_introspection_cpp
[ 20%] [34m[1mGenerating C introspection for ROS interfaces[0m
[ 21%] [32mBuilding CXX object CMakeFiles/hello_world_msgs__rosidl_typesupport_opensplice_cpp.dir/rosidl_typesupport_opensplice_cpp/hello_world_msgs/srv/dds_opensplice/set_message__type_support.cpp.o[0m
[35m[1mScanning dependencies of target hello_world_msgs__rosidl_typesupport_fastrtps_cpp[0m
[35m[1mScanning dependencies of target hello_world_msgs__rosidl_typesupport_introspection_c[0m
[ 22%] [32mBuilding CXX object CMakeFiles/hello_world_msgs__rosidl_typesupport_fastrtps_cpp.dir/rosidl_typesupport_fastrtps_cpp/hello_world_msgs/srv/dds_fastrtps/set_message__type_support.cpp.o[0m
[ 23%] [32mBuilding C object CMakeFiles/hello_world_msgs__rosidl_typesupport_introspection_c.dir/rosidl_typesupport_introspection_c/hello_world_msgs/srv/set_message__type_support.c.o[0m
[ 24%] [32mBuilding C object CMakeFiles/hello_world_msgs__rosidl_typesupport_introspection_c.dir/rosidl_typesupport_introspection_c/hello_world_msgs/action/fibonacci__type_support.c.o[0m
[ 25%] [32m[1mLinking C shared library libhello_world_msgs__rosidl_typesupport_introspection_c.so[0m
[ 25%] Built target hello_world_msgs__rosidl_typesupport_introspection_c
[ 26%] [32mBuilding CXX object CMakeFiles/hello_world_msgs__rosidl_typesupport_opensplice_cpp.dir/rosidl_typesupport_opensplice_cpp/hello_world_msgs/action/dds_opensplice/fibonacci__type_support.cpp.o[0m
INFO com.rti.ndds.nddsgen.Main Running rtiddsgen version 2.5.2, please wait ...
INFO com.rti.ndds.nddsgen.Main Done
[ 27%] [32mBuilding CXX object CMakeFiles/hello_world_msgs__rosidl_typesupport_fastrtps_cpp.dir/rosidl_typesupport_fastrtps_cpp/hello_world_msgs/action/dds_fastrtps/fibonacci__type_support.cpp.o[0m
[ 28%] [34m[1mGenerating C type support dispatch for ROS interfaces[0m
[ 29%] [32m[1mLinking CXX shared library libhello_world_msgs__rosidl_typesupport_fastrtps_cpp.so[0m
INFO com.rti.ndds.nddsgen.Main Running rtiddsgen version 2.5.2, please wait ...
INFO com.rti.ndds.nddsgen.Main Done
[35m[1mScanning dependencies of target hello_world_msgs__rosidl_typesupport_c[0m
[ 29%] Built target hello_world_msgs__rosidl_typesupport_fastrtps_cpp
[ 30%] [32mBuilding CXX object CMakeFiles/hello_world_msgs__rosidl_typesupport_c.dir/rosidl_typesupport_c/hello_world_msgs/srv/set_message__type_support.cpp.o[0m
[ 31%] [32mBuilding CXX object CMakeFiles/hello_world_msgs__rosidl_typesupport_c.dir/rosidl_typesupport_c/hello_world_msgs/action/fibonacci__type_support.cpp.o[0m
[ 32%] [34m[1mGenerating C type support for eProsima Fast-RTPS[0m
[ 33%] [32m[1mLinking CXX shared library libhello_world_msgs__rosidl_typesupport_c.so[0m
[ 33%] Built target hello_world_msgs__rosidl_typesupport_c
[35m[1mScanning dependencies of target hello_world_msgs__rosidl_typesupport_connext_cpp[0m
[ 34%] [32mBuilding CXX object CMakeFiles/hello_world_msgs__rosidl_typesupport_opensplice_cpp.dir/rosidl_typesupport_opensplice_cpp/hello_world_msgs/srv/dds_opensplice/SetMessage_.cpp.o[0m
[ 35%] [32mBuilding CXX object CMakeFiles/hello_world_msgs__rosidl_typesupport_connext_cpp.dir/rosidl_typesupport_connext_cpp/hello_world_msgs/srv/dds_connext/set_message__type_support.cpp.o[0m
[ 36%] [32mBuilding CXX object CMakeFiles/hello_world_msgs__rosidl_typesupport_connext_cpp.dir/rosidl_typesupport_connext_cpp/hello_world_msgs/action/dds_connext/fibonacci__type_support.cpp.o[0m
[ 37%] [32mBuilding CXX object CMakeFiles/hello_world_msgs__rosidl_typesupport_opensplice_cpp.dir/rosidl_typesupport_opensplice_cpp/hello_world_msgs/srv/dds_opensplice/SetMessage_Dcps.cpp.o[0m
[35m[1mScanning dependencies of target hello_world_msgs__rosidl_typesupport_fastrtps_c[0m
[ 38%] [32mBuilding CXX object CMakeFiles/hello_world_msgs__rosidl_typesupport_fastrtps_c.dir/rosidl_typesupport_fastrtps_c/hello_world_msgs/srv/set_message__type_support_c.cpp.o[0m
[ 40%] [32mBuilding CXX object CMakeFiles/hello_world_msgs__rosidl_typesupport_opensplice_cpp.dir/rosidl_typesupport_opensplice_cpp/hello_world_msgs/srv/dds_opensplice/SetMessage_Dcps_impl.cpp.o[0m
[ 41%] [32mBuilding CXX object CMakeFiles/hello_world_msgs__rosidl_typesupport_opensplice_cpp.dir/rosidl_typesupport_opensplice_cpp/hello_world_msgs/srv/dds_opensplice/SetMessage_SplDcps.cpp.o[0m
[ 42%] [32mBuilding CXX object CMakeFiles/hello_world_msgs__rosidl_typesupport_fastrtps_c.dir/rosidl_typesupport_fastrtps_c/hello_world_msgs/action/fibonacci__type_support_c.cpp.o[0m
[ 43%] [32mBuilding CXX object CMakeFiles/hello_world_msgs__rosidl_typesupport_connext_cpp.dir/rosidl_typesupport_connext_cpp/hello_world_msgs/srv/dds_connext/SetMessage_.cxx.o[0m
[ 44%] [32mBuilding CXX object CMakeFiles/hello_world_msgs__rosidl_typesupport_opensplice_cpp.dir/rosidl_typesupport_opensplice_cpp/hello_world_msgs/action/dds_opensplice/Fibonacci_.cpp.o[0m
[ 45%] [32m[1mLinking CXX shared library libhello_world_msgs__rosidl_typesupport_fastrtps_c.so[0m
[ 46%] [32mBuilding CXX object CMakeFiles/hello_world_msgs__rosidl_typesupport_connext_cpp.dir/rosidl_typesupport_connext_cpp/hello_world_msgs/srv/dds_connext/SetMessage_Plugin.cxx.o[0m
[ 46%] Built target hello_world_msgs__rosidl_typesupport_fastrtps_c
[ 47%] [32mBuilding CXX object CMakeFiles/hello_world_msgs__rosidl_typesupport_opensplice_cpp.dir/rosidl_typesupport_opensplice_cpp/hello_world_msgs/action/dds_opensplice/Fibonacci_Dcps_impl.cpp.o[0m
[ 48%] [32mBuilding CXX object CMakeFiles/hello_world_msgs__rosidl_typesupport_opensplice_cpp.dir/rosidl_typesupport_opensplice_cpp/hello_world_msgs/action/dds_opensplice/Fibonacci_Dcps.cpp.o[0m
[ 49%] [32mBuilding CXX object CMakeFiles/hello_world_msgs__rosidl_typesupport_connext_cpp.dir/rosidl_typesupport_connext_cpp/hello_world_msgs/srv/dds_connext/SetMessage_Support.cxx.o[0m
[ 50%] [32mBuilding CXX object CMakeFiles/hello_world_msgs__rosidl_typesupport_opensplice_cpp.dir/rosidl_typesupport_opensplice_cpp/hello_world_msgs/action/dds_opensplice/Fibonacci_SplDcps.cpp.o[0m
[ 51%] [32mBuilding CXX object CMakeFiles/hello_world_msgs__rosidl_typesupport_connext_cpp.dir/rosidl_typesupport_connext_cpp/hello_world_msgs/action/dds_connext/Fibonacci_.cxx.o[0m
[ 52%] [32mBuilding CXX object CMakeFiles/hello_world_msgs__rosidl_typesupport_connext_cpp.dir/rosidl_typesupport_connext_cpp/hello_world_msgs/action/dds_connext/Fibonacci_Plugin.cxx.o[0m
[ 53%] [32mBuilding CXX object CMakeFiles/hello_world_msgs__rosidl_typesupport_connext_cpp.dir/rosidl_typesupport_connext_cpp/hello_world_msgs/action/dds_connext/Fibonacci_Support.cxx.o[0m
[ 54%] [32m[1mLinking CXX shared library libhello_world_msgs__rosidl_typesupport_opensplice_cpp.so[0m
[ 55%] Built target hello_world_msgs__rosidl_typesupport_opensplice_cpp
[ 56%] [32m[1mLinking CXX shared library libhello_world_msgs__rosidl_typesupport_connext_cpp.so[0m
[ 57%] [34m[1mGenerating C type support for PrismTech OpenSplice[0m
[ 58%] Built target hello_world_msgs__rosidl_typesupport_connext_cpp
[ 60%] [34m[1mGenerating C type support for RTI Connext[0m
[35m[1mScanning dependencies of target hello_world_msgs__rosidl_typesupport_opensplice_c[0m
[ 61%] [32mBuilding CXX object CMakeFiles/hello_world_msgs__rosidl_typesupport_opensplice_c.dir/rosidl_typesupport_opensplice_c/hello_world_msgs/srv/dds_opensplice_c/set_message__type_support_c.cpp.o[0m
[ 62%] [32mBuilding CXX object CMakeFiles/hello_world_msgs__rosidl_typesupport_opensplice_c.dir/rosidl_typesupport_opensplice_cpp/hello_world_msgs/srv/dds_opensplice/SetMessage_.cpp.o[0m
[ 63%] [32mBuilding CXX object CMakeFiles/hello_world_msgs__rosidl_typesupport_opensplice_c.dir/rosidl_typesupport_opensplice_c/hello_world_msgs/action/dds_opensplice_c/fibonacci__type_support_c.cpp.o[0m
[ 64%] [32mBuilding CXX object CMakeFiles/hello_world_msgs__rosidl_typesupport_opensplice_c.dir/rosidl_typesupport_opensplice_cpp/hello_world_msgs/srv/dds_opensplice/SetMessage_Dcps.cpp.o[0m
[ 65%] [32mBuilding CXX object CMakeFiles/hello_world_msgs__rosidl_typesupport_opensplice_c.dir/rosidl_typesupport_opensplice_cpp/hello_world_msgs/srv/dds_opensplice/SetMessage_Dcps_impl.cpp.o[0m
[35m[1mScanning dependencies of target hello_world_msgs__rosidl_typesupport_connext_c[0m
[ 66%] [32mBuilding CXX object CMakeFiles/hello_world_msgs__rosidl_typesupport_connext_c.dir/rosidl_typesupport_connext_c/hello_world_msgs/srv/dds_connext/set_message__type_support_c.cpp.o[0m
[ 67%] [32mBuilding CXX object CMakeFiles/hello_world_msgs__rosidl_typesupport_opensplice_c.dir/rosidl_typesupport_opensplice_cpp/hello_world_msgs/srv/dds_opensplice/SetMessage_SplDcps.cpp.o[0m
[ 68%] [32mBuilding CXX object CMakeFiles/hello_world_msgs__rosidl_typesupport_opensplice_c.dir/rosidl_typesupport_opensplice_cpp/hello_world_msgs/action/dds_opensplice/Fibonacci_.cpp.o[0m
[ 69%] [32mBuilding CXX object CMakeFiles/hello_world_msgs__rosidl_typesupport_opensplice_c.dir/rosidl_typesupport_opensplice_cpp/hello_world_msgs/action/dds_opensplice/Fibonacci_Dcps.cpp.o[0m
[ 70%] [32mBuilding CXX object CMakeFiles/hello_world_msgs__rosidl_typesupport_opensplice_c.dir/rosidl_typesupport_opensplice_cpp/hello_world_msgs/action/dds_opensplice/Fibonacci_Dcps_impl.cpp.o[0m
[ 71%] [32mBuilding CXX object CMakeFiles/hello_world_msgs__rosidl_typesupport_connext_c.dir/rosidl_typesupport_connext_c/hello_world_msgs/action/dds_connext/fibonacci__type_support_c.cpp.o[0m
[ 72%] [32mBuilding CXX object CMakeFiles/hello_world_msgs__rosidl_typesupport_opensplice_c.dir/rosidl_typesupport_opensplice_cpp/hello_world_msgs/action/dds_opensplice/Fibonacci_SplDcps.cpp.o[0m
[ 73%] [32mBuilding CXX object CMakeFiles/hello_world_msgs__rosidl_typesupport_connext_c.dir/rosidl_typesupport_connext_cpp/hello_world_msgs/srv/dds_connext/SetMessage_.cxx.o[0m
[ 74%] [32mBuilding CXX object CMakeFiles/hello_world_msgs__rosidl_typesupport_connext_c.dir/rosidl_typesupport_connext_cpp/hello_world_msgs/srv/dds_connext/SetMessage_Plugin.cxx.o[0m
[ 75%] [32mBuilding CXX object CMakeFiles/hello_world_msgs__rosidl_typesupport_connext_c.dir/rosidl_typesupport_connext_cpp/hello_world_msgs/srv/dds_connext/SetMessage_Support.cxx.o[0m
[ 76%] [32mBuilding CXX object CMakeFiles/hello_world_msgs__rosidl_typesupport_connext_c.dir/rosidl_typesupport_connext_cpp/hello_world_msgs/action/dds_connext/Fibonacci_.cxx.o[0m
[ 77%] [32mBuilding CXX object CMakeFiles/hello_world_msgs__rosidl_typesupport_connext_c.dir/rosidl_typesupport_connext_cpp/hello_world_msgs/action/dds_connext/Fibonacci_Plugin.cxx.o[0m
[ 78%] [32mBuilding CXX object CMakeFiles/hello_world_msgs__rosidl_typesupport_connext_c.dir/rosidl_typesupport_connext_cpp/hello_world_msgs/action/dds_connext/Fibonacci_Support.cxx.o[0m
[ 80%] [32m[1mLinking CXX shared library libhello_world_msgs__rosidl_typesupport_opensplice_c.so[0m
[ 82%] Built target hello_world_msgs__rosidl_typesupport_opensplice_c
[ 83%] [32m[1mLinking CXX shared library libhello_world_msgs__rosidl_typesupport_connext_c.so[0m
[ 85%] Built target hello_world_msgs__rosidl_typesupport_connext_c
[35m[1mScanning dependencies of target hello_world_msgs[0m
[ 85%] Built target hello_world_msgs
[35m[1mScanning dependencies of target hello_world_msgs__py[0m
[ 86%] [34m[1mGenerating Python code for ROS interfaces[0m
[ 86%] Built target hello_world_msgs__py
[35m[1mScanning dependencies of target hello_world_msgs__python[0m
[ 88%] [32mBuilding C object CMakeFiles/hello_world_msgs__python.dir/rosidl_generator_py/hello_world_msgs/srv/_set_message_s.c.o[0m
[ 88%] [32mBuilding C object CMakeFiles/hello_world_msgs__python.dir/rosidl_generator_py/hello_world_msgs/action/_fibonacci_s.c.o[0m
[ 89%] [32m[1mLinking C shared library rosidl_generator_py/hello_world_msgs/libhello_world_msgs__python.so[0m
[ 89%] Built target hello_world_msgs__python
[35m[1mScanning dependencies of target hello_world_msgs__rosidl_typesupport_opensplice_c__pyext[0m
[35m[1mScanning dependencies of target hello_world_msgs__rosidl_typesupport_introspection_c__pyext[0m
[35m[1mScanning dependencies of target hello_world_msgs__rosidl_typesupport_c__pyext[0m
[ 90%] [32mBuilding C object CMakeFiles/hello_world_msgs__rosidl_typesupport_opensplice_c__pyext.dir/rosidl_generator_py/hello_world_msgs/_hello_world_msgs_s.ep.rosidl_typesupport_opensplice_c.c.o[0m
[ 91%] [32mBuilding C object CMakeFiles/hello_world_msgs__rosidl_typesupport_c__pyext.dir/rosidl_generator_py/hello_world_msgs/_hello_world_msgs_s.ep.rosidl_typesupport_c.c.o[0m
[ 92%] [32mBuilding C object CMakeFiles/hello_world_msgs__rosidl_typesupport_introspection_c__pyext.dir/rosidl_generator_py/hello_world_msgs/_hello_world_msgs_s.ep.rosidl_typesupport_introspection_c.c.o[0m
[ 93%] [32m[1mLinking C shared library rosidl_generator_py/hello_world_msgs/hello_world_msgs_s__rosidl_typesupport_c.cpython-36m-x86_64-linux-gnu.so[0m
[ 94%] [32m[1mLinking C shared library rosidl_generator_py/hello_world_msgs/hello_world_msgs_s__rosidl_typesupport_introspection_c.cpython-36m-x86_64-linux-gnu.so[0m
[ 95%] [32m[1mLinking C shared library rosidl_generator_py/hello_world_msgs/hello_world_msgs_s__rosidl_typesupport_opensplice_c.cpython-36m-x86_64-linux-gnu.so[0m
[ 95%] Built target hello_world_msgs__rosidl_typesupport_c__pyext
[35m[1mScanning dependencies of target hello_world_msgs__rosidl_typesupport_connext_c__pyext[0m
[ 96%] [32mBuilding C object CMakeFiles/hello_world_msgs__rosidl_typesupport_connext_c__pyext.dir/rosidl_generator_py/hello_world_msgs/_hello_world_msgs_s.ep.rosidl_typesupport_connext_c.c.o[0m
[ 96%] Built target hello_world_msgs__rosidl_typesupport_introspection_c__pyext
[35m[1mScanning dependencies of target hello_world_msgs__rosidl_typesupport_fastrtps_c__pyext[0m
[ 96%] Built target hello_world_msgs__rosidl_typesupport_opensplice_c__pyext
[ 97%] [32mBuilding C object CMakeFiles/hello_world_msgs__rosidl_typesupport_fastrtps_c__pyext.dir/rosidl_generator_py/hello_world_msgs/_hello_world_msgs_s.ep.rosidl_typesupport_fastrtps_c.c.o[0m
[ 98%] [32m[1mLinking C shared library rosidl_generator_py/hello_world_msgs/hello_world_msgs_s__rosidl_typesupport_connext_c.cpython-36m-x86_64-linux-gnu.so[0m
[100%] [32m[1mLinking C shared library rosidl_generator_py/hello_world_msgs/hello_world_msgs_s__rosidl_typesupport_fastrtps_c.cpython-36m-x86_64-linux-gnu.so[0m
[100%] Built target hello_world_msgs__rosidl_typesupport_fastrtps_c__pyext
[100%] Built target hello_world_msgs__rosidl_typesupport_connext_c__pyext
[  1%] Built target hello_world_msgs__dds_connext_idl
[  3%] Built target hello_world_msgs__cpp
[  3%] Built target hello_world_msgs__dds_opensplice_idl
[  7%] Built target hello_world_msgs__rosidl_generator_c
[ 11%] Built target hello_world_msgs__rosidl_typesupport_introspection_cpp
[ 15%] Built target hello_world_msgs__rosidl_typesupport_cpp
[ 29%] Built target hello_world_msgs__rosidl_typesupport_opensplice_cpp
[ 33%] Built target hello_world_msgs__rosidl_typesupport_fastrtps_cpp
[ 37%] Built target hello_world_msgs__rosidl_typesupport_introspection_c
[ 49%] Built target hello_world_msgs__rosidl_typesupport_connext_cpp
[ 53%] Built target hello_world_msgs__rosidl_typesupport_c
[ 57%] Built target hello_world_msgs__rosidl_typesupport_fastrtps_c
[ 72%] Built target hello_world_msgs__rosidl_typesupport_opensplice_c
[ 85%] Built target hello_world_msgs__rosidl_typesupport_connext_c
[ 85%] Built target hello_world_msgs
[ 86%] Built target hello_world_msgs__py
[ 89%] Built target hello_world_msgs__python
[ 91%] Built target hello_world_msgs__rosidl_typesupport_introspection_c__pyext
[ 93%] Built target hello_world_msgs__rosidl_typesupport_opensplice_c__pyext
[ 97%] Built target hello_world_msgs__rosidl_typesupport_c__pyext
[ 97%] Built target hello_world_msgs__rosidl_typesupport_connext_c__pyext
[100%] Built target hello_world_msgs__rosidl_typesupport_fastrtps_c__pyext
[36mInstall the project...[0m
-- Install configuration: ""
-- Installing: /home/shiozaki/ros2/install/hello_world_msgs/share/ament_index/resource_index/rosidl_interfaces/hello_world_msgs
-- Installing: /home/shiozaki/ros2/install/hello_world_msgs/include/hello_world_msgs
-- Installing: /home/shiozaki/ros2/install/hello_world_msgs/include/hello_world_msgs/action
-- Installing: /home/shiozaki/ros2/install/hello_world_msgs/include/hello_world_msgs/action/fibonacci__traits.hpp
-- Installing: /home/shiozaki/ros2/install/hello_world_msgs/include/hello_world_msgs/action/fibonacci.hpp
-- Installing: /home/shiozaki/ros2/install/hello_world_msgs/include/hello_world_msgs/action/fibonacci__struct.hpp
-- Installing: /home/shiozaki/ros2/install/hello_world_msgs/include/hello_world_msgs/srv
-- Installing: /home/shiozaki/ros2/install/hello_world_msgs/include/hello_world_msgs/srv/set_message__struct.hpp
-- Installing: /home/shiozaki/ros2/install/hello_world_msgs/include/hello_world_msgs/srv/set_message__traits.hpp
-- Installing: /home/shiozaki/ros2/install/hello_world_msgs/include/hello_world_msgs/srv/set_message.hpp
-- Up-to-date: /home/shiozaki/ros2/install/hello_world_msgs/include/hello_world_msgs
-- Up-to-date: /home/shiozaki/ros2/install/hello_world_msgs/include/hello_world_msgs/action
-- Installing: /home/shiozaki/ros2/install/hello_world_msgs/include/hello_world_msgs/action/fibonacci__struct.h
-- Installing: /home/shiozaki/ros2/install/hello_world_msgs/include/hello_world_msgs/action/fibonacci__functions.c
-- Installing: /home/shiozaki/ros2/install/hello_world_msgs/include/hello_world_msgs/action/fibonacci.h
-- Installing: /home/shiozaki/ros2/install/hello_world_msgs/include/hello_world_msgs/action/fibonacci__functions.h
-- Installing: /home/shiozaki/ros2/install/hello_world_msgs/include/hello_world_msgs/action/fibonacci__type_support.h
-- Up-to-date: /home/shiozaki/ros2/install/hello_world_msgs/include/hello_world_msgs/srv
-- Installing: /home/shiozaki/ros2/install/hello_world_msgs/include/hello_world_msgs/srv/set_message__type_support.h
-- Installing: /home/shiozaki/ros2/install/hello_world_msgs/include/hello_world_msgs/srv/set_message__functions.h
-- Installing: /home/shiozaki/ros2/install/hello_world_msgs/include/hello_world_msgs/srv/set_message__struct.h
-- Installing: /home/shiozaki/ros2/install/hello_world_msgs/include/hello_world_msgs/srv/set_message__functions.c
-- Installing: /home/shiozaki/ros2/install/hello_world_msgs/include/hello_world_msgs/srv/set_message.h
-- Installing: /home/shiozaki/ros2/install/hello_world_msgs/include/hello_world_msgs/msg
-- Installing: /home/shiozaki/ros2/install/hello_world_msgs/include/hello_world_msgs/msg/rosidl_generator_c__visibility_control.h
-- Installing: /home/shiozaki/ros2/install/hello_world_msgs/share/hello_world_msgs/environment/library_path.sh
-- Installing: /home/shiozaki/ros2/install/hello_world_msgs/lib/libhello_world_msgs__rosidl_generator_c.so
-- Set runtime path of "/home/shiozaki/ros2/install/hello_world_msgs/lib/libhello_world_msgs__rosidl_generator_c.so" to ""
-- Installing: /home/shiozaki/ros2/install/hello_world_msgs/lib/libhello_world_msgs__rosidl_typesupport_c.so
-- Set runtime path of "/home/shiozaki/ros2/install/hello_world_msgs/lib/libhello_world_msgs__rosidl_typesupport_c.so" to ""
-- Installing: /home/shiozaki/ros2/install/hello_world_msgs/lib/libhello_world_msgs__rosidl_typesupport_cpp.so
-- Set runtime path of "/home/shiozaki/ros2/install/hello_world_msgs/lib/libhello_world_msgs__rosidl_typesupport_cpp.so" to ""
-- Up-to-date: /home/shiozaki/ros2/install/hello_world_msgs/include/hello_world_msgs
-- Up-to-date: /home/shiozaki/ros2/install/hello_world_msgs/include/hello_world_msgs/action
-- Installing: /home/shiozaki/ros2/install/hello_world_msgs/include/hello_world_msgs/action/fibonacci__rosidl_typesupport_introspection_c.h
-- Installing: /home/shiozaki/ros2/install/hello_world_msgs/include/hello_world_msgs/action/fibonacci__type_support.c
-- Up-to-date: /home/shiozaki/ros2/install/hello_world_msgs/include/hello_world_msgs/srv
-- Installing: /home/shiozaki/ros2/install/hello_world_msgs/include/hello_world_msgs/srv/set_message__type_support.c
-- Installing: /home/shiozaki/ros2/install/hello_world_msgs/include/hello_world_msgs/srv/set_message__rosidl_typesupport_introspection_c.h
-- Up-to-date: /home/shiozaki/ros2/install/hello_world_msgs/include/hello_world_msgs/msg
-- Installing: /home/shiozaki/ros2/install/hello_world_msgs/include/hello_world_msgs/msg/rosidl_typesupport_introspection_c__visibility_control.h
-- Installing: /home/shiozaki/ros2/install/hello_world_msgs/lib/libhello_world_msgs__rosidl_typesupport_introspection_c.so
-- Set runtime path of "/home/shiozaki/ros2/install/hello_world_msgs/lib/libhello_world_msgs__rosidl_typesupport_introspection_c.so" to ""
-- Up-to-date: /home/shiozaki/ros2/install/hello_world_msgs/include/hello_world_msgs
-- Up-to-date: /home/shiozaki/ros2/install/hello_world_msgs/include/hello_world_msgs/action
-- Installing: /home/shiozaki/ros2/install/hello_world_msgs/include/hello_world_msgs/action/fibonacci__rosidl_typesupport_introspection_cpp.hpp
-- Installing: /home/shiozaki/ros2/install/hello_world_msgs/include/hello_world_msgs/action/fibonacci__type_support.cpp
-- Up-to-date: /home/shiozaki/ros2/install/hello_world_msgs/include/hello_world_msgs/srv
-- Installing: /home/shiozaki/ros2/install/hello_world_msgs/include/hello_world_msgs/srv/set_message__rosidl_typesupport_introspection_cpp.hpp
-- Installing: /home/shiozaki/ros2/install/hello_world_msgs/include/hello_world_msgs/srv/set_message__type_support.cpp
-- Installing: /home/shiozaki/ros2/install/hello_world_msgs/lib/libhello_world_msgs__rosidl_typesupport_introspection_cpp.so
-- Set runtime path of "/home/shiozaki/ros2/install/hello_world_msgs/lib/libhello_world_msgs__rosidl_typesupport_introspection_cpp.so" to ""
-- Up-to-date: /home/shiozaki/ros2/install/hello_world_msgs/include/hello_world_msgs
-- Up-to-date: /home/shiozaki/ros2/install/hello_world_msgs/include/hello_world_msgs/action
-- Installing: /home/shiozaki/ros2/install/hello_world_msgs/include/hello_world_msgs/action/dds_connext
-- Installing: /home/shiozaki/ros2/install/hello_world_msgs/include/hello_world_msgs/action/fibonacci__rosidl_typesupport_connext_c.h
-- Up-to-date: /home/shiozaki/ros2/install/hello_world_msgs/include/hello_world_msgs/srv
-- Installing: /home/shiozaki/ros2/install/hello_world_msgs/include/hello_world_msgs/srv/set_message__rosidl_typesupport_connext_c.h
-- Installing: /home/shiozaki/ros2/install/hello_world_msgs/include/hello_world_msgs/srv/dds_connext
-- Up-to-date: /home/shiozaki/ros2/install/hello_world_msgs/include/hello_world_msgs/msg
-- Installing: /home/shiozaki/ros2/install/hello_world_msgs/include/hello_world_msgs/msg/rosidl_typesupport_connext_c__visibility_control.h
-- Installing: /home/shiozaki/ros2/install/hello_world_msgs/lib/libhello_world_msgs__rosidl_typesupport_connext_c.so
-- Set runtime path of "/home/shiozaki/ros2/install/hello_world_msgs/lib/libhello_world_msgs__rosidl_typesupport_connext_c.so" to ""
-- Installing: /home/shiozaki/ros2/install/hello_world_msgs/share/hello_world_msgs/srv/dds_connext
-- Installing: /home/shiozaki/ros2/install/hello_world_msgs/share/hello_world_msgs/srv/dds_connext/SetMessage_.idl
-- Installing: /home/shiozaki/ros2/install/hello_world_msgs/share/hello_world_msgs/action/dds_connext
-- Installing: /home/shiozaki/ros2/install/hello_world_msgs/share/hello_world_msgs/action/dds_connext/Fibonacci_.idl
-- Up-to-date: /home/shiozaki/ros2/install/hello_world_msgs/include/hello_world_msgs
-- Up-to-date: /home/shiozaki/ros2/install/hello_world_msgs/include/hello_world_msgs/action
-- Up-to-date: /home/shiozaki/ros2/install/hello_world_msgs/include/hello_world_msgs/action/dds_connext
-- Installing: /home/shiozaki/ros2/install/hello_world_msgs/include/hello_world_msgs/action/dds_connext/Fibonacci_Support.cxx
-- Installing: /home/shiozaki/ros2/install/hello_world_msgs/include/hello_world_msgs/action/dds_connext/Fibonacci_Plugin.h
-- Installing: /home/shiozaki/ros2/install/hello_world_msgs/include/hello_world_msgs/action/dds_connext/Fibonacci_.h
-- Installing: /home/shiozaki/ros2/install/hello_world_msgs/include/hello_world_msgs/action/dds_connext/Fibonacci_.cxx
-- Installing: /home/shiozaki/ros2/install/hello_world_msgs/include/hello_world_msgs/action/dds_connext/Fibonacci_Support.h
-- Installing: /home/shiozaki/ros2/install/hello_world_msgs/include/hello_world_msgs/action/dds_connext/Fibonacci_Plugin.cxx
-- Installing: /home/shiozaki/ros2/install/hello_world_msgs/include/hello_world_msgs/action/fibonacci__rosidl_typesupport_connext_cpp.hpp
-- Up-to-date: /home/shiozaki/ros2/install/hello_world_msgs/include/hello_world_msgs/srv
-- Up-to-date: /home/shiozaki/ros2/install/hello_world_msgs/include/hello_world_msgs/srv/dds_connext
-- Installing: /home/shiozaki/ros2/install/hello_world_msgs/include/hello_world_msgs/srv/dds_connext/SetMessage_.cxx
-- Installing: /home/shiozaki/ros2/install/hello_world_msgs/include/hello_world_msgs/srv/dds_connext/SetMessage_Support.h
-- Installing: /home/shiozaki/ros2/install/hello_world_msgs/include/hello_world_msgs/srv/dds_connext/SetMessage_Plugin.cxx
-- Installing: /home/shiozaki/ros2/install/hello_world_msgs/include/hello_world_msgs/srv/dds_connext/SetMessage_Support.cxx
-- Installing: /home/shiozaki/ros2/install/hello_world_msgs/include/hello_world_msgs/srv/dds_connext/SetMessage_Plugin.h
-- Installing: /home/shiozaki/ros2/install/hello_world_msgs/include/hello_world_msgs/srv/dds_connext/SetMessage_.h
-- Installing: /home/shiozaki/ros2/install/hello_world_msgs/include/hello_world_msgs/srv/set_message__rosidl_typesupport_connext_cpp.hpp
-- Up-to-date: /home/shiozaki/ros2/install/hello_world_msgs/include/hello_world_msgs/msg
-- Installing: /home/shiozaki/ros2/install/hello_world_msgs/include/hello_world_msgs/msg/rosidl_typesupport_connext_cpp__visibility_control.h
-- Installing: /home/shiozaki/ros2/install/hello_world_msgs/lib/libhello_world_msgs__rosidl_typesupport_connext_cpp.so
-- Set runtime path of "/home/shiozaki/ros2/install/hello_world_msgs/lib/libhello_world_msgs__rosidl_typesupport_connext_cpp.so" to ""
-- Up-to-date: /home/shiozaki/ros2/install/hello_world_msgs/include/hello_world_msgs
-- Up-to-date: /home/shiozaki/ros2/install/hello_world_msgs/include/hello_world_msgs/action
-- Installing: /home/shiozaki/ros2/install/hello_world_msgs/include/hello_world_msgs/action/fibonacci__rosidl_typesupport_fastrtps_c.h
-- Up-to-date: /home/shiozaki/ros2/install/hello_world_msgs/include/hello_world_msgs/srv
-- Installing: /home/shiozaki/ros2/install/hello_world_msgs/include/hello_world_msgs/srv/set_message__rosidl_typesupport_fastrtps_c.h
-- Up-to-date: /home/shiozaki/ros2/install/hello_world_msgs/include/hello_world_msgs/msg
-- Installing: /home/shiozaki/ros2/install/hello_world_msgs/include/hello_world_msgs/msg/rosidl_typesupport_fastrtps_c__visibility_control.h
-- Installing: /home/shiozaki/ros2/install/hello_world_msgs/lib/libhello_world_msgs__rosidl_typesupport_fastrtps_c.so
-- Set runtime path of "/home/shiozaki/ros2/install/hello_world_msgs/lib/libhello_world_msgs__rosidl_typesupport_fastrtps_c.so" to ""
-- Up-to-date: /home/shiozaki/ros2/install/hello_world_msgs/include/hello_world_msgs
-- Up-to-date: /home/shiozaki/ros2/install/hello_world_msgs/include/hello_world_msgs/action
-- Installing: /home/shiozaki/ros2/install/hello_world_msgs/include/hello_world_msgs/action/dds_fastrtps
-- Installing: /home/shiozaki/ros2/install/hello_world_msgs/include/hello_world_msgs/action/fibonacci__rosidl_typesupport_fastrtps_cpp.hpp
-- Up-to-date: /home/shiozaki/ros2/install/hello_world_msgs/include/hello_world_msgs/srv
-- Installing: /home/shiozaki/ros2/install/hello_world_msgs/include/hello_world_msgs/srv/set_message__rosidl_typesupport_fastrtps_cpp.hpp
-- Installing: /home/shiozaki/ros2/install/hello_world_msgs/include/hello_world_msgs/srv/dds_fastrtps
-- Up-to-date: /home/shiozaki/ros2/install/hello_world_msgs/include/hello_world_msgs/msg
-- Installing: /home/shiozaki/ros2/install/hello_world_msgs/include/hello_world_msgs/msg/rosidl_typesupport_fastrtps_cpp__visibility_control.h
-- Installing: /home/shiozaki/ros2/install/hello_world_msgs/lib/libhello_world_msgs__rosidl_typesupport_fastrtps_cpp.so
-- Set runtime path of "/home/shiozaki/ros2/install/hello_world_msgs/lib/libhello_world_msgs__rosidl_typesupport_fastrtps_cpp.so" to ""
-- Up-to-date: /home/shiozaki/ros2/install/hello_world_msgs/include/hello_world_msgs
-- Up-to-date: /home/shiozaki/ros2/install/hello_world_msgs/include/hello_world_msgs/action
-- Installing: /home/shiozaki/ros2/install/hello_world_msgs/include/hello_world_msgs/action/dds_opensplice_c
-- Installing: /home/shiozaki/ros2/install/hello_world_msgs/include/hello_world_msgs/action/fibonacci__rosidl_typesupport_opensplice_c.h
-- Up-to-date: /home/shiozaki/ros2/install/hello_world_msgs/include/hello_world_msgs/srv
-- Installing: /home/shiozaki/ros2/install/hello_world_msgs/include/hello_world_msgs/srv/dds_opensplice_c
-- Installing: /home/shiozaki/ros2/install/hello_world_msgs/include/hello_world_msgs/srv/set_message__rosidl_typesupport_opensplice_c.h
-- Up-to-date: /home/shiozaki/ros2/install/hello_world_msgs/include/hello_world_msgs/msg
-- Installing: /home/shiozaki/ros2/install/hello_world_msgs/include/hello_world_msgs/msg/rosidl_typesupport_opensplice_c__visibility_control.h
-- Installing: /home/shiozaki/ros2/install/hello_world_msgs/lib/libhello_world_msgs__rosidl_typesupport_opensplice_c.so
-- Set runtime path of "/home/shiozaki/ros2/install/hello_world_msgs/lib/libhello_world_msgs__rosidl_typesupport_opensplice_c.so" to ""
-- Installing: /home/shiozaki/ros2/install/hello_world_msgs/share/hello_world_msgs/srv/dds_opensplice
-- Installing: /home/shiozaki/ros2/install/hello_world_msgs/share/hello_world_msgs/srv/dds_opensplice/SetMessage_.idl
-- Installing: /home/shiozaki/ros2/install/hello_world_msgs/share/hello_world_msgs/action/dds_opensplice
-- Installing: /home/shiozaki/ros2/install/hello_world_msgs/share/hello_world_msgs/action/dds_opensplice/Fibonacci_.idl
-- Up-to-date: /home/shiozaki/ros2/install/hello_world_msgs/include/hello_world_msgs
-- Up-to-date: /home/shiozaki/ros2/install/hello_world_msgs/include/hello_world_msgs/action
-- Installing: /home/shiozaki/ros2/install/hello_world_msgs/include/hello_world_msgs/action/fibonacci__rosidl_typesupport_opensplice_cpp.hpp
-- Installing: /home/shiozaki/ros2/install/hello_world_msgs/include/hello_world_msgs/action/dds_opensplice
-- Installing: /home/shiozaki/ros2/install/hello_world_msgs/include/hello_world_msgs/action/dds_opensplice/ccpp_Fibonacci_.h
-- Installing: /home/shiozaki/ros2/install/hello_world_msgs/include/hello_world_msgs/action/dds_opensplice/Fibonacci_SplDcps.h
-- Installing: /home/shiozaki/ros2/install/hello_world_msgs/include/hello_world_msgs/action/dds_opensplice/Fibonacci_.h
-- Installing: /home/shiozaki/ros2/install/hello_world_msgs/include/hello_world_msgs/action/dds_opensplice/Fibonacci_Dcps_impl.h
-- Installing: /home/shiozaki/ros2/install/hello_world_msgs/include/hello_world_msgs/action/dds_opensplice/Fibonacci_Dcps.h
-- Up-to-date: /home/shiozaki/ros2/install/hello_world_msgs/include/hello_world_msgs/srv
-- Installing: /home/shiozaki/ros2/install/hello_world_msgs/include/hello_world_msgs/srv/set_message__rosidl_typesupport_opensplice_cpp.hpp
-- Installing: /home/shiozaki/ros2/install/hello_world_msgs/include/hello_world_msgs/srv/dds_opensplice
-- Installing: /home/shiozaki/ros2/install/hello_world_msgs/include/hello_world_msgs/srv/dds_opensplice/SetMessage_Dcps.h
-- Installing: /home/shiozaki/ros2/install/hello_world_msgs/include/hello_world_msgs/srv/dds_opensplice/ccpp_SetMessage_.h
-- Installing: /home/shiozaki/ros2/install/hello_world_msgs/include/hello_world_msgs/srv/dds_opensplice/SetMessage_Dcps_impl.h
-- Installing: /home/shiozaki/ros2/install/hello_world_msgs/include/hello_world_msgs/srv/dds_opensplice/SetMessage_.h
-- Installing: /home/shiozaki/ros2/install/hello_world_msgs/include/hello_world_msgs/srv/dds_opensplice/SetMessage_SplDcps.h
-- Up-to-date: /home/shiozaki/ros2/install/hello_world_msgs/include/hello_world_msgs/msg
-- Installing: /home/shiozaki/ros2/install/hello_world_msgs/include/hello_world_msgs/msg/rosidl_typesupport_opensplice_cpp__visibility_control.h
-- Installing: /home/shiozaki/ros2/install/hello_world_msgs/lib/libhello_world_msgs__rosidl_typesupport_opensplice_cpp.so
-- Set runtime path of "/home/shiozaki/ros2/install/hello_world_msgs/lib/libhello_world_msgs__rosidl_typesupport_opensplice_cpp.so" to ""
-- Installing: /home/shiozaki/ros2/install/hello_world_msgs/share/hello_world_msgs/environment/pythonpath.sh
-- Installing: /home/shiozaki/ros2/install/hello_world_msgs/lib/python3.6/site-packages/hello_world_msgs/__init__.py
Compiling '/home/shiozaki/ros2/install/hello_world_msgs/lib/python3.6/site-packages/hello_world_msgs/__init__.py'...
-- Installing: /home/shiozaki/ros2/install/hello_world_msgs/lib/python3.6/site-packages/hello_world_msgs/srv
-- Installing: /home/shiozaki/ros2/install/hello_world_msgs/lib/python3.6/site-packages/hello_world_msgs/srv/_set_message_s.c
-- Installing: /home/shiozaki/ros2/install/hello_world_msgs/lib/python3.6/site-packages/hello_world_msgs/srv/_set_message.py
-- Installing: /home/shiozaki/ros2/install/hello_world_msgs/lib/python3.6/site-packages/hello_world_msgs/srv/__init__.py
-- Installing: /home/shiozaki/ros2/install/hello_world_msgs/lib/python3.6/site-packages/hello_world_msgs/action
-- Installing: /home/shiozaki/ros2/install/hello_world_msgs/lib/python3.6/site-packages/hello_world_msgs/action/_fibonacci.py
-- Installing: /home/shiozaki/ros2/install/hello_world_msgs/lib/python3.6/site-packages/hello_world_msgs/action/__init__.py
-- Installing: /home/shiozaki/ros2/install/hello_world_msgs/lib/python3.6/site-packages/hello_world_msgs/action/_fibonacci_s.c
-- Installing: /home/shiozaki/ros2/install/hello_world_msgs/lib/python3.6/site-packages/hello_world_msgs/hello_world_msgs_s__rosidl_typesupport_c.cpython-36m-x86_64-linux-gnu.so
-- Set runtime path of "/home/shiozaki/ros2/install/hello_world_msgs/lib/python3.6/site-packages/hello_world_msgs/hello_world_msgs_s__rosidl_typesupport_c.cpython-36m-x86_64-linux-gnu.so" to ""
-- Installing: /home/shiozaki/ros2/install/hello_world_msgs/lib/python3.6/site-packages/hello_world_msgs/hello_world_msgs_s__rosidl_typesupport_connext_c.cpython-36m-x86_64-linux-gnu.so
-- Set runtime path of "/home/shiozaki/ros2/install/hello_world_msgs/lib/python3.6/site-packages/hello_world_msgs/hello_world_msgs_s__rosidl_typesupport_connext_c.cpython-36m-x86_64-linux-gnu.so" to ""
-- Installing: /home/shiozaki/ros2/install/hello_world_msgs/lib/python3.6/site-packages/hello_world_msgs/hello_world_msgs_s__rosidl_typesupport_introspection_c.cpython-36m-x86_64-linux-gnu.so
-- Set runtime path of "/home/shiozaki/ros2/install/hello_world_msgs/lib/python3.6/site-packages/hello_world_msgs/hello_world_msgs_s__rosidl_typesupport_introspection_c.cpython-36m-x86_64-linux-gnu.so" to ""
-- Installing: /home/shiozaki/ros2/install/hello_world_msgs/lib/python3.6/site-packages/hello_world_msgs/hello_world_msgs_s__rosidl_typesupport_fastrtps_c.cpython-36m-x86_64-linux-gnu.so
-- Set runtime path of "/home/shiozaki/ros2/install/hello_world_msgs/lib/python3.6/site-packages/hello_world_msgs/hello_world_msgs_s__rosidl_typesupport_fastrtps_c.cpython-36m-x86_64-linux-gnu.so" to ""
-- Installing: /home/shiozaki/ros2/install/hello_world_msgs/lib/python3.6/site-packages/hello_world_msgs/hello_world_msgs_s__rosidl_typesupport_opensplice_c.cpython-36m-x86_64-linux-gnu.so
-- Set runtime path of "/home/shiozaki/ros2/install/hello_world_msgs/lib/python3.6/site-packages/hello_world_msgs/hello_world_msgs_s__rosidl_typesupport_opensplice_c.cpython-36m-x86_64-linux-gnu.so" to ""
-- Installing: /home/shiozaki/ros2/install/hello_world_msgs/lib/libhello_world_msgs__python.so
-- Set runtime path of "/home/shiozaki/ros2/install/hello_world_msgs/lib/libhello_world_msgs__python.so" to ""
-- Installing: /home/shiozaki/ros2/install/hello_world_msgs/share/hello_world_msgs/srv/SetMessage.idl
-- Installing: /home/shiozaki/ros2/install/hello_world_msgs/share/hello_world_msgs/action/Fibonacci.idl
-- Installing: /home/shiozaki/ros2/install/hello_world_msgs/share/hello_world_msgs/srv/SetMessage.srv
-- Installing: /home/shiozaki/ros2/install/hello_world_msgs/share/hello_world_msgs/srv/SetMessage_Request.msg
-- Installing: /home/shiozaki/ros2/install/hello_world_msgs/share/hello_world_msgs/srv/SetMessage_Response.msg
-- Installing: /home/shiozaki/ros2/install/hello_world_msgs/share/hello_world_msgs/action/Fibonacci.action
-- Installing: /home/shiozaki/ros2/install/hello_world_msgs/share/ament_index/resource_index/package_run_dependencies/hello_world_msgs
-- Installing: /home/shiozaki/ros2/install/hello_world_msgs/share/ament_index/resource_index/parent_prefix_path/hello_world_msgs
-- Installing: /home/shiozaki/ros2/install/hello_world_msgs/share/hello_world_msgs/environment/ament_prefix_path.sh
-- Installing: /home/shiozaki/ros2/install/hello_world_msgs/share/hello_world_msgs/environment/path.sh
-- Installing: /home/shiozaki/ros2/install/hello_world_msgs/share/hello_world_msgs/local_setup.bash
-- Installing: /home/shiozaki/ros2/install/hello_world_msgs/share/hello_world_msgs/local_setup.sh
-- Installing: /home/shiozaki/ros2/install/hello_world_msgs/share/hello_world_msgs/local_setup.zsh
-- Installing: /home/shiozaki/ros2/install/hello_world_msgs/share/ament_index/resource_index/packages/hello_world_msgs
-- Installing: /home/shiozaki/ros2/install/hello_world_msgs/share/hello_world_msgs/cmake/rosidl_cmake-extras.cmake
-- Installing: /home/shiozaki/ros2/install/hello_world_msgs/share/hello_world_msgs/cmake/ament_cmake_export_dependencies-extras.cmake
-- Installing: /home/shiozaki/ros2/install/hello_world_msgs/share/hello_world_msgs/cmake/ament_cmake_export_include_directories-extras.cmake
-- Installing: /home/shiozaki/ros2/install/hello_world_msgs/share/hello_world_msgs/cmake/ament_cmake_export_libraries-extras.cmake
-- Installing: /home/shiozaki/ros2/install/hello_world_msgs/share/hello_world_msgs/cmake/rosidl_cmake_export_typesupport_libraries-extras.cmake
-- Installing: /home/shiozaki/ros2/install/hello_world_msgs/share/hello_world_msgs/cmake/hello_world_msgsConfig.cmake
-- Installing: /home/shiozaki/ros2/install/hello_world_msgs/share/hello_world_msgs/cmake/hello_world_msgsConfig-version.cmake
-- Installing: /home/shiozaki/ros2/install/hello_world_msgs/share/hello_world_msgs/package.xml
