[0.061s] Invoking command in '/home/shiozaki/ros2/build/hello_world_msgs': CMAKE_PREFIX_PATH=/opt/ros/dashing /usr/bin/cmake /home/shiozaki/ros2/src/hello_world_msgs -DCMAKE_INSTALL_PREFIX=/home/shiozaki/ros2/install/hello_world_msgs
[0.954s] -- The C compiler identification is GNU 7.5.0
[0.954s] -- The CXX compiler identification is GNU 7.5.0
[0.954s] -- Check for working C compiler: /usr/bin/cc
[0.955s] -- Check for working C compiler: /usr/bin/cc -- works
[0.955s] -- Detecting C compiler ABI info
[0.955s] -- Detecting C compiler ABI info - done
[0.956s] -- Detecting C compile features
[0.956s] -- Detecting C compile features - done
[0.957s] -- Check for working CXX compiler: /usr/bin/c++
[0.957s] -- Check for working CXX compiler: /usr/bin/c++ -- works
[0.958s] -- Detecting CXX compiler ABI info
[1.110s] -- Detecting CXX compiler ABI info - done
[1.120s] -- Detecting CXX compile features
[1.695s] -- Detecting CXX compile features - done
[1.699s] -- Found ament_cmake: 0.7.4 (/opt/ros/dashing/share/ament_cmake/cmake)
[1.746s] -- Found PythonInterp: /usr/bin/python3 (found suitable version "3.6.9", minimum required is "3") 
[1.746s] -- Using PYTHON_EXECUTABLE: /usr/bin/python3
[2.032s] -- Found std_msgs: 0.7.0 (/opt/ros/dashing/share/std_msgs/cmake)
[2.051s] -- Found rosidl_adapter: 0.7.9 (/opt/ros/dashing/share/rosidl_adapter/cmake)
[2.114s] -- Found action_msgs: 0.7.4 (/opt/ros/dashing/share/action_msgs/cmake)
[2.130s] -- Found rosidl_default_generators: 0.7.0 (/opt/ros/dashing/share/rosidl_default_generators/cmake)
[2.138s] -- Found RTI Connext: /opt/rti.com/rti_connext_dds-5.3.1
[3.409s] -- Found OpenSSL: /usr/lib/x86_64-linux-gnu/libcrypto.so (found version "1.1.1") 
[3.441s] -- Found FastRTPS: /opt/ros/dashing/include  
[3.529s] -- Found PrismTech OpenSplice: /usr/share/opensplice/cmake
[3.618s] -- Found PythonInterp: /usr/bin/python3 (found version "3.6.9") 
[4.063s] -- Using all available rosidl_typesupport_c: rosidl_typesupport_connext_c;rosidl_typesupport_fastrtps_c;rosidl_typesupport_introspection_c;rosidl_typesupport_opensplice_c
[4.133s] -- Using all available rosidl_typesupport_cpp: rosidl_typesupport_connext_cpp;rosidl_typesupport_fastrtps_cpp;rosidl_typesupport_introspection_cpp;rosidl_typesupport_opensplice_cpp
[5.346s] -- Found rmw_implementation_cmake: 0.7.2 (/opt/ros/dashing/share/rmw_implementation_cmake/cmake)
[5.428s] -- Found PythonInterp: /usr/bin/python3 (found suitable version "3.6.9", minimum required is "3.5") 
[5.430s] -- Found python_cmake_module: 0.7.10 (/opt/ros/dashing/share/python_cmake_module/cmake)
[5.539s] -- Found PythonLibs: /usr/lib/x86_64-linux-gnu/libpython3.6m.so (found suitable version "3.6.9", minimum required is "3.5") 
[5.539s] -- Using PYTHON_EXECUTABLE: /usr/bin/python3
[5.540s] -- Using PYTHON_INCLUDE_DIRS: /usr/include/python3.6m
[5.540s] -- Using PYTHON_LIBRARIES: /usr/lib/x86_64-linux-gnu/libpython3.6m.so
[5.643s] -- Found PythonExtra: .so  
[6.416s] -- Configuring done
[7.447s] -- Generating done
[7.471s] -- Build files have been written to: /home/shiozaki/ros2/build/hello_world_msgs
[7.500s] Invoked command in '/home/shiozaki/ros2/build/hello_world_msgs' returned '0': CMAKE_PREFIX_PATH=/opt/ros/dashing /usr/bin/cmake /home/shiozaki/ros2/src/hello_world_msgs -DCMAKE_INSTALL_PREFIX=/home/shiozaki/ros2/install/hello_world_msgs
[7.504s] Invoking command in '/home/shiozaki/ros2/build/hello_world_msgs': CMAKE_PREFIX_PATH=/opt/ros/dashing /usr/bin/cmake --build /home/shiozaki/ros2/build/hello_world_msgs -- -j4 -l4
[7.738s] [  1%] [34m[1mGenerating C code for ROS interfaces[0m
[7.746s] [35m[1mScanning dependencies of target hello_world_msgs__cpp[0m
[7.754s] [35m[1mScanning dependencies of target hello_world_msgs__dds_opensplice_idl[0m
[7.778s] [35m[1mScanning dependencies of target hello_world_msgs__dds_connext_idl[0m
[7.805s] [  2%] [34m[1mGenerating DDS interfaces[0m
[7.826s] [  3%] [34m[1mGenerating C++ code for ROS interfaces[0m
[7.882s] [  4%] [34m[1mGenerating DDS interfaces[0m
[9.260s] [  4%] Built target hello_world_msgs__dds_connext_idl
[9.386s] [  4%] Built target hello_world_msgs__dds_opensplice_idl
[10.018s] [  4%] Built target hello_world_msgs__cpp
[10.085s] [  5%] [34m[1mGenerating C++ type support for PrismTech OpenSplice[0m
[10.106s] [  6%] [34m[1mGenerating C++ type support dispatch for ROS interfaces[0m
[10.106s] [  7%] [34m[1mGenerating C++ introspection for ROS interfaces[0m
[10.586s] [35m[1mScanning dependencies of target hello_world_msgs__rosidl_generator_c[0m
[10.680s] [  8%] [32mBuilding C object CMakeFiles/hello_world_msgs__rosidl_generator_c.dir/rosidl_generator_c/hello_world_msgs/srv/set_message__functions.c.o[0m
[10.896s] [  9%] [32mBuilding C object CMakeFiles/hello_world_msgs__rosidl_generator_c.dir/rosidl_generator_c/hello_world_msgs/action/fibonacci__functions.c.o[0m
[11.230s] [ 10%] [32m[1mLinking C shared library libhello_world_msgs__rosidl_generator_c.so[0m
[11.484s] [ 10%] Built target hello_world_msgs__rosidl_generator_c
[11.516s] [ 11%] [34m[1mGenerating C++ type support for RTI Connext (using '/opt/rti.com/rti_connext_dds-5.3.1/bin/rtiddsgen_server')[0m
[11.773s] [35m[1mScanning dependencies of target hello_world_msgs__rosidl_typesupport_cpp[0m
[11.792s] [35m[1mScanning dependencies of target hello_world_msgs__rosidl_typesupport_introspection_cpp[0m
[11.822s] [ 12%] [32mBuilding CXX object CMakeFiles/hello_world_msgs__rosidl_typesupport_cpp.dir/rosidl_typesupport_cpp/hello_world_msgs/srv/set_message__type_support.cpp.o[0m
[11.859s] [ 13%] [32mBuilding CXX object CMakeFiles/hello_world_msgs__rosidl_typesupport_introspection_cpp.dir/rosidl_typesupport_introspection_cpp/hello_world_msgs/srv/set_message__type_support.cpp.o[0m
[12.386s] [ 14%] [32mBuilding CXX object CMakeFiles/hello_world_msgs__rosidl_typesupport_cpp.dir/rosidl_typesupport_cpp/hello_world_msgs/action/fibonacci__type_support.cpp.o[0m
[12.386s] [ 15%] [32mBuilding CXX object CMakeFiles/hello_world_msgs__rosidl_typesupport_introspection_cpp.dir/rosidl_typesupport_introspection_cpp/hello_world_msgs/action/fibonacci__type_support.cpp.o[0m
[12.972s] [ 16%] [32m[1mLinking CXX shared library libhello_world_msgs__rosidl_typesupport_cpp.so[0m
[12.992s] [ 17%] [32m[1mLinking CXX shared library libhello_world_msgs__rosidl_typesupport_introspection_cpp.so[0m
[13.252s] [35m[1mScanning dependencies of target hello_world_msgs__rosidl_typesupport_opensplice_cpp[0m
[13.290s] [ 17%] Built target hello_world_msgs__rosidl_typesupport_cpp
[13.362s] [ 18%] [34m[1mGenerating C++ type support for eProsima Fast-RTPS[0m
[13.481s] [ 18%] Built target hello_world_msgs__rosidl_typesupport_introspection_cpp
[13.547s] [ 20%] [34m[1mGenerating C introspection for ROS interfaces[0m
[13.666s] [ 21%] [32mBuilding CXX object CMakeFiles/hello_world_msgs__rosidl_typesupport_opensplice_cpp.dir/rosidl_typesupport_opensplice_cpp/hello_world_msgs/srv/dds_opensplice/set_message__type_support.cpp.o[0m
[15.761s] [35m[1mScanning dependencies of target hello_world_msgs__rosidl_typesupport_fastrtps_cpp[0m
[15.907s] [35m[1mScanning dependencies of target hello_world_msgs__rosidl_typesupport_introspection_c[0m
[15.908s] [ 22%] [32mBuilding CXX object CMakeFiles/hello_world_msgs__rosidl_typesupport_fastrtps_cpp.dir/rosidl_typesupport_fastrtps_cpp/hello_world_msgs/srv/dds_fastrtps/set_message__type_support.cpp.o[0m
[15.978s] [ 23%] [32mBuilding C object CMakeFiles/hello_world_msgs__rosidl_typesupport_introspection_c.dir/rosidl_typesupport_introspection_c/hello_world_msgs/srv/set_message__type_support.c.o[0m
[16.166s] [ 24%] [32mBuilding C object CMakeFiles/hello_world_msgs__rosidl_typesupport_introspection_c.dir/rosidl_typesupport_introspection_c/hello_world_msgs/action/fibonacci__type_support.c.o[0m
[16.500s] [ 25%] [32m[1mLinking C shared library libhello_world_msgs__rosidl_typesupport_introspection_c.so[0m
[16.801s] [ 25%] Built target hello_world_msgs__rosidl_typesupport_introspection_c
[16.882s] [ 26%] [32mBuilding CXX object CMakeFiles/hello_world_msgs__rosidl_typesupport_opensplice_cpp.dir/rosidl_typesupport_opensplice_cpp/hello_world_msgs/action/dds_opensplice/fibonacci__type_support.cpp.o[0m
[17.370s] INFO com.rti.ndds.nddsgen.Main Running rtiddsgen version 2.5.2, please wait ...
[17.371s] INFO com.rti.ndds.nddsgen.Main Done
[17.653s] [ 27%] [32mBuilding CXX object CMakeFiles/hello_world_msgs__rosidl_typesupport_fastrtps_cpp.dir/rosidl_typesupport_fastrtps_cpp/hello_world_msgs/action/dds_fastrtps/fibonacci__type_support.cpp.o[0m
[17.728s] [ 28%] [34m[1mGenerating C type support dispatch for ROS interfaces[0m
[19.266s] [ 29%] [32m[1mLinking CXX shared library libhello_world_msgs__rosidl_typesupport_fastrtps_cpp.so[0m
[19.559s] INFO com.rti.ndds.nddsgen.Main Running rtiddsgen version 2.5.2, please wait ...
[19.559s] INFO com.rti.ndds.nddsgen.Main Done
[19.776s] [35m[1mScanning dependencies of target hello_world_msgs__rosidl_typesupport_c[0m
[19.871s] [ 29%] Built target hello_world_msgs__rosidl_typesupport_fastrtps_cpp
[19.875s] [ 30%] [32mBuilding CXX object CMakeFiles/hello_world_msgs__rosidl_typesupport_c.dir/rosidl_typesupport_c/hello_world_msgs/srv/set_message__type_support.cpp.o[0m
[19.942s] [ 31%] [32mBuilding CXX object CMakeFiles/hello_world_msgs__rosidl_typesupport_c.dir/rosidl_typesupport_c/hello_world_msgs/action/fibonacci__type_support.cpp.o[0m
[20.074s] [ 32%] [34m[1mGenerating C type support for eProsima Fast-RTPS[0m
[20.204s] [ 33%] [32m[1mLinking CXX shared library libhello_world_msgs__rosidl_typesupport_c.so[0m
[20.510s] [ 33%] Built target hello_world_msgs__rosidl_typesupport_c
[20.511s] [35m[1mScanning dependencies of target hello_world_msgs__rosidl_typesupport_connext_cpp[0m
[20.582s] [ 34%] [32mBuilding CXX object CMakeFiles/hello_world_msgs__rosidl_typesupport_opensplice_cpp.dir/rosidl_typesupport_opensplice_cpp/hello_world_msgs/srv/dds_opensplice/SetMessage_.cpp.o[0m
[20.862s] [ 35%] [32mBuilding CXX object CMakeFiles/hello_world_msgs__rosidl_typesupport_connext_cpp.dir/rosidl_typesupport_connext_cpp/hello_world_msgs/srv/dds_connext/set_message__type_support.cpp.o[0m
[21.041s] [ 36%] [32mBuilding CXX object CMakeFiles/hello_world_msgs__rosidl_typesupport_connext_cpp.dir/rosidl_typesupport_connext_cpp/hello_world_msgs/action/dds_connext/fibonacci__type_support.cpp.o[0m
[21.875s] [ 37%] [32mBuilding CXX object CMakeFiles/hello_world_msgs__rosidl_typesupport_opensplice_cpp.dir/rosidl_typesupport_opensplice_cpp/hello_world_msgs/srv/dds_opensplice/SetMessage_Dcps.cpp.o[0m
[22.248s] [35m[1mScanning dependencies of target hello_world_msgs__rosidl_typesupport_fastrtps_c[0m
[22.311s] [ 38%] [32mBuilding CXX object CMakeFiles/hello_world_msgs__rosidl_typesupport_fastrtps_c.dir/rosidl_typesupport_fastrtps_c/hello_world_msgs/srv/set_message__type_support_c.cpp.o[0m
[22.719s] [ 40%] [32mBuilding CXX object CMakeFiles/hello_world_msgs__rosidl_typesupport_opensplice_cpp.dir/rosidl_typesupport_opensplice_cpp/hello_world_msgs/srv/dds_opensplice/SetMessage_Dcps_impl.cpp.o[0m
[23.333s] [ 41%] [32mBuilding CXX object CMakeFiles/hello_world_msgs__rosidl_typesupport_opensplice_cpp.dir/rosidl_typesupport_opensplice_cpp/hello_world_msgs/srv/dds_opensplice/SetMessage_SplDcps.cpp.o[0m
[23.346s] [ 42%] [32mBuilding CXX object CMakeFiles/hello_world_msgs__rosidl_typesupport_fastrtps_c.dir/rosidl_typesupport_fastrtps_c/hello_world_msgs/action/fibonacci__type_support_c.cpp.o[0m
[24.038s] [ 43%] [32mBuilding CXX object CMakeFiles/hello_world_msgs__rosidl_typesupport_connext_cpp.dir/rosidl_typesupport_connext_cpp/hello_world_msgs/srv/dds_connext/SetMessage_.cxx.o[0m
[24.346s] [ 44%] [32mBuilding CXX object CMakeFiles/hello_world_msgs__rosidl_typesupport_opensplice_cpp.dir/rosidl_typesupport_opensplice_cpp/hello_world_msgs/action/dds_opensplice/Fibonacci_.cpp.o[0m
[24.410s] [ 45%] [32m[1mLinking CXX shared library libhello_world_msgs__rosidl_typesupport_fastrtps_c.so[0m
[24.435s] [ 46%] [32mBuilding CXX object CMakeFiles/hello_world_msgs__rosidl_typesupport_connext_cpp.dir/rosidl_typesupport_connext_cpp/hello_world_msgs/srv/dds_connext/SetMessage_Plugin.cxx.o[0m
[24.675s] [ 46%] Built target hello_world_msgs__rosidl_typesupport_fastrtps_c
[24.692s] [ 47%] [32mBuilding CXX object CMakeFiles/hello_world_msgs__rosidl_typesupport_opensplice_cpp.dir/rosidl_typesupport_opensplice_cpp/hello_world_msgs/action/dds_opensplice/Fibonacci_Dcps_impl.cpp.o[0m
[24.701s] [ 48%] [32mBuilding CXX object CMakeFiles/hello_world_msgs__rosidl_typesupport_opensplice_cpp.dir/rosidl_typesupport_opensplice_cpp/hello_world_msgs/action/dds_opensplice/Fibonacci_Dcps.cpp.o[0m
[25.699s] [ 49%] [32mBuilding CXX object CMakeFiles/hello_world_msgs__rosidl_typesupport_connext_cpp.dir/rosidl_typesupport_connext_cpp/hello_world_msgs/srv/dds_connext/SetMessage_Support.cxx.o[0m
[25.778s] [ 50%] [32mBuilding CXX object CMakeFiles/hello_world_msgs__rosidl_typesupport_opensplice_cpp.dir/rosidl_typesupport_opensplice_cpp/hello_world_msgs/action/dds_opensplice/Fibonacci_SplDcps.cpp.o[0m
[26.053s] [ 51%] [32mBuilding CXX object CMakeFiles/hello_world_msgs__rosidl_typesupport_connext_cpp.dir/rosidl_typesupport_connext_cpp/hello_world_msgs/action/dds_connext/Fibonacci_.cxx.o[0m
[26.979s] [ 52%] [32mBuilding CXX object CMakeFiles/hello_world_msgs__rosidl_typesupport_connext_cpp.dir/rosidl_typesupport_connext_cpp/hello_world_msgs/action/dds_connext/Fibonacci_Plugin.cxx.o[0m
[27.481s] [ 53%] [32mBuilding CXX object CMakeFiles/hello_world_msgs__rosidl_typesupport_connext_cpp.dir/rosidl_typesupport_connext_cpp/hello_world_msgs/action/dds_connext/Fibonacci_Support.cxx.o[0m
[29.342s] [ 54%] [32m[1mLinking CXX shared library libhello_world_msgs__rosidl_typesupport_opensplice_cpp.so[0m
[30.323s] [ 55%] Built target hello_world_msgs__rosidl_typesupport_opensplice_cpp
[30.348s] [ 56%] [32m[1mLinking CXX shared library libhello_world_msgs__rosidl_typesupport_connext_cpp.so[0m
[30.385s] [ 57%] [34m[1mGenerating C type support for PrismTech OpenSplice[0m
[31.366s] [ 58%] Built target hello_world_msgs__rosidl_typesupport_connext_cpp
[31.389s] [ 60%] [34m[1mGenerating C type support for RTI Connext[0m
[31.629s] [35m[1mScanning dependencies of target hello_world_msgs__rosidl_typesupport_opensplice_c[0m
[31.740s] [ 61%] [32mBuilding CXX object CMakeFiles/hello_world_msgs__rosidl_typesupport_opensplice_c.dir/rosidl_typesupport_opensplice_c/hello_world_msgs/srv/dds_opensplice_c/set_message__type_support_c.cpp.o[0m
[31.740s] [ 62%] [32mBuilding CXX object CMakeFiles/hello_world_msgs__rosidl_typesupport_opensplice_c.dir/rosidl_typesupport_opensplice_cpp/hello_world_msgs/srv/dds_opensplice/SetMessage_.cpp.o[0m
[31.742s] [ 63%] [32mBuilding CXX object CMakeFiles/hello_world_msgs__rosidl_typesupport_opensplice_c.dir/rosidl_typesupport_opensplice_c/hello_world_msgs/action/dds_opensplice_c/fibonacci__type_support_c.cpp.o[0m
[31.922s] [ 64%] [32mBuilding CXX object CMakeFiles/hello_world_msgs__rosidl_typesupport_opensplice_c.dir/rosidl_typesupport_opensplice_cpp/hello_world_msgs/srv/dds_opensplice/SetMessage_Dcps.cpp.o[0m
[32.321s] [ 65%] [32mBuilding CXX object CMakeFiles/hello_world_msgs__rosidl_typesupport_opensplice_c.dir/rosidl_typesupport_opensplice_cpp/hello_world_msgs/srv/dds_opensplice/SetMessage_Dcps_impl.cpp.o[0m
[32.412s] [35m[1mScanning dependencies of target hello_world_msgs__rosidl_typesupport_connext_c[0m
[32.611s] [ 66%] [32mBuilding CXX object CMakeFiles/hello_world_msgs__rosidl_typesupport_connext_c.dir/rosidl_typesupport_connext_c/hello_world_msgs/srv/dds_connext/set_message__type_support_c.cpp.o[0m
[33.463s] [ 67%] [32mBuilding CXX object CMakeFiles/hello_world_msgs__rosidl_typesupport_opensplice_c.dir/rosidl_typesupport_opensplice_cpp/hello_world_msgs/srv/dds_opensplice/SetMessage_SplDcps.cpp.o[0m
[33.487s] [ 68%] [32mBuilding CXX object CMakeFiles/hello_world_msgs__rosidl_typesupport_opensplice_c.dir/rosidl_typesupport_opensplice_cpp/hello_world_msgs/action/dds_opensplice/Fibonacci_.cpp.o[0m
[33.675s] [ 69%] [32mBuilding CXX object CMakeFiles/hello_world_msgs__rosidl_typesupport_opensplice_c.dir/rosidl_typesupport_opensplice_cpp/hello_world_msgs/action/dds_opensplice/Fibonacci_Dcps.cpp.o[0m
[33.890s] [ 70%] [32mBuilding CXX object CMakeFiles/hello_world_msgs__rosidl_typesupport_opensplice_c.dir/rosidl_typesupport_opensplice_cpp/hello_world_msgs/action/dds_opensplice/Fibonacci_Dcps_impl.cpp.o[0m
[33.894s] [ 71%] [32mBuilding CXX object CMakeFiles/hello_world_msgs__rosidl_typesupport_connext_c.dir/rosidl_typesupport_connext_c/hello_world_msgs/action/dds_connext/fibonacci__type_support_c.cpp.o[0m
[34.281s] [ 72%] [32mBuilding CXX object CMakeFiles/hello_world_msgs__rosidl_typesupport_opensplice_c.dir/rosidl_typesupport_opensplice_cpp/hello_world_msgs/action/dds_opensplice/Fibonacci_SplDcps.cpp.o[0m
[34.363s] [ 73%] [32mBuilding CXX object CMakeFiles/hello_world_msgs__rosidl_typesupport_connext_c.dir/rosidl_typesupport_connext_cpp/hello_world_msgs/srv/dds_connext/SetMessage_.cxx.o[0m
[34.995s] [ 74%] [32mBuilding CXX object CMakeFiles/hello_world_msgs__rosidl_typesupport_connext_c.dir/rosidl_typesupport_connext_cpp/hello_world_msgs/srv/dds_connext/SetMessage_Plugin.cxx.o[0m
[35.276s] [ 75%] [32mBuilding CXX object CMakeFiles/hello_world_msgs__rosidl_typesupport_connext_c.dir/rosidl_typesupport_connext_cpp/hello_world_msgs/srv/dds_connext/SetMessage_Support.cxx.o[0m
[35.436s] [ 76%] [32mBuilding CXX object CMakeFiles/hello_world_msgs__rosidl_typesupport_connext_c.dir/rosidl_typesupport_connext_cpp/hello_world_msgs/action/dds_connext/Fibonacci_.cxx.o[0m
[35.831s] [ 77%] [32mBuilding CXX object CMakeFiles/hello_world_msgs__rosidl_typesupport_connext_c.dir/rosidl_typesupport_connext_cpp/hello_world_msgs/action/dds_connext/Fibonacci_Plugin.cxx.o[0m
[36.260s] [ 78%] [32mBuilding CXX object CMakeFiles/hello_world_msgs__rosidl_typesupport_connext_c.dir/rosidl_typesupport_connext_cpp/hello_world_msgs/action/dds_connext/Fibonacci_Support.cxx.o[0m
[36.638s] [ 80%] [32m[1mLinking CXX shared library libhello_world_msgs__rosidl_typesupport_opensplice_c.so[0m
[37.459s] [ 82%] Built target hello_world_msgs__rosidl_typesupport_opensplice_c
[37.820s] [ 83%] [32m[1mLinking CXX shared library libhello_world_msgs__rosidl_typesupport_connext_c.so[0m
[38.730s] [ 85%] Built target hello_world_msgs__rosidl_typesupport_connext_c
[38.751s] [35m[1mScanning dependencies of target hello_world_msgs[0m
[38.765s] [ 85%] Built target hello_world_msgs
[38.778s] [35m[1mScanning dependencies of target hello_world_msgs__py[0m
[38.791s] [ 86%] [34m[1mGenerating Python code for ROS interfaces[0m
[40.255s] [ 86%] Built target hello_world_msgs__py
[40.267s] [35m[1mScanning dependencies of target hello_world_msgs__python[0m
[40.308s] [ 88%] [32mBuilding C object CMakeFiles/hello_world_msgs__python.dir/rosidl_generator_py/hello_world_msgs/srv/_set_message_s.c.o[0m
[40.308s] [ 88%] [32mBuilding C object CMakeFiles/hello_world_msgs__python.dir/rosidl_generator_py/hello_world_msgs/action/_fibonacci_s.c.o[0m
[40.459s] [ 89%] [32m[1mLinking C shared library rosidl_generator_py/hello_world_msgs/libhello_world_msgs__python.so[0m
[40.523s] [ 89%] Built target hello_world_msgs__python
[40.537s] [35m[1mScanning dependencies of target hello_world_msgs__rosidl_typesupport_opensplice_c__pyext[0m
[40.541s] [35m[1mScanning dependencies of target hello_world_msgs__rosidl_typesupport_introspection_c__pyext[0m
[40.545s] [35m[1mScanning dependencies of target hello_world_msgs__rosidl_typesupport_c__pyext[0m
[40.568s] [ 90%] [32mBuilding C object CMakeFiles/hello_world_msgs__rosidl_typesupport_opensplice_c__pyext.dir/rosidl_generator_py/hello_world_msgs/_hello_world_msgs_s.ep.rosidl_typesupport_opensplice_c.c.o[0m
[40.577s] [ 91%] [32mBuilding C object CMakeFiles/hello_world_msgs__rosidl_typesupport_c__pyext.dir/rosidl_generator_py/hello_world_msgs/_hello_world_msgs_s.ep.rosidl_typesupport_c.c.o[0m
[40.577s] [ 92%] [32mBuilding C object CMakeFiles/hello_world_msgs__rosidl_typesupport_introspection_c__pyext.dir/rosidl_generator_py/hello_world_msgs/_hello_world_msgs_s.ep.rosidl_typesupport_introspection_c.c.o[0m
[40.702s] [ 93%] [32m[1mLinking C shared library rosidl_generator_py/hello_world_msgs/hello_world_msgs_s__rosidl_typesupport_c.cpython-36m-x86_64-linux-gnu.so[0m
[40.759s] [ 94%] [32m[1mLinking C shared library rosidl_generator_py/hello_world_msgs/hello_world_msgs_s__rosidl_typesupport_introspection_c.cpython-36m-x86_64-linux-gnu.so[0m
[40.769s] [ 95%] [32m[1mLinking C shared library rosidl_generator_py/hello_world_msgs/hello_world_msgs_s__rosidl_typesupport_opensplice_c.cpython-36m-x86_64-linux-gnu.so[0m
[40.801s] [ 95%] Built target hello_world_msgs__rosidl_typesupport_c__pyext
[40.823s] [35m[1mScanning dependencies of target hello_world_msgs__rosidl_typesupport_connext_c__pyext[0m
[40.864s] [ 96%] [32mBuilding C object CMakeFiles/hello_world_msgs__rosidl_typesupport_connext_c__pyext.dir/rosidl_generator_py/hello_world_msgs/_hello_world_msgs_s.ep.rosidl_typesupport_connext_c.c.o[0m
[40.873s] [ 96%] Built target hello_world_msgs__rosidl_typesupport_introspection_c__pyext
[40.893s] [35m[1mScanning dependencies of target hello_world_msgs__rosidl_typesupport_fastrtps_c__pyext[0m
[40.900s] [ 96%] Built target hello_world_msgs__rosidl_typesupport_opensplice_c__pyext
[40.926s] [ 97%] [32mBuilding C object CMakeFiles/hello_world_msgs__rosidl_typesupport_fastrtps_c__pyext.dir/rosidl_generator_py/hello_world_msgs/_hello_world_msgs_s.ep.rosidl_typesupport_fastrtps_c.c.o[0m
[41.000s] [ 98%] [32m[1mLinking C shared library rosidl_generator_py/hello_world_msgs/hello_world_msgs_s__rosidl_typesupport_connext_c.cpython-36m-x86_64-linux-gnu.so[0m
[41.067s] [100%] [32m[1mLinking C shared library rosidl_generator_py/hello_world_msgs/hello_world_msgs_s__rosidl_typesupport_fastrtps_c.cpython-36m-x86_64-linux-gnu.so[0m
[41.186s] [100%] Built target hello_world_msgs__rosidl_typesupport_fastrtps_c__pyext
[41.439s] [100%] Built target hello_world_msgs__rosidl_typesupport_connext_c__pyext
[41.455s] Invoked command in '/home/shiozaki/ros2/build/hello_world_msgs' returned '0': CMAKE_PREFIX_PATH=/opt/ros/dashing /usr/bin/cmake --build /home/shiozaki/ros2/build/hello_world_msgs -- -j4 -l4
[41.591s] Invoking command in '/home/shiozaki/ros2/build/hello_world_msgs': CMAKE_PREFIX_PATH=/opt/ros/dashing /usr/bin/cmake --build /home/shiozaki/ros2/build/hello_world_msgs --target install -- -j4 -l4
[41.658s] [  1%] Built target hello_world_msgs__dds_connext_idl
[41.666s] [  3%] Built target hello_world_msgs__cpp
[41.666s] [  3%] Built target hello_world_msgs__dds_opensplice_idl
[41.693s] [  7%] Built target hello_world_msgs__rosidl_generator_c
[41.710s] [ 11%] Built target hello_world_msgs__rosidl_typesupport_introspection_cpp
[41.724s] [ 15%] Built target hello_world_msgs__rosidl_typesupport_cpp
[41.744s] [ 29%] Built target hello_world_msgs__rosidl_typesupport_opensplice_cpp
[41.768s] [ 33%] Built target hello_world_msgs__rosidl_typesupport_fastrtps_cpp
[41.779s] [ 37%] Built target hello_world_msgs__rosidl_typesupport_introspection_c
[41.794s] [ 49%] Built target hello_world_msgs__rosidl_typesupport_connext_cpp
[41.811s] [ 53%] Built target hello_world_msgs__rosidl_typesupport_c
[41.819s] [ 57%] Built target hello_world_msgs__rosidl_typesupport_fastrtps_c
[41.877s] [ 72%] Built target hello_world_msgs__rosidl_typesupport_opensplice_c
[41.888s] [ 85%] Built target hello_world_msgs__rosidl_typesupport_connext_c
[41.914s] [ 85%] Built target hello_world_msgs
[41.940s] [ 86%] Built target hello_world_msgs__py
[41.972s] [ 89%] Built target hello_world_msgs__python
[42.004s] [ 91%] Built target hello_world_msgs__rosidl_typesupport_introspection_c__pyext
[42.004s] [ 93%] Built target hello_world_msgs__rosidl_typesupport_opensplice_c__pyext
[42.036s] [ 97%] Built target hello_world_msgs__rosidl_typesupport_c__pyext
[42.036s] [ 97%] Built target hello_world_msgs__rosidl_typesupport_connext_c__pyext
[42.068s] [100%] Built target hello_world_msgs__rosidl_typesupport_fastrtps_c__pyext
[42.092s] [36mInstall the project...[0m
[42.104s] -- Install configuration: ""
[42.104s] -- Installing: /home/shiozaki/ros2/install/hello_world_msgs/share/ament_index/resource_index/rosidl_interfaces/hello_world_msgs
[42.105s] -- Installing: /home/shiozaki/ros2/install/hello_world_msgs/include/hello_world_msgs
[42.105s] -- Installing: /home/shiozaki/ros2/install/hello_world_msgs/include/hello_world_msgs/action
[42.105s] -- Installing: /home/shiozaki/ros2/install/hello_world_msgs/include/hello_world_msgs/action/fibonacci__traits.hpp
[42.105s] -- Installing: /home/shiozaki/ros2/install/hello_world_msgs/include/hello_world_msgs/action/fibonacci.hpp
[42.105s] -- Installing: /home/shiozaki/ros2/install/hello_world_msgs/include/hello_world_msgs/action/fibonacci__struct.hpp
[42.105s] -- Installing: /home/shiozaki/ros2/install/hello_world_msgs/include/hello_world_msgs/srv
[42.105s] -- Installing: /home/shiozaki/ros2/install/hello_world_msgs/include/hello_world_msgs/srv/set_message__struct.hpp
[42.106s] -- Installing: /home/shiozaki/ros2/install/hello_world_msgs/include/hello_world_msgs/srv/set_message__traits.hpp
[42.106s] -- Installing: /home/shiozaki/ros2/install/hello_world_msgs/include/hello_world_msgs/srv/set_message.hpp
[42.106s] -- Up-to-date: /home/shiozaki/ros2/install/hello_world_msgs/include/hello_world_msgs
[42.106s] -- Up-to-date: /home/shiozaki/ros2/install/hello_world_msgs/include/hello_world_msgs/action
[42.106s] -- Installing: /home/shiozaki/ros2/install/hello_world_msgs/include/hello_world_msgs/action/fibonacci__struct.h
[42.106s] -- Installing: /home/shiozaki/ros2/install/hello_world_msgs/include/hello_world_msgs/action/fibonacci__functions.c
[42.106s] -- Installing: /home/shiozaki/ros2/install/hello_world_msgs/include/hello_world_msgs/action/fibonacci.h
[42.106s] -- Installing: /home/shiozaki/ros2/install/hello_world_msgs/include/hello_world_msgs/action/fibonacci__functions.h
[42.107s] -- Installing: /home/shiozaki/ros2/install/hello_world_msgs/include/hello_world_msgs/action/fibonacci__type_support.h
[42.107s] -- Up-to-date: /home/shiozaki/ros2/install/hello_world_msgs/include/hello_world_msgs/srv
[42.107s] -- Installing: /home/shiozaki/ros2/install/hello_world_msgs/include/hello_world_msgs/srv/set_message__type_support.h
[42.107s] -- Installing: /home/shiozaki/ros2/install/hello_world_msgs/include/hello_world_msgs/srv/set_message__functions.h
[42.107s] -- Installing: /home/shiozaki/ros2/install/hello_world_msgs/include/hello_world_msgs/srv/set_message__struct.h
[42.107s] -- Installing: /home/shiozaki/ros2/install/hello_world_msgs/include/hello_world_msgs/srv/set_message__functions.c
[42.107s] -- Installing: /home/shiozaki/ros2/install/hello_world_msgs/include/hello_world_msgs/srv/set_message.h
[42.107s] -- Installing: /home/shiozaki/ros2/install/hello_world_msgs/include/hello_world_msgs/msg
[42.107s] -- Installing: /home/shiozaki/ros2/install/hello_world_msgs/include/hello_world_msgs/msg/rosidl_generator_c__visibility_control.h
[42.107s] -- Installing: /home/shiozaki/ros2/install/hello_world_msgs/share/hello_world_msgs/environment/library_path.sh
[42.107s] -- Installing: /home/shiozaki/ros2/install/hello_world_msgs/lib/libhello_world_msgs__rosidl_generator_c.so
[42.107s] -- Set runtime path of "/home/shiozaki/ros2/install/hello_world_msgs/lib/libhello_world_msgs__rosidl_generator_c.so" to ""
[42.108s] -- Installing: /home/shiozaki/ros2/install/hello_world_msgs/lib/libhello_world_msgs__rosidl_typesupport_c.so
[42.108s] -- Set runtime path of "/home/shiozaki/ros2/install/hello_world_msgs/lib/libhello_world_msgs__rosidl_typesupport_c.so" to ""
[42.108s] -- Installing: /home/shiozaki/ros2/install/hello_world_msgs/lib/libhello_world_msgs__rosidl_typesupport_cpp.so
[42.108s] -- Set runtime path of "/home/shiozaki/ros2/install/hello_world_msgs/lib/libhello_world_msgs__rosidl_typesupport_cpp.so" to ""
[42.108s] -- Up-to-date: /home/shiozaki/ros2/install/hello_world_msgs/include/hello_world_msgs
[42.108s] -- Up-to-date: /home/shiozaki/ros2/install/hello_world_msgs/include/hello_world_msgs/action
[42.109s] -- Installing: /home/shiozaki/ros2/install/hello_world_msgs/include/hello_world_msgs/action/fibonacci__rosidl_typesupport_introspection_c.h
[42.109s] -- Installing: /home/shiozaki/ros2/install/hello_world_msgs/include/hello_world_msgs/action/fibonacci__type_support.c
[42.109s] -- Up-to-date: /home/shiozaki/ros2/install/hello_world_msgs/include/hello_world_msgs/srv
[42.109s] -- Installing: /home/shiozaki/ros2/install/hello_world_msgs/include/hello_world_msgs/srv/set_message__type_support.c
[42.109s] -- Installing: /home/shiozaki/ros2/install/hello_world_msgs/include/hello_world_msgs/srv/set_message__rosidl_typesupport_introspection_c.h
[42.109s] -- Up-to-date: /home/shiozaki/ros2/install/hello_world_msgs/include/hello_world_msgs/msg
[42.109s] -- Installing: /home/shiozaki/ros2/install/hello_world_msgs/include/hello_world_msgs/msg/rosidl_typesupport_introspection_c__visibility_control.h
[42.109s] -- Installing: /home/shiozaki/ros2/install/hello_world_msgs/lib/libhello_world_msgs__rosidl_typesupport_introspection_c.so
[42.110s] -- Set runtime path of "/home/shiozaki/ros2/install/hello_world_msgs/lib/libhello_world_msgs__rosidl_typesupport_introspection_c.so" to ""
[42.110s] -- Up-to-date: /home/shiozaki/ros2/install/hello_world_msgs/include/hello_world_msgs
[42.110s] -- Up-to-date: /home/shiozaki/ros2/install/hello_world_msgs/include/hello_world_msgs/action
[42.110s] -- Installing: /home/shiozaki/ros2/install/hello_world_msgs/include/hello_world_msgs/action/fibonacci__rosidl_typesupport_introspection_cpp.hpp
[42.110s] -- Installing: /home/shiozaki/ros2/install/hello_world_msgs/include/hello_world_msgs/action/fibonacci__type_support.cpp
[42.110s] -- Up-to-date: /home/shiozaki/ros2/install/hello_world_msgs/include/hello_world_msgs/srv
[42.110s] -- Installing: /home/shiozaki/ros2/install/hello_world_msgs/include/hello_world_msgs/srv/set_message__rosidl_typesupport_introspection_cpp.hpp
[42.110s] -- Installing: /home/shiozaki/ros2/install/hello_world_msgs/include/hello_world_msgs/srv/set_message__type_support.cpp
[42.110s] -- Installing: /home/shiozaki/ros2/install/hello_world_msgs/lib/libhello_world_msgs__rosidl_typesupport_introspection_cpp.so
[42.111s] -- Set runtime path of "/home/shiozaki/ros2/install/hello_world_msgs/lib/libhello_world_msgs__rosidl_typesupport_introspection_cpp.so" to ""
[42.111s] -- Up-to-date: /home/shiozaki/ros2/install/hello_world_msgs/include/hello_world_msgs
[42.112s] -- Up-to-date: /home/shiozaki/ros2/install/hello_world_msgs/include/hello_world_msgs/action
[42.112s] -- Installing: /home/shiozaki/ros2/install/hello_world_msgs/include/hello_world_msgs/action/dds_connext
[42.112s] -- Installing: /home/shiozaki/ros2/install/hello_world_msgs/include/hello_world_msgs/action/fibonacci__rosidl_typesupport_connext_c.h
[42.112s] -- Up-to-date: /home/shiozaki/ros2/install/hello_world_msgs/include/hello_world_msgs/srv
[42.112s] -- Installing: /home/shiozaki/ros2/install/hello_world_msgs/include/hello_world_msgs/srv/set_message__rosidl_typesupport_connext_c.h
[42.112s] -- Installing: /home/shiozaki/ros2/install/hello_world_msgs/include/hello_world_msgs/srv/dds_connext
[42.112s] -- Up-to-date: /home/shiozaki/ros2/install/hello_world_msgs/include/hello_world_msgs/msg
[42.113s] -- Installing: /home/shiozaki/ros2/install/hello_world_msgs/include/hello_world_msgs/msg/rosidl_typesupport_connext_c__visibility_control.h
[42.113s] -- Installing: /home/shiozaki/ros2/install/hello_world_msgs/lib/libhello_world_msgs__rosidl_typesupport_connext_c.so
[42.115s] -- Set runtime path of "/home/shiozaki/ros2/install/hello_world_msgs/lib/libhello_world_msgs__rosidl_typesupport_connext_c.so" to ""
[42.115s] -- Installing: /home/shiozaki/ros2/install/hello_world_msgs/share/hello_world_msgs/srv/dds_connext
[42.115s] -- Installing: /home/shiozaki/ros2/install/hello_world_msgs/share/hello_world_msgs/srv/dds_connext/SetMessage_.idl
[42.115s] -- Installing: /home/shiozaki/ros2/install/hello_world_msgs/share/hello_world_msgs/action/dds_connext
[42.115s] -- Installing: /home/shiozaki/ros2/install/hello_world_msgs/share/hello_world_msgs/action/dds_connext/Fibonacci_.idl
[42.116s] -- Up-to-date: /home/shiozaki/ros2/install/hello_world_msgs/include/hello_world_msgs
[42.116s] -- Up-to-date: /home/shiozaki/ros2/install/hello_world_msgs/include/hello_world_msgs/action
[42.116s] -- Up-to-date: /home/shiozaki/ros2/install/hello_world_msgs/include/hello_world_msgs/action/dds_connext
[42.116s] -- Installing: /home/shiozaki/ros2/install/hello_world_msgs/include/hello_world_msgs/action/dds_connext/Fibonacci_Support.cxx
[42.116s] -- Installing: /home/shiozaki/ros2/install/hello_world_msgs/include/hello_world_msgs/action/dds_connext/Fibonacci_Plugin.h
[42.116s] -- Installing: /home/shiozaki/ros2/install/hello_world_msgs/include/hello_world_msgs/action/dds_connext/Fibonacci_.h
[42.117s] -- Installing: /home/shiozaki/ros2/install/hello_world_msgs/include/hello_world_msgs/action/dds_connext/Fibonacci_.cxx
[42.117s] -- Installing: /home/shiozaki/ros2/install/hello_world_msgs/include/hello_world_msgs/action/dds_connext/Fibonacci_Support.h
[42.117s] -- Installing: /home/shiozaki/ros2/install/hello_world_msgs/include/hello_world_msgs/action/dds_connext/Fibonacci_Plugin.cxx
[42.117s] -- Installing: /home/shiozaki/ros2/install/hello_world_msgs/include/hello_world_msgs/action/fibonacci__rosidl_typesupport_connext_cpp.hpp
[42.117s] -- Up-to-date: /home/shiozaki/ros2/install/hello_world_msgs/include/hello_world_msgs/srv
[42.118s] -- Up-to-date: /home/shiozaki/ros2/install/hello_world_msgs/include/hello_world_msgs/srv/dds_connext
[42.118s] -- Installing: /home/shiozaki/ros2/install/hello_world_msgs/include/hello_world_msgs/srv/dds_connext/SetMessage_.cxx
[42.118s] -- Installing: /home/shiozaki/ros2/install/hello_world_msgs/include/hello_world_msgs/srv/dds_connext/SetMessage_Support.h
[42.118s] -- Installing: /home/shiozaki/ros2/install/hello_world_msgs/include/hello_world_msgs/srv/dds_connext/SetMessage_Plugin.cxx
[42.118s] -- Installing: /home/shiozaki/ros2/install/hello_world_msgs/include/hello_world_msgs/srv/dds_connext/SetMessage_Support.cxx
[42.118s] -- Installing: /home/shiozaki/ros2/install/hello_world_msgs/include/hello_world_msgs/srv/dds_connext/SetMessage_Plugin.h
[42.118s] -- Installing: /home/shiozaki/ros2/install/hello_world_msgs/include/hello_world_msgs/srv/dds_connext/SetMessage_.h
[42.118s] -- Installing: /home/shiozaki/ros2/install/hello_world_msgs/include/hello_world_msgs/srv/set_message__rosidl_typesupport_connext_cpp.hpp
[42.118s] -- Up-to-date: /home/shiozaki/ros2/install/hello_world_msgs/include/hello_world_msgs/msg
[42.118s] -- Installing: /home/shiozaki/ros2/install/hello_world_msgs/include/hello_world_msgs/msg/rosidl_typesupport_connext_cpp__visibility_control.h
[42.119s] -- Installing: /home/shiozaki/ros2/install/hello_world_msgs/lib/libhello_world_msgs__rosidl_typesupport_connext_cpp.so
[42.120s] -- Set runtime path of "/home/shiozaki/ros2/install/hello_world_msgs/lib/libhello_world_msgs__rosidl_typesupport_connext_cpp.so" to ""
[42.121s] -- Up-to-date: /home/shiozaki/ros2/install/hello_world_msgs/include/hello_world_msgs
[42.121s] -- Up-to-date: /home/shiozaki/ros2/install/hello_world_msgs/include/hello_world_msgs/action
[42.121s] -- Installing: /home/shiozaki/ros2/install/hello_world_msgs/include/hello_world_msgs/action/fibonacci__rosidl_typesupport_fastrtps_c.h
[42.121s] -- Up-to-date: /home/shiozaki/ros2/install/hello_world_msgs/include/hello_world_msgs/srv
[42.121s] -- Installing: /home/shiozaki/ros2/install/hello_world_msgs/include/hello_world_msgs/srv/set_message__rosidl_typesupport_fastrtps_c.h
[42.121s] -- Up-to-date: /home/shiozaki/ros2/install/hello_world_msgs/include/hello_world_msgs/msg
[42.121s] -- Installing: /home/shiozaki/ros2/install/hello_world_msgs/include/hello_world_msgs/msg/rosidl_typesupport_fastrtps_c__visibility_control.h
[42.121s] -- Installing: /home/shiozaki/ros2/install/hello_world_msgs/lib/libhello_world_msgs__rosidl_typesupport_fastrtps_c.so
[42.122s] -- Set runtime path of "/home/shiozaki/ros2/install/hello_world_msgs/lib/libhello_world_msgs__rosidl_typesupport_fastrtps_c.so" to ""
[42.122s] -- Up-to-date: /home/shiozaki/ros2/install/hello_world_msgs/include/hello_world_msgs
[42.122s] -- Up-to-date: /home/shiozaki/ros2/install/hello_world_msgs/include/hello_world_msgs/action
[42.122s] -- Installing: /home/shiozaki/ros2/install/hello_world_msgs/include/hello_world_msgs/action/dds_fastrtps
[42.122s] -- Installing: /home/shiozaki/ros2/install/hello_world_msgs/include/hello_world_msgs/action/fibonacci__rosidl_typesupport_fastrtps_cpp.hpp
[42.122s] -- Up-to-date: /home/shiozaki/ros2/install/hello_world_msgs/include/hello_world_msgs/srv
[42.122s] -- Installing: /home/shiozaki/ros2/install/hello_world_msgs/include/hello_world_msgs/srv/set_message__rosidl_typesupport_fastrtps_cpp.hpp
[42.122s] -- Installing: /home/shiozaki/ros2/install/hello_world_msgs/include/hello_world_msgs/srv/dds_fastrtps
[42.123s] -- Up-to-date: /home/shiozaki/ros2/install/hello_world_msgs/include/hello_world_msgs/msg
[42.123s] -- Installing: /home/shiozaki/ros2/install/hello_world_msgs/include/hello_world_msgs/msg/rosidl_typesupport_fastrtps_cpp__visibility_control.h
[42.123s] -- Installing: /home/shiozaki/ros2/install/hello_world_msgs/lib/libhello_world_msgs__rosidl_typesupport_fastrtps_cpp.so
[42.123s] -- Set runtime path of "/home/shiozaki/ros2/install/hello_world_msgs/lib/libhello_world_msgs__rosidl_typesupport_fastrtps_cpp.so" to ""
[42.123s] -- Up-to-date: /home/shiozaki/ros2/install/hello_world_msgs/include/hello_world_msgs
[42.123s] -- Up-to-date: /home/shiozaki/ros2/install/hello_world_msgs/include/hello_world_msgs/action
[42.123s] -- Installing: /home/shiozaki/ros2/install/hello_world_msgs/include/hello_world_msgs/action/dds_opensplice_c
[42.124s] -- Installing: /home/shiozaki/ros2/install/hello_world_msgs/include/hello_world_msgs/action/fibonacci__rosidl_typesupport_opensplice_c.h
[42.124s] -- Up-to-date: /home/shiozaki/ros2/install/hello_world_msgs/include/hello_world_msgs/srv
[42.124s] -- Installing: /home/shiozaki/ros2/install/hello_world_msgs/include/hello_world_msgs/srv/dds_opensplice_c
[42.124s] -- Installing: /home/shiozaki/ros2/install/hello_world_msgs/include/hello_world_msgs/srv/set_message__rosidl_typesupport_opensplice_c.h
[42.124s] -- Up-to-date: /home/shiozaki/ros2/install/hello_world_msgs/include/hello_world_msgs/msg
[42.124s] -- Installing: /home/shiozaki/ros2/install/hello_world_msgs/include/hello_world_msgs/msg/rosidl_typesupport_opensplice_c__visibility_control.h
[42.124s] -- Installing: /home/shiozaki/ros2/install/hello_world_msgs/lib/libhello_world_msgs__rosidl_typesupport_opensplice_c.so
[42.128s] -- Set runtime path of "/home/shiozaki/ros2/install/hello_world_msgs/lib/libhello_world_msgs__rosidl_typesupport_opensplice_c.so" to ""
[42.128s] -- Installing: /home/shiozaki/ros2/install/hello_world_msgs/share/hello_world_msgs/srv/dds_opensplice
[42.129s] -- Installing: /home/shiozaki/ros2/install/hello_world_msgs/share/hello_world_msgs/srv/dds_opensplice/SetMessage_.idl
[42.129s] -- Installing: /home/shiozaki/ros2/install/hello_world_msgs/share/hello_world_msgs/action/dds_opensplice
[42.129s] -- Installing: /home/shiozaki/ros2/install/hello_world_msgs/share/hello_world_msgs/action/dds_opensplice/Fibonacci_.idl
[42.129s] -- Up-to-date: /home/shiozaki/ros2/install/hello_world_msgs/include/hello_world_msgs
[42.129s] -- Up-to-date: /home/shiozaki/ros2/install/hello_world_msgs/include/hello_world_msgs/action
[42.129s] -- Installing: /home/shiozaki/ros2/install/hello_world_msgs/include/hello_world_msgs/action/fibonacci__rosidl_typesupport_opensplice_cpp.hpp
[42.129s] -- Installing: /home/shiozaki/ros2/install/hello_world_msgs/include/hello_world_msgs/action/dds_opensplice
[42.129s] -- Installing: /home/shiozaki/ros2/install/hello_world_msgs/include/hello_world_msgs/action/dds_opensplice/ccpp_Fibonacci_.h
[42.130s] -- Installing: /home/shiozaki/ros2/install/hello_world_msgs/include/hello_world_msgs/action/dds_opensplice/Fibonacci_SplDcps.h
[42.130s] -- Installing: /home/shiozaki/ros2/install/hello_world_msgs/include/hello_world_msgs/action/dds_opensplice/Fibonacci_.h
[42.130s] -- Installing: /home/shiozaki/ros2/install/hello_world_msgs/include/hello_world_msgs/action/dds_opensplice/Fibonacci_Dcps_impl.h
[42.130s] -- Installing: /home/shiozaki/ros2/install/hello_world_msgs/include/hello_world_msgs/action/dds_opensplice/Fibonacci_Dcps.h
[42.130s] -- Up-to-date: /home/shiozaki/ros2/install/hello_world_msgs/include/hello_world_msgs/srv
[42.130s] -- Installing: /home/shiozaki/ros2/install/hello_world_msgs/include/hello_world_msgs/srv/set_message__rosidl_typesupport_opensplice_cpp.hpp
[42.130s] -- Installing: /home/shiozaki/ros2/install/hello_world_msgs/include/hello_world_msgs/srv/dds_opensplice
[42.130s] -- Installing: /home/shiozaki/ros2/install/hello_world_msgs/include/hello_world_msgs/srv/dds_opensplice/SetMessage_Dcps.h
[42.131s] -- Installing: /home/shiozaki/ros2/install/hello_world_msgs/include/hello_world_msgs/srv/dds_opensplice/ccpp_SetMessage_.h
[42.131s] -- Installing: /home/shiozaki/ros2/install/hello_world_msgs/include/hello_world_msgs/srv/dds_opensplice/SetMessage_Dcps_impl.h
[42.131s] -- Installing: /home/shiozaki/ros2/install/hello_world_msgs/include/hello_world_msgs/srv/dds_opensplice/SetMessage_.h
[42.131s] -- Installing: /home/shiozaki/ros2/install/hello_world_msgs/include/hello_world_msgs/srv/dds_opensplice/SetMessage_SplDcps.h
[42.131s] -- Up-to-date: /home/shiozaki/ros2/install/hello_world_msgs/include/hello_world_msgs/msg
[42.131s] -- Installing: /home/shiozaki/ros2/install/hello_world_msgs/include/hello_world_msgs/msg/rosidl_typesupport_opensplice_cpp__visibility_control.h
[42.131s] -- Installing: /home/shiozaki/ros2/install/hello_world_msgs/lib/libhello_world_msgs__rosidl_typesupport_opensplice_cpp.so
[42.136s] -- Set runtime path of "/home/shiozaki/ros2/install/hello_world_msgs/lib/libhello_world_msgs__rosidl_typesupport_opensplice_cpp.so" to ""
[42.136s] -- Installing: /home/shiozaki/ros2/install/hello_world_msgs/share/hello_world_msgs/environment/pythonpath.sh
[42.136s] -- Installing: /home/shiozaki/ros2/install/hello_world_msgs/lib/python3.6/site-packages/hello_world_msgs/__init__.py
[42.173s] Compiling '/home/shiozaki/ros2/install/hello_world_msgs/lib/python3.6/site-packages/hello_world_msgs/__init__.py'...
[42.177s] -- Installing: /home/shiozaki/ros2/install/hello_world_msgs/lib/python3.6/site-packages/hello_world_msgs/srv
[42.178s] -- Installing: /home/shiozaki/ros2/install/hello_world_msgs/lib/python3.6/site-packages/hello_world_msgs/srv/_set_message_s.c
[42.178s] -- Installing: /home/shiozaki/ros2/install/hello_world_msgs/lib/python3.6/site-packages/hello_world_msgs/srv/_set_message.py
[42.178s] -- Installing: /home/shiozaki/ros2/install/hello_world_msgs/lib/python3.6/site-packages/hello_world_msgs/srv/__init__.py
[42.178s] -- Installing: /home/shiozaki/ros2/install/hello_world_msgs/lib/python3.6/site-packages/hello_world_msgs/action
[42.178s] -- Installing: /home/shiozaki/ros2/install/hello_world_msgs/lib/python3.6/site-packages/hello_world_msgs/action/_fibonacci.py
[42.179s] -- Installing: /home/shiozaki/ros2/install/hello_world_msgs/lib/python3.6/site-packages/hello_world_msgs/action/__init__.py
[42.179s] -- Installing: /home/shiozaki/ros2/install/hello_world_msgs/lib/python3.6/site-packages/hello_world_msgs/action/_fibonacci_s.c
[42.179s] -- Installing: /home/shiozaki/ros2/install/hello_world_msgs/lib/python3.6/site-packages/hello_world_msgs/hello_world_msgs_s__rosidl_typesupport_c.cpython-36m-x86_64-linux-gnu.so
[42.179s] -- Set runtime path of "/home/shiozaki/ros2/install/hello_world_msgs/lib/python3.6/site-packages/hello_world_msgs/hello_world_msgs_s__rosidl_typesupport_c.cpython-36m-x86_64-linux-gnu.so" to ""
[42.180s] -- Installing: /home/shiozaki/ros2/install/hello_world_msgs/lib/python3.6/site-packages/hello_world_msgs/hello_world_msgs_s__rosidl_typesupport_connext_c.cpython-36m-x86_64-linux-gnu.so
[42.180s] -- Set runtime path of "/home/shiozaki/ros2/install/hello_world_msgs/lib/python3.6/site-packages/hello_world_msgs/hello_world_msgs_s__rosidl_typesupport_connext_c.cpython-36m-x86_64-linux-gnu.so" to ""
[42.181s] -- Installing: /home/shiozaki/ros2/install/hello_world_msgs/lib/python3.6/site-packages/hello_world_msgs/hello_world_msgs_s__rosidl_typesupport_introspection_c.cpython-36m-x86_64-linux-gnu.so
[42.181s] -- Set runtime path of "/home/shiozaki/ros2/install/hello_world_msgs/lib/python3.6/site-packages/hello_world_msgs/hello_world_msgs_s__rosidl_typesupport_introspection_c.cpython-36m-x86_64-linux-gnu.so" to ""
[42.182s] -- Installing: /home/shiozaki/ros2/install/hello_world_msgs/lib/python3.6/site-packages/hello_world_msgs/hello_world_msgs_s__rosidl_typesupport_fastrtps_c.cpython-36m-x86_64-linux-gnu.so
[42.182s] -- Set runtime path of "/home/shiozaki/ros2/install/hello_world_msgs/lib/python3.6/site-packages/hello_world_msgs/hello_world_msgs_s__rosidl_typesupport_fastrtps_c.cpython-36m-x86_64-linux-gnu.so" to ""
[42.183s] -- Installing: /home/shiozaki/ros2/install/hello_world_msgs/lib/python3.6/site-packages/hello_world_msgs/hello_world_msgs_s__rosidl_typesupport_opensplice_c.cpython-36m-x86_64-linux-gnu.so
[42.184s] -- Set runtime path of "/home/shiozaki/ros2/install/hello_world_msgs/lib/python3.6/site-packages/hello_world_msgs/hello_world_msgs_s__rosidl_typesupport_opensplice_c.cpython-36m-x86_64-linux-gnu.so" to ""
[42.184s] -- Installing: /home/shiozaki/ros2/install/hello_world_msgs/lib/libhello_world_msgs__python.so
[42.184s] -- Set runtime path of "/home/shiozaki/ros2/install/hello_world_msgs/lib/libhello_world_msgs__python.so" to ""
[42.184s] -- Installing: /home/shiozaki/ros2/install/hello_world_msgs/share/hello_world_msgs/srv/SetMessage.idl
[42.184s] -- Installing: /home/shiozaki/ros2/install/hello_world_msgs/share/hello_world_msgs/action/Fibonacci.idl
[42.184s] -- Installing: /home/shiozaki/ros2/install/hello_world_msgs/share/hello_world_msgs/srv/SetMessage.srv
[42.185s] -- Installing: /home/shiozaki/ros2/install/hello_world_msgs/share/hello_world_msgs/srv/SetMessage_Request.msg
[42.185s] -- Installing: /home/shiozaki/ros2/install/hello_world_msgs/share/hello_world_msgs/srv/SetMessage_Response.msg
[42.185s] -- Installing: /home/shiozaki/ros2/install/hello_world_msgs/share/hello_world_msgs/action/Fibonacci.action
[42.185s] -- Installing: /home/shiozaki/ros2/install/hello_world_msgs/share/ament_index/resource_index/package_run_dependencies/hello_world_msgs
[42.185s] -- Installing: /home/shiozaki/ros2/install/hello_world_msgs/share/ament_index/resource_index/parent_prefix_path/hello_world_msgs
[42.185s] -- Installing: /home/shiozaki/ros2/install/hello_world_msgs/share/hello_world_msgs/environment/ament_prefix_path.sh
[42.185s] -- Installing: /home/shiozaki/ros2/install/hello_world_msgs/share/hello_world_msgs/environment/path.sh
[42.186s] -- Installing: /home/shiozaki/ros2/install/hello_world_msgs/share/hello_world_msgs/local_setup.bash
[42.186s] -- Installing: /home/shiozaki/ros2/install/hello_world_msgs/share/hello_world_msgs/local_setup.sh
[42.186s] -- Installing: /home/shiozaki/ros2/install/hello_world_msgs/share/hello_world_msgs/local_setup.zsh
[42.186s] -- Installing: /home/shiozaki/ros2/install/hello_world_msgs/share/ament_index/resource_index/packages/hello_world_msgs
[42.186s] -- Installing: /home/shiozaki/ros2/install/hello_world_msgs/share/hello_world_msgs/cmake/rosidl_cmake-extras.cmake
[42.186s] -- Installing: /home/shiozaki/ros2/install/hello_world_msgs/share/hello_world_msgs/cmake/ament_cmake_export_dependencies-extras.cmake
[42.186s] -- Installing: /home/shiozaki/ros2/install/hello_world_msgs/share/hello_world_msgs/cmake/ament_cmake_export_include_directories-extras.cmake
[42.186s] -- Installing: /home/shiozaki/ros2/install/hello_world_msgs/share/hello_world_msgs/cmake/ament_cmake_export_libraries-extras.cmake
[42.187s] -- Installing: /home/shiozaki/ros2/install/hello_world_msgs/share/hello_world_msgs/cmake/rosidl_cmake_export_typesupport_libraries-extras.cmake
[42.187s] -- Installing: /home/shiozaki/ros2/install/hello_world_msgs/share/hello_world_msgs/cmake/hello_world_msgsConfig.cmake
[42.187s] -- Installing: /home/shiozaki/ros2/install/hello_world_msgs/share/hello_world_msgs/cmake/hello_world_msgsConfig-version.cmake
[42.187s] -- Installing: /home/shiozaki/ros2/install/hello_world_msgs/share/hello_world_msgs/package.xml
[42.192s] Invoked command in '/home/shiozaki/ros2/build/hello_world_msgs' returned '0': CMAKE_PREFIX_PATH=/opt/ros/dashing /usr/bin/cmake --build /home/shiozaki/ros2/build/hello_world_msgs --target install -- -j4 -l4
