[0.042s] Invoking command in '/home/shiozaki/ros2/build/libcreate': CMAKE_PREFIX_PATH=${CMAKE_PREFIX_PATH}:/home/shiozaki/ros2/install/examples_rclpy_topics:/home/shiozaki/ros2/install/examples_rclpy_services:/home/shiozaki/ros2/install/examples_rclpy_minimal_action_server:/opt/ros/dashing /usr/bin/cmake --build /home/shiozaki/ros2/build/libcreate -- -j4 -l4
[0.184s] [ 36%] Built target create
[0.229s] [ 45%] Built target play_song
[0.254s] [ 54%] Built target wheeldrop
[0.255s] [ 63%] Built target packets
[0.256s] [ 72%] Built target battery_level
[0.276s] [ 81%] Built target drive_circle
[0.291s] [ 90%] Built target leds
[0.299s] [100%] Built target bumpers
[0.316s] Invoked command in '/home/shiozaki/ros2/build/libcreate' returned '0': CMAKE_PREFIX_PATH=${CMAKE_PREFIX_PATH}:/home/shiozaki/ros2/install/examples_rclpy_topics:/home/shiozaki/ros2/install/examples_rclpy_services:/home/shiozaki/ros2/install/examples_rclpy_minimal_action_server:/opt/ros/dashing /usr/bin/cmake --build /home/shiozaki/ros2/build/libcreate -- -j4 -l4
[0.406s] Invoking command in '/home/shiozaki/ros2/build/libcreate': CMAKE_PREFIX_PATH=${CMAKE_PREFIX_PATH}:/home/shiozaki/ros2/install/examples_rclpy_topics:/home/shiozaki/ros2/install/examples_rclpy_services:/home/shiozaki/ros2/install/examples_rclpy_minimal_action_server:/opt/ros/dashing /usr/bin/cmake --build /home/shiozaki/ros2/build/libcreate --target install -- -j4 -l4
[0.496s] [ 36%] Built target create
[0.548s] [ 45%] Built target play_song
[0.559s] [ 54%] Built target wheeldrop
[0.562s] [ 63%] Built target packets
[0.565s] [ 72%] Built target battery_level
[0.601s] [ 81%] Built target drive_circle
[0.608s] [100%] Built target bumpers
[0.608s] [100%] Built target leds
[0.642s] [36mInstall the project...[0m
[0.658s] -- Install configuration: ""
[0.659s] -- Up-to-date: /home/shiozaki/ros2/install/libcreate/lib/libcreate.so
[0.660s] -- Up-to-date: /home/shiozaki/ros2/install/libcreate/include
[0.660s] -- Up-to-date: /home/shiozaki/ros2/install/libcreate/include/create
[0.660s] -- Up-to-date: /home/shiozaki/ros2/install/libcreate/include/create/serial_stream.h
[0.661s] -- Up-to-date: /home/shiozaki/ros2/install/libcreate/include/create/types.h
[0.661s] -- Up-to-date: /home/shiozaki/ros2/install/libcreate/include/create/util.h
[0.661s] -- Up-to-date: /home/shiozaki/ros2/install/libcreate/include/create/data.h
[0.661s] -- Up-to-date: /home/shiozaki/ros2/install/libcreate/include/create/create.h
[0.663s] -- Up-to-date: /home/shiozaki/ros2/install/libcreate/include/create/serial.h
[0.664s] -- Up-to-date: /home/shiozaki/ros2/install/libcreate/include/create/serial_query.h
[0.664s] -- Up-to-date: /home/shiozaki/ros2/install/libcreate/include/create/packet.h
[0.664s] -- Up-to-date: /home/shiozaki/ros2/install/libcreate/lib/cmake/libcreate/libcreate-config.cmake
[0.664s] -- Up-to-date: /home/shiozaki/ros2/install/libcreate/lib/cmake/libcreate/libcreate-config-version.cmake
[0.664s] -- Up-to-date: /home/shiozaki/ros2/install/libcreate/lib/cmake/libcreate/libcreate-targets.cmake
[0.665s] -- Up-to-date: /home/shiozaki/ros2/install/libcreate/lib/cmake/libcreate/libcreate-targets-noconfig.cmake
[0.665s] -- Up-to-date: /home/shiozaki/ros2/install/libcreate/share/libcreate/package.xml
[0.681s] Invoked command in '/home/shiozaki/ros2/build/libcreate' returned '0': CMAKE_PREFIX_PATH=${CMAKE_PREFIX_PATH}:/home/shiozaki/ros2/install/examples_rclpy_topics:/home/shiozaki/ros2/install/examples_rclpy_services:/home/shiozaki/ros2/install/examples_rclpy_minimal_action_server:/opt/ros/dashing /usr/bin/cmake --build /home/shiozaki/ros2/build/libcreate --target install -- -j4 -l4
