[0.077s] Invoking command in '/home/shiozaki/ros2/build/libcreate': CMAKE_PREFIX_PATH=${CMAKE_PREFIX_PATH}:/home/shiozaki/ros2/install/examples_rclpy_topics:/home/shiozaki/ros2/install/examples_rclpy_services:/home/shiozaki/ros2/install/examples_rclpy_minimal_action_server:/opt/ros/dashing /usr/bin/cmake --build /home/shiozaki/ros2/build/libcreate -- -j4 -l4
[0.201s] [ 36%] Built target create
[0.246s] [ 45%] Built target play_song
[0.251s] [ 54%] Built target battery_level
[0.259s] [ 63%] Built target packets
[0.261s] [ 72%] Built target wheeldrop
[0.291s] [ 81%] Built target drive_circle
[0.300s] [ 90%] Built target bumpers
[0.303s] [100%] Built target leds
[0.318s] Invoked command in '/home/shiozaki/ros2/build/libcreate' returned '0': CMAKE_PREFIX_PATH=${CMAKE_PREFIX_PATH}:/home/shiozaki/ros2/install/examples_rclpy_topics:/home/shiozaki/ros2/install/examples_rclpy_services:/home/shiozaki/ros2/install/examples_rclpy_minimal_action_server:/opt/ros/dashing /usr/bin/cmake --build /home/shiozaki/ros2/build/libcreate -- -j4 -l4
[0.429s] Invoking command in '/home/shiozaki/ros2/build/libcreate': CMAKE_PREFIX_PATH=${CMAKE_PREFIX_PATH}:/home/shiozaki/ros2/install/examples_rclpy_topics:/home/shiozaki/ros2/install/examples_rclpy_services:/home/shiozaki/ros2/install/examples_rclpy_minimal_action_server:/opt/ros/dashing /usr/bin/cmake --build /home/shiozaki/ros2/build/libcreate --target install -- -j4 -l4
[0.503s] [ 36%] Built target create
[0.553s] [ 45%] Built target battery_level
[0.557s] [ 54%] Built target wheeldrop
[0.574s] [ 63%] Built target packets
[0.585s] [ 72%] Built target play_song
[0.607s] [ 90%] Built target leds
[0.607s] [ 90%] Built target drive_circle
[0.627s] [100%] Built target bumpers
[0.661s] [36mInstall the project...[0m
[0.677s] -- Install configuration: ""
[0.678s] -- Up-to-date: /home/shiozaki/ros2/install/libcreate/lib/libcreate.so
[0.679s] -- Up-to-date: /home/shiozaki/ros2/install/libcreate/include
[0.679s] -- Up-to-date: /home/shiozaki/ros2/install/libcreate/include/create
[0.679s] -- Up-to-date: /home/shiozaki/ros2/install/libcreate/include/create/serial_stream.h
[0.679s] -- Up-to-date: /home/shiozaki/ros2/install/libcreate/include/create/types.h
[0.680s] -- Up-to-date: /home/shiozaki/ros2/install/libcreate/include/create/util.h
[0.680s] -- Up-to-date: /home/shiozaki/ros2/install/libcreate/include/create/data.h
[0.680s] -- Up-to-date: /home/shiozaki/ros2/install/libcreate/include/create/create.h
[0.681s] -- Up-to-date: /home/shiozaki/ros2/install/libcreate/include/create/serial.h
[0.681s] -- Up-to-date: /home/shiozaki/ros2/install/libcreate/include/create/serial_query.h
[0.681s] -- Up-to-date: /home/shiozaki/ros2/install/libcreate/include/create/packet.h
[0.681s] -- Up-to-date: /home/shiozaki/ros2/install/libcreate/lib/cmake/libcreate/libcreate-config.cmake
[0.682s] -- Up-to-date: /home/shiozaki/ros2/install/libcreate/lib/cmake/libcreate/libcreate-config-version.cmake
[0.682s] -- Up-to-date: /home/shiozaki/ros2/install/libcreate/lib/cmake/libcreate/libcreate-targets.cmake
[0.682s] -- Up-to-date: /home/shiozaki/ros2/install/libcreate/lib/cmake/libcreate/libcreate-targets-noconfig.cmake
[0.682s] -- Up-to-date: /home/shiozaki/ros2/install/libcreate/share/libcreate/package.xml
[0.688s] Invoked command in '/home/shiozaki/ros2/build/libcreate' returned '0': CMAKE_PREFIX_PATH=${CMAKE_PREFIX_PATH}:/home/shiozaki/ros2/install/examples_rclpy_topics:/home/shiozaki/ros2/install/examples_rclpy_services:/home/shiozaki/ros2/install/examples_rclpy_minimal_action_server:/opt/ros/dashing /usr/bin/cmake --build /home/shiozaki/ros2/build/libcreate --target install -- -j4 -l4
