[0.060s] Invoking command in '/home/shiozaki/ros2/build/hello_world_msgs': CMAKE_PREFIX_PATH=${CMAKE_PREFIX_PATH}:/home/shiozaki/ros2/install/examples_rclpy_topics:/home/shiozaki/ros2/install/examples_rclpy_services:/home/shiozaki/ros2/install/examples_rclpy_minimal_action_server:/opt/ros/dashing /usr/bin/cmake --build /home/shiozaki/ros2/build/hello_world_msgs -- -j4 -l4
[0.991s] [  1%] Built target hello_world_msgs__dds_connext_idl
[0.992s] [  2%] Built target hello_world_msgs__dds_opensplice_idl
[0.992s] [  3%] Built target hello_world_msgs__cpp
[0.993s] [  7%] Built target hello_world_msgs__rosidl_generator_c
[0.994s] [ 11%] Built target hello_world_msgs__rosidl_typesupport_introspection_cpp
[0.994s] [ 15%] Built target hello_world_msgs__rosidl_typesupport_cpp
[0.994s] [ 29%] Built target hello_world_msgs__rosidl_typesupport_opensplice_cpp
[0.995s] [ 41%] Built target hello_world_msgs__rosidl_typesupport_connext_cpp
[0.995s] [ 45%] Built target hello_world_msgs__rosidl_typesupport_introspection_c
[0.996s] [ 49%] Built target hello_world_msgs__rosidl_typesupport_fastrtps_cpp
[0.997s] [ 53%] Built target hello_world_msgs__rosidl_typesupport_c
[0.999s] [ 57%] Built target hello_world_msgs__rosidl_typesupport_fastrtps_c
[1.002s] [ 70%] Built target hello_world_msgs__rosidl_typesupport_connext_c
[1.003s] [ 85%] Built target hello_world_msgs__rosidl_typesupport_opensplice_c
[1.004s] [ 85%] Built target hello_world_msgs
[1.005s] [ 86%] Built target hello_world_msgs__py
[1.005s] [ 89%] Built target hello_world_msgs__python
[1.006s] [ 91%] Built target hello_world_msgs__rosidl_typesupport_c__pyext
[1.009s] [ 93%] Built target hello_world_msgs__rosidl_typesupport_opensplice_c__pyext
[1.009s] [ 95%] Built target hello_world_msgs__rosidl_typesupport_introspection_c__pyext
[1.009s] [ 97%] Built target hello_world_msgs__rosidl_typesupport_connext_c__pyext
[1.009s] [100%] Built target hello_world_msgs__rosidl_typesupport_fastrtps_c__pyext
[1.016s] Invoked command in '/home/shiozaki/ros2/build/hello_world_msgs' returned '0': CMAKE_PREFIX_PATH=${CMAKE_PREFIX_PATH}:/home/shiozaki/ros2/install/examples_rclpy_topics:/home/shiozaki/ros2/install/examples_rclpy_services:/home/shiozaki/ros2/install/examples_rclpy_minimal_action_server:/opt/ros/dashing /usr/bin/cmake --build /home/shiozaki/ros2/build/hello_world_msgs -- -j4 -l4
[1.264s] Invoking command in '/home/shiozaki/ros2/build/hello_world_msgs': CMAKE_PREFIX_PATH=${CMAKE_PREFIX_PATH}:/home/shiozaki/ros2/install/examples_rclpy_topics:/home/shiozaki/ros2/install/examples_rclpy_services:/home/shiozaki/ros2/install/examples_rclpy_minimal_action_server:/opt/ros/dashing /usr/bin/cmake --build /home/shiozaki/ros2/build/hello_world_msgs --target install -- -j4 -l4
[1.411s] [  1%] Built target hello_world_msgs__dds_connext_idl
[1.421s] [  2%] Built target hello_world_msgs__cpp
[1.445s] [  3%] Built target hello_world_msgs__dds_opensplice_idl
[1.470s] [  7%] Built target hello_world_msgs__rosidl_generator_c
[1.603s] [ 11%] Built target hello_world_msgs__rosidl_typesupport_introspection_cpp
[1.604s] [ 15%] Built target hello_world_msgs__rosidl_typesupport_cpp
[1.620s] [ 20%] Built target hello_world_msgs__rosidl_typesupport_fastrtps_cpp
[1.669s] [ 31%] Built target hello_world_msgs__rosidl_typesupport_connext_cpp
[1.670s] [ 35%] Built target hello_world_msgs__rosidl_typesupport_c
[1.687s] [ 40%] Built target hello_world_msgs__rosidl_typesupport_introspection_c
[1.720s] [ 53%] Built target hello_world_msgs__rosidl_typesupport_opensplice_cpp
[1.735s] [ 57%] Built target hello_world_msgs__rosidl_typesupport_fastrtps_c
[1.782s] [ 70%] Built target hello_world_msgs__rosidl_typesupport_connext_c
[1.827s] [ 85%] Built target hello_world_msgs__rosidl_typesupport_opensplice_c
[1.866s] [ 85%] Built target hello_world_msgs
[1.900s] [ 86%] Built target hello_world_msgs__py
[1.937s] [ 89%] Built target hello_world_msgs__python
[1.992s] [ 91%] Built target hello_world_msgs__rosidl_typesupport_c__pyext
[1.993s] [ 93%] Built target hello_world_msgs__rosidl_typesupport_opensplice_c__pyext
[1.993s] [ 95%] Built target hello_world_msgs__rosidl_typesupport_connext_c__pyext
[1.994s] [ 97%] Built target hello_world_msgs__rosidl_typesupport_introspection_c__pyext
[2.031s] [100%] Built target hello_world_msgs__rosidl_typesupport_fastrtps_c__pyext
[2.062s] [36mInstall the project...[0m
[2.074s] -- Install configuration: ""
[2.074s] -- Up-to-date: /home/shiozaki/ros2/install/hello_world_msgs/share/ament_index/resource_index/rosidl_interfaces/hello_world_msgs
[2.074s] -- Up-to-date: /home/shiozaki/ros2/install/hello_world_msgs/include/hello_world_msgs
[2.074s] -- Up-to-date: /home/shiozaki/ros2/install/hello_world_msgs/include/hello_world_msgs/action
[2.075s] -- Up-to-date: /home/shiozaki/ros2/install/hello_world_msgs/include/hello_world_msgs/action/fibonacci__traits.hpp
[2.075s] -- Up-to-date: /home/shiozaki/ros2/install/hello_world_msgs/include/hello_world_msgs/action/fibonacci.hpp
[2.075s] -- Up-to-date: /home/shiozaki/ros2/install/hello_world_msgs/include/hello_world_msgs/action/fibonacci__struct.hpp
[2.075s] -- Up-to-date: /home/shiozaki/ros2/install/hello_world_msgs/include/hello_world_msgs/srv
[2.075s] -- Up-to-date: /home/shiozaki/ros2/install/hello_world_msgs/include/hello_world_msgs/srv/set_message__struct.hpp
[2.076s] -- Up-to-date: /home/shiozaki/ros2/install/hello_world_msgs/include/hello_world_msgs/srv/set_message__traits.hpp
[2.076s] -- Up-to-date: /home/shiozaki/ros2/install/hello_world_msgs/include/hello_world_msgs/srv/set_message.hpp
[2.076s] -- Up-to-date: /home/shiozaki/ros2/install/hello_world_msgs/include/hello_world_msgs
[2.076s] -- Up-to-date: /home/shiozaki/ros2/install/hello_world_msgs/include/hello_world_msgs/action
[2.076s] -- Up-to-date: /home/shiozaki/ros2/install/hello_world_msgs/include/hello_world_msgs/action/fibonacci__struct.h
[2.076s] -- Up-to-date: /home/shiozaki/ros2/install/hello_world_msgs/include/hello_world_msgs/action/fibonacci__functions.c
[2.077s] -- Up-to-date: /home/shiozaki/ros2/install/hello_world_msgs/include/hello_world_msgs/action/fibonacci.h
[2.077s] -- Up-to-date: /home/shiozaki/ros2/install/hello_world_msgs/include/hello_world_msgs/action/fibonacci__functions.h
[2.077s] -- Up-to-date: /home/shiozaki/ros2/install/hello_world_msgs/include/hello_world_msgs/action/fibonacci__type_support.h
[2.077s] -- Up-to-date: /home/shiozaki/ros2/install/hello_world_msgs/include/hello_world_msgs/srv
[2.077s] -- Up-to-date: /home/shiozaki/ros2/install/hello_world_msgs/include/hello_world_msgs/srv/set_message__type_support.h
[2.078s] -- Up-to-date: /home/shiozaki/ros2/install/hello_world_msgs/include/hello_world_msgs/srv/set_message__functions.h
[2.078s] -- Up-to-date: /home/shiozaki/ros2/install/hello_world_msgs/include/hello_world_msgs/srv/set_message__struct.h
[2.078s] -- Up-to-date: /home/shiozaki/ros2/install/hello_world_msgs/include/hello_world_msgs/srv/set_message__functions.c
[2.078s] -- Up-to-date: /home/shiozaki/ros2/install/hello_world_msgs/include/hello_world_msgs/srv/set_message.h
[2.078s] -- Up-to-date: /home/shiozaki/ros2/install/hello_world_msgs/include/hello_world_msgs/msg
[2.079s] -- Up-to-date: /home/shiozaki/ros2/install/hello_world_msgs/include/hello_world_msgs/msg/rosidl_generator_c__visibility_control.h
[2.079s] -- Up-to-date: /home/shiozaki/ros2/install/hello_world_msgs/share/hello_world_msgs/environment/library_path.sh
[2.079s] -- Up-to-date: /home/shiozaki/ros2/install/hello_world_msgs/lib/libhello_world_msgs__rosidl_generator_c.so
[2.079s] -- Up-to-date: /home/shiozaki/ros2/install/hello_world_msgs/lib/libhello_world_msgs__rosidl_typesupport_c.so
[2.079s] -- Up-to-date: /home/shiozaki/ros2/install/hello_world_msgs/lib/libhello_world_msgs__rosidl_typesupport_cpp.so
[2.080s] -- Up-to-date: /home/shiozaki/ros2/install/hello_world_msgs/include/hello_world_msgs
[2.080s] -- Up-to-date: /home/shiozaki/ros2/install/hello_world_msgs/include/hello_world_msgs/action
[2.080s] -- Up-to-date: /home/shiozaki/ros2/install/hello_world_msgs/include/hello_world_msgs/action/fibonacci__rosidl_typesupport_introspection_c.h
[2.080s] -- Up-to-date: /home/shiozaki/ros2/install/hello_world_msgs/include/hello_world_msgs/action/fibonacci__type_support.c
[2.081s] -- Up-to-date: /home/shiozaki/ros2/install/hello_world_msgs/include/hello_world_msgs/srv
[2.081s] -- Up-to-date: /home/shiozaki/ros2/install/hello_world_msgs/include/hello_world_msgs/srv/set_message__type_support.c
[2.081s] -- Up-to-date: /home/shiozaki/ros2/install/hello_world_msgs/include/hello_world_msgs/srv/set_message__rosidl_typesupport_introspection_c.h
[2.081s] -- Up-to-date: /home/shiozaki/ros2/install/hello_world_msgs/include/hello_world_msgs/msg
[2.081s] -- Up-to-date: /home/shiozaki/ros2/install/hello_world_msgs/include/hello_world_msgs/msg/rosidl_typesupport_introspection_c__visibility_control.h
[2.082s] -- Up-to-date: /home/shiozaki/ros2/install/hello_world_msgs/lib/libhello_world_msgs__rosidl_typesupport_introspection_c.so
[2.082s] -- Up-to-date: /home/shiozaki/ros2/install/hello_world_msgs/include/hello_world_msgs
[2.082s] -- Up-to-date: /home/shiozaki/ros2/install/hello_world_msgs/include/hello_world_msgs/action
[2.082s] -- Up-to-date: /home/shiozaki/ros2/install/hello_world_msgs/include/hello_world_msgs/action/fibonacci__rosidl_typesupport_introspection_cpp.hpp
[2.082s] -- Up-to-date: /home/shiozaki/ros2/install/hello_world_msgs/include/hello_world_msgs/action/fibonacci__type_support.cpp
[2.083s] -- Up-to-date: /home/shiozaki/ros2/install/hello_world_msgs/include/hello_world_msgs/srv
[2.083s] -- Up-to-date: /home/shiozaki/ros2/install/hello_world_msgs/include/hello_world_msgs/srv/set_message__rosidl_typesupport_introspection_cpp.hpp
[2.083s] -- Up-to-date: /home/shiozaki/ros2/install/hello_world_msgs/include/hello_world_msgs/srv/set_message__type_support.cpp
[2.083s] -- Up-to-date: /home/shiozaki/ros2/install/hello_world_msgs/lib/libhello_world_msgs__rosidl_typesupport_introspection_cpp.so
[2.083s] -- Up-to-date: /home/shiozaki/ros2/install/hello_world_msgs/include/hello_world_msgs
[2.084s] -- Up-to-date: /home/shiozaki/ros2/install/hello_world_msgs/include/hello_world_msgs/action
[2.084s] -- Up-to-date: /home/shiozaki/ros2/install/hello_world_msgs/include/hello_world_msgs/action/dds_connext
[2.084s] -- Up-to-date: /home/shiozaki/ros2/install/hello_world_msgs/include/hello_world_msgs/action/fibonacci__rosidl_typesupport_connext_c.h
[2.084s] -- Up-to-date: /home/shiozaki/ros2/install/hello_world_msgs/include/hello_world_msgs/srv
[2.085s] -- Up-to-date: /home/shiozaki/ros2/install/hello_world_msgs/include/hello_world_msgs/srv/set_message__rosidl_typesupport_connext_c.h
[2.085s] -- Up-to-date: /home/shiozaki/ros2/install/hello_world_msgs/include/hello_world_msgs/srv/dds_connext
[2.085s] -- Up-to-date: /home/shiozaki/ros2/install/hello_world_msgs/include/hello_world_msgs/msg
[2.085s] -- Up-to-date: /home/shiozaki/ros2/install/hello_world_msgs/include/hello_world_msgs/msg/rosidl_typesupport_connext_c__visibility_control.h
[2.085s] -- Up-to-date: /home/shiozaki/ros2/install/hello_world_msgs/lib/libhello_world_msgs__rosidl_typesupport_connext_c.so
[2.085s] -- Up-to-date: /home/shiozaki/ros2/install/hello_world_msgs/share/hello_world_msgs/srv/dds_connext
[2.086s] -- Up-to-date: /home/shiozaki/ros2/install/hello_world_msgs/share/hello_world_msgs/srv/dds_connext/SetMessage_.idl
[2.086s] -- Up-to-date: /home/shiozaki/ros2/install/hello_world_msgs/share/hello_world_msgs/action/dds_connext
[2.086s] -- Up-to-date: /home/shiozaki/ros2/install/hello_world_msgs/share/hello_world_msgs/action/dds_connext/Fibonacci_.idl
[2.086s] -- Up-to-date: /home/shiozaki/ros2/install/hello_world_msgs/include/hello_world_msgs
[2.087s] -- Up-to-date: /home/shiozaki/ros2/install/hello_world_msgs/include/hello_world_msgs/action
[2.087s] -- Up-to-date: /home/shiozaki/ros2/install/hello_world_msgs/include/hello_world_msgs/action/dds_connext
[2.087s] -- Up-to-date: /home/shiozaki/ros2/install/hello_world_msgs/include/hello_world_msgs/action/dds_connext/Fibonacci_Support.cxx
[2.087s] -- Up-to-date: /home/shiozaki/ros2/install/hello_world_msgs/include/hello_world_msgs/action/dds_connext/Fibonacci_Plugin.h
[2.087s] -- Up-to-date: /home/shiozaki/ros2/install/hello_world_msgs/include/hello_world_msgs/action/dds_connext/Fibonacci_.h
[2.088s] -- Up-to-date: /home/shiozaki/ros2/install/hello_world_msgs/include/hello_world_msgs/action/dds_connext/Fibonacci_.cxx
[2.088s] -- Up-to-date: /home/shiozaki/ros2/install/hello_world_msgs/include/hello_world_msgs/action/dds_connext/Fibonacci_Support.h
[2.088s] -- Up-to-date: /home/shiozaki/ros2/install/hello_world_msgs/include/hello_world_msgs/action/dds_connext/Fibonacci_Plugin.cxx
[2.088s] -- Up-to-date: /home/shiozaki/ros2/install/hello_world_msgs/include/hello_world_msgs/action/fibonacci__rosidl_typesupport_connext_cpp.hpp
[2.088s] -- Up-to-date: /home/shiozaki/ros2/install/hello_world_msgs/include/hello_world_msgs/srv
[2.088s] -- Up-to-date: /home/shiozaki/ros2/install/hello_world_msgs/include/hello_world_msgs/srv/dds_connext
[2.088s] -- Up-to-date: /home/shiozaki/ros2/install/hello_world_msgs/include/hello_world_msgs/srv/dds_connext/SetMessage_.cxx
[2.088s] -- Up-to-date: /home/shiozaki/ros2/install/hello_world_msgs/include/hello_world_msgs/srv/dds_connext/SetMessage_Support.h
[2.089s] -- Up-to-date: /home/shiozaki/ros2/install/hello_world_msgs/include/hello_world_msgs/srv/dds_connext/SetMessage_Plugin.cxx
[2.089s] -- Up-to-date: /home/shiozaki/ros2/install/hello_world_msgs/include/hello_world_msgs/srv/dds_connext/SetMessage_Support.cxx
[2.089s] -- Up-to-date: /home/shiozaki/ros2/install/hello_world_msgs/include/hello_world_msgs/srv/dds_connext/SetMessage_Plugin.h
[2.089s] -- Up-to-date: /home/shiozaki/ros2/install/hello_world_msgs/include/hello_world_msgs/srv/dds_connext/SetMessage_.h
[2.089s] -- Up-to-date: /home/shiozaki/ros2/install/hello_world_msgs/include/hello_world_msgs/srv/set_message__rosidl_typesupport_connext_cpp.hpp
[2.089s] -- Up-to-date: /home/shiozaki/ros2/install/hello_world_msgs/include/hello_world_msgs/msg
[2.090s] -- Up-to-date: /home/shiozaki/ros2/install/hello_world_msgs/include/hello_world_msgs/msg/rosidl_typesupport_connext_cpp__visibility_control.h
[2.090s] -- Up-to-date: /home/shiozaki/ros2/install/hello_world_msgs/lib/libhello_world_msgs__rosidl_typesupport_connext_cpp.so
[2.090s] -- Up-to-date: /home/shiozaki/ros2/install/hello_world_msgs/include/hello_world_msgs
[2.090s] -- Up-to-date: /home/shiozaki/ros2/install/hello_world_msgs/include/hello_world_msgs/action
[2.090s] -- Up-to-date: /home/shiozaki/ros2/install/hello_world_msgs/include/hello_world_msgs/action/fibonacci__rosidl_typesupport_fastrtps_c.h
[2.090s] -- Up-to-date: /home/shiozaki/ros2/install/hello_world_msgs/include/hello_world_msgs/srv
[2.090s] -- Up-to-date: /home/shiozaki/ros2/install/hello_world_msgs/include/hello_world_msgs/srv/set_message__rosidl_typesupport_fastrtps_c.h
[2.091s] -- Up-to-date: /home/shiozaki/ros2/install/hello_world_msgs/include/hello_world_msgs/msg
[2.091s] -- Up-to-date: /home/shiozaki/ros2/install/hello_world_msgs/include/hello_world_msgs/msg/rosidl_typesupport_fastrtps_c__visibility_control.h
[2.091s] -- Up-to-date: /home/shiozaki/ros2/install/hello_world_msgs/lib/libhello_world_msgs__rosidl_typesupport_fastrtps_c.so
[2.091s] -- Up-to-date: /home/shiozaki/ros2/install/hello_world_msgs/include/hello_world_msgs
[2.091s] -- Up-to-date: /home/shiozaki/ros2/install/hello_world_msgs/include/hello_world_msgs/action
[2.091s] -- Up-to-date: /home/shiozaki/ros2/install/hello_world_msgs/include/hello_world_msgs/action/dds_fastrtps
[2.091s] -- Up-to-date: /home/shiozaki/ros2/install/hello_world_msgs/include/hello_world_msgs/action/fibonacci__rosidl_typesupport_fastrtps_cpp.hpp
[2.092s] -- Up-to-date: /home/shiozaki/ros2/install/hello_world_msgs/include/hello_world_msgs/srv
[2.092s] -- Up-to-date: /home/shiozaki/ros2/install/hello_world_msgs/include/hello_world_msgs/srv/set_message__rosidl_typesupport_fastrtps_cpp.hpp
[2.092s] -- Up-to-date: /home/shiozaki/ros2/install/hello_world_msgs/include/hello_world_msgs/srv/dds_fastrtps
[2.092s] -- Up-to-date: /home/shiozaki/ros2/install/hello_world_msgs/include/hello_world_msgs/msg
[2.092s] -- Up-to-date: /home/shiozaki/ros2/install/hello_world_msgs/include/hello_world_msgs/msg/rosidl_typesupport_fastrtps_cpp__visibility_control.h
[2.092s] -- Up-to-date: /home/shiozaki/ros2/install/hello_world_msgs/lib/libhello_world_msgs__rosidl_typesupport_fastrtps_cpp.so
[2.092s] -- Up-to-date: /home/shiozaki/ros2/install/hello_world_msgs/include/hello_world_msgs
[2.093s] -- Up-to-date: /home/shiozaki/ros2/install/hello_world_msgs/include/hello_world_msgs/action
[2.093s] -- Up-to-date: /home/shiozaki/ros2/install/hello_world_msgs/include/hello_world_msgs/action/dds_opensplice_c
[2.093s] -- Up-to-date: /home/shiozaki/ros2/install/hello_world_msgs/include/hello_world_msgs/action/fibonacci__rosidl_typesupport_opensplice_c.h
[2.093s] -- Up-to-date: /home/shiozaki/ros2/install/hello_world_msgs/include/hello_world_msgs/srv
[2.093s] -- Up-to-date: /home/shiozaki/ros2/install/hello_world_msgs/include/hello_world_msgs/srv/dds_opensplice_c
[2.093s] -- Up-to-date: /home/shiozaki/ros2/install/hello_world_msgs/include/hello_world_msgs/srv/set_message__rosidl_typesupport_opensplice_c.h
[2.094s] -- Up-to-date: /home/shiozaki/ros2/install/hello_world_msgs/include/hello_world_msgs/msg
[2.094s] -- Up-to-date: /home/shiozaki/ros2/install/hello_world_msgs/include/hello_world_msgs/msg/rosidl_typesupport_opensplice_c__visibility_control.h
[2.094s] -- Up-to-date: /home/shiozaki/ros2/install/hello_world_msgs/lib/libhello_world_msgs__rosidl_typesupport_opensplice_c.so
[2.094s] -- Up-to-date: /home/shiozaki/ros2/install/hello_world_msgs/share/hello_world_msgs/srv/dds_opensplice
[2.094s] -- Up-to-date: /home/shiozaki/ros2/install/hello_world_msgs/share/hello_world_msgs/srv/dds_opensplice/SetMessage_.idl
[2.094s] -- Up-to-date: /home/shiozaki/ros2/install/hello_world_msgs/share/hello_world_msgs/action/dds_opensplice
[2.094s] -- Up-to-date: /home/shiozaki/ros2/install/hello_world_msgs/share/hello_world_msgs/action/dds_opensplice/Fibonacci_.idl
[2.095s] -- Up-to-date: /home/shiozaki/ros2/install/hello_world_msgs/include/hello_world_msgs
[2.095s] -- Up-to-date: /home/shiozaki/ros2/install/hello_world_msgs/include/hello_world_msgs/action
[2.095s] -- Up-to-date: /home/shiozaki/ros2/install/hello_world_msgs/include/hello_world_msgs/action/fibonacci__rosidl_typesupport_opensplice_cpp.hpp
[2.095s] -- Up-to-date: /home/shiozaki/ros2/install/hello_world_msgs/include/hello_world_msgs/action/dds_opensplice
[2.095s] -- Up-to-date: /home/shiozaki/ros2/install/hello_world_msgs/include/hello_world_msgs/action/dds_opensplice/ccpp_Fibonacci_.h
[2.095s] -- Up-to-date: /home/shiozaki/ros2/install/hello_world_msgs/include/hello_world_msgs/action/dds_opensplice/Fibonacci_SplDcps.h
[2.096s] -- Up-to-date: /home/shiozaki/ros2/install/hello_world_msgs/include/hello_world_msgs/action/dds_opensplice/Fibonacci_.h
[2.096s] -- Up-to-date: /home/shiozaki/ros2/install/hello_world_msgs/include/hello_world_msgs/action/dds_opensplice/Fibonacci_Dcps_impl.h
[2.096s] -- Up-to-date: /home/shiozaki/ros2/install/hello_world_msgs/include/hello_world_msgs/action/dds_opensplice/Fibonacci_Dcps.h
[2.096s] -- Up-to-date: /home/shiozaki/ros2/install/hello_world_msgs/include/hello_world_msgs/srv
[2.096s] -- Up-to-date: /home/shiozaki/ros2/install/hello_world_msgs/include/hello_world_msgs/srv/set_message__rosidl_typesupport_opensplice_cpp.hpp
[2.096s] -- Up-to-date: /home/shiozaki/ros2/install/hello_world_msgs/include/hello_world_msgs/srv/dds_opensplice
[2.096s] -- Up-to-date: /home/shiozaki/ros2/install/hello_world_msgs/include/hello_world_msgs/srv/dds_opensplice/SetMessage_Dcps.h
[2.097s] -- Up-to-date: /home/shiozaki/ros2/install/hello_world_msgs/include/hello_world_msgs/srv/dds_opensplice/ccpp_SetMessage_.h
[2.097s] -- Up-to-date: /home/shiozaki/ros2/install/hello_world_msgs/include/hello_world_msgs/srv/dds_opensplice/SetMessage_Dcps_impl.h
[2.097s] -- Up-to-date: /home/shiozaki/ros2/install/hello_world_msgs/include/hello_world_msgs/srv/dds_opensplice/SetMessage_.h
[2.097s] -- Up-to-date: /home/shiozaki/ros2/install/hello_world_msgs/include/hello_world_msgs/srv/dds_opensplice/SetMessage_SplDcps.h
[2.097s] -- Up-to-date: /home/shiozaki/ros2/install/hello_world_msgs/include/hello_world_msgs/msg
[2.097s] -- Up-to-date: /home/shiozaki/ros2/install/hello_world_msgs/include/hello_world_msgs/msg/rosidl_typesupport_opensplice_cpp__visibility_control.h
[2.097s] -- Up-to-date: /home/shiozaki/ros2/install/hello_world_msgs/lib/libhello_world_msgs__rosidl_typesupport_opensplice_cpp.so
[2.098s] -- Up-to-date: /home/shiozaki/ros2/install/hello_world_msgs/share/hello_world_msgs/environment/pythonpath.sh
[2.098s] -- Up-to-date: /home/shiozaki/ros2/install/hello_world_msgs/lib/python3.6/site-packages/hello_world_msgs/__init__.py
[2.157s] -- Up-to-date: /home/shiozaki/ros2/install/hello_world_msgs/lib/python3.6/site-packages/hello_world_msgs/srv
[2.157s] -- Up-to-date: /home/shiozaki/ros2/install/hello_world_msgs/lib/python3.6/site-packages/hello_world_msgs/srv/_set_message_s.c
[2.157s] -- Up-to-date: /home/shiozaki/ros2/install/hello_world_msgs/lib/python3.6/site-packages/hello_world_msgs/srv/_set_message.py
[2.157s] -- Up-to-date: /home/shiozaki/ros2/install/hello_world_msgs/lib/python3.6/site-packages/hello_world_msgs/srv/__init__.py
[2.157s] -- Up-to-date: /home/shiozaki/ros2/install/hello_world_msgs/lib/python3.6/site-packages/hello_world_msgs/action
[2.157s] -- Up-to-date: /home/shiozaki/ros2/install/hello_world_msgs/lib/python3.6/site-packages/hello_world_msgs/action/_fibonacci.py
[2.158s] -- Up-to-date: /home/shiozaki/ros2/install/hello_world_msgs/lib/python3.6/site-packages/hello_world_msgs/action/__init__.py
[2.158s] -- Up-to-date: /home/shiozaki/ros2/install/hello_world_msgs/lib/python3.6/site-packages/hello_world_msgs/action/_fibonacci_s.c
[2.158s] -- Up-to-date: /home/shiozaki/ros2/install/hello_world_msgs/lib/python3.6/site-packages/hello_world_msgs/hello_world_msgs_s__rosidl_typesupport_c.cpython-36m-x86_64-linux-gnu.so
[2.158s] -- Up-to-date: /home/shiozaki/ros2/install/hello_world_msgs/lib/python3.6/site-packages/hello_world_msgs/hello_world_msgs_s__rosidl_typesupport_connext_c.cpython-36m-x86_64-linux-gnu.so
[2.159s] -- Up-to-date: /home/shiozaki/ros2/install/hello_world_msgs/lib/python3.6/site-packages/hello_world_msgs/hello_world_msgs_s__rosidl_typesupport_introspection_c.cpython-36m-x86_64-linux-gnu.so
[2.161s] -- Up-to-date: /home/shiozaki/ros2/install/hello_world_msgs/lib/python3.6/site-packages/hello_world_msgs/hello_world_msgs_s__rosidl_typesupport_fastrtps_c.cpython-36m-x86_64-linux-gnu.so
[2.162s] -- Up-to-date: /home/shiozaki/ros2/install/hello_world_msgs/lib/python3.6/site-packages/hello_world_msgs/hello_world_msgs_s__rosidl_typesupport_opensplice_c.cpython-36m-x86_64-linux-gnu.so
[2.163s] -- Up-to-date: /home/shiozaki/ros2/install/hello_world_msgs/lib/libhello_world_msgs__python.so
[2.163s] -- Up-to-date: /home/shiozaki/ros2/install/hello_world_msgs/share/hello_world_msgs/srv/SetMessage.idl
[2.163s] -- Up-to-date: /home/shiozaki/ros2/install/hello_world_msgs/share/hello_world_msgs/action/Fibonacci.idl
[2.163s] -- Up-to-date: /home/shiozaki/ros2/install/hello_world_msgs/share/hello_world_msgs/srv/SetMessage.srv
[2.164s] -- Up-to-date: /home/shiozaki/ros2/install/hello_world_msgs/share/hello_world_msgs/srv/SetMessage_Request.msg
[2.164s] -- Up-to-date: /home/shiozaki/ros2/install/hello_world_msgs/share/hello_world_msgs/srv/SetMessage_Response.msg
[2.164s] -- Up-to-date: /home/shiozaki/ros2/install/hello_world_msgs/share/hello_world_msgs/action/Fibonacci.action
[2.164s] -- Up-to-date: /home/shiozaki/ros2/install/hello_world_msgs/share/ament_index/resource_index/package_run_dependencies/hello_world_msgs
[2.164s] -- Up-to-date: /home/shiozaki/ros2/install/hello_world_msgs/share/ament_index/resource_index/parent_prefix_path/hello_world_msgs
[2.165s] -- Up-to-date: /home/shiozaki/ros2/install/hello_world_msgs/share/hello_world_msgs/environment/ament_prefix_path.sh
[2.165s] -- Up-to-date: /home/shiozaki/ros2/install/hello_world_msgs/share/hello_world_msgs/environment/path.sh
[2.165s] -- Up-to-date: /home/shiozaki/ros2/install/hello_world_msgs/share/hello_world_msgs/local_setup.bash
[2.165s] -- Up-to-date: /home/shiozaki/ros2/install/hello_world_msgs/share/hello_world_msgs/local_setup.sh
[2.166s] -- Up-to-date: /home/shiozaki/ros2/install/hello_world_msgs/share/hello_world_msgs/local_setup.zsh
[2.166s] -- Up-to-date: /home/shiozaki/ros2/install/hello_world_msgs/share/ament_index/resource_index/packages/hello_world_msgs
[2.166s] -- Up-to-date: /home/shiozaki/ros2/install/hello_world_msgs/share/hello_world_msgs/cmake/rosidl_cmake-extras.cmake
[2.166s] -- Up-to-date: /home/shiozaki/ros2/install/hello_world_msgs/share/hello_world_msgs/cmake/ament_cmake_export_dependencies-extras.cmake
[2.167s] -- Up-to-date: /home/shiozaki/ros2/install/hello_world_msgs/share/hello_world_msgs/cmake/ament_cmake_export_include_directories-extras.cmake
[2.167s] -- Up-to-date: /home/shiozaki/ros2/install/hello_world_msgs/share/hello_world_msgs/cmake/ament_cmake_export_libraries-extras.cmake
[2.167s] -- Up-to-date: /home/shiozaki/ros2/install/hello_world_msgs/share/hello_world_msgs/cmake/rosidl_cmake_export_typesupport_libraries-extras.cmake
[2.167s] -- Up-to-date: /home/shiozaki/ros2/install/hello_world_msgs/share/hello_world_msgs/cmake/hello_world_msgsConfig.cmake
[2.167s] -- Up-to-date: /home/shiozaki/ros2/install/hello_world_msgs/share/hello_world_msgs/cmake/hello_world_msgsConfig-version.cmake
[2.167s] -- Up-to-date: /home/shiozaki/ros2/install/hello_world_msgs/share/hello_world_msgs/package.xml
[2.177s] Invoked command in '/home/shiozaki/ros2/build/hello_world_msgs' returned '0': CMAKE_PREFIX_PATH=${CMAKE_PREFIX_PATH}:/home/shiozaki/ros2/install/examples_rclpy_topics:/home/shiozaki/ros2/install/examples_rclpy_services:/home/shiozaki/ros2/install/examples_rclpy_minimal_action_server:/opt/ros/dashing /usr/bin/cmake --build /home/shiozaki/ros2/build/hello_world_msgs --target install -- -j4 -l4
