[0.024s] Invoking command in '/home/shiozaki/ros2/build/hello_world': CMAKE_PREFIX_PATH=/home/shiozaki/ros2/install/hello_world_msgs:/home/shiozaki/ros2/install/libcreate:/home/shiozaki/ros2/install/hello_world:/home/shiozaki/ros2/install/fibonacci:/home/shiozaki/ros2/install/examples_rclpy_topics:/home/shiozaki/ros2/install/examples_rclpy_services:/home/shiozaki/ros2/install/examples_rclpy_minimal_action_server:/opt/ros/dashing LD_LIBRARY_PATH=/home/shiozaki/ros2/install/hello_world_msgs/lib:/home/shiozaki/ros2/install/libcreate/lib:/opt/ros/dashing/opt/yaml_cpp_vendor/lib:/opt/ros/dashing/opt/rviz_ogre_vendor/lib:/usr/lib:/opt/rti.com/rti_connext_dds-5.3.1/lib/x64Linux3gcc5.4.0:/opt/ros/dashing/lib /usr/bin/cmake --build /home/shiozaki/ros2/build/hello_world -- -j4 -l4
[0.137s] [ 10%] Built target client_sync
[0.144s] [ 15%] [32mBuilding CXX object CMakeFiles/listener.dir/src/listener.cpp.o[0m
[0.149s] [ 25%] Built target talker_with_service
[0.160s] [ 35%] Built target talker_listener_composition
[0.187s] [35m[1mScanning dependencies of target talker[0m
[0.208s] [ 45%] Built target talker_with_service_param
[0.236s] [ 55%] Built target listener_component
[0.237s] [ 60%] [32mBuilding CXX object CMakeFiles/talker.dir/src/talker.cpp.o[0m
[0.280s] [ 70%] Built target set_and_get_parameters
[0.324s] [ 80%] Built target talker_component
[0.355s] [ 90%] Built target client_async
[1.393s] In file included from [01m[K/opt/ros/dashing/include/rclcpp/client.hpp:39:0[m[K,
[1.393s]                  from [01m[K/opt/ros/dashing/include/rclcpp/callback_group.hpp:23[m[K,
[1.393s]                  from [01m[K/opt/ros/dashing/include/rclcpp/any_executable.hpp:20[m[K,
[1.393s]                  from [01m[K/opt/ros/dashing/include/rclcpp/memory_strategy.hpp:24[m[K,
[1.393s]                  from [01m[K/opt/ros/dashing/include/rclcpp/memory_strategies.hpp:18[m[K,
[1.394s]                  from [01m[K/opt/ros/dashing/include/rclcpp/executor.hpp:33[m[K,
[1.394s]                  from [01m[K/opt/ros/dashing/include/rclcpp/executors/multi_threaded_executor.hpp:24[m[K,
[1.394s]                  from [01m[K/opt/ros/dashing/include/rclcpp/executors.hpp:21[m[K,
[1.394s]                  from [01m[K/opt/ros/dashing/include/rclcpp/rclcpp.hpp:144[m[K,
[1.394s]                  from [01m[K/home/shiozaki/ros2/src/hello_world/src/listener.cpp:19[m[K:
[1.394s] [01m[K/home/shiozaki/ros2/src/hello_world/src/listener.cpp:[m[K In lambda function:
[1.395s] [01m[K/home/shiozaki/ros2/src/hello_world/src/listener.cpp:37:57:[m[K [01;31m[Kerror: [m[K‘[01m[Kusing _data_type = class std::vector<int> {aka class std::vector<int>}[m[K’ has no member named ‘[01m[Kc_str[m[K’
[1.395s]          RCLCPP_INFO(this->get_logger(), "%s", msg->data.[01;31m[Kc[m[K_str());
[1.395s]                                                          [01;31m[K^[m[K
[1.395s] [01m[K/opt/ros/dashing/include/rcutils/logging_macros.h:72:64:[m[K [01;36m[Knote: [m[Kin definition of macro ‘[01m[KRCUTILS_LOG_COND_NAMED[m[K’
[1.395s]        rcutils_log(&__rcutils_logging_location, severity, name, [01;36m[K__VA_ARGS__[m[K); \
[1.395s]                                                                 [01;36m[K^~~~~~~~~~~[m[K
[1.395s] [01m[K/opt/ros/dashing/include/rclcpp/logging.hpp:218:5:[m[K [01;36m[Knote: [m[Kin expansion of macro ‘[01m[KRCUTILS_LOG_INFO_NAMED[m[K’
[1.396s]      [01;36m[KRCUTILS_LOG_INFO_NAMED[m[K( \
[1.396s]      [01;36m[K^~~~~~~~~~~~~~~~~~~~~~[m[K
[1.396s] [01m[K/opt/ros/dashing/include/rclcpp/logging.hpp:221:9:[m[K [01;36m[Knote: [m[Kin expansion of macro ‘[01m[KRCLCPP_ALL_BUT_FIRST_ARGS[m[K’
[1.396s]          [01;36m[KRCLCPP_ALL_BUT_FIRST_ARGS[m[K(__VA_ARGS__,"")); \
[1.396s]          [01;36m[K^~~~~~~~~~~~~~~~~~~~~~~~~[m[K
[1.396s] [01m[K/home/shiozaki/ros2/src/hello_world/src/listener.cpp:37:9:[m[K [01;36m[Knote: [m[Kin expansion of macro ‘[01m[KRCLCPP_INFO[m[K’
[1.396s]          [01;36m[KRCLCPP_INFO[m[K(this->get_logger(), "%s", msg->data.c_str());
[1.397s]          [01;36m[K^~~~~~~~~~~[m[K
[2.122s] CMakeFiles/listener.dir/build.make:62: recipe for target 'CMakeFiles/listener.dir/src/listener.cpp.o' failed
[2.123s] make[2]: *** [CMakeFiles/listener.dir/src/listener.cpp.o] Error 1
[2.123s] CMakeFiles/Makefile2:67: recipe for target 'CMakeFiles/listener.dir/all' failed
[2.123s] make[1]: *** [CMakeFiles/listener.dir/all] Error 2
[2.123s] make[1]: *** 未完了のジョブを待っています....
[2.904s] [ 95%] [32m[1mLinking CXX executable talker[0m
[3.097s] [ 95%] Built target talker
[3.098s] Makefile:140: recipe for target 'all' failed
[3.098s] make: *** [all] Error 2
[3.100s] Invoked command in '/home/shiozaki/ros2/build/hello_world' returned '2': CMAKE_PREFIX_PATH=/home/shiozaki/ros2/install/hello_world_msgs:/home/shiozaki/ros2/install/libcreate:/home/shiozaki/ros2/install/hello_world:/home/shiozaki/ros2/install/fibonacci:/home/shiozaki/ros2/install/examples_rclpy_topics:/home/shiozaki/ros2/install/examples_rclpy_services:/home/shiozaki/ros2/install/examples_rclpy_minimal_action_server:/opt/ros/dashing LD_LIBRARY_PATH=/home/shiozaki/ros2/install/hello_world_msgs/lib:/home/shiozaki/ros2/install/libcreate/lib:/opt/ros/dashing/opt/yaml_cpp_vendor/lib:/opt/ros/dashing/opt/rviz_ogre_vendor/lib:/usr/lib:/opt/rti.com/rti_connext_dds-5.3.1/lib/x64Linux3gcc5.4.0:/opt/ros/dashing/lib /usr/bin/cmake --build /home/shiozaki/ros2/build/hello_world -- -j4 -l4
