[0.070s] Invoking command in '/home/shiozaki/ros2/build/libcreate': CMAKE_PREFIX_PATH=${CMAKE_PREFIX_PATH}:/home/shiozaki/ros2/install/examples_rclpy_topics:/home/shiozaki/ros2/install/examples_rclpy_services:/home/shiozaki/ros2/install/examples_rclpy_minimal_action_server:/opt/ros/dashing /usr/bin/cmake --build /home/shiozaki/ros2/build/libcreate -- -j4 -l4
[0.213s] [ 36%] Built target create
[0.260s] [ 45%] Built target play_song
[0.269s] [ 54%] Built target packets
[0.272s] [ 63%] Built target battery_level
[0.285s] [ 72%] Built target wheeldrop
[0.314s] [ 81%] Built target drive_circle
[0.318s] [100%] Built target bumpers
[0.318s] [100%] Built target leds
[0.332s] Invoked command in '/home/shiozaki/ros2/build/libcreate' returned '0': CMAKE_PREFIX_PATH=${CMAKE_PREFIX_PATH}:/home/shiozaki/ros2/install/examples_rclpy_topics:/home/shiozaki/ros2/install/examples_rclpy_services:/home/shiozaki/ros2/install/examples_rclpy_minimal_action_server:/opt/ros/dashing /usr/bin/cmake --build /home/shiozaki/ros2/build/libcreate -- -j4 -l4
[0.441s] Invoking command in '/home/shiozaki/ros2/build/libcreate': CMAKE_PREFIX_PATH=${CMAKE_PREFIX_PATH}:/home/shiozaki/ros2/install/examples_rclpy_topics:/home/shiozaki/ros2/install/examples_rclpy_services:/home/shiozaki/ros2/install/examples_rclpy_minimal_action_server:/opt/ros/dashing /usr/bin/cmake --build /home/shiozaki/ros2/build/libcreate --target install -- -j4 -l4
[0.519s] [ 36%] Built target create
[0.562s] [ 45%] Built target packets
[0.570s] [ 54%] Built target battery_level
[0.578s] [ 63%] Built target play_song
[0.582s] [ 72%] Built target wheeldrop
[0.614s] [ 81%] Built target drive_circle
[0.624s] [ 90%] Built target leds
[0.628s] [100%] Built target bumpers
[0.662s] [36mInstall the project...[0m
[0.677s] -- Install configuration: ""
[0.677s] -- Up-to-date: /home/shiozaki/ros2/install/libcreate/lib/libcreate.so
[0.677s] -- Up-to-date: /home/shiozaki/ros2/install/libcreate/include
[0.678s] -- Up-to-date: /home/shiozaki/ros2/install/libcreate/include/create
[0.678s] -- Up-to-date: /home/shiozaki/ros2/install/libcreate/include/create/serial_stream.h
[0.679s] -- Up-to-date: /home/shiozaki/ros2/install/libcreate/include/create/types.h
[0.680s] -- Up-to-date: /home/shiozaki/ros2/install/libcreate/include/create/util.h
[0.681s] -- Up-to-date: /home/shiozaki/ros2/install/libcreate/include/create/data.h
[0.681s] -- Up-to-date: /home/shiozaki/ros2/install/libcreate/include/create/create.h
[0.681s] -- Up-to-date: /home/shiozaki/ros2/install/libcreate/include/create/serial.h
[0.681s] -- Up-to-date: /home/shiozaki/ros2/install/libcreate/include/create/serial_query.h
[0.682s] -- Up-to-date: /home/shiozaki/ros2/install/libcreate/include/create/packet.h
[0.682s] -- Up-to-date: /home/shiozaki/ros2/install/libcreate/lib/cmake/libcreate/libcreate-config.cmake
[0.682s] -- Up-to-date: /home/shiozaki/ros2/install/libcreate/lib/cmake/libcreate/libcreate-config-version.cmake
[0.682s] -- Up-to-date: /home/shiozaki/ros2/install/libcreate/lib/cmake/libcreate/libcreate-targets.cmake
[0.682s] -- Up-to-date: /home/shiozaki/ros2/install/libcreate/lib/cmake/libcreate/libcreate-targets-noconfig.cmake
[0.682s] -- Up-to-date: /home/shiozaki/ros2/install/libcreate/share/libcreate/package.xml
[0.690s] Invoked command in '/home/shiozaki/ros2/build/libcreate' returned '0': CMAKE_PREFIX_PATH=${CMAKE_PREFIX_PATH}:/home/shiozaki/ros2/install/examples_rclpy_topics:/home/shiozaki/ros2/install/examples_rclpy_services:/home/shiozaki/ros2/install/examples_rclpy_minimal_action_server:/opt/ros/dashing /usr/bin/cmake --build /home/shiozaki/ros2/build/libcreate --target install -- -j4 -l4
