[ 10%] Built target talker_listener_composition
[ 20%] Built target client_sync
[ 30%] Built target listener
[35m[1mScanning dependencies of target talker[0m
[ 40%] Built target talker_with_service
[ 50%] Built target talker_with_service_param
[ 55%] [32mBuilding CXX object CMakeFiles/talker.dir/src/talker.cpp.o[0m
[ 65%] Built target listener_component
[ 75%] Built target set_and_get_parameters
[ 85%] Built target talker_component
[ 95%] Built target client_async
[01m[K/home/shiozaki/ros2/src/hello_world/src/talker.cpp:[m[K In constructor ‘[01m[KTalker::Talker(const string&)[m[K’:
[01m[K/home/shiozaki/ros2/src/hello_world/src/talker.cpp:32:5:[m[K [01;31m[Kerror: [m[K‘[01m[Kmsg[m[K’ was not declared in this scope
     [01;31m[Kmsg[m[K->data = "Hello world!";
     [01;31m[K^~~[m[K
[01m[K/home/shiozaki/ros2/src/hello_world/src/talker.cpp:32:5:[m[K [01;36m[Knote: [m[Ksuggested alternatives:
In file included from [01m[K/opt/ros/dashing/include/rcl_interfaces/msg/intra_process_message.hpp:7:0[m[K,
                 from [01m[K/opt/ros/dashing/include/rclcpp/publisher.hpp:31[m[K,
                 from [01m[K/opt/ros/dashing/include/rclcpp/callback_group.hpp:24[m[K,
                 from [01m[K/opt/ros/dashing/include/rclcpp/any_executable.hpp:20[m[K,
                 from [01m[K/opt/ros/dashing/include/rclcpp/memory_strategy.hpp:24[m[K,
                 from [01m[K/opt/ros/dashing/include/rclcpp/memory_strategies.hpp:18[m[K,
                 from [01m[K/opt/ros/dashing/include/rclcpp/executor.hpp:33[m[K,
                 from [01m[K/opt/ros/dashing/include/rclcpp/executors/multi_threaded_executor.hpp:24[m[K,
                 from [01m[K/opt/ros/dashing/include/rclcpp/executors.hpp:21[m[K,
                 from [01m[K/opt/ros/dashing/include/rclcpp/rclcpp.hpp:144[m[K,
                 from [01m[K/home/shiozaki/ros2/src/hello_world/src/talker.cpp:19[m[K:
[01m[K/opt/ros/dashing/include/rcl_interfaces/msg/intra_process_message__struct.hpp:36:11:[m[K [01;36m[Knote: [m[K  ‘[01m[Krcl_interfaces::msg[m[K’
 namespace [01;36m[Kmsg[m[K
           [01;36m[K^~~[m[K
In file included from [01m[K/opt/ros/dashing/include/builtin_interfaces/msg/time.hpp:7:0[m[K,
                 from [01m[K/opt/ros/dashing/include/rclcpp/time.hpp:18[m[K,
                 from [01m[K/opt/ros/dashing/include/rclcpp/clock.hpp:21[m[K,
                 from [01m[K/opt/ros/dashing/include/rclcpp/timer.hpp:26[m[K,
                 from [01m[K/opt/ros/dashing/include/rclcpp/callback_group.hpp:27[m[K,
                 from [01m[K/opt/ros/dashing/include/rclcpp/any_executable.hpp:20[m[K,
                 from [01m[K/opt/ros/dashing/include/rclcpp/memory_strategy.hpp:24[m[K,
                 from [01m[K/opt/ros/dashing/include/rclcpp/memory_strategies.hpp:18[m[K,
                 from [01m[K/opt/ros/dashing/include/rclcpp/executor.hpp:33[m[K,
                 from [01m[K/opt/ros/dashing/include/rclcpp/executors/multi_threaded_executor.hpp:24[m[K,
                 from [01m[K/opt/ros/dashing/include/rclcpp/executors.hpp:21[m[K,
                 from [01m[K/opt/ros/dashing/include/rclcpp/rclcpp.hpp:144[m[K,
                 from [01m[K/home/shiozaki/ros2/src/hello_world/src/talker.cpp:19[m[K:
[01m[K/opt/ros/dashing/include/builtin_interfaces/msg/time__struct.hpp:36:11:[m[K [01;36m[Knote: [m[K  ‘[01m[Kbuiltin_interfaces::msg[m[K’
 namespace [01;36m[Kmsg[m[K
           [01;36m[K^~~[m[K
In file included from [01m[K/opt/ros/dashing/include/std_msgs/msg/string.hpp:7:0[m[K,
                 from [01m[K/home/shiozaki/ros2/src/hello_world/src/talker.cpp:20[m[K:
[01m[K/opt/ros/dashing/include/std_msgs/msg/string__struct.hpp:36:11:[m[K [01;36m[Knote: [m[K  ‘[01m[Kstd_msgs::msg[m[K’
 namespace [01;36m[Kmsg[m[K
           [01;36m[K^~~[m[K
[01m[K/home/shiozaki/ros2/src/hello_world/src/talker.cpp:[m[K In lambda function:
[01m[K/home/shiozaki/ros2/src/hello_world/src/talker.cpp:43:38:[m[K [01;35m[Kwarning: [m[K‘[01m[Kvoid rclcpp::Publisher<MessageT, Alloc>::publish(const std::shared_ptr<const _Tp>&) [with MessageT = std_msgs::msg::String_<std::allocator<void> >; Alloc = std::allocator<void>][m[K’ is deprecated: publishing an unique_ptr is prefered when using intra process communication. If using a shared_ptr, use publish(*msg). [[01;35m[K-Wdeprecated-declarations[m[K]
         pub_->publish(std::move(msg_)[01;35m[K)[m[K;
                                      [01;35m[K^[m[K
In file included from [01m[K/opt/ros/dashing/include/rclcpp/callback_group.hpp:24:0[m[K,
                 from [01m[K/opt/ros/dashing/include/rclcpp/any_executable.hpp:20[m[K,
                 from [01m[K/opt/ros/dashing/include/rclcpp/memory_strategy.hpp:24[m[K,
                 from [01m[K/opt/ros/dashing/include/rclcpp/memory_strategies.hpp:18[m[K,
                 from [01m[K/opt/ros/dashing/include/rclcpp/executor.hpp:33[m[K,
                 from [01m[K/opt/ros/dashing/include/rclcpp/executors/multi_threaded_executor.hpp:24[m[K,
                 from [01m[K/opt/ros/dashing/include/rclcpp/executors.hpp:21[m[K,
                 from [01m[K/opt/ros/dashing/include/rclcpp/rclcpp.hpp:144[m[K,
                 from [01m[K/home/shiozaki/ros2/src/hello_world/src/talker.cpp:19[m[K:
[01m[K/opt/ros/dashing/include/rclcpp/publisher.hpp:137:3:[m[K [01;36m[Knote: [m[Kdeclared here
   [01;36m[Kpublish[m[K(const std::shared_ptr<const MessageT> & msg)
   [01;36m[K^~~~~~~[m[K
[01m[K/home/shiozaki/ros2/src/hello_world/src/talker.cpp:[m[K In constructor ‘[01m[KTalker::Talker(const string&)[m[K’:
[01m[K/home/shiozaki/ros2/src/hello_world/src/talker.cpp:49:62:[m[K [01;35m[Kwarning: [m[K‘[01m[Kstd::shared_ptr<PublisherT> rclcpp::Node::create_publisher(const string&, const rmw_qos_profile_t&, std::shared_ptr<_Up>) [with MessageT = std_msgs::msg::String_<std::allocator<void> >; AllocatorT = std::allocator<void>; PublisherT = rclcpp::Publisher<std_msgs::msg::String_<std::allocator<void> > >; std::__cxx11::string = std::__cxx11::basic_string<char>; rmw_qos_profile_t = rmw_qos_profile_t][m[K’ is deprecated: use create_publisher(const std::string &, const rclcpp::QoS &, ...) instead [[01;35m[K-Wdeprecated-declarations[m[K]
     pub_ = create_publisher<std_msgs::msg::String>(topic_name[01;35m[K)[m[K;
                                                              [01;35m[K^[m[K
In file included from [01m[K/opt/ros/dashing/include/rclcpp/node.hpp:1206:0[m[K,
                 from [01m[K/opt/ros/dashing/include/rclcpp/executors/single_threaded_executor.hpp:28[m[K,
                 from [01m[K/opt/ros/dashing/include/rclcpp/executors.hpp:22[m[K,
                 from [01m[K/opt/ros/dashing/include/rclcpp/rclcpp.hpp:144[m[K,
                 from [01m[K/home/shiozaki/ros2/src/hello_world/src/talker.cpp:19[m[K:
[01m[K/opt/ros/dashing/include/rclcpp/node_impl.hpp:96:1:[m[K [01;36m[Knote: [m[Kdeclared here
 [01;36m[KNode[m[K::create_publisher(
 [01;36m[K^~~~[m[K
CMakeFiles/talker.dir/build.make:62: recipe for target 'CMakeFiles/talker.dir/src/talker.cpp.o' failed
make[2]: *** [CMakeFiles/talker.dir/src/talker.cpp.o] Error 1
CMakeFiles/Makefile2:284: recipe for target 'CMakeFiles/talker.dir/all' failed
make[1]: *** [CMakeFiles/talker.dir/all] Error 2
Makefile:140: recipe for target 'all' failed
make: *** [all] Error 2
