-- Found ament_cmake: 0.7.4 (/opt/ros/dashing/share/ament_cmake/cmake)
-- Using PYTHON_EXECUTABLE: /usr/bin/python3
-- Found rclcpp: 0.7.13 (/opt/ros/dashing/share/rclcpp/cmake)
-- Found rosidl_adapter: 0.7.9 (/opt/ros/dashing/share/rosidl_adapter/cmake)
-- Found rmw_implementation_cmake: 0.7.2 (/opt/ros/dashing/share/rmw_implementation_cmake/cmake)
-- Using RMW implementation 'rmw_fastrtps_cpp' as default
-- Found rclcpp_components: 0.7.13 (/opt/ros/dashing/share/rclcpp_components/cmake)
-- Found poco_vendor:  (/opt/ros/dashing/share/poco_vendor/cmake)
-- Found hello_world_msgs: 0.1.0 (/home/shiozaki/ros2/install/hello_world_msgs/share/hello_world_msgs/cmake)
-- Configuring done
-- Generating done
-- Build files have been written to: /home/shiozaki/ros2/build/hello_world
[35m[1mScanning dependencies of target listener[0m
[ 10%] Built target client_sync
[ 20%] Built target talker_with_service
[ 30%] Built target talker_listener_composition
[ 35%] [32mBuilding CXX object CMakeFiles/listener.dir/src/listener.cpp.o[0m
[35m[1mScanning dependencies of target talker[0m
[ 45%] Built target talker_with_service_param
[ 55%] Built target listener_component
[ 60%] [32mBuilding CXX object CMakeFiles/talker.dir/src/talker.cpp.o[0m
[ 70%] Built target set_and_get_parameters
[ 80%] Built target talker_component
[ 90%] Built target client_async
[01m[K/home/shiozaki/ros2/src/hello_world/src/talker.cpp:55:29:[m[K [01;31m[Kerror: [m[K‘[01m[Kmsgs[m[K’ is not a member of ‘[01m[Kstd_msgs[m[K’
   std::shared_ptr<std_msgs::[01;31m[Kmsgs[m[K::String> msg_;
                             [01;31m[K^~~~[m[K
[01m[K/home/shiozaki/ros2/src/hello_world/src/talker.cpp:55:29:[m[K [01;31m[Kerror: [m[K‘[01m[Kmsgs[m[K’ is not a member of ‘[01m[Kstd_msgs[m[K’
[01m[K/home/shiozaki/ros2/src/hello_world/src/talker.cpp:55:41:[m[K [01;31m[Kerror: [m[Ktemplate argument 1 is invalid
   std::shared_ptr<std_msgs::msgs::String[01;31m[K>[m[K msg_;
                                         [01;31m[K^[m[K
[01m[K/home/shiozaki/ros2/src/hello_world/src/talker.cpp:[m[K In constructor ‘[01m[KTalker::Talker(const string&)[m[K’:
[01m[K/home/shiozaki/ros2/src/hello_world/src/talker.cpp:31:52:[m[K [01;31m[Kerror: [m[Kcannot convert ‘[01m[Kstd::shared_ptr<std_msgs::msg::String_<std::allocator<void> > >[m[K’ to ‘[01m[Kint[m[K’ in assignment
     msg_ = std::make_shared<std_msgs::msg::String>([01;31m[K)[m[K;
                                                    [01;31m[K^[m[K
[01m[K/home/shiozaki/ros2/src/hello_world/src/talker.cpp:32:5:[m[K [01;31m[Kerror: [m[K‘[01m[Kmsg[m[K’ was not declared in this scope
     [01;31m[Kmsg[m[K->data = "Hello world!";
     [01;31m[K^~~[m[K
[01m[K/home/shiozaki/ros2/src/hello_world/src/talker.cpp:32:5:[m[K [01;36m[Knote: [m[Ksuggested alternatives:
In file included from [01m[K/opt/ros/dashing/include/rcl_interfaces/msg/intra_process_message.hpp:7:0[m[K,
                 from [01m[K/opt/ros/dashing/include/rclcpp/publisher.hpp:31[m[K,
                 from [01m[K/opt/ros/dashing/include/rclcpp/callback_group.hpp:24[m[K,
                 from [01m[K/opt/ros/dashing/include/rclcpp/any_executable.hpp:20[m[K,
                 from [01m[K/opt/ros/dashing/include/rclcpp/memory_strategy.hpp:24[m[K,
                 from [01m[K/opt/ros/dashing/include/rclcpp/memory_strategies.hpp:18[m[K,
                 from [01m[K/opt/ros/dashing/include/rclcpp/executor.hpp:33[m[K,
                 from [01m[K/opt/ros/dashing/include/rclcpp/executors/multi_threaded_executor.hpp:24[m[K,
                 from [01m[K/opt/ros/dashing/include/rclcpp/executors.hpp:21[m[K,
                 from [01m[K/opt/ros/dashing/include/rclcpp/rclcpp.hpp:144[m[K,
                 from [01m[K/home/shiozaki/ros2/src/hello_world/src/talker.cpp:19[m[K:
[01m[K/opt/ros/dashing/include/rcl_interfaces/msg/intra_process_message__struct.hpp:36:11:[m[K [01;36m[Knote: [m[K  ‘[01m[Krcl_interfaces::msg[m[K’
 namespace [01;36m[Kmsg[m[K
           [01;36m[K^~~[m[K
In file included from [01m[K/opt/ros/dashing/include/builtin_interfaces/msg/time.hpp:7:0[m[K,
                 from [01m[K/opt/ros/dashing/include/rclcpp/time.hpp:18[m[K,
                 from [01m[K/opt/ros/dashing/include/rclcpp/clock.hpp:21[m[K,
                 from [01m[K/opt/ros/dashing/include/rclcpp/timer.hpp:26[m[K,
                 from [01m[K/opt/ros/dashing/include/rclcpp/callback_group.hpp:27[m[K,
                 from [01m[K/opt/ros/dashing/include/rclcpp/any_executable.hpp:20[m[K,
                 from [01m[K/opt/ros/dashing/include/rclcpp/memory_strategy.hpp:24[m[K,
                 from [01m[K/opt/ros/dashing/include/rclcpp/memory_strategies.hpp:18[m[K,
                 from [01m[K/opt/ros/dashing/include/rclcpp/executor.hpp:33[m[K,
                 from [01m[K/opt/ros/dashing/include/rclcpp/executors/multi_threaded_executor.hpp:24[m[K,
                 from [01m[K/opt/ros/dashing/include/rclcpp/executors.hpp:21[m[K,
                 from [01m[K/opt/ros/dashing/include/rclcpp/rclcpp.hpp:144[m[K,
                 from [01m[K/home/shiozaki/ros2/src/hello_world/src/talker.cpp:19[m[K:
[01m[K/opt/ros/dashing/include/builtin_interfaces/msg/time__struct.hpp:36:11:[m[K [01;36m[Knote: [m[K  ‘[01m[Kbuiltin_interfaces::msg[m[K’
 namespace [01;36m[Kmsg[m[K
           [01;36m[K^~~[m[K
In file included from [01m[K/opt/ros/dashing/include/std_msgs/msg/string.hpp:7:0[m[K,
                 from [01m[K/home/shiozaki/ros2/src/hello_world/src/talker.cpp:20[m[K:
[01m[K/opt/ros/dashing/include/std_msgs/msg/string__struct.hpp:36:11:[m[K [01;36m[Knote: [m[K  ‘[01m[Kstd_msgs::msg[m[K’
 namespace [01;36m[Kmsg[m[K
           [01;36m[K^~~[m[K
In file included from [01m[K/opt/ros/dashing/include/rclcpp/client.hpp:39:0[m[K,
                 from [01m[K/opt/ros/dashing/include/rclcpp/callback_group.hpp:23[m[K,
                 from [01m[K/opt/ros/dashing/include/rclcpp/any_executable.hpp:20[m[K,
                 from [01m[K/opt/ros/dashing/include/rclcpp/memory_strategy.hpp:24[m[K,
                 from [01m[K/opt/ros/dashing/include/rclcpp/memory_strategies.hpp:18[m[K,
                 from [01m[K/opt/ros/dashing/include/rclcpp/executor.hpp:33[m[K,
                 from [01m[K/opt/ros/dashing/include/rclcpp/executors/multi_threaded_executor.hpp:24[m[K,
                 from [01m[K/opt/ros/dashing/include/rclcpp/executors.hpp:21[m[K,
                 from [01m[K/opt/ros/dashing/include/rclcpp/rclcpp.hpp:144[m[K,
                 from [01m[K/home/shiozaki/ros2/src/hello_world/src/talker.cpp:19[m[K:
[01m[K/home/shiozaki/ros2/src/hello_world/src/talker.cpp:[m[K In lambda function:
[01m[K/home/shiozaki/ros2/src/hello_world/src/talker.cpp:42:51:[m[K [01;31m[Kerror: [m[Kbase operand of ‘[01m[K->[m[K’ is not a pointer
         RCLCPP_INFO(this->get_logger(), "%s", msg_[01;31m[K-[m[K>data.c_str());
                                                   [01;31m[K^[m[K
[01m[K/opt/ros/dashing/include/rcutils/logging_macros.h:72:64:[m[K [01;36m[Knote: [m[Kin definition of macro ‘[01m[KRCUTILS_LOG_COND_NAMED[m[K’
       rcutils_log(&__rcutils_logging_location, severity, name, [01;36m[K__VA_ARGS__[m[K); \
                                                                [01;36m[K^~~~~~~~~~~[m[K
[01m[K/opt/ros/dashing/include/rclcpp/logging.hpp:218:5:[m[K [01;36m[Knote: [m[Kin expansion of macro ‘[01m[KRCUTILS_LOG_INFO_NAMED[m[K’
     [01;36m[KRCUTILS_LOG_INFO_NAMED[m[K( \
     [01;36m[K^~~~~~~~~~~~~~~~~~~~~~[m[K
[01m[K/opt/ros/dashing/include/rclcpp/logging.hpp:221:9:[m[K [01;36m[Knote: [m[Kin expansion of macro ‘[01m[KRCLCPP_ALL_BUT_FIRST_ARGS[m[K’
         [01;36m[KRCLCPP_ALL_BUT_FIRST_ARGS[m[K(__VA_ARGS__,"")); \
         [01;36m[K^~~~~~~~~~~~~~~~~~~~~~~~~[m[K
[01m[K/home/shiozaki/ros2/src/hello_world/src/talker.cpp:42:9:[m[K [01;36m[Knote: [m[Kin expansion of macro ‘[01m[KRCLCPP_INFO[m[K’
         [01;36m[KRCLCPP_INFO[m[K(this->get_logger(), "%s", msg_->data.c_str());
         [01;36m[K^~~~~~~~~~~[m[K
[01m[K/home/shiozaki/ros2/src/hello_world/src/listener.cpp:[m[K In constructor ‘[01m[KListener::Listener(const string&)[m[K’:
[01m[K/home/shiozaki/ros2/src/hello_world/src/listener.cpp:38:27:[m[K [01;35m[Kwarning: [m[K‘[01m[Kstd::shared_ptr<SubscriptionT> rclcpp::Node::create_subscription(const string&, CallbackT&&, const rmw_qos_profile_t&, rclcpp::callback_group::CallbackGroup::SharedPtr, bool, typename rclcpp::message_memory_strategy::MessageMemoryStrategy<typename rclcpp::subscription_traits::has_message_type<CallbackT>::type, AllocatorT>::SharedPtr, std::shared_ptr<PublisherT>) [with MessageT = std_msgs::msg::String_<std::allocator<void> >; CallbackT = Listener::Listener(const string&)::<lambda(std_msgs::msg::String_<std::allocator<void> >::SharedPtr)>&; Alloc = std::allocator<void>; SubscriptionT = rclcpp::Subscription<std_msgs::msg::String_<std::allocator<void> > >; std::__cxx11::string = std::__cxx11::basic_string<char>; rmw_qos_profile_t = rmw_qos_profile_t; rclcpp::callback_group::CallbackGroup::SharedPtr = std::shared_ptr<rclcpp::callback_group::CallbackGroup>; typename rclcpp::message_memory_strategy::MessageMemoryStrategy<typename rclcpp::subscription_traits::has_message_type<CallbackT>::type, AllocatorT>::SharedPtr = std::shared_ptr<rclcpp::message_memory_strategy::MessageMemoryStrategy<std_msgs::msg::String_<std::allocator<void> >, std::allocator<void> > >][m[K’ is deprecated: use create_subscription(const std::string &, const rclcpp::QoS &, CallbackT, ...) instead [[01;35m[K-Wdeprecated-declarations[m[K]
       topic_name, callback[01;35m[K)[m[K;
                           [01;35m[K^[m[K
In file included from [01m[K/opt/ros/dashing/include/rclcpp/node.hpp:1206:0[m[K,
                 from [01m[K/opt/ros/dashing/include/rclcpp/executors/single_threaded_executor.hpp:28[m[K,
                 from [01m[K/opt/ros/dashing/include/rclcpp/executors.hpp:22[m[K,
                 from [01m[K/opt/ros/dashing/include/rclcpp/rclcpp.hpp:144[m[K,
                 from [01m[K/home/shiozaki/ros2/src/hello_world/src/listener.cpp:18[m[K:
[01m[K/opt/ros/dashing/include/rclcpp/node_impl.hpp:139:1:[m[K [01;36m[Knote: [m[Kdeclared here
 [01;36m[KNode[m[K::create_subscription(
 [01;36m[K^~~~[m[K
[01m[K/home/shiozaki/ros2/src/hello_world/src/talker.cpp:43:38:[m[K [01;31m[Kerror: [m[Kno matching function for call to ‘[01m[Kpublish(std::remove_reference<int&>::type)[m[K’
         pub_->publish(std::move(msg_)[01;31m[K)[m[K;
                                      [01;31m[K^[m[K
In file included from [01m[K/opt/ros/dashing/include/rclcpp/callback_group.hpp:24:0[m[K,
                 from [01m[K/opt/ros/dashing/include/rclcpp/any_executable.hpp:20[m[K,
                 from [01m[K/opt/ros/dashing/include/rclcpp/memory_strategy.hpp:24[m[K,
                 from [01m[K/opt/ros/dashing/include/rclcpp/memory_strategies.hpp:18[m[K,
                 from [01m[K/opt/ros/dashing/include/rclcpp/executor.hpp:33[m[K,
                 from [01m[K/opt/ros/dashing/include/rclcpp/executors/multi_threaded_executor.hpp:24[m[K,
                 from [01m[K/opt/ros/dashing/include/rclcpp/executors.hpp:21[m[K,
                 from [01m[K/opt/ros/dashing/include/rclcpp/rclcpp.hpp:144[m[K,
                 from [01m[K/home/shiozaki/ros2/src/hello_world/src/talker.cpp:19[m[K:
[01m[K/opt/ros/dashing/include/rclcpp/publisher.hpp:165:3:[m[K [01;36m[Knote: [m[Kcandidate: void rclcpp::Publisher<MessageT, Alloc>::publish(const MessageT*) [with MessageT = std_msgs::msg::String_<std::allocator<void> >; Alloc = std::allocator<void>] <near match>
   [01;36m[Kpublish[m[K(const MessageT * msg)
   [01;36m[K^~~~~~~[m[K
[01m[K/opt/ros/dashing/include/rclcpp/publisher.hpp:165:3:[m[K [01;36m[Knote: [m[K  conversion of argument 1 would be ill-formed:
[01m[K/home/shiozaki/ros2/src/hello_world/src/talker.cpp:43:32:[m[K [01;31m[Kerror: [m[Kinvalid conversion from ‘[01m[Kstd::remove_reference<int&>::type {aka int}[m[K’ to ‘[01m[Kconst std_msgs::msg::String_<std::allocator<void> >*[m[K’ [[01;31m[K-fpermissive[m[K]
         pub_->publish([01;31m[Kstd::move(msg_)[m[K);
                       [01;31m[K~~~~~~~~~^~~~~~[m[K
In file included from [01m[K/opt/ros/dashing/include/rclcpp/callback_group.hpp:24:0[m[K,
                 from [01m[K/opt/ros/dashing/include/rclcpp/any_executable.hpp:20[m[K,
                 from [01m[K/opt/ros/dashing/include/rclcpp/memory_strategy.hpp:24[m[K,
                 from [01m[K/opt/ros/dashing/include/rclcpp/memory_strategies.hpp:18[m[K,
                 from [01m[K/opt/ros/dashing/include/rclcpp/executor.hpp:33[m[K,
                 from [01m[K/opt/ros/dashing/include/rclcpp/executors/multi_threaded_executor.hpp:24[m[K,
                 from [01m[K/opt/ros/dashing/include/rclcpp/executors.hpp:21[m[K,
                 from [01m[K/opt/ros/dashing/include/rclcpp/rclcpp.hpp:144[m[K,
                 from [01m[K/home/shiozaki/ros2/src/hello_world/src/talker.cpp:19[m[K:
[01m[K/opt/ros/dashing/include/rclcpp/publisher.hpp:185:3:[m[K [01;36m[Knote: [m[Kcandidate: void rclcpp::Publisher<MessageT, Alloc>::publish(const rcl_serialized_message_t*) [with MessageT = std_msgs::msg::String_<std::allocator<void> >; Alloc = std::allocator<void>; rcl_serialized_message_t = rcutils_uint8_array_t] <near match>
   [01;36m[Kpublish[m[K(const rcl_serialized_message_t * serialized_msg)
   [01;36m[K^~~~~~~[m[K
[01m[K/opt/ros/dashing/include/rclcpp/publisher.hpp:185:3:[m[K [01;36m[Knote: [m[K  conversion of argument 1 would be ill-formed:
[01m[K/home/shiozaki/ros2/src/hello_world/src/talker.cpp:43:32:[m[K [01;31m[Kerror: [m[Kinvalid conversion from ‘[01m[Kstd::remove_reference<int&>::type {aka int}[m[K’ to ‘[01m[Kconst rcl_serialized_message_t* {aka const rcutils_uint8_array_t*}[m[K’ [[01;31m[K-fpermissive[m[K]
         pub_->publish([01;31m[Kstd::move(msg_)[m[K);
                       [01;31m[K~~~~~~~~~^~~~~~[m[K
[01m[K/home/shiozaki/ros2/src/hello_world/src/talker.cpp:[m[K In constructor ‘[01m[KTalker::Talker(const string&)[m[K’:
[01m[K/home/shiozaki/ros2/src/hello_world/src/talker.cpp:49:62:[m[K [01;35m[Kwarning: [m[K‘[01m[Kstd::shared_ptr<PublisherT> rclcpp::Node::create_publisher(const string&, const rmw_qos_profile_t&, std::shared_ptr<_Up>) [with MessageT = std_msgs::msg::String_<std::allocator<void> >; AllocatorT = std::allocator<void>; PublisherT = rclcpp::Publisher<std_msgs::msg::String_<std::allocator<void> > >; std::__cxx11::string = std::__cxx11::basic_string<char>; rmw_qos_profile_t = rmw_qos_profile_t][m[K’ is deprecated: use create_publisher(const std::string &, const rclcpp::QoS &, ...) instead [[01;35m[K-Wdeprecated-declarations[m[K]
     pub_ = create_publisher<std_msgs::msg::String>(topic_name[01;35m[K)[m[K;
                                                              [01;35m[K^[m[K
In file included from [01m[K/opt/ros/dashing/include/rclcpp/node.hpp:1206:0[m[K,
                 from [01m[K/opt/ros/dashing/include/rclcpp/executors/single_threaded_executor.hpp:28[m[K,
                 from [01m[K/opt/ros/dashing/include/rclcpp/executors.hpp:22[m[K,
                 from [01m[K/opt/ros/dashing/include/rclcpp/rclcpp.hpp:144[m[K,
                 from [01m[K/home/shiozaki/ros2/src/hello_world/src/talker.cpp:19[m[K:
[01m[K/opt/ros/dashing/include/rclcpp/node_impl.hpp:96:1:[m[K [01;36m[Knote: [m[Kdeclared here
 [01;36m[KNode[m[K::create_publisher(
 [01;36m[K^~~~[m[K
CMakeFiles/talker.dir/build.make:62: recipe for target 'CMakeFiles/talker.dir/src/talker.cpp.o' failed
make[2]: *** [CMakeFiles/talker.dir/src/talker.cpp.o] Error 1
CMakeFiles/Makefile2:284: recipe for target 'CMakeFiles/talker.dir/all' failed
make[1]: *** [CMakeFiles/talker.dir/all] Error 2
make[1]: *** 未完了のジョブを待っています....
[ 95%] [32m[1mLinking CXX executable listener[0m
[ 95%] Built target listener
Makefile:140: recipe for target 'all' failed
make: *** [all] Error 2
