-- Found ament_cmake: 0.7.4 (/opt/ros/dashing/share/ament_cmake/cmake)
-- Using PYTHON_EXECUTABLE: /usr/bin/python3
-- Found rclcpp: 0.7.13 (/opt/ros/dashing/share/rclcpp/cmake)
-- Found rosidl_adapter: 0.7.9 (/opt/ros/dashing/share/rosidl_adapter/cmake)
-- Found rmw_implementation_cmake: 0.7.2 (/opt/ros/dashing/share/rmw_implementation_cmake/cmake)
-- Using RMW implementation 'rmw_fastrtps_cpp' as default
-- Found rclcpp_components: 0.7.13 (/opt/ros/dashing/share/rclcpp_components/cmake)
-- Found poco_vendor:  (/opt/ros/dashing/share/poco_vendor/cmake)
-- Found hello_world_msgs: 0.1.0 (/home/shiozaki/ros2/install/hello_world_msgs/share/hello_world_msgs/cmake)
-- Configuring done
-- Generating done
-- Build files have been written to: /home/shiozaki/ros2/build/hello_world
[35m[1mScanning dependencies of target listener[0m
[ 10%] Built target client_sync
[ 20%] Built target talker_with_service
[ 30%] Built target talker_listener_composition
[ 35%] [32mBuilding CXX object CMakeFiles/listener.dir/src/listener.cpp.o[0m
[35m[1mScanning dependencies of target talker[0m
[ 45%] Built target talker_with_service_param
[ 55%] Built target listener_component
[ 60%] [32mBuilding CXX object CMakeFiles/talker.dir/src/talker.cpp.o[0m
[ 70%] Built target set_and_get_parameters
[ 80%] Built target talker_component
[ 90%] Built target client_async
CMakeFiles/talker.dir/build.make:62: recipe for target 'CMakeFiles/talker.dir/src/talker.cpp.o' failed
CMakeFiles/Makefile2:284: recipe for target 'CMakeFiles/talker.dir/all' failed
[ 95%] [32m[1mLinking CXX executable listener[0m
[ 95%] Built target listener
Makefile:140: recipe for target 'all' failed
