[0.030s] Invoking command in '/home/shiozaki/ros2/build/hello_world': CMAKE_PREFIX_PATH=/home/shiozaki/ros2/install/hello_world_msgs:/home/shiozaki/ros2/install/libcreate:/home/shiozaki/ros2/install/hello_world:/home/shiozaki/ros2/install/fibonacci:/home/shiozaki/ros2/install/examples_rclpy_topics:/home/shiozaki/ros2/install/examples_rclpy_services:/home/shiozaki/ros2/install/examples_rclpy_minimal_action_server:/opt/ros/dashing LD_LIBRARY_PATH=/home/shiozaki/ros2/install/hello_world_msgs/lib:/home/shiozaki/ros2/install/libcreate/lib:/opt/ros/dashing/opt/yaml_cpp_vendor/lib:/opt/ros/dashing/opt/rviz_ogre_vendor/lib:/usr/lib:/opt/rti.com/rti_connext_dds-5.3.1/lib/x64Linux3gcc5.4.0:/opt/ros/dashing/lib /usr/bin/cmake --build /home/shiozaki/ros2/build/hello_world -- -j4 -l4
[0.075s] -- Found ament_cmake: 0.7.4 (/opt/ros/dashing/share/ament_cmake/cmake)
[0.118s] -- Using PYTHON_EXECUTABLE: /usr/bin/python3
[0.362s] -- Found rclcpp: 0.7.13 (/opt/ros/dashing/share/rclcpp/cmake)
[0.377s] -- Found rosidl_adapter: 0.7.9 (/opt/ros/dashing/share/rosidl_adapter/cmake)
[0.413s] -- Found rmw_implementation_cmake: 0.7.2 (/opt/ros/dashing/share/rmw_implementation_cmake/cmake)
[0.414s] -- Using RMW implementation 'rmw_fastrtps_cpp' as default
[0.443s] -- Found rclcpp_components: 0.7.13 (/opt/ros/dashing/share/rclcpp_components/cmake)
[0.445s] -- Found poco_vendor:  (/opt/ros/dashing/share/poco_vendor/cmake)
[0.459s] -- Found hello_world_msgs: 0.1.0 (/home/shiozaki/ros2/install/hello_world_msgs/share/hello_world_msgs/cmake)
[0.797s] -- Configuring done
[0.956s] -- Generating done
[0.959s] -- Build files have been written to: /home/shiozaki/ros2/build/hello_world
[0.994s] [35m[1mScanning dependencies of target listener[0m
[1.020s] [ 10%] Built target client_sync
[1.021s] [ 20%] Built target talker_with_service
[1.021s] [ 30%] Built target talker_listener_composition
[1.037s] [ 35%] [32mBuilding CXX object CMakeFiles/listener.dir/src/listener.cpp.o[0m
[1.044s] [35m[1mScanning dependencies of target talker[0m
[1.070s] [ 45%] Built target talker_with_service_param
[1.076s] [ 55%] Built target listener_component
[1.085s] [ 60%] [32mBuilding CXX object CMakeFiles/talker.dir/src/talker.cpp.o[0m
[1.119s] [ 70%] Built target set_and_get_parameters
[1.133s] [ 80%] Built target talker_component
[1.166s] [ 90%] Built target client_async
[2.120s] [01m[K/home/shiozaki/ros2/src/hello_world/src/talker.cpp:55:29:[m[K [01;31m[Kerror: [m[K‘[01m[Kmsgs[m[K’ is not a member of ‘[01m[Kstd_msgs[m[K’
[2.120s]    std::shared_ptr<std_msgs::[01;31m[Kmsgs[m[K::String> msg_;
[2.120s]                              [01;31m[K^~~~[m[K
[2.120s] [01m[K/home/shiozaki/ros2/src/hello_world/src/talker.cpp:55:29:[m[K [01;31m[Kerror: [m[K‘[01m[Kmsgs[m[K’ is not a member of ‘[01m[Kstd_msgs[m[K’
[2.121s] [01m[K/home/shiozaki/ros2/src/hello_world/src/talker.cpp:55:41:[m[K [01;31m[Kerror: [m[Ktemplate argument 1 is invalid
[2.121s]    std::shared_ptr<std_msgs::msgs::String[01;31m[K>[m[K msg_;
[2.121s]                                          [01;31m[K^[m[K
[2.131s] [01m[K/home/shiozaki/ros2/src/hello_world/src/talker.cpp:[m[K In constructor ‘[01m[KTalker::Talker(const string&)[m[K’:
[2.131s] [01m[K/home/shiozaki/ros2/src/hello_world/src/talker.cpp:31:52:[m[K [01;31m[Kerror: [m[Kcannot convert ‘[01m[Kstd::shared_ptr<std_msgs::msg::String_<std::allocator<void> > >[m[K’ to ‘[01m[Kint[m[K’ in assignment
[2.131s]      msg_ = std::make_shared<std_msgs::msg::String>([01;31m[K)[m[K;
[2.132s]                                                     [01;31m[K^[m[K
[2.132s] [01m[K/home/shiozaki/ros2/src/hello_world/src/talker.cpp:32:5:[m[K [01;31m[Kerror: [m[K‘[01m[Kmsg[m[K’ was not declared in this scope
[2.132s]      [01;31m[Kmsg[m[K->data = "Hello world!";
[2.132s]      [01;31m[K^~~[m[K
[2.132s] [01m[K/home/shiozaki/ros2/src/hello_world/src/talker.cpp:32:5:[m[K [01;36m[Knote: [m[Ksuggested alternatives:
[2.133s] In file included from [01m[K/opt/ros/dashing/include/rcl_interfaces/msg/intra_process_message.hpp:7:0[m[K,
[2.133s]                  from [01m[K/opt/ros/dashing/include/rclcpp/publisher.hpp:31[m[K,
[2.133s]                  from [01m[K/opt/ros/dashing/include/rclcpp/callback_group.hpp:24[m[K,
[2.133s]                  from [01m[K/opt/ros/dashing/include/rclcpp/any_executable.hpp:20[m[K,
[2.134s]                  from [01m[K/opt/ros/dashing/include/rclcpp/memory_strategy.hpp:24[m[K,
[2.134s]                  from [01m[K/opt/ros/dashing/include/rclcpp/memory_strategies.hpp:18[m[K,
[2.134s]                  from [01m[K/opt/ros/dashing/include/rclcpp/executor.hpp:33[m[K,
[2.134s]                  from [01m[K/opt/ros/dashing/include/rclcpp/executors/multi_threaded_executor.hpp:24[m[K,
[2.134s]                  from [01m[K/opt/ros/dashing/include/rclcpp/executors.hpp:21[m[K,
[2.135s]                  from [01m[K/opt/ros/dashing/include/rclcpp/rclcpp.hpp:144[m[K,
[2.135s]                  from [01m[K/home/shiozaki/ros2/src/hello_world/src/talker.cpp:19[m[K:
[2.135s] [01m[K/opt/ros/dashing/include/rcl_interfaces/msg/intra_process_message__struct.hpp:36:11:[m[K [01;36m[Knote: [m[K  ‘[01m[Krcl_interfaces::msg[m[K’
[2.135s]  namespace [01;36m[Kmsg[m[K
[2.135s]            [01;36m[K^~~[m[K
[2.135s] In file included from [01m[K/opt/ros/dashing/include/builtin_interfaces/msg/time.hpp:7:0[m[K,
[2.136s]                  from [01m[K/opt/ros/dashing/include/rclcpp/time.hpp:18[m[K,
[2.136s]                  from [01m[K/opt/ros/dashing/include/rclcpp/clock.hpp:21[m[K,
[2.136s]                  from [01m[K/opt/ros/dashing/include/rclcpp/timer.hpp:26[m[K,
[2.136s]                  from [01m[K/opt/ros/dashing/include/rclcpp/callback_group.hpp:27[m[K,
[2.136s]                  from [01m[K/opt/ros/dashing/include/rclcpp/any_executable.hpp:20[m[K,
[2.136s]                  from [01m[K/opt/ros/dashing/include/rclcpp/memory_strategy.hpp:24[m[K,
[2.137s]                  from [01m[K/opt/ros/dashing/include/rclcpp/memory_strategies.hpp:18[m[K,
[2.137s]                  from [01m[K/opt/ros/dashing/include/rclcpp/executor.hpp:33[m[K,
[2.137s]                  from [01m[K/opt/ros/dashing/include/rclcpp/executors/multi_threaded_executor.hpp:24[m[K,
[2.137s]                  from [01m[K/opt/ros/dashing/include/rclcpp/executors.hpp:21[m[K,
[2.137s]                  from [01m[K/opt/ros/dashing/include/rclcpp/rclcpp.hpp:144[m[K,
[2.137s]                  from [01m[K/home/shiozaki/ros2/src/hello_world/src/talker.cpp:19[m[K:
[2.138s] [01m[K/opt/ros/dashing/include/builtin_interfaces/msg/time__struct.hpp:36:11:[m[K [01;36m[Knote: [m[K  ‘[01m[Kbuiltin_interfaces::msg[m[K’
[2.138s]  namespace [01;36m[Kmsg[m[K
[2.138s]            [01;36m[K^~~[m[K
[2.138s] In file included from [01m[K/opt/ros/dashing/include/std_msgs/msg/string.hpp:7:0[m[K,
[2.138s]                  from [01m[K/home/shiozaki/ros2/src/hello_world/src/talker.cpp:20[m[K:
[2.138s] [01m[K/opt/ros/dashing/include/std_msgs/msg/string__struct.hpp:36:11:[m[K [01;36m[Knote: [m[K  ‘[01m[Kstd_msgs::msg[m[K’
[2.138s]  namespace [01;36m[Kmsg[m[K
[2.139s]            [01;36m[K^~~[m[K
[2.139s] In file included from [01m[K/opt/ros/dashing/include/rclcpp/client.hpp:39:0[m[K,
[2.139s]                  from [01m[K/opt/ros/dashing/include/rclcpp/callback_group.hpp:23[m[K,
[2.139s]                  from [01m[K/opt/ros/dashing/include/rclcpp/any_executable.hpp:20[m[K,
[2.139s]                  from [01m[K/opt/ros/dashing/include/rclcpp/memory_strategy.hpp:24[m[K,
[2.139s]                  from [01m[K/opt/ros/dashing/include/rclcpp/memory_strategies.hpp:18[m[K,
[2.140s]                  from [01m[K/opt/ros/dashing/include/rclcpp/executor.hpp:33[m[K,
[2.140s]                  from [01m[K/opt/ros/dashing/include/rclcpp/executors/multi_threaded_executor.hpp:24[m[K,
[2.140s]                  from [01m[K/opt/ros/dashing/include/rclcpp/executors.hpp:21[m[K,
[2.140s]                  from [01m[K/opt/ros/dashing/include/rclcpp/rclcpp.hpp:144[m[K,
[2.140s]                  from [01m[K/home/shiozaki/ros2/src/hello_world/src/talker.cpp:19[m[K:
[2.141s] [01m[K/home/shiozaki/ros2/src/hello_world/src/talker.cpp:[m[K In lambda function:
[2.141s] [01m[K/home/shiozaki/ros2/src/hello_world/src/talker.cpp:42:51:[m[K [01;31m[Kerror: [m[Kbase operand of ‘[01m[K->[m[K’ is not a pointer
[2.141s]          RCLCPP_INFO(this->get_logger(), "%s", msg_[01;31m[K-[m[K>data.c_str());
[2.141s]                                                    [01;31m[K^[m[K
[2.141s] [01m[K/opt/ros/dashing/include/rcutils/logging_macros.h:72:64:[m[K [01;36m[Knote: [m[Kin definition of macro ‘[01m[KRCUTILS_LOG_COND_NAMED[m[K’
[2.141s]        rcutils_log(&__rcutils_logging_location, severity, name, [01;36m[K__VA_ARGS__[m[K); \
[2.141s]                                                                 [01;36m[K^~~~~~~~~~~[m[K
[2.142s] [01m[K/opt/ros/dashing/include/rclcpp/logging.hpp:218:5:[m[K [01;36m[Knote: [m[Kin expansion of macro ‘[01m[KRCUTILS_LOG_INFO_NAMED[m[K’
[2.142s]      [01;36m[KRCUTILS_LOG_INFO_NAMED[m[K( \
[2.142s]      [01;36m[K^~~~~~~~~~~~~~~~~~~~~~[m[K
[2.142s] [01m[K/opt/ros/dashing/include/rclcpp/logging.hpp:221:9:[m[K [01;36m[Knote: [m[Kin expansion of macro ‘[01m[KRCLCPP_ALL_BUT_FIRST_ARGS[m[K’
[2.142s]          [01;36m[KRCLCPP_ALL_BUT_FIRST_ARGS[m[K(__VA_ARGS__,"")); \
[2.142s]          [01;36m[K^~~~~~~~~~~~~~~~~~~~~~~~~[m[K
[2.143s] [01m[K/home/shiozaki/ros2/src/hello_world/src/talker.cpp:42:9:[m[K [01;36m[Knote: [m[Kin expansion of macro ‘[01m[KRCLCPP_INFO[m[K’
[2.143s]          [01;36m[KRCLCPP_INFO[m[K(this->get_logger(), "%s", msg_->data.c_str());
[2.143s]          [01;36m[K^~~~~~~~~~~[m[K
[2.143s] [01m[K/home/shiozaki/ros2/src/hello_world/src/listener.cpp:[m[K In constructor ‘[01m[KListener::Listener(const string&)[m[K’:
[2.143s] [01m[K/home/shiozaki/ros2/src/hello_world/src/listener.cpp:38:27:[m[K [01;35m[Kwarning: [m[K‘[01m[Kstd::shared_ptr<SubscriptionT> rclcpp::Node::create_subscription(const string&, CallbackT&&, const rmw_qos_profile_t&, rclcpp::callback_group::CallbackGroup::SharedPtr, bool, typename rclcpp::message_memory_strategy::MessageMemoryStrategy<typename rclcpp::subscription_traits::has_message_type<CallbackT>::type, AllocatorT>::SharedPtr, std::shared_ptr<PublisherT>) [with MessageT = std_msgs::msg::String_<std::allocator<void> >; CallbackT = Listener::Listener(const string&)::<lambda(std_msgs::msg::String_<std::allocator<void> >::SharedPtr)>&; Alloc = std::allocator<void>; SubscriptionT = rclcpp::Subscription<std_msgs::msg::String_<std::allocator<void> > >; std::__cxx11::string = std::__cxx11::basic_string<char>; rmw_qos_profile_t = rmw_qos_profile_t; rclcpp::callback_group::CallbackGroup::SharedPtr = std::shared_ptr<rclcpp::callback_group::CallbackGroup>; typename rclcpp::message_memory_strategy::MessageMemoryStrategy<typename rclcpp::subscription_traits::has_message_type<CallbackT>::type, AllocatorT>::SharedPtr = std::shared_ptr<rclcpp::message_memory_strategy::MessageMemoryStrategy<std_msgs::msg::String_<std::allocator<void> >, std::allocator<void> > >][m[K’ is deprecated: use create_subscription(const std::string &, const rclcpp::QoS &, CallbackT, ...) instead [[01;35m[K-Wdeprecated-declarations[m[K]
[2.143s]        topic_name, callback[01;35m[K)[m[K;
[2.143s]                            [01;35m[K^[m[K
[2.144s] In file included from [01m[K/opt/ros/dashing/include/rclcpp/node.hpp:1206:0[m[K,
[2.144s]                  from [01m[K/opt/ros/dashing/include/rclcpp/executors/single_threaded_executor.hpp:28[m[K,
[2.144s]                  from [01m[K/opt/ros/dashing/include/rclcpp/executors.hpp:22[m[K,
[2.144s]                  from [01m[K/opt/ros/dashing/include/rclcpp/rclcpp.hpp:144[m[K,
[2.144s]                  from [01m[K/home/shiozaki/ros2/src/hello_world/src/listener.cpp:18[m[K:
[2.144s] [01m[K/opt/ros/dashing/include/rclcpp/node_impl.hpp:139:1:[m[K [01;36m[Knote: [m[Kdeclared here
[2.145s]  [01;36m[KNode[m[K::create_subscription(
[2.145s]  [01;36m[K^~~~[m[K
[2.147s] [01m[K/home/shiozaki/ros2/src/hello_world/src/talker.cpp:43:38:[m[K [01;31m[Kerror: [m[Kno matching function for call to ‘[01m[Kpublish(std::remove_reference<int&>::type)[m[K’
[2.147s]          pub_->publish(std::move(msg_)[01;31m[K)[m[K;
[2.147s]                                       [01;31m[K^[m[K
[2.147s] In file included from [01m[K/opt/ros/dashing/include/rclcpp/callback_group.hpp:24:0[m[K,
[2.148s]                  from [01m[K/opt/ros/dashing/include/rclcpp/any_executable.hpp:20[m[K,
[2.148s]                  from [01m[K/opt/ros/dashing/include/rclcpp/memory_strategy.hpp:24[m[K,
[2.148s]                  from [01m[K/opt/ros/dashing/include/rclcpp/memory_strategies.hpp:18[m[K,
[2.148s]                  from [01m[K/opt/ros/dashing/include/rclcpp/executor.hpp:33[m[K,
[2.148s]                  from [01m[K/opt/ros/dashing/include/rclcpp/executors/multi_threaded_executor.hpp:24[m[K,
[2.148s]                  from [01m[K/opt/ros/dashing/include/rclcpp/executors.hpp:21[m[K,
[2.149s]                  from [01m[K/opt/ros/dashing/include/rclcpp/rclcpp.hpp:144[m[K,
[2.149s]                  from [01m[K/home/shiozaki/ros2/src/hello_world/src/talker.cpp:19[m[K:
[2.149s] [01m[K/opt/ros/dashing/include/rclcpp/publisher.hpp:165:3:[m[K [01;36m[Knote: [m[Kcandidate: void rclcpp::Publisher<MessageT, Alloc>::publish(const MessageT*) [with MessageT = std_msgs::msg::String_<std::allocator<void> >; Alloc = std::allocator<void>] <near match>
[2.149s]    [01;36m[Kpublish[m[K(const MessageT * msg)
[2.149s]    [01;36m[K^~~~~~~[m[K
[2.149s] [01m[K/opt/ros/dashing/include/rclcpp/publisher.hpp:165:3:[m[K [01;36m[Knote: [m[K  conversion of argument 1 would be ill-formed:
[2.150s] [01m[K/home/shiozaki/ros2/src/hello_world/src/talker.cpp:43:32:[m[K [01;31m[Kerror: [m[Kinvalid conversion from ‘[01m[Kstd::remove_reference<int&>::type {aka int}[m[K’ to ‘[01m[Kconst std_msgs::msg::String_<std::allocator<void> >*[m[K’ [[01;31m[K-fpermissive[m[K]
[2.150s]          pub_->publish([01;31m[Kstd::move(msg_)[m[K);
[2.151s]                        [01;31m[K~~~~~~~~~^~~~~~[m[K
[2.151s] In file included from [01m[K/opt/ros/dashing/include/rclcpp/callback_group.hpp:24:0[m[K,
[2.151s]                  from [01m[K/opt/ros/dashing/include/rclcpp/any_executable.hpp:20[m[K,
[2.151s]                  from [01m[K/opt/ros/dashing/include/rclcpp/memory_strategy.hpp:24[m[K,
[2.151s]                  from [01m[K/opt/ros/dashing/include/rclcpp/memory_strategies.hpp:18[m[K,
[2.152s]                  from [01m[K/opt/ros/dashing/include/rclcpp/executor.hpp:33[m[K,
[2.152s]                  from [01m[K/opt/ros/dashing/include/rclcpp/executors/multi_threaded_executor.hpp:24[m[K,
[2.152s]                  from [01m[K/opt/ros/dashing/include/rclcpp/executors.hpp:21[m[K,
[2.152s]                  from [01m[K/opt/ros/dashing/include/rclcpp/rclcpp.hpp:144[m[K,
[2.152s]                  from [01m[K/home/shiozaki/ros2/src/hello_world/src/talker.cpp:19[m[K:
[2.152s] [01m[K/opt/ros/dashing/include/rclcpp/publisher.hpp:185:3:[m[K [01;36m[Knote: [m[Kcandidate: void rclcpp::Publisher<MessageT, Alloc>::publish(const rcl_serialized_message_t*) [with MessageT = std_msgs::msg::String_<std::allocator<void> >; Alloc = std::allocator<void>; rcl_serialized_message_t = rcutils_uint8_array_t] <near match>
[2.153s]    [01;36m[Kpublish[m[K(const rcl_serialized_message_t * serialized_msg)
[2.153s]    [01;36m[K^~~~~~~[m[K
[2.153s] [01m[K/opt/ros/dashing/include/rclcpp/publisher.hpp:185:3:[m[K [01;36m[Knote: [m[K  conversion of argument 1 would be ill-formed:
[2.153s] [01m[K/home/shiozaki/ros2/src/hello_world/src/talker.cpp:43:32:[m[K [01;31m[Kerror: [m[Kinvalid conversion from ‘[01m[Kstd::remove_reference<int&>::type {aka int}[m[K’ to ‘[01m[Kconst rcl_serialized_message_t* {aka const rcutils_uint8_array_t*}[m[K’ [[01;31m[K-fpermissive[m[K]
[2.153s]          pub_->publish([01;31m[Kstd::move(msg_)[m[K);
[2.153s]                        [01;31m[K~~~~~~~~~^~~~~~[m[K
[2.154s] [01m[K/home/shiozaki/ros2/src/hello_world/src/talker.cpp:[m[K In constructor ‘[01m[KTalker::Talker(const string&)[m[K’:
[2.154s] [01m[K/home/shiozaki/ros2/src/hello_world/src/talker.cpp:49:62:[m[K [01;35m[Kwarning: [m[K‘[01m[Kstd::shared_ptr<PublisherT> rclcpp::Node::create_publisher(const string&, const rmw_qos_profile_t&, std::shared_ptr<_Up>) [with MessageT = std_msgs::msg::String_<std::allocator<void> >; AllocatorT = std::allocator<void>; PublisherT = rclcpp::Publisher<std_msgs::msg::String_<std::allocator<void> > >; std::__cxx11::string = std::__cxx11::basic_string<char>; rmw_qos_profile_t = rmw_qos_profile_t][m[K’ is deprecated: use create_publisher(const std::string &, const rclcpp::QoS &, ...) instead [[01;35m[K-Wdeprecated-declarations[m[K]
[2.154s]      pub_ = create_publisher<std_msgs::msg::String>(topic_name[01;35m[K)[m[K;
[2.155s]                                                               [01;35m[K^[m[K
[2.155s] In file included from [01m[K/opt/ros/dashing/include/rclcpp/node.hpp:1206:0[m[K,
[2.155s]                  from [01m[K/opt/ros/dashing/include/rclcpp/executors/single_threaded_executor.hpp:28[m[K,
[2.155s]                  from [01m[K/opt/ros/dashing/include/rclcpp/executors.hpp:22[m[K,
[2.155s]                  from [01m[K/opt/ros/dashing/include/rclcpp/rclcpp.hpp:144[m[K,
[2.155s]                  from [01m[K/home/shiozaki/ros2/src/hello_world/src/talker.cpp:19[m[K:
[2.156s] [01m[K/opt/ros/dashing/include/rclcpp/node_impl.hpp:96:1:[m[K [01;36m[Knote: [m[Kdeclared here
[2.156s]  [01;36m[KNode[m[K::create_publisher(
[2.156s]  [01;36m[K^~~~[m[K
[2.583s] CMakeFiles/talker.dir/build.make:62: recipe for target 'CMakeFiles/talker.dir/src/talker.cpp.o' failed
[2.583s] make[2]: *** [CMakeFiles/talker.dir/src/talker.cpp.o] Error 1
[2.583s] CMakeFiles/Makefile2:284: recipe for target 'CMakeFiles/talker.dir/all' failed
[2.583s] make[1]: *** [CMakeFiles/talker.dir/all] Error 2
[2.583s] make[1]: *** 未完了のジョブを待っています....
[3.507s] [ 95%] [32m[1mLinking CXX executable listener[0m
[3.700s] [ 95%] Built target listener
[3.701s] Makefile:140: recipe for target 'all' failed
[3.702s] make: *** [all] Error 2
[3.703s] Invoked command in '/home/shiozaki/ros2/build/hello_world' returned '2': CMAKE_PREFIX_PATH=/home/shiozaki/ros2/install/hello_world_msgs:/home/shiozaki/ros2/install/libcreate:/home/shiozaki/ros2/install/hello_world:/home/shiozaki/ros2/install/fibonacci:/home/shiozaki/ros2/install/examples_rclpy_topics:/home/shiozaki/ros2/install/examples_rclpy_services:/home/shiozaki/ros2/install/examples_rclpy_minimal_action_server:/opt/ros/dashing LD_LIBRARY_PATH=/home/shiozaki/ros2/install/hello_world_msgs/lib:/home/shiozaki/ros2/install/libcreate/lib:/opt/ros/dashing/opt/yaml_cpp_vendor/lib:/opt/ros/dashing/opt/rviz_ogre_vendor/lib:/usr/lib:/opt/rti.com/rti_connext_dds-5.3.1/lib/x64Linux3gcc5.4.0:/opt/ros/dashing/lib /usr/bin/cmake --build /home/shiozaki/ros2/build/hello_world -- -j4 -l4
