[0.057s] Invoking command in '/home/shiozaki/ros2/build/libcreate': CMAKE_PREFIX_PATH=${CMAKE_PREFIX_PATH}:/home/shiozaki/ros2/install/examples_rclpy_topics:/home/shiozaki/ros2/install/examples_rclpy_services:/home/shiozaki/ros2/install/examples_rclpy_minimal_action_server:/opt/ros/dashing /usr/bin/cmake --build /home/shiozaki/ros2/build/libcreate -- -j4 -l4
[0.173s] [ 36%] Built target create
[0.220s] [ 45%] Built target battery_level
[0.224s] [ 54%] Built target wheeldrop
[0.225s] [ 63%] Built target packets
[0.233s] [ 72%] Built target play_song
[0.269s] [ 81%] Built target drive_circle
[0.269s] [ 90%] Built target bumpers
[0.269s] [100%] Built target leds
[0.289s] Invoked command in '/home/shiozaki/ros2/build/libcreate' returned '0': CMAKE_PREFIX_PATH=${CMAKE_PREFIX_PATH}:/home/shiozaki/ros2/install/examples_rclpy_topics:/home/shiozaki/ros2/install/examples_rclpy_services:/home/shiozaki/ros2/install/examples_rclpy_minimal_action_server:/opt/ros/dashing /usr/bin/cmake --build /home/shiozaki/ros2/build/libcreate -- -j4 -l4
[0.398s] Invoking command in '/home/shiozaki/ros2/build/libcreate': CMAKE_PREFIX_PATH=${CMAKE_PREFIX_PATH}:/home/shiozaki/ros2/install/examples_rclpy_topics:/home/shiozaki/ros2/install/examples_rclpy_services:/home/shiozaki/ros2/install/examples_rclpy_minimal_action_server:/opt/ros/dashing /usr/bin/cmake --build /home/shiozaki/ros2/build/libcreate --target install -- -j4 -l4
[0.484s] [ 36%] Built target create
[0.530s] [ 45%] Built target battery_level
[0.536s] [ 54%] Built target play_song
[0.541s] [ 63%] Built target packets
[0.544s] [ 72%] Built target wheeldrop
[0.580s] [ 81%] Built target drive_circle
[0.588s] [ 90%] Built target leds
[0.589s] [100%] Built target bumpers
[0.626s] [36mInstall the project...[0m
[0.643s] -- Install configuration: ""
[0.645s] -- Up-to-date: /home/shiozaki/ros2/install/libcreate/lib/libcreate.so
[0.645s] -- Up-to-date: /home/shiozaki/ros2/install/libcreate/include
[0.646s] -- Up-to-date: /home/shiozaki/ros2/install/libcreate/include/create
[0.646s] -- Up-to-date: /home/shiozaki/ros2/install/libcreate/include/create/serial_stream.h
[0.646s] -- Up-to-date: /home/shiozaki/ros2/install/libcreate/include/create/types.h
[0.647s] -- Up-to-date: /home/shiozaki/ros2/install/libcreate/include/create/util.h
[0.647s] -- Up-to-date: /home/shiozaki/ros2/install/libcreate/include/create/data.h
[0.647s] -- Up-to-date: /home/shiozaki/ros2/install/libcreate/include/create/create.h
[0.647s] -- Up-to-date: /home/shiozaki/ros2/install/libcreate/include/create/serial.h
[0.648s] -- Up-to-date: /home/shiozaki/ros2/install/libcreate/include/create/serial_query.h
[0.648s] -- Up-to-date: /home/shiozaki/ros2/install/libcreate/include/create/packet.h
[0.648s] -- Up-to-date: /home/shiozaki/ros2/install/libcreate/lib/cmake/libcreate/libcreate-config.cmake
[0.649s] -- Up-to-date: /home/shiozaki/ros2/install/libcreate/lib/cmake/libcreate/libcreate-config-version.cmake
[0.652s] -- Up-to-date: /home/shiozaki/ros2/install/libcreate/lib/cmake/libcreate/libcreate-targets.cmake
[0.652s] -- Up-to-date: /home/shiozaki/ros2/install/libcreate/lib/cmake/libcreate/libcreate-targets-noconfig.cmake
[0.653s] -- Up-to-date: /home/shiozaki/ros2/install/libcreate/share/libcreate/package.xml
[0.653s] Invoked command in '/home/shiozaki/ros2/build/libcreate' returned '0': CMAKE_PREFIX_PATH=${CMAKE_PREFIX_PATH}:/home/shiozaki/ros2/install/examples_rclpy_topics:/home/shiozaki/ros2/install/examples_rclpy_services:/home/shiozaki/ros2/install/examples_rclpy_minimal_action_server:/opt/ros/dashing /usr/bin/cmake --build /home/shiozaki/ros2/build/libcreate --target install -- -j4 -l4
