[ 10%] Built target client_sync
[ 20%] Built target talker_with_service
[ 30%] Built target talker_listener_composition
[ 40%] Built target listener
[35m[1mScanning dependencies of target talker[0m
[ 50%] Built target talker_with_service_param
[ 55%] [32mBuilding CXX object CMakeFiles/talker.dir/src/talker.cpp.o[0m
[ 65%] Built target listener_component
[ 75%] Built target set_and_get_parameters
[ 85%] Built target client_async
[ 95%] Built target talker_component
[01m[K/home/shiozaki/ros2/src/hello_world/src/talker.cpp:[m[K In lambda function:
[01m[K/home/shiozaki/ros2/src/hello_world/src/talker.cpp:44:59:[m[K [01;31m[Kerror: [m[K‘[01m[Kstruct std::chrono::time_point<std::chrono::_V2::steady_clock, std::chrono::duration<long int, std::ratio<1, 1000000000> > >[m[K’ has no member named ‘[01m[Kcount[m[K’
         msg->data = "Hello world!" + std::to_string(start.[01;31m[Kcount[m[K());
                                                           [01;31m[K^~~~~[m[K
CMakeFiles/talker.dir/build.make:62: recipe for target 'CMakeFiles/talker.dir/src/talker.cpp.o' failed
make[2]: *** [CMakeFiles/talker.dir/src/talker.cpp.o] Error 1
make[1]: *** [CMakeFiles/talker.dir/all] Error 2
CMakeFiles/Makefile2:284: recipe for target 'CMakeFiles/talker.dir/all' failed
Makefile:140: recipe for target 'all' failed
make: *** [all] Error 2
