[0.068s] Invoking command in '/home/shiozaki/ros2/build/libcreate': CMAKE_PREFIX_PATH=${CMAKE_PREFIX_PATH}:/home/shiozaki/ros2/install/examples_rclpy_topics:/home/shiozaki/ros2/install/examples_rclpy_services:/home/shiozaki/ros2/install/examples_rclpy_minimal_action_server:/opt/ros/dashing /usr/bin/cmake --build /home/shiozaki/ros2/build/libcreate -- -j4 -l4
[0.179s] [ 36%] Built target create
[0.226s] [ 45%] Built target packets
[0.232s] [ 54%] Built target play_song
[0.245s] [ 63%] Built target wheeldrop
[0.246s] [ 72%] Built target battery_level
[0.276s] [ 81%] Built target drive_circle
[0.288s] [100%] Built target leds
[0.288s] [100%] Built target bumpers
[0.306s] Invoked command in '/home/shiozaki/ros2/build/libcreate' returned '0': CMAKE_PREFIX_PATH=${CMAKE_PREFIX_PATH}:/home/shiozaki/ros2/install/examples_rclpy_topics:/home/shiozaki/ros2/install/examples_rclpy_services:/home/shiozaki/ros2/install/examples_rclpy_minimal_action_server:/opt/ros/dashing /usr/bin/cmake --build /home/shiozaki/ros2/build/libcreate -- -j4 -l4
[0.384s] Invoking command in '/home/shiozaki/ros2/build/libcreate': CMAKE_PREFIX_PATH=${CMAKE_PREFIX_PATH}:/home/shiozaki/ros2/install/examples_rclpy_topics:/home/shiozaki/ros2/install/examples_rclpy_services:/home/shiozaki/ros2/install/examples_rclpy_minimal_action_server:/opt/ros/dashing /usr/bin/cmake --build /home/shiozaki/ros2/build/libcreate --target install -- -j4 -l4
[0.489s] [ 36%] Built target create
[0.534s] [ 45%] Built target battery_level
[0.534s] [ 54%] Built target packets
[0.541s] [ 63%] Built target wheeldrop
[0.558s] [ 72%] Built target play_song
[0.581s] [ 81%] Built target drive_circle
[0.598s] [ 90%] Built target leds
[0.601s] [100%] Built target bumpers
[0.628s] [36mInstall the project...[0m
[0.640s] -- Install configuration: ""
[0.642s] -- Up-to-date: /home/shiozaki/ros2/install/libcreate/lib/libcreate.so
[0.642s] -- Up-to-date: /home/shiozaki/ros2/install/libcreate/include
[0.642s] -- Up-to-date: /home/shiozaki/ros2/install/libcreate/include/create
[0.643s] -- Up-to-date: /home/shiozaki/ros2/install/libcreate/include/create/serial_stream.h
[0.643s] -- Up-to-date: /home/shiozaki/ros2/install/libcreate/include/create/types.h
[0.643s] -- Up-to-date: /home/shiozaki/ros2/install/libcreate/include/create/util.h
[0.644s] -- Up-to-date: /home/shiozaki/ros2/install/libcreate/include/create/data.h
[0.644s] -- Up-to-date: /home/shiozaki/ros2/install/libcreate/include/create/create.h
[0.644s] -- Up-to-date: /home/shiozaki/ros2/install/libcreate/include/create/serial.h
[0.644s] -- Up-to-date: /home/shiozaki/ros2/install/libcreate/include/create/serial_query.h
[0.645s] -- Up-to-date: /home/shiozaki/ros2/install/libcreate/include/create/packet.h
[0.645s] -- Up-to-date: /home/shiozaki/ros2/install/libcreate/lib/cmake/libcreate/libcreate-config.cmake
[0.645s] -- Up-to-date: /home/shiozaki/ros2/install/libcreate/lib/cmake/libcreate/libcreate-config-version.cmake
[0.645s] -- Up-to-date: /home/shiozaki/ros2/install/libcreate/lib/cmake/libcreate/libcreate-targets.cmake
[0.646s] -- Up-to-date: /home/shiozaki/ros2/install/libcreate/lib/cmake/libcreate/libcreate-targets-noconfig.cmake
[0.646s] -- Up-to-date: /home/shiozaki/ros2/install/libcreate/share/libcreate/package.xml
[0.669s] Invoked command in '/home/shiozaki/ros2/build/libcreate' returned '0': CMAKE_PREFIX_PATH=${CMAKE_PREFIX_PATH}:/home/shiozaki/ros2/install/examples_rclpy_topics:/home/shiozaki/ros2/install/examples_rclpy_services:/home/shiozaki/ros2/install/examples_rclpy_minimal_action_server:/opt/ros/dashing /usr/bin/cmake --build /home/shiozaki/ros2/build/libcreate --target install -- -j4 -l4
