[0.053s] Invoking command in '/home/shiozaki/ros2/build/libcreate': CMAKE_PREFIX_PATH=${CMAKE_PREFIX_PATH}:/home/shiozaki/ros2/install/examples_rclpy_topics:/home/shiozaki/ros2/install/examples_rclpy_services:/home/shiozaki/ros2/install/examples_rclpy_minimal_action_server:/opt/ros/dashing /usr/bin/cmake --build /home/shiozaki/ros2/build/libcreate -- -j4 -l4
[0.169s] [ 36%] Built target create
[0.225s] [ 45%] Built target wheeldrop
[0.227s] [ 54%] Built target play_song
[0.230s] [ 63%] Built target packets
[0.242s] [ 72%] Built target battery_level
[0.275s] [ 81%] Built target drive_circle
[0.277s] [ 90%] Built target leds
[0.283s] [100%] Built target bumpers
[0.301s] Invoked command in '/home/shiozaki/ros2/build/libcreate' returned '0': CMAKE_PREFIX_PATH=${CMAKE_PREFIX_PATH}:/home/shiozaki/ros2/install/examples_rclpy_topics:/home/shiozaki/ros2/install/examples_rclpy_services:/home/shiozaki/ros2/install/examples_rclpy_minimal_action_server:/opt/ros/dashing /usr/bin/cmake --build /home/shiozaki/ros2/build/libcreate -- -j4 -l4
[0.412s] Invoking command in '/home/shiozaki/ros2/build/libcreate': CMAKE_PREFIX_PATH=${CMAKE_PREFIX_PATH}:/home/shiozaki/ros2/install/examples_rclpy_topics:/home/shiozaki/ros2/install/examples_rclpy_services:/home/shiozaki/ros2/install/examples_rclpy_minimal_action_server:/opt/ros/dashing /usr/bin/cmake --build /home/shiozaki/ros2/build/libcreate --target install -- -j4 -l4
[0.502s] [ 36%] Built target create
[0.558s] [ 45%] Built target play_song
[0.559s] [ 54%] Built target battery_level
[0.567s] [ 63%] Built target wheeldrop
[0.573s] [ 72%] Built target packets
[0.604s] [ 81%] Built target leds
[0.612s] [ 90%] Built target bumpers
[0.614s] [100%] Built target drive_circle
[0.645s] [36mInstall the project...[0m
[0.662s] -- Install configuration: ""
[0.663s] -- Up-to-date: /home/shiozaki/ros2/install/libcreate/lib/libcreate.so
[0.663s] -- Up-to-date: /home/shiozaki/ros2/install/libcreate/include
[0.663s] -- Up-to-date: /home/shiozaki/ros2/install/libcreate/include/create
[0.664s] -- Up-to-date: /home/shiozaki/ros2/install/libcreate/include/create/serial_stream.h
[0.664s] -- Up-to-date: /home/shiozaki/ros2/install/libcreate/include/create/types.h
[0.664s] -- Up-to-date: /home/shiozaki/ros2/install/libcreate/include/create/util.h
[0.664s] -- Up-to-date: /home/shiozaki/ros2/install/libcreate/include/create/data.h
[0.665s] -- Up-to-date: /home/shiozaki/ros2/install/libcreate/include/create/create.h
[0.665s] -- Up-to-date: /home/shiozaki/ros2/install/libcreate/include/create/serial.h
[0.666s] -- Up-to-date: /home/shiozaki/ros2/install/libcreate/include/create/serial_query.h
[0.666s] -- Up-to-date: /home/shiozaki/ros2/install/libcreate/include/create/packet.h
[0.668s] -- Up-to-date: /home/shiozaki/ros2/install/libcreate/lib/cmake/libcreate/libcreate-config.cmake
[0.668s] -- Up-to-date: /home/shiozaki/ros2/install/libcreate/lib/cmake/libcreate/libcreate-config-version.cmake
[0.668s] -- Up-to-date: /home/shiozaki/ros2/install/libcreate/lib/cmake/libcreate/libcreate-targets.cmake
[0.668s] -- Up-to-date: /home/shiozaki/ros2/install/libcreate/lib/cmake/libcreate/libcreate-targets-noconfig.cmake
[0.669s] -- Up-to-date: /home/shiozaki/ros2/install/libcreate/share/libcreate/package.xml
[0.677s] Invoked command in '/home/shiozaki/ros2/build/libcreate' returned '0': CMAKE_PREFIX_PATH=${CMAKE_PREFIX_PATH}:/home/shiozaki/ros2/install/examples_rclpy_topics:/home/shiozaki/ros2/install/examples_rclpy_services:/home/shiozaki/ros2/install/examples_rclpy_minimal_action_server:/opt/ros/dashing /usr/bin/cmake --build /home/shiozaki/ros2/build/libcreate --target install -- -j4 -l4
