[ 10%] Built target talker_listener_composition
[ 20%] Built target talker_with_service
[ 25%] [32mBuilding CXX object CMakeFiles/listener.dir/src/listener.cpp.o[0m
[ 35%] Built target client_sync
[ 45%] Built target talker
[ 55%] Built target talker_with_service_param
[ 65%] Built target listener_component
[ 75%] Built target set_and_get_parameters
[ 85%] Built target client_async
[ 95%] Built target talker_component
In file included from [01m[K/opt/ros/dashing/include/rclcpp/client.hpp:39:0[m[K,
                 from [01m[K/opt/ros/dashing/include/rclcpp/callback_group.hpp:23[m[K,
                 from [01m[K/opt/ros/dashing/include/rclcpp/any_executable.hpp:20[m[K,
                 from [01m[K/opt/ros/dashing/include/rclcpp/memory_strategy.hpp:24[m[K,
                 from [01m[K/opt/ros/dashing/include/rclcpp/memory_strategies.hpp:18[m[K,
                 from [01m[K/opt/ros/dashing/include/rclcpp/executor.hpp:33[m[K,
                 from [01m[K/opt/ros/dashing/include/rclcpp/executors/multi_threaded_executor.hpp:24[m[K,
                 from [01m[K/opt/ros/dashing/include/rclcpp/executors.hpp:21[m[K,
                 from [01m[K/opt/ros/dashing/include/rclcpp/rclcpp.hpp:144[m[K,
                 from [01m[K/home/shiozaki/ros2/src/hello_world/src/listener.cpp:19[m[K:
[01m[K/home/shiozaki/ros2/src/hello_world/src/listener.cpp:[m[K In lambda function:
[01m[K/home/shiozaki/ros2/src/hello_world/src/listener.cpp:38:65:[m[K [01;31m[Kerror: [m[Kno matching function for call to ‘[01m[Kto_string(std_msgs::msg::Int32MultiArray_<std::allocator<void> >::_data_type&)[m[K’
         RCLCPP_INFO(this->get_logger(), std::to_string(msg->data[01;31m[K)[m[K);
                                                                 [01;31m[K^[m[K
[01m[K/opt/ros/dashing/include/rcutils/logging_macros.h:72:64:[m[K [01;36m[Knote: [m[Kin definition of macro ‘[01m[KRCUTILS_LOG_COND_NAMED[m[K’
       rcutils_log(&__rcutils_logging_location, severity, name, [01;36m[K__VA_ARGS__[m[K); \
                                                                [01;36m[K^~~~~~~~~~~[m[K
[01m[K/opt/ros/dashing/include/rclcpp/logging.hpp:218:5:[m[K [01;36m[Knote: [m[Kin expansion of macro ‘[01m[KRCUTILS_LOG_INFO_NAMED[m[K’
     [01;36m[KRCUTILS_LOG_INFO_NAMED[m[K( \
     [01;36m[K^~~~~~~~~~~~~~~~~~~~~~[m[K
[01m[K/opt/ros/dashing/include/rclcpp/logging.hpp:220:28:[m[K [01;36m[Knote: [m[Kin expansion of macro ‘[01m[KRCLCPP_FIRST_ARG[m[K’
       rclcpp::get_c_string([01;36m[KRCLCPP_FIRST_ARG[m[K(__VA_ARGS__, "")), \
                            [01;36m[K^~~~~~~~~~~~~~~~[m[K
[01m[K/home/shiozaki/ros2/src/hello_world/src/listener.cpp:38:9:[m[K [01;36m[Knote: [m[Kin expansion of macro ‘[01m[KRCLCPP_INFO[m[K’
         [01;36m[KRCLCPP_INFO[m[K(this->get_logger(), std::to_string(msg->data));
         [01;36m[K^~~~~~~~~~~[m[K
In file included from [01m[K/opt/ros/dashing/include/rclcpp/node_interfaces/node_parameters_interface.hpp:27:0[m[K,
                 from [01m[K/opt/ros/dashing/include/rclcpp/node.hpp:49[m[K,
                 from [01m[K/opt/ros/dashing/include/rclcpp/executors/single_threaded_executor.hpp:28[m[K,
                 from [01m[K/opt/ros/dashing/include/rclcpp/executors.hpp:22[m[K,
                 from [01m[K/opt/ros/dashing/include/rclcpp/rclcpp.hpp:144[m[K,
                 from [01m[K/home/shiozaki/ros2/src/hello_world/src/listener.cpp:19[m[K:
[01m[K/opt/ros/dashing/include/rclcpp/parameter.hpp:236:1:[m[K [01;36m[Knote: [m[Kcandidate: std::__cxx11::string std::to_string(const rclcpp::Parameter&)
 [01;36m[Kto_string[m[K(const rclcpp::Parameter & param);
 [01;36m[K^~~~~~~~~[m[K
[01m[K/opt/ros/dashing/include/rclcpp/parameter.hpp:236:1:[m[K [01;36m[Knote: [m[K  no known conversion for argument 1 from ‘[01m[Kstd_msgs::msg::Int32MultiArray_<std::allocator<void> >::_data_type {aka std::vector<int>}[m[K’ to ‘[01m[Kconst rclcpp::Parameter&[m[K’
[01m[K/opt/ros/dashing/include/rclcpp/parameter.hpp:241:1:[m[K [01;36m[Knote: [m[Kcandidate: std::__cxx11::string std::to_string(const std::vector<rclcpp::Parameter>&)
 [01;36m[Kto_string[m[K(const std::vector<rclcpp::Parameter> & parameters);
 [01;36m[K^~~~~~~~~[m[K
[01m[K/opt/ros/dashing/include/rclcpp/parameter.hpp:241:1:[m[K [01;36m[Knote: [m[K  no known conversion for argument 1 from ‘[01m[Kstd_msgs::msg::Int32MultiArray_<std::allocator<void> >::_data_type {aka std::vector<int>}[m[K’ to ‘[01m[Kconst std::vector<rclcpp::Parameter>&[m[K’
In file included from [01m[K/usr/include/c++/7/string:52:0[m[K,
                 from [01m[K/usr/include/c++/7/stdexcept:39[m[K,
                 from [01m[K/usr/include/c++/7/array:39[m[K,
                 from [01m[K/usr/include/c++/7/tuple:39[m[K,
                 from [01m[K/usr/include/c++/7/bits/unique_ptr.h:37[m[K,
                 from [01m[K/usr/include/c++/7/memory:80[m[K,
                 from [01m[K/home/shiozaki/ros2/src/hello_world/src/listener.cpp:17[m[K:
[01m[K/usr/include/c++/7/bits/basic_string.h:6466:3:[m[K [01;36m[Knote: [m[Kcandidate: std::__cxx11::string std::__cxx11::to_string(long double)
   [01;36m[Kto_string[m[K(long double __val)
   [01;36m[K^~~~~~~~~[m[K
[01m[K/usr/include/c++/7/bits/basic_string.h:6466:3:[m[K [01;36m[Knote: [m[K  no known conversion for argument 1 from ‘[01m[Kstd_msgs::msg::Int32MultiArray_<std::allocator<void> >::_data_type {aka std::vector<int>}[m[K’ to ‘[01m[Klong double[m[K’
[01m[K/usr/include/c++/7/bits/basic_string.h:6457:3:[m[K [01;36m[Knote: [m[Kcandidate: std::__cxx11::string std::__cxx11::to_string(double)
   [01;36m[Kto_string[m[K(double __val)
   [01;36m[K^~~~~~~~~[m[K
[01m[K/usr/include/c++/7/bits/basic_string.h:6457:3:[m[K [01;36m[Knote: [m[K  no known conversion for argument 1 from ‘[01m[Kstd_msgs::msg::Int32MultiArray_<std::allocator<void> >::_data_type {aka std::vector<int>}[m[K’ to ‘[01m[Kdouble[m[K’
[01m[K/usr/include/c++/7/bits/basic_string.h:6448:3:[m[K [01;36m[Knote: [m[Kcandidate: std::__cxx11::string std::__cxx11::to_string(float)
   [01;36m[Kto_string[m[K(float __val)
   [01;36m[K^~~~~~~~~[m[K
[01m[K/usr/include/c++/7/bits/basic_string.h:6448:3:[m[K [01;36m[Knote: [m[K  no known conversion for argument 1 from ‘[01m[Kstd_msgs::msg::Int32MultiArray_<std::allocator<void> >::_data_type {aka std::vector<int>}[m[K’ to ‘[01m[Kfloat[m[K’
[01m[K/usr/include/c++/7/bits/basic_string.h:6442:3:[m[K [01;36m[Knote: [m[Kcandidate: std::__cxx11::string std::__cxx11::to_string(long long unsigned int)
   [01;36m[Kto_string[m[K(unsigned long long __val)
   [01;36m[K^~~~~~~~~[m[K
[01m[K/usr/include/c++/7/bits/basic_string.h:6442:3:[m[K [01;36m[Knote: [m[K  no known conversion for argument 1 from ‘[01m[Kstd_msgs::msg::Int32MultiArray_<std::allocator<void> >::_data_type {aka std::vector<int>}[m[K’ to ‘[01m[Klong long unsigned int[m[K’
[01m[K/usr/include/c++/7/bits/basic_string.h:6436:3:[m[K [01;36m[Knote: [m[Kcandidate: std::__cxx11::string std::__cxx11::to_string(long long int)
   [01;36m[Kto_string[m[K(long long __val)
   [01;36m[K^~~~~~~~~[m[K
[01m[K/usr/include/c++/7/bits/basic_string.h:6436:3:[m[K [01;36m[Knote: [m[K  no known conversion for argument 1 from ‘[01m[Kstd_msgs::msg::Int32MultiArray_<std::allocator<void> >::_data_type {aka std::vector<int>}[m[K’ to ‘[01m[Klong long int[m[K’
[01m[K/usr/include/c++/7/bits/basic_string.h:6430:3:[m[K [01;36m[Knote: [m[Kcandidate: std::__cxx11::string std::__cxx11::to_string(long unsigned int)
   [01;36m[Kto_string[m[K(unsigned long __val)
   [01;36m[K^~~~~~~~~[m[K
[01m[K/usr/include/c++/7/bits/basic_string.h:6430:3:[m[K [01;36m[Knote: [m[K  no known conversion for argument 1 from ‘[01m[Kstd_msgs::msg::Int32MultiArray_<std::allocator<void> >::_data_type {aka std::vector<int>}[m[K’ to ‘[01m[Klong unsigned int[m[K’
[01m[K/usr/include/c++/7/bits/basic_string.h:6425:3:[m[K [01;36m[Knote: [m[Kcandidate: std::__cxx11::string std::__cxx11::to_string(long int)
   [01;36m[Kto_string[m[K(long __val)
   [01;36m[K^~~~~~~~~[m[K
[01m[K/usr/include/c++/7/bits/basic_string.h:6425:3:[m[K [01;36m[Knote: [m[K  no known conversion for argument 1 from ‘[01m[Kstd_msgs::msg::Int32MultiArray_<std::allocator<void> >::_data_type {aka std::vector<int>}[m[K’ to ‘[01m[Klong int[m[K’
[01m[K/usr/include/c++/7/bits/basic_string.h:6419:3:[m[K [01;36m[Knote: [m[Kcandidate: std::__cxx11::string std::__cxx11::to_string(unsigned int)
   [01;36m[Kto_string[m[K(unsigned __val)
   [01;36m[K^~~~~~~~~[m[K
[01m[K/usr/include/c++/7/bits/basic_string.h:6419:3:[m[K [01;36m[Knote: [m[K  no known conversion for argument 1 from ‘[01m[Kstd_msgs::msg::Int32MultiArray_<std::allocator<void> >::_data_type {aka std::vector<int>}[m[K’ to ‘[01m[Kunsigned int[m[K’
[01m[K/usr/include/c++/7/bits/basic_string.h:6414:3:[m[K [01;36m[Knote: [m[Kcandidate: std::__cxx11::string std::__cxx11::to_string(int)
   [01;36m[Kto_string[m[K(int __val)
   [01;36m[K^~~~~~~~~[m[K
[01m[K/usr/include/c++/7/bits/basic_string.h:6414:3:[m[K [01;36m[Knote: [m[K  no known conversion for argument 1 from ‘[01m[Kstd_msgs::msg::Int32MultiArray_<std::allocator<void> >::_data_type {aka std::vector<int>}[m[K’ to ‘[01m[Kint[m[K’
CMakeFiles/listener.dir/build.make:62: recipe for target 'CMakeFiles/listener.dir/src/listener.cpp.o' failed
make[2]: *** [CMakeFiles/listener.dir/src/listener.cpp.o] Error 1
CMakeFiles/Makefile2:67: recipe for target 'CMakeFiles/listener.dir/all' failed
make[1]: *** [CMakeFiles/listener.dir/all] Error 2
Makefile:140: recipe for target 'all' failed
make: *** [all] Error 2
