[0.975s] Invoking command in '/home/shiozaki/ros2/src/examples_rclpy/examples_rclpy_services': PYTHONPATH=/home/shiozaki/ros2/install/examples_rclpy_services/lib/python3.6/site-packages:${PYTHONPATH} /usr/bin/python3 setup.py egg_info --egg-base /home/shiozaki/ros2/build/examples_rclpy_services build --build-base /home/shiozaki/ros2/build/examples_rclpy_services/build install --prefix /home/shiozaki/ros2/install/examples_rclpy_services --record /home/shiozaki/ros2/build/examples_rclpy_services/install.log --single-version-externally-managed
[1.376s] running egg_info
[1.377s] writing /home/shiozaki/ros2/build/examples_rclpy_services/examples_rclpy_services.egg-info/PKG-INFO
[1.378s] writing dependency_links to /home/shiozaki/ros2/build/examples_rclpy_services/examples_rclpy_services.egg-info/dependency_links.txt
[1.379s] writing entry points to /home/shiozaki/ros2/build/examples_rclpy_services/examples_rclpy_services.egg-info/entry_points.txt
[1.379s] writing requirements to /home/shiozaki/ros2/build/examples_rclpy_services/examples_rclpy_services.egg-info/requires.txt
[1.380s] writing top-level names to /home/shiozaki/ros2/build/examples_rclpy_services/examples_rclpy_services.egg-info/top_level.txt
[1.447s] reading manifest file '/home/shiozaki/ros2/build/examples_rclpy_services/examples_rclpy_services.egg-info/SOURCES.txt'
[1.449s] writing manifest file '/home/shiozaki/ros2/build/examples_rclpy_services/examples_rclpy_services.egg-info/SOURCES.txt'
[1.450s] running build
[1.450s] running build_py
[1.450s] running install
[1.451s] running install_lib
[1.453s] running install_data
[1.454s] running install_egg_info
[1.457s] removing '/home/shiozaki/ros2/install/examples_rclpy_services/lib/python3.6/site-packages/examples_rclpy_services-0.6.3-py3.6.egg-info' (and everything under it)
[1.457s] Copying /home/shiozaki/ros2/build/examples_rclpy_services/examples_rclpy_services.egg-info to /home/shiozaki/ros2/install/examples_rclpy_services/lib/python3.6/site-packages/examples_rclpy_services-0.6.3-py3.6.egg-info
[1.459s] running install_scripts
[1.493s] Installing client script to /home/shiozaki/ros2/install/examples_rclpy_services/lib/examples_rclpy_services
[1.494s] Installing service script to /home/shiozaki/ros2/install/examples_rclpy_services/lib/examples_rclpy_services
[1.494s] writing list of installed files to '/home/shiozaki/ros2/build/examples_rclpy_services/install.log'
[1.620s] Invoked command in '/home/shiozaki/ros2/src/examples_rclpy/examples_rclpy_services' returned '0': PYTHONPATH=/home/shiozaki/ros2/install/examples_rclpy_services/lib/python3.6/site-packages:${PYTHONPATH} /usr/bin/python3 setup.py egg_info --egg-base /home/shiozaki/ros2/build/examples_rclpy_services build --build-base /home/shiozaki/ros2/build/examples_rclpy_services/build install --prefix /home/shiozaki/ros2/install/examples_rclpy_services --record /home/shiozaki/ros2/build/examples_rclpy_services/install.log --single-version-externally-managed
