[0.045s] Invoking command in '/home/shiozaki/ros2/build/hello_world': CMAKE_PREFIX_PATH=/home/shiozaki/ros2/install/hello_world_msgs:/home/shiozaki/ros2/install/libcreate:/home/shiozaki/ros2/install/hello_world:/home/shiozaki/ros2/install/fibonacci:/home/shiozaki/ros2/install/examples_rclpy_topics:/home/shiozaki/ros2/install/examples_rclpy_services:/home/shiozaki/ros2/install/examples_rclpy_minimal_action_server:/opt/ros/dashing LD_LIBRARY_PATH=/home/shiozaki/ros2/install/hello_world_msgs/lib:/home/shiozaki/ros2/install/libcreate/lib:/opt/ros/dashing/opt/yaml_cpp_vendor/lib:/opt/ros/dashing/opt/rviz_ogre_vendor/lib:/usr/lib:/opt/rti.com/rti_connext_dds-5.3.1/lib/x64Linux3gcc5.4.0:/opt/ros/dashing/lib /usr/bin/cmake --build /home/shiozaki/ros2/build/hello_world -- -j4 -l4
[0.140s] [ 10%] Built target client_sync
[0.154s] [ 20%] Built target talker_listener_composition
[0.163s] [ 30%] Built target listener
[0.167s] [ 40%] Built target talker_with_service
[0.190s] [35m[1mScanning dependencies of target talker[0m
[0.220s] [ 50%] Built target talker_with_service_param
[0.224s] [ 60%] Built target listener_component
[0.232s] [ 65%] [32mBuilding CXX object CMakeFiles/talker.dir/src/talker.cpp.o[0m
[0.233s] [ 75%] Built target set_and_get_parameters
[0.278s] [ 85%] Built target talker_component
[0.281s] [ 95%] Built target client_async
[1.288s] [01m[K/home/shiozaki/ros2/src/hello_world/src/talker.cpp:[m[K In lambda function:
[1.289s] [01m[K/home/shiozaki/ros2/src/hello_world/src/talker.cpp:59:40:[m[K [01;31m[Kerror: [m[K‘[01m[Knum_second[m[K’ was not declared in this scope
[1.289s]   img->header.frame_id = std::to_string([01;31m[Knum_second[m[K);
[1.289s]                                         [01;31m[K^~~~~~~~~~[m[K
[1.290s] [01m[K/home/shiozaki/ros2/src/hello_world/src/talker.cpp:59:40:[m[K [01;36m[Knote: [m[Ksuggested alternative: ‘[01m[Knum_seconds[m[K’
[1.290s]   img->header.frame_id = std::to_string([01;36m[Knum_second[m[K);
[1.290s]                                         [01;36m[K^~~~~~~~~~[m[K
[1.290s]                                         [32m[Knum_seconds[m[K
[1.709s] CMakeFiles/talker.dir/build.make:62: recipe for target 'CMakeFiles/talker.dir/src/talker.cpp.o' failed
[1.709s] make[2]: *** [CMakeFiles/talker.dir/src/talker.cpp.o] Error 1
[1.710s] CMakeFiles/Makefile2:284: recipe for target 'CMakeFiles/talker.dir/all' failed
[1.710s] make[1]: *** [CMakeFiles/talker.dir/all] Error 2
[1.710s] Makefile:140: recipe for target 'all' failed
[1.710s] make: *** [all] Error 2
[1.712s] Invoked command in '/home/shiozaki/ros2/build/hello_world' returned '2': CMAKE_PREFIX_PATH=/home/shiozaki/ros2/install/hello_world_msgs:/home/shiozaki/ros2/install/libcreate:/home/shiozaki/ros2/install/hello_world:/home/shiozaki/ros2/install/fibonacci:/home/shiozaki/ros2/install/examples_rclpy_topics:/home/shiozaki/ros2/install/examples_rclpy_services:/home/shiozaki/ros2/install/examples_rclpy_minimal_action_server:/opt/ros/dashing LD_LIBRARY_PATH=/home/shiozaki/ros2/install/hello_world_msgs/lib:/home/shiozaki/ros2/install/libcreate/lib:/opt/ros/dashing/opt/yaml_cpp_vendor/lib:/opt/ros/dashing/opt/rviz_ogre_vendor/lib:/usr/lib:/opt/rti.com/rti_connext_dds-5.3.1/lib/x64Linux3gcc5.4.0:/opt/ros/dashing/lib /usr/bin/cmake --build /home/shiozaki/ros2/build/hello_world -- -j4 -l4
