[0.038s] Invoking command in '/home/shiozaki/ros2/build/libcreate': CMAKE_PREFIX_PATH=${CMAKE_PREFIX_PATH}:/home/shiozaki/ros2/install/examples_rclpy_topics:/home/shiozaki/ros2/install/examples_rclpy_services:/home/shiozaki/ros2/install/examples_rclpy_minimal_action_server:/opt/ros/dashing /usr/bin/cmake --build /home/shiozaki/ros2/build/libcreate -- -j4 -l4
[0.194s] [ 36%] Built target create
[0.250s] [ 45%] Built target wheeldrop
[0.252s] [ 54%] Built target battery_level
[0.253s] [ 63%] Built target play_song
[0.260s] [ 72%] Built target packets
[0.297s] [ 81%] Built target drive_circle
[0.301s] [ 90%] Built target bumpers
[0.301s] [100%] Built target leds
[0.321s] Invoked command in '/home/shiozaki/ros2/build/libcreate' returned '0': CMAKE_PREFIX_PATH=${CMAKE_PREFIX_PATH}:/home/shiozaki/ros2/install/examples_rclpy_topics:/home/shiozaki/ros2/install/examples_rclpy_services:/home/shiozaki/ros2/install/examples_rclpy_minimal_action_server:/opt/ros/dashing /usr/bin/cmake --build /home/shiozaki/ros2/build/libcreate -- -j4 -l4
[0.392s] Invoking command in '/home/shiozaki/ros2/build/libcreate': CMAKE_PREFIX_PATH=${CMAKE_PREFIX_PATH}:/home/shiozaki/ros2/install/examples_rclpy_topics:/home/shiozaki/ros2/install/examples_rclpy_services:/home/shiozaki/ros2/install/examples_rclpy_minimal_action_server:/opt/ros/dashing /usr/bin/cmake --build /home/shiozaki/ros2/build/libcreate --target install -- -j4 -l4
[0.510s] [ 36%] Built target create
[0.555s] [ 45%] Built target wheeldrop
[0.567s] [ 63%] Built target play_song
[0.567s] [ 63%] Built target battery_level
[0.575s] [ 72%] Built target packets
[0.603s] [ 81%] Built target drive_circle
[0.610s] [ 90%] Built target leds
[0.626s] [100%] Built target bumpers
[0.649s] [36mInstall the project...[0m
[0.660s] -- Install configuration: ""
[0.660s] -- Up-to-date: /home/shiozaki/ros2/install/libcreate/lib/libcreate.so
[0.661s] -- Up-to-date: /home/shiozaki/ros2/install/libcreate/include
[0.661s] -- Up-to-date: /home/shiozaki/ros2/install/libcreate/include/create
[0.661s] -- Up-to-date: /home/shiozaki/ros2/install/libcreate/include/create/serial_stream.h
[0.661s] -- Up-to-date: /home/shiozaki/ros2/install/libcreate/include/create/types.h
[0.661s] -- Up-to-date: /home/shiozaki/ros2/install/libcreate/include/create/util.h
[0.662s] -- Up-to-date: /home/shiozaki/ros2/install/libcreate/include/create/data.h
[0.662s] -- Up-to-date: /home/shiozaki/ros2/install/libcreate/include/create/create.h
[0.662s] -- Up-to-date: /home/shiozaki/ros2/install/libcreate/include/create/serial.h
[0.662s] -- Up-to-date: /home/shiozaki/ros2/install/libcreate/include/create/serial_query.h
[0.662s] -- Up-to-date: /home/shiozaki/ros2/install/libcreate/include/create/packet.h
[0.662s] -- Up-to-date: /home/shiozaki/ros2/install/libcreate/lib/cmake/libcreate/libcreate-config.cmake
[0.662s] -- Up-to-date: /home/shiozaki/ros2/install/libcreate/lib/cmake/libcreate/libcreate-config-version.cmake
[0.662s] -- Up-to-date: /home/shiozaki/ros2/install/libcreate/lib/cmake/libcreate/libcreate-targets.cmake
[0.663s] -- Up-to-date: /home/shiozaki/ros2/install/libcreate/lib/cmake/libcreate/libcreate-targets-noconfig.cmake
[0.663s] -- Up-to-date: /home/shiozaki/ros2/install/libcreate/share/libcreate/package.xml
[0.667s] Invoked command in '/home/shiozaki/ros2/build/libcreate' returned '0': CMAKE_PREFIX_PATH=${CMAKE_PREFIX_PATH}:/home/shiozaki/ros2/install/examples_rclpy_topics:/home/shiozaki/ros2/install/examples_rclpy_services:/home/shiozaki/ros2/install/examples_rclpy_minimal_action_server:/opt/ros/dashing /usr/bin/cmake --build /home/shiozaki/ros2/build/libcreate --target install -- -j4 -l4
