[0.054s] Invoking command in '/home/shiozaki/ros2/build/libcreate': CMAKE_PREFIX_PATH=${CMAKE_PREFIX_PATH}:/home/shiozaki/ros2/install/examples_rclpy_topics:/home/shiozaki/ros2/install/examples_rclpy_services:/home/shiozaki/ros2/install/examples_rclpy_minimal_action_server:/opt/ros/dashing /usr/bin/cmake --build /home/shiozaki/ros2/build/libcreate -- -j4 -l4
[0.196s] [ 36%] Built target create
[0.252s] [ 45%] Built target play_song
[0.255s] [ 54%] Built target packets
[0.271s] [ 63%] Built target battery_level
[0.293s] [ 72%] Built target wheeldrop
[0.304s] [ 81%] Built target leds
[0.319s] [ 90%] Built target drive_circle
[0.330s] [100%] Built target bumpers
[0.348s] Invoked command in '/home/shiozaki/ros2/build/libcreate' returned '0': CMAKE_PREFIX_PATH=${CMAKE_PREFIX_PATH}:/home/shiozaki/ros2/install/examples_rclpy_topics:/home/shiozaki/ros2/install/examples_rclpy_services:/home/shiozaki/ros2/install/examples_rclpy_minimal_action_server:/opt/ros/dashing /usr/bin/cmake --build /home/shiozaki/ros2/build/libcreate -- -j4 -l4
[0.428s] Invoking command in '/home/shiozaki/ros2/build/libcreate': CMAKE_PREFIX_PATH=${CMAKE_PREFIX_PATH}:/home/shiozaki/ros2/install/examples_rclpy_topics:/home/shiozaki/ros2/install/examples_rclpy_services:/home/shiozaki/ros2/install/examples_rclpy_minimal_action_server:/opt/ros/dashing /usr/bin/cmake --build /home/shiozaki/ros2/build/libcreate --target install -- -j4 -l4
[0.521s] [ 36%] Built target create
[0.567s] [ 45%] Built target wheeldrop
[0.571s] [ 54%] Built target play_song
[0.574s] [ 63%] Built target battery_level
[0.591s] [ 72%] Built target packets
[0.623s] [ 81%] Built target drive_circle
[0.632s] [ 90%] Built target leds
[0.635s] [100%] Built target bumpers
[0.665s] [36mInstall the project...[0m
[0.682s] -- Install configuration: ""
[0.684s] -- Up-to-date: /home/shiozaki/ros2/install/libcreate/lib/libcreate.so
[0.684s] -- Up-to-date: /home/shiozaki/ros2/install/libcreate/include
[0.684s] -- Up-to-date: /home/shiozaki/ros2/install/libcreate/include/create
[0.685s] -- Up-to-date: /home/shiozaki/ros2/install/libcreate/include/create/serial_stream.h
[0.685s] -- Up-to-date: /home/shiozaki/ros2/install/libcreate/include/create/types.h
[0.685s] -- Up-to-date: /home/shiozaki/ros2/install/libcreate/include/create/util.h
[0.685s] -- Up-to-date: /home/shiozaki/ros2/install/libcreate/include/create/data.h
[0.686s] -- Up-to-date: /home/shiozaki/ros2/install/libcreate/include/create/create.h
[0.686s] -- Up-to-date: /home/shiozaki/ros2/install/libcreate/include/create/serial.h
[0.686s] -- Up-to-date: /home/shiozaki/ros2/install/libcreate/include/create/serial_query.h
[0.686s] -- Up-to-date: /home/shiozaki/ros2/install/libcreate/include/create/packet.h
[0.686s] -- Up-to-date: /home/shiozaki/ros2/install/libcreate/lib/cmake/libcreate/libcreate-config.cmake
[0.687s] -- Up-to-date: /home/shiozaki/ros2/install/libcreate/lib/cmake/libcreate/libcreate-config-version.cmake
[0.687s] -- Up-to-date: /home/shiozaki/ros2/install/libcreate/lib/cmake/libcreate/libcreate-targets.cmake
[0.687s] -- Up-to-date: /home/shiozaki/ros2/install/libcreate/lib/cmake/libcreate/libcreate-targets-noconfig.cmake
[0.687s] -- Up-to-date: /home/shiozaki/ros2/install/libcreate/share/libcreate/package.xml
[0.693s] Invoked command in '/home/shiozaki/ros2/build/libcreate' returned '0': CMAKE_PREFIX_PATH=${CMAKE_PREFIX_PATH}:/home/shiozaki/ros2/install/examples_rclpy_topics:/home/shiozaki/ros2/install/examples_rclpy_services:/home/shiozaki/ros2/install/examples_rclpy_minimal_action_server:/opt/ros/dashing /usr/bin/cmake --build /home/shiozaki/ros2/build/libcreate --target install -- -j4 -l4
