[0.055s] Invoking command in '/home/shiozaki/ros2/build/libcreate': CMAKE_PREFIX_PATH=${CMAKE_PREFIX_PATH}:/home/shiozaki/ros2/install/examples_rclpy_topics:/home/shiozaki/ros2/install/examples_rclpy_services:/home/shiozaki/ros2/install/examples_rclpy_minimal_action_server:/opt/ros/dashing /usr/bin/cmake --build /home/shiozaki/ros2/build/libcreate -- -j4 -l4
[0.180s] [ 36%] Built target create
[0.225s] [ 45%] Built target battery_level
[0.226s] [ 54%] Built target play_song
[0.232s] [ 63%] Built target wheeldrop
[0.244s] [ 72%] Built target packets
[0.272s] [ 81%] Built target drive_circle
[0.275s] [ 90%] Built target leds
[0.284s] [100%] Built target bumpers
[0.303s] Invoked command in '/home/shiozaki/ros2/build/libcreate' returned '0': CMAKE_PREFIX_PATH=${CMAKE_PREFIX_PATH}:/home/shiozaki/ros2/install/examples_rclpy_topics:/home/shiozaki/ros2/install/examples_rclpy_services:/home/shiozaki/ros2/install/examples_rclpy_minimal_action_server:/opt/ros/dashing /usr/bin/cmake --build /home/shiozaki/ros2/build/libcreate -- -j4 -l4
[0.414s] Invoking command in '/home/shiozaki/ros2/build/libcreate': CMAKE_PREFIX_PATH=${CMAKE_PREFIX_PATH}:/home/shiozaki/ros2/install/examples_rclpy_topics:/home/shiozaki/ros2/install/examples_rclpy_services:/home/shiozaki/ros2/install/examples_rclpy_minimal_action_server:/opt/ros/dashing /usr/bin/cmake --build /home/shiozaki/ros2/build/libcreate --target install -- -j4 -l4
[0.495s] [ 36%] Built target create
[0.537s] [ 45%] Built target play_song
[0.540s] [ 54%] Built target packets
[0.557s] [ 63%] Built target battery_level
[0.582s] [ 72%] Built target wheeldrop
[0.589s] [ 81%] Built target leds
[0.598s] [ 90%] Built target drive_circle
[0.609s] [100%] Built target bumpers
[0.649s] [36mInstall the project...[0m
[0.666s] -- Install configuration: ""
[0.667s] -- Up-to-date: /home/shiozaki/ros2/install/libcreate/lib/libcreate.so
[0.667s] -- Up-to-date: /home/shiozaki/ros2/install/libcreate/include
[0.667s] -- Up-to-date: /home/shiozaki/ros2/install/libcreate/include/create
[0.667s] -- Up-to-date: /home/shiozaki/ros2/install/libcreate/include/create/serial_stream.h
[0.668s] -- Up-to-date: /home/shiozaki/ros2/install/libcreate/include/create/types.h
[0.668s] -- Up-to-date: /home/shiozaki/ros2/install/libcreate/include/create/util.h
[0.668s] -- Up-to-date: /home/shiozaki/ros2/install/libcreate/include/create/data.h
[0.668s] -- Up-to-date: /home/shiozaki/ros2/install/libcreate/include/create/create.h
[0.668s] -- Up-to-date: /home/shiozaki/ros2/install/libcreate/include/create/serial.h
[0.668s] -- Up-to-date: /home/shiozaki/ros2/install/libcreate/include/create/serial_query.h
[0.668s] -- Up-to-date: /home/shiozaki/ros2/install/libcreate/include/create/packet.h
[0.668s] -- Up-to-date: /home/shiozaki/ros2/install/libcreate/lib/cmake/libcreate/libcreate-config.cmake
[0.669s] -- Up-to-date: /home/shiozaki/ros2/install/libcreate/lib/cmake/libcreate/libcreate-config-version.cmake
[0.669s] -- Up-to-date: /home/shiozaki/ros2/install/libcreate/lib/cmake/libcreate/libcreate-targets.cmake
[0.669s] -- Up-to-date: /home/shiozaki/ros2/install/libcreate/lib/cmake/libcreate/libcreate-targets-noconfig.cmake
[0.669s] -- Up-to-date: /home/shiozaki/ros2/install/libcreate/share/libcreate/package.xml
[0.675s] Invoked command in '/home/shiozaki/ros2/build/libcreate' returned '0': CMAKE_PREFIX_PATH=${CMAKE_PREFIX_PATH}:/home/shiozaki/ros2/install/examples_rclpy_topics:/home/shiozaki/ros2/install/examples_rclpy_services:/home/shiozaki/ros2/install/examples_rclpy_minimal_action_server:/opt/ros/dashing /usr/bin/cmake --build /home/shiozaki/ros2/build/libcreate --target install -- -j4 -l4
