running egg_info
creating /home/shiozaki/ros2/build/examples_rclpy_services/examples_rclpy_services.egg-info
writing /home/shiozaki/ros2/build/examples_rclpy_services/examples_rclpy_services.egg-info/PKG-INFO
writing dependency_links to /home/shiozaki/ros2/build/examples_rclpy_services/examples_rclpy_services.egg-info/dependency_links.txt
writing entry points to /home/shiozaki/ros2/build/examples_rclpy_services/examples_rclpy_services.egg-info/entry_points.txt
writing requirements to /home/shiozaki/ros2/build/examples_rclpy_services/examples_rclpy_services.egg-info/requires.txt
writing top-level names to /home/shiozaki/ros2/build/examples_rclpy_services/examples_rclpy_services.egg-info/top_level.txt
writing manifest file '/home/shiozaki/ros2/build/examples_rclpy_services/examples_rclpy_services.egg-info/SOURCES.txt'
reading manifest file '/home/shiozaki/ros2/build/examples_rclpy_services/examples_rclpy_services.egg-info/SOURCES.txt'
writing manifest file '/home/shiozaki/ros2/build/examples_rclpy_services/examples_rclpy_services.egg-info/SOURCES.txt'
running build
running build_py
creating /home/shiozaki/ros2/build/examples_rclpy_services/build
creating /home/shiozaki/ros2/build/examples_rclpy_services/build/lib
creating /home/shiozaki/ros2/build/examples_rclpy_services/build/lib/examples_rclpy_services
copying examples_rclpy_services/client.py -> /home/shiozaki/ros2/build/examples_rclpy_services/build/lib/examples_rclpy_services
copying examples_rclpy_services/__init__.py -> /home/shiozaki/ros2/build/examples_rclpy_services/build/lib/examples_rclpy_services
copying examples_rclpy_services/service.py -> /home/shiozaki/ros2/build/examples_rclpy_services/build/lib/examples_rclpy_services
running install
running install_lib
creating /home/shiozaki/ros2/install/examples_rclpy_services/lib/python3.6/site-packages/examples_rclpy_services
copying /home/shiozaki/ros2/build/examples_rclpy_services/build/lib/examples_rclpy_services/client.py -> /home/shiozaki/ros2/install/examples_rclpy_services/lib/python3.6/site-packages/examples_rclpy_services
copying /home/shiozaki/ros2/build/examples_rclpy_services/build/lib/examples_rclpy_services/__init__.py -> /home/shiozaki/ros2/install/examples_rclpy_services/lib/python3.6/site-packages/examples_rclpy_services
copying /home/shiozaki/ros2/build/examples_rclpy_services/build/lib/examples_rclpy_services/service.py -> /home/shiozaki/ros2/install/examples_rclpy_services/lib/python3.6/site-packages/examples_rclpy_services
byte-compiling /home/shiozaki/ros2/install/examples_rclpy_services/lib/python3.6/site-packages/examples_rclpy_services/client.py to client.cpython-36.pyc
byte-compiling /home/shiozaki/ros2/install/examples_rclpy_services/lib/python3.6/site-packages/examples_rclpy_services/__init__.py to __init__.cpython-36.pyc
byte-compiling /home/shiozaki/ros2/install/examples_rclpy_services/lib/python3.6/site-packages/examples_rclpy_services/service.py to service.cpython-36.pyc
running install_data
creating /home/shiozaki/ros2/install/examples_rclpy_services/share/ament_index
creating /home/shiozaki/ros2/install/examples_rclpy_services/share/ament_index/resource_index
creating /home/shiozaki/ros2/install/examples_rclpy_services/share/ament_index/resource_index/packages
copying resource/examples_rclpy_services -> /home/shiozaki/ros2/install/examples_rclpy_services/share/ament_index/resource_index/packages
copying package.xml -> /home/shiozaki/ros2/install/examples_rclpy_services/share/examples_rclpy_services
running install_egg_info
Copying /home/shiozaki/ros2/build/examples_rclpy_services/examples_rclpy_services.egg-info to /home/shiozaki/ros2/install/examples_rclpy_services/lib/python3.6/site-packages/examples_rclpy_services-0.6.3-py3.6.egg-info
running install_scripts
Installing client script to /home/shiozaki/ros2/install/examples_rclpy_services/lib/examples_rclpy_services
Installing service script to /home/shiozaki/ros2/install/examples_rclpy_services/lib/examples_rclpy_services
writing list of installed files to '/home/shiozaki/ros2/build/examples_rclpy_services/install.log'
