[0.050s] Invoking command in '/home/shiozaki/ros2/build/libcreate': CMAKE_PREFIX_PATH=${CMAKE_PREFIX_PATH}:/home/shiozaki/ros2/install/examples_rclpy_topics:/home/shiozaki/ros2/install/examples_rclpy_services:/home/shiozaki/ros2/install/examples_rclpy_minimal_action_server:/opt/ros/dashing /usr/bin/cmake --build /home/shiozaki/ros2/build/libcreate -- -j4 -l4
[0.174s] [ 36%] Built target create
[0.226s] [ 45%] Built target wheeldrop
[0.232s] [ 54%] Built target battery_level
[0.232s] [ 63%] Built target play_song
[0.243s] [ 72%] Built target packets
[0.278s] [ 81%] Built target leds
[0.282s] [100%] Built target bumpers
[0.282s] [100%] Built target drive_circle
[0.302s] Invoked command in '/home/shiozaki/ros2/build/libcreate' returned '0': CMAKE_PREFIX_PATH=${CMAKE_PREFIX_PATH}:/home/shiozaki/ros2/install/examples_rclpy_topics:/home/shiozaki/ros2/install/examples_rclpy_services:/home/shiozaki/ros2/install/examples_rclpy_minimal_action_server:/opt/ros/dashing /usr/bin/cmake --build /home/shiozaki/ros2/build/libcreate -- -j4 -l4
[0.409s] Invoking command in '/home/shiozaki/ros2/build/libcreate': CMAKE_PREFIX_PATH=${CMAKE_PREFIX_PATH}:/home/shiozaki/ros2/install/examples_rclpy_topics:/home/shiozaki/ros2/install/examples_rclpy_services:/home/shiozaki/ros2/install/examples_rclpy_minimal_action_server:/opt/ros/dashing /usr/bin/cmake --build /home/shiozaki/ros2/build/libcreate --target install -- -j4 -l4
[0.487s] [ 36%] Built target create
[0.530s] [ 45%] Built target packets
[0.543s] [ 54%] Built target wheeldrop
[0.548s] [ 72%] Built target battery_level
[0.548s] [ 72%] Built target play_song
[0.593s] [ 81%] Built target drive_circle
[0.593s] [ 90%] Built target bumpers
[0.596s] [100%] Built target leds
[0.628s] [36mInstall the project...[0m
[0.647s] -- Install configuration: ""
[0.647s] -- Up-to-date: /home/shiozaki/ros2/install/libcreate/lib/libcreate.so
[0.647s] -- Up-to-date: /home/shiozaki/ros2/install/libcreate/include
[0.647s] -- Up-to-date: /home/shiozaki/ros2/install/libcreate/include/create
[0.647s] -- Up-to-date: /home/shiozaki/ros2/install/libcreate/include/create/serial_stream.h
[0.650s] -- Up-to-date: /home/shiozaki/ros2/install/libcreate/include/create/types.h
[0.650s] -- Up-to-date: /home/shiozaki/ros2/install/libcreate/include/create/util.h
[0.651s] -- Up-to-date: /home/shiozaki/ros2/install/libcreate/include/create/data.h
[0.651s] -- Up-to-date: /home/shiozaki/ros2/install/libcreate/include/create/create.h
[0.651s] -- Up-to-date: /home/shiozaki/ros2/install/libcreate/include/create/serial.h
[0.651s] -- Up-to-date: /home/shiozaki/ros2/install/libcreate/include/create/serial_query.h
[0.652s] -- Up-to-date: /home/shiozaki/ros2/install/libcreate/include/create/packet.h
[0.653s] -- Up-to-date: /home/shiozaki/ros2/install/libcreate/lib/cmake/libcreate/libcreate-config.cmake
[0.653s] -- Up-to-date: /home/shiozaki/ros2/install/libcreate/lib/cmake/libcreate/libcreate-config-version.cmake
[0.654s] -- Up-to-date: /home/shiozaki/ros2/install/libcreate/lib/cmake/libcreate/libcreate-targets.cmake
[0.655s] -- Up-to-date: /home/shiozaki/ros2/install/libcreate/lib/cmake/libcreate/libcreate-targets-noconfig.cmake
[0.656s] -- Up-to-date: /home/shiozaki/ros2/install/libcreate/share/libcreate/package.xml
[0.657s] Invoked command in '/home/shiozaki/ros2/build/libcreate' returned '0': CMAKE_PREFIX_PATH=${CMAKE_PREFIX_PATH}:/home/shiozaki/ros2/install/examples_rclpy_topics:/home/shiozaki/ros2/install/examples_rclpy_services:/home/shiozaki/ros2/install/examples_rclpy_minimal_action_server:/opt/ros/dashing /usr/bin/cmake --build /home/shiozaki/ros2/build/libcreate --target install -- -j4 -l4
