[0.068s] Invoking command in '/home/shiozaki/ros2/build/libcreate': CMAKE_PREFIX_PATH=${CMAKE_PREFIX_PATH}:/home/shiozaki/ros2/install/examples_rclpy_topics:/home/shiozaki/ros2/install/examples_rclpy_services:/home/shiozaki/ros2/install/examples_rclpy_minimal_action_server:/opt/ros/dashing /usr/bin/cmake --build /home/shiozaki/ros2/build/libcreate -- -j4 -l4
[0.180s] [ 36%] Built target create
[0.228s] [ 45%] Built target wheeldrop
[0.233s] [ 54%] Built target packets
[0.240s] [ 63%] Built target play_song
[0.243s] [ 72%] Built target battery_level
[0.277s] [ 81%] Built target drive_circle
[0.283s] [ 90%] Built target bumpers
[0.286s] [100%] Built target leds
[0.303s] Invoked command in '/home/shiozaki/ros2/build/libcreate' returned '0': CMAKE_PREFIX_PATH=${CMAKE_PREFIX_PATH}:/home/shiozaki/ros2/install/examples_rclpy_topics:/home/shiozaki/ros2/install/examples_rclpy_services:/home/shiozaki/ros2/install/examples_rclpy_minimal_action_server:/opt/ros/dashing /usr/bin/cmake --build /home/shiozaki/ros2/build/libcreate -- -j4 -l4
[0.371s] Invoking command in '/home/shiozaki/ros2/build/libcreate': CMAKE_PREFIX_PATH=${CMAKE_PREFIX_PATH}:/home/shiozaki/ros2/install/examples_rclpy_topics:/home/shiozaki/ros2/install/examples_rclpy_services:/home/shiozaki/ros2/install/examples_rclpy_minimal_action_server:/opt/ros/dashing /usr/bin/cmake --build /home/shiozaki/ros2/build/libcreate --target install -- -j4 -l4
[0.473s] [ 36%] Built target create
[0.519s] [ 45%] Built target play_song
[0.526s] [ 54%] Built target wheeldrop
[0.526s] [ 63%] Built target battery_level
[0.551s] [ 72%] Built target packets
[0.572s] [ 81%] Built target drive_circle
[0.585s] [ 90%] Built target bumpers
[0.586s] [100%] Built target leds
[0.621s] [36mInstall the project...[0m
[0.637s] -- Install configuration: ""
[0.638s] -- Up-to-date: /home/shiozaki/ros2/install/libcreate/lib/libcreate.so
[0.638s] -- Up-to-date: /home/shiozaki/ros2/install/libcreate/include
[0.638s] -- Up-to-date: /home/shiozaki/ros2/install/libcreate/include/create
[0.638s] -- Up-to-date: /home/shiozaki/ros2/install/libcreate/include/create/serial_stream.h
[0.638s] -- Up-to-date: /home/shiozaki/ros2/install/libcreate/include/create/types.h
[0.638s] -- Up-to-date: /home/shiozaki/ros2/install/libcreate/include/create/util.h
[0.639s] -- Up-to-date: /home/shiozaki/ros2/install/libcreate/include/create/data.h
[0.639s] -- Up-to-date: /home/shiozaki/ros2/install/libcreate/include/create/create.h
[0.639s] -- Up-to-date: /home/shiozaki/ros2/install/libcreate/include/create/serial.h
[0.639s] -- Up-to-date: /home/shiozaki/ros2/install/libcreate/include/create/serial_query.h
[0.639s] -- Up-to-date: /home/shiozaki/ros2/install/libcreate/include/create/packet.h
[0.639s] -- Up-to-date: /home/shiozaki/ros2/install/libcreate/lib/cmake/libcreate/libcreate-config.cmake
[0.640s] -- Up-to-date: /home/shiozaki/ros2/install/libcreate/lib/cmake/libcreate/libcreate-config-version.cmake
[0.640s] -- Up-to-date: /home/shiozaki/ros2/install/libcreate/lib/cmake/libcreate/libcreate-targets.cmake
[0.640s] -- Up-to-date: /home/shiozaki/ros2/install/libcreate/lib/cmake/libcreate/libcreate-targets-noconfig.cmake
[0.640s] -- Up-to-date: /home/shiozaki/ros2/install/libcreate/share/libcreate/package.xml
[0.673s] Invoked command in '/home/shiozaki/ros2/build/libcreate' returned '0': CMAKE_PREFIX_PATH=${CMAKE_PREFIX_PATH}:/home/shiozaki/ros2/install/examples_rclpy_topics:/home/shiozaki/ros2/install/examples_rclpy_services:/home/shiozaki/ros2/install/examples_rclpy_minimal_action_server:/opt/ros/dashing /usr/bin/cmake --build /home/shiozaki/ros2/build/libcreate --target install -- -j4 -l4
