[0.027s] Invoking command in '/home/shiozaki/ros2/build/hello_world': CMAKE_PREFIX_PATH=/home/shiozaki/ros2/install/hello_world_msgs:/home/shiozaki/ros2/install/libcreate:/home/shiozaki/ros2/install/hello_world:/home/shiozaki/ros2/install/fibonacci:/home/shiozaki/ros2/install/examples_rclpy_topics:/home/shiozaki/ros2/install/examples_rclpy_services:/home/shiozaki/ros2/install/examples_rclpy_minimal_action_server:/opt/ros/dashing LD_LIBRARY_PATH=/home/shiozaki/ros2/install/hello_world_msgs/lib:/home/shiozaki/ros2/install/libcreate/lib:/opt/ros/dashing/opt/yaml_cpp_vendor/lib:/opt/ros/dashing/opt/rviz_ogre_vendor/lib:/usr/lib:/opt/rti.com/rti_connext_dds-5.3.1/lib/x64Linux3gcc5.4.0:/opt/ros/dashing/lib /usr/bin/cmake --build /home/shiozaki/ros2/build/hello_world -- -j4 -l4
[0.109s] [35m[1mScanning dependencies of target listener[0m
[0.130s] [ 10%] Built target talker_listener_composition
[0.148s] [ 20%] Built target talker_with_service
[0.153s] [ 30%] Built target client_sync
[0.166s] [ 35%] [32mBuilding CXX object CMakeFiles/listener.dir/src/listener.cpp.o[0m
[0.182s] [ 45%] Built target talker_with_service_param
[0.211s] [ 55%] Built target listener_component
[0.220s] [ 65%] Built target talker
[0.235s] [ 75%] Built target set_and_get_parameters
[0.268s] [ 85%] Built target talker_component
[0.281s] [ 95%] Built target client_async
[1.308s] [01m[K/home/shiozaki/ros2/src/hello_world/src/listener.cpp:[m[K In constructor ‘[01m[KListener::Listener(const string&)[m[K’:
[1.308s] [01m[K/home/shiozaki/ros2/src/hello_world/src/listener.cpp:45:32:[m[K [01;31m[Kerror: [m[Kno match for ‘[01m[Koperator=[m[K’ (operand types are ‘[01m[Krclcpp::Subscription<std_msgs::msg::String_<std::allocator<void> > >::SharedPtr {aka std::shared_ptr<rclcpp::Subscription<std_msgs::msg::String_<std::allocator<void> > > >}[m[K’ and ‘[01m[Kstd::shared_ptr<rclcpp::Subscription<std_msgs::msg::Int32MultiArray_<std::allocator<void> >, std::allocator<void> > >[m[K’)
[1.308s]        topic_name, qos, callback[01;31m[K)[m[K;
[1.308s]                                 [01;31m[K^[m[K
[1.308s] In file included from [01m[K/usr/include/c++/7/memory:81:0[m[K,
[1.308s]                  from [01m[K/home/shiozaki/ros2/src/hello_world/src/listener.cpp:16[m[K:
[1.308s] [01m[K/usr/include/c++/7/bits/shared_ptr.h:296:19:[m[K [01;36m[Knote: [m[Kcandidate: std::shared_ptr<_Tp>& std::shared_ptr<_Tp>::operator=(const std::shared_ptr<_Tp>&) [with _Tp = rclcpp::Subscription<std_msgs::msg::String_<std::allocator<void> > >]
[1.308s]        shared_ptr& [01;36m[Koperator[m[K=(const shared_ptr&) noexcept = default;
[1.308s]                    [01;36m[K^~~~~~~~[m[K
[1.309s] [01m[K/usr/include/c++/7/bits/shared_ptr.h:296:19:[m[K [01;36m[Knote: [m[K  no known conversion for argument 1 from ‘[01m[Kstd::shared_ptr<rclcpp::Subscription<std_msgs::msg::Int32MultiArray_<std::allocator<void> >, std::allocator<void> > >[m[K’ to ‘[01m[Kconst std::shared_ptr<rclcpp::Subscription<std_msgs::msg::String_<std::allocator<void> > > >&[m[K’
[1.309s] [01m[K/usr/include/c++/7/bits/shared_ptr.h:300:2:[m[K [01;36m[Knote: [m[Kcandidate: template<class _Yp> std::shared_ptr<_Tp>::_Assignable<const std::shared_ptr<_Yp>&> std::shared_ptr<_Tp>::operator=(const std::shared_ptr<_Yp>&) [with _Yp = _Yp; _Tp = rclcpp::Subscription<std_msgs::msg::String_<std::allocator<void> > >]
[1.309s]   [01;36m[Koperator[m[K=(const shared_ptr<_Yp>& __r) noexcept
[1.309s]   [01;36m[K^~~~~~~~[m[K
[1.309s] [01m[K/usr/include/c++/7/bits/shared_ptr.h:300:2:[m[K [01;36m[Knote: [m[K  template argument deduction/substitution failed:
[1.309s] [01m[K/usr/include/c++/7/bits/shared_ptr.h:309:2:[m[K [01;36m[Knote: [m[Kcandidate: template<class _Yp> std::shared_ptr<_Tp>::_Assignable<std::auto_ptr<_Up> > std::shared_ptr<_Tp>::operator=(std::auto_ptr<_Up>&&) [with _Yp = _Yp; _Tp = rclcpp::Subscription<std_msgs::msg::String_<std::allocator<void> > >]
[1.309s]   [01;36m[Koperator[m[K=(auto_ptr<_Yp>&& __r)
[1.309s]   [01;36m[K^~~~~~~~[m[K
[1.309s] [01m[K/usr/include/c++/7/bits/shared_ptr.h:309:2:[m[K [01;36m[Knote: [m[K  template argument deduction/substitution failed:
[1.309s] [01m[K/home/shiozaki/ros2/src/hello_world/src/listener.cpp:45:32:[m[K [01;36m[Knote: [m[K  ‘[01m[Kstd::shared_ptr<rclcpp::Subscription<std_msgs::msg::Int32MultiArray_<std::allocator<void> >, std::allocator<void> > >[m[K’ is not derived from ‘[01m[Kstd::auto_ptr<_Up>[m[K’
[1.309s]        topic_name, qos, callback[01;36m[K)[m[K;
[1.309s]                                 [01;36m[K^[m[K
[1.310s] In file included from [01m[K/usr/include/c++/7/memory:81:0[m[K,
[1.310s]                  from [01m[K/home/shiozaki/ros2/src/hello_world/src/listener.cpp:16[m[K:
[1.310s] [01m[K/usr/include/c++/7/bits/shared_ptr.h:317:7:[m[K [01;36m[Knote: [m[Kcandidate: std::shared_ptr<_Tp>& std::shared_ptr<_Tp>::operator=(std::shared_ptr<_Tp>&&) [with _Tp = rclcpp::Subscription<std_msgs::msg::String_<std::allocator<void> > >]
[1.310s]        [01;36m[Koperator[m[K=(shared_ptr&& __r) noexcept
[1.310s]        [01;36m[K^~~~~~~~[m[K
[1.310s] [01m[K/usr/include/c++/7/bits/shared_ptr.h:317:7:[m[K [01;36m[Knote: [m[K  no known conversion for argument 1 from ‘[01m[Kstd::shared_ptr<rclcpp::Subscription<std_msgs::msg::Int32MultiArray_<std::allocator<void> >, std::allocator<void> > >[m[K’ to ‘[01m[Kstd::shared_ptr<rclcpp::Subscription<std_msgs::msg::String_<std::allocator<void> > > >&&[m[K’
[1.310s] [01m[K/usr/include/c++/7/bits/shared_ptr.h:325:2:[m[K [01;36m[Knote: [m[Kcandidate: template<class _Yp> std::shared_ptr<_Tp>::_Assignable<std::shared_ptr<_Yp> > std::shared_ptr<_Tp>::operator=(std::shared_ptr<_Yp>&&) [with _Yp = _Yp; _Tp = rclcpp::Subscription<std_msgs::msg::String_<std::allocator<void> > >]
[1.310s]   [01;36m[Koperator[m[K=(shared_ptr<_Yp>&& __r) noexcept
[1.310s]   [01;36m[K^~~~~~~~[m[K
[1.310s] [01m[K/usr/include/c++/7/bits/shared_ptr.h:325:2:[m[K [01;36m[Knote: [m[K  template argument deduction/substitution failed:
[1.310s] [01m[K/usr/include/c++/7/bits/shared_ptr.h:333:2:[m[K [01;36m[Knote: [m[Kcandidate: template<class _Yp, class _Del> std::shared_ptr<_Tp>::_Assignable<std::unique_ptr<_Up, _Ep> > std::shared_ptr<_Tp>::operator=(std::unique_ptr<_Up, _Ep>&&) [with _Yp = _Yp; _Del = _Del; _Tp = rclcpp::Subscription<std_msgs::msg::String_<std::allocator<void> > >]
[1.310s]   [01;36m[Koperator[m[K=(unique_ptr<_Yp, _Del>&& __r)
[1.311s]   [01;36m[K^~~~~~~~[m[K
[1.311s] [01m[K/usr/include/c++/7/bits/shared_ptr.h:333:2:[m[K [01;36m[Knote: [m[K  template argument deduction/substitution failed:
[1.311s] [01m[K/home/shiozaki/ros2/src/hello_world/src/listener.cpp:45:32:[m[K [01;36m[Knote: [m[K  ‘[01m[Kstd::shared_ptr<rclcpp::Subscription<std_msgs::msg::Int32MultiArray_<std::allocator<void> >, std::allocator<void> > >[m[K’ is not derived from ‘[01m[Kstd::unique_ptr<_Tp, _Dp>[m[K’
[1.311s]        topic_name, qos, callback[01;36m[K)[m[K;
[1.311s]                                 [01;36m[K^[m[K
[1.967s] make[2]: *** [CMakeFiles/listener.dir/src/listener.cpp.o] Error 1
[1.967s] CMakeFiles/listener.dir/build.make:62: recipe for target 'CMakeFiles/listener.dir/src/listener.cpp.o' failed
[1.968s] CMakeFiles/Makefile2:67: recipe for target 'CMakeFiles/listener.dir/all' failed
[1.968s] make[1]: *** [CMakeFiles/listener.dir/all] Error 2
[1.968s] Makefile:140: recipe for target 'all' failed
[1.968s] make: *** [all] Error 2
[1.970s] Invoked command in '/home/shiozaki/ros2/build/hello_world' returned '2': CMAKE_PREFIX_PATH=/home/shiozaki/ros2/install/hello_world_msgs:/home/shiozaki/ros2/install/libcreate:/home/shiozaki/ros2/install/hello_world:/home/shiozaki/ros2/install/fibonacci:/home/shiozaki/ros2/install/examples_rclpy_topics:/home/shiozaki/ros2/install/examples_rclpy_services:/home/shiozaki/ros2/install/examples_rclpy_minimal_action_server:/opt/ros/dashing LD_LIBRARY_PATH=/home/shiozaki/ros2/install/hello_world_msgs/lib:/home/shiozaki/ros2/install/libcreate/lib:/opt/ros/dashing/opt/yaml_cpp_vendor/lib:/opt/ros/dashing/opt/rviz_ogre_vendor/lib:/usr/lib:/opt/rti.com/rti_connext_dds-5.3.1/lib/x64Linux3gcc5.4.0:/opt/ros/dashing/lib /usr/bin/cmake --build /home/shiozaki/ros2/build/hello_world -- -j4 -l4
