[0.057s] Invoking command in '/home/shiozaki/ros2/build/libcreate': CMAKE_PREFIX_PATH=${CMAKE_PREFIX_PATH}:/home/shiozaki/ros2/install/examples_rclpy_topics:/home/shiozaki/ros2/install/examples_rclpy_services:/home/shiozaki/ros2/install/examples_rclpy_minimal_action_server:/opt/ros/dashing /usr/bin/cmake --build /home/shiozaki/ros2/build/libcreate -- -j4 -l4
[0.185s] [ 36%] Built target create
[0.242s] [ 45%] Built target packets
[0.245s] [ 54%] Built target wheeldrop
[0.263s] [ 72%] Built target play_song
[0.263s] [ 72%] Built target battery_level
[0.293s] [ 81%] Built target leds
[0.304s] [ 90%] Built target drive_circle
[0.306s] [100%] Built target bumpers
[0.325s] Invoked command in '/home/shiozaki/ros2/build/libcreate' returned '0': CMAKE_PREFIX_PATH=${CMAKE_PREFIX_PATH}:/home/shiozaki/ros2/install/examples_rclpy_topics:/home/shiozaki/ros2/install/examples_rclpy_services:/home/shiozaki/ros2/install/examples_rclpy_minimal_action_server:/opt/ros/dashing /usr/bin/cmake --build /home/shiozaki/ros2/build/libcreate -- -j4 -l4
[0.400s] Invoking command in '/home/shiozaki/ros2/build/libcreate': CMAKE_PREFIX_PATH=${CMAKE_PREFIX_PATH}:/home/shiozaki/ros2/install/examples_rclpy_topics:/home/shiozaki/ros2/install/examples_rclpy_services:/home/shiozaki/ros2/install/examples_rclpy_minimal_action_server:/opt/ros/dashing /usr/bin/cmake --build /home/shiozaki/ros2/build/libcreate --target install -- -j4 -l4
[0.505s] [ 36%] Built target create
[0.553s] [ 45%] Built target battery_level
[0.558s] [ 63%] Built target wheeldrop
[0.559s] [ 63%] Built target packets
[0.567s] [ 72%] Built target play_song
[0.606s] [ 81%] Built target bumpers
[0.607s] [ 90%] Built target drive_circle
[0.613s] [100%] Built target leds
[0.644s] [36mInstall the project...[0m
[0.660s] -- Install configuration: ""
[0.661s] -- Up-to-date: /home/shiozaki/ros2/install/libcreate/lib/libcreate.so
[0.661s] -- Up-to-date: /home/shiozaki/ros2/install/libcreate/include
[0.661s] -- Up-to-date: /home/shiozaki/ros2/install/libcreate/include/create
[0.661s] -- Up-to-date: /home/shiozaki/ros2/install/libcreate/include/create/serial_stream.h
[0.661s] -- Up-to-date: /home/shiozaki/ros2/install/libcreate/include/create/types.h
[0.661s] -- Up-to-date: /home/shiozaki/ros2/install/libcreate/include/create/util.h
[0.662s] -- Up-to-date: /home/shiozaki/ros2/install/libcreate/include/create/data.h
[0.662s] -- Up-to-date: /home/shiozaki/ros2/install/libcreate/include/create/create.h
[0.662s] -- Up-to-date: /home/shiozaki/ros2/install/libcreate/include/create/serial.h
[0.662s] -- Up-to-date: /home/shiozaki/ros2/install/libcreate/include/create/serial_query.h
[0.662s] -- Up-to-date: /home/shiozaki/ros2/install/libcreate/include/create/packet.h
[0.662s] -- Up-to-date: /home/shiozaki/ros2/install/libcreate/lib/cmake/libcreate/libcreate-config.cmake
[0.662s] -- Up-to-date: /home/shiozaki/ros2/install/libcreate/lib/cmake/libcreate/libcreate-config-version.cmake
[0.662s] -- Up-to-date: /home/shiozaki/ros2/install/libcreate/lib/cmake/libcreate/libcreate-targets.cmake
[0.662s] -- Up-to-date: /home/shiozaki/ros2/install/libcreate/lib/cmake/libcreate/libcreate-targets-noconfig.cmake
[0.662s] -- Up-to-date: /home/shiozaki/ros2/install/libcreate/share/libcreate/package.xml
[0.668s] Invoked command in '/home/shiozaki/ros2/build/libcreate' returned '0': CMAKE_PREFIX_PATH=${CMAKE_PREFIX_PATH}:/home/shiozaki/ros2/install/examples_rclpy_topics:/home/shiozaki/ros2/install/examples_rclpy_services:/home/shiozaki/ros2/install/examples_rclpy_minimal_action_server:/opt/ros/dashing /usr/bin/cmake --build /home/shiozaki/ros2/build/libcreate --target install -- -j4 -l4
