[0.021s] Invoking command in '/home/shiozaki/ros2/build/hello_world': AMENT_PREFIX_PATH=/home/shiozaki/ros2/install/hello_world_msgs:${AMENT_PREFIX_PATH} CMAKE_PREFIX_PATH=/home/shiozaki/ros2/install/hello_world_msgs:/opt/ros/dashing LD_LIBRARY_PATH=/home/shiozaki/ros2/install/hello_world_msgs/lib:${LD_LIBRARY_PATH} PYTHONPATH=/home/shiozaki/ros2/install/hello_world_msgs/lib/python3.6/site-packages:${PYTHONPATH} /usr/bin/cmake /home/shiozaki/ros2/src/hello_world -DCMAKE_INSTALL_PREFIX=/home/shiozaki/ros2/install/hello_world
[0.096s] -- The C compiler identification is GNU 7.5.0
[0.159s] -- The CXX compiler identification is GNU 7.5.0
[0.163s] -- Check for working C compiler: /usr/bin/cc
[0.249s] -- Check for working C compiler: /usr/bin/cc -- works
[0.249s] -- Detecting C compiler ABI info
[0.342s] -- Detecting C compiler ABI info - done
[0.348s] -- Detecting C compile features
[0.599s] -- Detecting C compile features - done
[0.602s] -- Check for working CXX compiler: /usr/bin/c++
[0.693s] -- Check for working CXX compiler: /usr/bin/c++ -- works
[0.694s] -- Detecting CXX compiler ABI info
[0.818s] -- Detecting CXX compiler ABI info - done
[0.827s] -- Detecting CXX compile features
[1.290s] -- Detecting CXX compile features - done
[1.292s] -- Found ament_cmake: 0.7.4 (/opt/ros/dashing/share/ament_cmake/cmake)
[1.324s] -- Found PythonInterp: /usr/bin/python3 (found suitable version "3.6.9", minimum required is "3") 
[1.324s] -- Using PYTHON_EXECUTABLE: /usr/bin/python3
[1.550s] -- Found rclcpp: 0.7.13 (/opt/ros/dashing/share/rclcpp/cmake)
[1.589s] -- Found rosidl_adapter: 0.7.9 (/opt/ros/dashing/share/rosidl_adapter/cmake)
[1.634s] -- Found rmw_implementation_cmake: 0.7.2 (/opt/ros/dashing/share/rmw_implementation_cmake/cmake)
[1.636s] -- Using RMW implementation 'rmw_fastrtps_cpp' as default
[1.637s] -- Looking for pthread.h
[1.734s] -- Looking for pthread.h - found
[1.734s] -- Looking for pthread_create
[1.842s] -- Looking for pthread_create - not found
[1.842s] -- Looking for pthread_create in pthreads
[1.925s] -- Looking for pthread_create in pthreads - not found
[1.925s] -- Looking for pthread_create in pthread
[2.018s] -- Looking for pthread_create in pthread - found
[2.019s] -- Found Threads: TRUE  
[2.072s] -- Found rclcpp_components: 0.7.13 (/opt/ros/dashing/share/rclcpp_components/cmake)
[2.081s] -- Found poco_vendor:  (/opt/ros/dashing/share/poco_vendor/cmake)
[2.112s] -- Found hello_world_msgs: 0.1.0 (/home/shiozaki/ros2/install/hello_world_msgs/share/hello_world_msgs/cmake)
[2.532s] -- Configuring done
[2.749s] -- Generating done
[2.754s] -- Build files have been written to: /home/shiozaki/ros2/build/hello_world
[2.760s] Invoked command in '/home/shiozaki/ros2/build/hello_world' returned '0': AMENT_PREFIX_PATH=/home/shiozaki/ros2/install/hello_world_msgs:${AMENT_PREFIX_PATH} CMAKE_PREFIX_PATH=/home/shiozaki/ros2/install/hello_world_msgs:/opt/ros/dashing LD_LIBRARY_PATH=/home/shiozaki/ros2/install/hello_world_msgs/lib:${LD_LIBRARY_PATH} PYTHONPATH=/home/shiozaki/ros2/install/hello_world_msgs/lib/python3.6/site-packages:${PYTHONPATH} /usr/bin/cmake /home/shiozaki/ros2/src/hello_world -DCMAKE_INSTALL_PREFIX=/home/shiozaki/ros2/install/hello_world
[2.764s] Invoking command in '/home/shiozaki/ros2/build/hello_world': AMENT_PREFIX_PATH=/home/shiozaki/ros2/install/hello_world_msgs:${AMENT_PREFIX_PATH} CMAKE_PREFIX_PATH=/home/shiozaki/ros2/install/hello_world_msgs:/opt/ros/dashing LD_LIBRARY_PATH=/home/shiozaki/ros2/install/hello_world_msgs/lib:${LD_LIBRARY_PATH} PYTHONPATH=/home/shiozaki/ros2/install/hello_world_msgs/lib/python3.6/site-packages:${PYTHONPATH} /usr/bin/cmake --build /home/shiozaki/ros2/build/hello_world -- -j4 -l4
[2.843s] [35m[1mScanning dependencies of target listener[0m
[2.844s] [35m[1mScanning dependencies of target talker_listener_composition[0m
[2.858s] [35m[1mScanning dependencies of target talker_with_service[0m
[2.915s] [  5%] [32mBuilding CXX object CMakeFiles/talker_with_service.dir/src/talker_with_service.cpp.o[0m
[2.943s] [ 10%] [32mBuilding CXX object CMakeFiles/talker_listener_composition.dir/src/talker_listener_composition.cpp.o[0m
[2.951s] [ 15%] [32mBuilding CXX object CMakeFiles/listener.dir/src/listener.cpp.o[0m
[3.998s] [35m[1mScanning dependencies of target client_sync[0m
[4.158s] [ 20%] [32mBuilding CXX object CMakeFiles/client_sync.dir/src/client_sync.cpp.o[0m
[8.422s] [ 25%] [32m[1mLinking CXX executable listener[0m
[9.032s] [ 25%] Built target listener
[9.098s] [35m[1mScanning dependencies of target talker_with_service_param[0m
[9.114s] [ 30%] [32m[1mLinking CXX executable client_sync[0m
[9.154s] [ 35%] [32mBuilding CXX object CMakeFiles/talker_with_service_param.dir/src/talker_with_service_param.cpp.o[0m
[9.192s] [ 40%] [32m[1mLinking CXX executable talker_with_service[0m
[9.375s] [ 45%] [32m[1mLinking CXX executable talker_listener_composition[0m
[9.436s] [ 45%] Built target client_sync
[9.509s] [35m[1mScanning dependencies of target talker[0m
[9.610s] [ 50%] [32mBuilding CXX object CMakeFiles/talker.dir/src/talker.cpp.o[0m
[9.642s] [ 50%] Built target talker_with_service
[9.700s] [35m[1mScanning dependencies of target listener_component[0m
[9.791s] [ 55%] [32mBuilding CXX object CMakeFiles/listener_component.dir/src/listener_component.cpp.o[0m
[9.832s] [ 55%] Built target talker_listener_composition
[9.855s] [35m[1mScanning dependencies of target set_and_get_parameters[0m
[9.915s] [ 60%] [32mBuilding CXX object CMakeFiles/set_and_get_parameters.dir/src/set_and_get_parameters.cpp.o[0m
[12.545s] [ 65%] [32m[1mLinking CXX executable set_and_get_parameters[0m
[12.793s] [ 65%] Built target set_and_get_parameters
[12.814s] [35m[1mScanning dependencies of target talker_component[0m
[12.878s] [ 70%] [32mBuilding CXX object CMakeFiles/talker_component.dir/src/talker_component.cpp.o[0m
[13.320s] [ 75%] [32m[1mLinking CXX executable talker[0m
[13.564s] [ 80%] [32m[1mLinking CXX executable talker_with_service_param[0m
[13.638s] [ 80%] Built target talker
[13.661s] [35m[1mScanning dependencies of target client_async[0m
[13.722s] [ 85%] [32mBuilding CXX object CMakeFiles/client_async.dir/src/client_async.cpp.o[0m
[13.909s] [ 85%] Built target talker_with_service_param
[13.955s] [ 90%] [32m[1mLinking CXX shared library liblistener_component.so[0m
[14.154s] [ 90%] Built target listener_component
[15.827s] [ 95%] [32m[1mLinking CXX shared library libtalker_component.so[0m
[15.836s] [100%] [32m[1mLinking CXX executable client_async[0m
[16.025s] [100%] Built target talker_component
[16.034s] [100%] Built target client_async
[16.048s] Invoked command in '/home/shiozaki/ros2/build/hello_world' returned '0': AMENT_PREFIX_PATH=/home/shiozaki/ros2/install/hello_world_msgs:${AMENT_PREFIX_PATH} CMAKE_PREFIX_PATH=/home/shiozaki/ros2/install/hello_world_msgs:/opt/ros/dashing LD_LIBRARY_PATH=/home/shiozaki/ros2/install/hello_world_msgs/lib:${LD_LIBRARY_PATH} PYTHONPATH=/home/shiozaki/ros2/install/hello_world_msgs/lib/python3.6/site-packages:${PYTHONPATH} /usr/bin/cmake --build /home/shiozaki/ros2/build/hello_world -- -j4 -l4
[16.104s] Invoking command in '/home/shiozaki/ros2/build/hello_world': AMENT_PREFIX_PATH=/home/shiozaki/ros2/install/hello_world_msgs:${AMENT_PREFIX_PATH} CMAKE_PREFIX_PATH=/home/shiozaki/ros2/install/hello_world_msgs:/opt/ros/dashing LD_LIBRARY_PATH=/home/shiozaki/ros2/install/hello_world_msgs/lib:${LD_LIBRARY_PATH} PYTHONPATH=/home/shiozaki/ros2/install/hello_world_msgs/lib/python3.6/site-packages:${PYTHONPATH} /usr/bin/cmake --build /home/shiozaki/ros2/build/hello_world --target install -- -j4 -l4
[16.174s] [ 20%] Built target talker_listener_composition
[16.174s] [ 20%] Built target listener
[16.205s] [ 35%] Built target client_sync
[16.206s] [ 40%] Built target talker_with_service
[16.236s] [ 60%] Built target talker_with_service_param
[16.236s] [ 60%] Built target talker
[16.269s] [ 70%] Built target set_and_get_parameters
[16.275s] [ 80%] Built target listener_component
[16.304s] [ 90%] Built target client_async
[16.311s] [100%] Built target talker_component
[16.334s] [36mInstall the project...[0m
[16.346s] -- Install configuration: ""
[16.346s] -- Installing: /home/shiozaki/ros2/install/hello_world/lib/hello_world/talker
[16.347s] -- Set runtime path of "/home/shiozaki/ros2/install/hello_world/lib/hello_world/talker" to ""
[16.347s] -- Installing: /home/shiozaki/ros2/install/hello_world/lib/hello_world/talker_with_service
[16.348s] -- Set runtime path of "/home/shiozaki/ros2/install/hello_world/lib/hello_world/talker_with_service" to ""
[16.348s] -- Installing: /home/shiozaki/ros2/install/hello_world/lib/hello_world/talker_with_service_param
[16.349s] -- Set runtime path of "/home/shiozaki/ros2/install/hello_world/lib/hello_world/talker_with_service_param" to ""
[16.349s] -- Installing: /home/shiozaki/ros2/install/hello_world/lib/hello_world/listener
[16.350s] -- Set runtime path of "/home/shiozaki/ros2/install/hello_world/lib/hello_world/listener" to ""
[16.350s] -- Installing: /home/shiozaki/ros2/install/hello_world/lib/hello_world/client_sync
[16.351s] -- Set runtime path of "/home/shiozaki/ros2/install/hello_world/lib/hello_world/client_sync" to ""
[16.351s] -- Installing: /home/shiozaki/ros2/install/hello_world/lib/hello_world/client_async
[16.352s] -- Set runtime path of "/home/shiozaki/ros2/install/hello_world/lib/hello_world/client_async" to ""
[16.352s] -- Installing: /home/shiozaki/ros2/install/hello_world/lib/hello_world/talker_listener_composition
[16.353s] -- Set runtime path of "/home/shiozaki/ros2/install/hello_world/lib/hello_world/talker_listener_composition" to ""
[16.354s] -- Installing: /home/shiozaki/ros2/install/hello_world/lib/hello_world/set_and_get_parameters
[16.354s] -- Set runtime path of "/home/shiozaki/ros2/install/hello_world/lib/hello_world/set_and_get_parameters" to ""
[16.354s] -- Installing: /home/shiozaki/ros2/install/hello_world/share/hello_world//launch
[16.355s] -- Installing: /home/shiozaki/ros2/install/hello_world/share/hello_world//launch/talker_listener_with_param.launch.py
[16.355s] -- Installing: /home/shiozaki/ros2/install/hello_world/share/hello_world//launch/params.yaml
[16.355s] -- Installing: /home/shiozaki/ros2/install/hello_world/share/hello_world//launch/talker_listener.launch.py
[16.355s] -- Installing: /home/shiozaki/ros2/install/hello_world/share/hello_world//launch/talker_listener_with_param_file.launch.py
[16.355s] -- Installing: /home/shiozaki/ros2/install/hello_world/share/ament_index/resource_index/package_run_dependencies/hello_world
[16.356s] -- Installing: /home/shiozaki/ros2/install/hello_world/share/ament_index/resource_index/parent_prefix_path/hello_world
[16.356s] -- Installing: /home/shiozaki/ros2/install/hello_world/share/hello_world/environment/ament_prefix_path.sh
[16.356s] -- Installing: /home/shiozaki/ros2/install/hello_world/share/hello_world/environment/path.sh
[16.356s] -- Installing: /home/shiozaki/ros2/install/hello_world/share/hello_world/local_setup.bash
[16.356s] -- Installing: /home/shiozaki/ros2/install/hello_world/share/hello_world/local_setup.sh
[16.357s] -- Installing: /home/shiozaki/ros2/install/hello_world/share/hello_world/local_setup.zsh
[16.357s] -- Installing: /home/shiozaki/ros2/install/hello_world/share/ament_index/resource_index/packages/hello_world
[16.357s] -- Installing: /home/shiozaki/ros2/install/hello_world/share/ament_index/resource_index/rclcpp_components/hello_world
[16.357s] -- Installing: /home/shiozaki/ros2/install/hello_world/share/hello_world/cmake/hello_worldConfig.cmake
[16.357s] -- Installing: /home/shiozaki/ros2/install/hello_world/share/hello_world/cmake/hello_worldConfig-version.cmake
[16.357s] -- Installing: /home/shiozaki/ros2/install/hello_world/share/hello_world/package.xml
[16.363s] Invoked command in '/home/shiozaki/ros2/build/hello_world' returned '0': AMENT_PREFIX_PATH=/home/shiozaki/ros2/install/hello_world_msgs:${AMENT_PREFIX_PATH} CMAKE_PREFIX_PATH=/home/shiozaki/ros2/install/hello_world_msgs:/opt/ros/dashing LD_LIBRARY_PATH=/home/shiozaki/ros2/install/hello_world_msgs/lib:${LD_LIBRARY_PATH} PYTHONPATH=/home/shiozaki/ros2/install/hello_world_msgs/lib/python3.6/site-packages:${PYTHONPATH} /usr/bin/cmake --build /home/shiozaki/ros2/build/hello_world --target install -- -j4 -l4
