Determining if the pthread_create exist failed with the following output:
Change Dir: /home/shiozaki/ros2/build/hello_world/CMakeFiles/CMakeTmp

Run Build Command:"/usr/bin/make" "cmTC_19aed/fast"
/usr/bin/make -f CMakeFiles/cmTC_19aed.dir/build.make CMakeFiles/cmTC_19aed.dir/build
make[1]: ディレクトリ '/home/shiozaki/ros2/build/hello_world/CMakeFiles/CMakeTmp' に入ります
Building C object CMakeFiles/cmTC_19aed.dir/CheckSymbolExists.c.o
/usr/bin/cc    -o CMakeFiles/cmTC_19aed.dir/CheckSymbolExists.c.o   -c /home/shiozaki/ros2/build/hello_world/CMakeFiles/CMakeTmp/CheckSymbolExists.c
Linking C executable cmTC_19aed
/usr/bin/cmake -E cmake_link_script CMakeFiles/cmTC_19aed.dir/link.txt --verbose=1
/usr/bin/cc      CMakeFiles/cmTC_19aed.dir/CheckSymbolExists.c.o  -o cmTC_19aed 
CMakeFiles/cmTC_19aed.dir/CheckSymbolExists.c.o: 関数 `main' 内:
CheckSymbolExists.c:(.text+0x1b): `pthread_create' に対する定義されていない参照です
collect2: error: ld returned 1 exit status
CMakeFiles/cmTC_19aed.dir/build.make:97: recipe for target 'cmTC_19aed' failed
make[1]: *** [cmTC_19aed] Error 1
make[1]: ディレクトリ '/home/shiozaki/ros2/build/hello_world/CMakeFiles/CMakeTmp' から出ます
Makefile:126: recipe for target 'cmTC_19aed/fast' failed
make: *** [cmTC_19aed/fast] Error 2

File /home/shiozaki/ros2/build/hello_world/CMakeFiles/CMakeTmp/CheckSymbolExists.c:
/* */
#include <pthread.h>

int main(int argc, char** argv)
{
  (void)argv;
#ifndef pthread_create
  return ((int*)(&pthread_create))[argc];
#else
  (void)argc;
  return 0;
#endif
}

Determining if the function pthread_create exists in the pthreads failed with the following output:
Change Dir: /home/shiozaki/ros2/build/hello_world/CMakeFiles/CMakeTmp

Run Build Command:"/usr/bin/make" "cmTC_68a90/fast"
/usr/bin/make -f CMakeFiles/cmTC_68a90.dir/build.make CMakeFiles/cmTC_68a90.dir/build
make[1]: ディレクトリ '/home/shiozaki/ros2/build/hello_world/CMakeFiles/CMakeTmp' に入ります
Building C object CMakeFiles/cmTC_68a90.dir/CheckFunctionExists.c.o
/usr/bin/cc   -DCHECK_FUNCTION_EXISTS=pthread_create   -o CMakeFiles/cmTC_68a90.dir/CheckFunctionExists.c.o   -c /usr/share/cmake-3.10/Modules/CheckFunctionExists.c
Linking C executable cmTC_68a90
/usr/bin/cmake -E cmake_link_script CMakeFiles/cmTC_68a90.dir/link.txt --verbose=1
/usr/bin/cc  -DCHECK_FUNCTION_EXISTS=pthread_create    CMakeFiles/cmTC_68a90.dir/CheckFunctionExists.c.o  -o cmTC_68a90 -lpthreads 
/usr/bin/ld: -lpthreads が見つかりません
collect2: error: ld returned 1 exit status
CMakeFiles/cmTC_68a90.dir/build.make:97: recipe for target 'cmTC_68a90' failed
make[1]: *** [cmTC_68a90] Error 1
make[1]: ディレクトリ '/home/shiozaki/ros2/build/hello_world/CMakeFiles/CMakeTmp' から出ます
Makefile:126: recipe for target 'cmTC_68a90/fast' failed
make: *** [cmTC_68a90/fast] Error 2


