[ 10%] Built target listener
[ 20%] Built target talker_with_service
[ 30%] Built target client_sync
[ 40%] Built target talker_listener_composition
[35m[1mScanning dependencies of target talker[0m
[ 50%] Built target talker_with_service_param
[ 55%] [32mBuilding CXX object CMakeFiles/talker.dir/src/talker.cpp.o[0m
[ 75%] Built target set_and_get_parameters
[ 75%] Built target listener_component
[ 85%] Built target talker_component
[ 95%] Built target client_async
[01m[K/home/shiozaki/ros2/src/hello_world/src/talker.cpp:[m[K In lambda function:
[01m[K/home/shiozaki/ros2/src/hello_world/src/talker.cpp:59:7:[m[K [01;31m[Kerror: [m[K‘[01m[Kstruct sensor_msgs::msg::Image_<std::allocator<void> >[m[K’ has no member named ‘[01m[Kheadre[m[K’; did you mean ‘[01m[Kheader[m[K’?
  img->[01;31m[Kheadre[m[K.stamp = 245;
       [01;31m[K^~~~~~[m[K
       [32m[Kheader[m[K
CMakeFiles/talker.dir/build.make:62: recipe for target 'CMakeFiles/talker.dir/src/talker.cpp.o' failed
make[2]: *** [CMakeFiles/talker.dir/src/talker.cpp.o] Error 1
make[1]: *** [CMakeFiles/talker.dir/all] Error 2
CMakeFiles/Makefile2:284: recipe for target 'CMakeFiles/talker.dir/all' failed
Makefile:140: recipe for target 'all' failed
make: *** [all] Error 2
