[0.023s] Invoking command in '/home/shiozaki/ros2/build/hello_world': CMAKE_PREFIX_PATH=/home/shiozaki/ros2/install/hello_world_msgs:/home/shiozaki/ros2/install/libcreate:/home/shiozaki/ros2/install/hello_world:/home/shiozaki/ros2/install/fibonacci:/home/shiozaki/ros2/install/examples_rclpy_topics:/home/shiozaki/ros2/install/examples_rclpy_services:/home/shiozaki/ros2/install/examples_rclpy_minimal_action_server:/opt/ros/dashing LD_LIBRARY_PATH=/home/shiozaki/ros2/install/hello_world_msgs/lib:/home/shiozaki/ros2/install/libcreate/lib:/opt/ros/dashing/opt/yaml_cpp_vendor/lib:/opt/ros/dashing/opt/rviz_ogre_vendor/lib:/usr/lib:/opt/rti.com/rti_connext_dds-5.3.1/lib/x64Linux3gcc5.4.0:/opt/ros/dashing/lib /usr/bin/cmake --build /home/shiozaki/ros2/build/hello_world -- -j4 -l4
[0.134s] [ 10%] Built target listener
[0.135s] [ 20%] Built target talker_with_service
[0.159s] [ 30%] Built target client_sync
[0.161s] [ 40%] Built target talker_listener_composition
[0.167s] [35m[1mScanning dependencies of target talker[0m
[0.187s] [ 50%] Built target talker_with_service_param
[0.217s] [ 55%] [32mBuilding CXX object CMakeFiles/talker.dir/src/talker.cpp.o[0m
[0.225s] [ 75%] Built target set_and_get_parameters
[0.225s] [ 75%] Built target listener_component
[0.251s] [ 85%] Built target talker_component
[0.267s] [ 95%] Built target client_async
[1.315s] [01m[K/home/shiozaki/ros2/src/hello_world/src/talker.cpp:[m[K In lambda function:
[1.315s] [01m[K/home/shiozaki/ros2/src/hello_world/src/talker.cpp:59:7:[m[K [01;31m[Kerror: [m[K‘[01m[Kstruct sensor_msgs::msg::Image_<std::allocator<void> >[m[K’ has no member named ‘[01m[Kheadre[m[K’; did you mean ‘[01m[Kheader[m[K’?
[1.315s]   img->[01;31m[Kheadre[m[K.stamp = 245;
[1.315s]        [01;31m[K^~~~~~[m[K
[1.315s]        [32m[Kheader[m[K
[1.755s] CMakeFiles/talker.dir/build.make:62: recipe for target 'CMakeFiles/talker.dir/src/talker.cpp.o' failed
[1.756s] make[2]: *** [CMakeFiles/talker.dir/src/talker.cpp.o] Error 1
[1.756s] make[1]: *** [CMakeFiles/talker.dir/all] Error 2
[1.756s] CMakeFiles/Makefile2:284: recipe for target 'CMakeFiles/talker.dir/all' failed
[1.756s] Makefile:140: recipe for target 'all' failed
[1.756s] make: *** [all] Error 2
[1.758s] Invoked command in '/home/shiozaki/ros2/build/hello_world' returned '2': CMAKE_PREFIX_PATH=/home/shiozaki/ros2/install/hello_world_msgs:/home/shiozaki/ros2/install/libcreate:/home/shiozaki/ros2/install/hello_world:/home/shiozaki/ros2/install/fibonacci:/home/shiozaki/ros2/install/examples_rclpy_topics:/home/shiozaki/ros2/install/examples_rclpy_services:/home/shiozaki/ros2/install/examples_rclpy_minimal_action_server:/opt/ros/dashing LD_LIBRARY_PATH=/home/shiozaki/ros2/install/hello_world_msgs/lib:/home/shiozaki/ros2/install/libcreate/lib:/opt/ros/dashing/opt/yaml_cpp_vendor/lib:/opt/ros/dashing/opt/rviz_ogre_vendor/lib:/usr/lib:/opt/rti.com/rti_connext_dds-5.3.1/lib/x64Linux3gcc5.4.0:/opt/ros/dashing/lib /usr/bin/cmake --build /home/shiozaki/ros2/build/hello_world -- -j4 -l4
