[0.026s] Invoking command in '/home/shiozaki/ros2/build/hello_world': CMAKE_PREFIX_PATH=/home/shiozaki/ros2/install/hello_world_msgs:/home/shiozaki/ros2/install/libcreate:/home/shiozaki/ros2/install/hello_world:/home/shiozaki/ros2/install/fibonacci:/home/shiozaki/ros2/install/examples_rclpy_topics:/home/shiozaki/ros2/install/examples_rclpy_services:/home/shiozaki/ros2/install/examples_rclpy_minimal_action_server:/opt/ros/dashing LD_LIBRARY_PATH=/home/shiozaki/ros2/install/hello_world_msgs/lib:/home/shiozaki/ros2/install/libcreate/lib:/opt/ros/dashing/opt/yaml_cpp_vendor/lib:/opt/ros/dashing/opt/rviz_ogre_vendor/lib:/usr/lib:/opt/rti.com/rti_connext_dds-5.3.1/lib/x64Linux3gcc5.4.0:/opt/ros/dashing/lib /usr/bin/cmake --build /home/shiozaki/ros2/build/hello_world -- -j4 -l4
[0.147s] [ 10%] Built target client_sync
[0.158s] [ 20%] Built target talker_with_service
[0.160s] [ 30%] Built target talker_listener_composition
[0.167s] [ 40%] Built target listener
[0.189s] [35m[1mScanning dependencies of target talker[0m
[0.218s] [ 50%] Built target talker_with_service_param
[0.220s] [ 60%] Built target listener_component
[0.229s] [ 65%] [32mBuilding CXX object CMakeFiles/talker.dir/src/talker.cpp.o[0m
[0.231s] [ 75%] Built target set_and_get_parameters
[0.272s] [ 85%] Built target client_async
[0.282s] [ 95%] Built target talker_component
[1.351s] [01m[K/home/shiozaki/ros2/src/hello_world/src/talker.cpp:[m[K In lambda function:
[1.352s] [01m[K/home/shiozaki/ros2/src/hello_world/src/talker.cpp:59:22:[m[K [01;31m[Kerror: [m[Kinvalid use of non-static member function ‘[01m[Krclcpp::Time rclcpp::Node::now()[m[K’
[1.352s]   img->header.stamp = [01;31m[Know[m[K;
[1.352s]                       [01;31m[K^~~[m[K
[1.352s] In file included from [01m[K/opt/ros/dashing/include/rclcpp/executors/single_threaded_executor.hpp:28:0[m[K,
[1.352s]                  from [01m[K/opt/ros/dashing/include/rclcpp/executors.hpp:22[m[K,
[1.352s]                  from [01m[K/opt/ros/dashing/include/rclcpp/rclcpp.hpp:144[m[K,
[1.352s]                  from [01m[K/home/shiozaki/ros2/src/hello_world/src/talker.cpp:19[m[K:
[1.353s] [01m[K/opt/ros/dashing/include/rclcpp/node.hpp:998:3:[m[K [01;36m[Knote: [m[Kdeclared here
[1.353s]    [01;36m[Know[m[K();
[1.353s]    [01;36m[K^~~[m[K
[1.795s] CMakeFiles/talker.dir/build.make:62: recipe for target 'CMakeFiles/talker.dir/src/talker.cpp.o' failed
[1.795s] make[2]: *** [CMakeFiles/talker.dir/src/talker.cpp.o] Error 1
[1.795s] CMakeFiles/Makefile2:284: recipe for target 'CMakeFiles/talker.dir/all' failed
[1.795s] make[1]: *** [CMakeFiles/talker.dir/all] Error 2
[1.795s] Makefile:140: recipe for target 'all' failed
[1.795s] make: *** [all] Error 2
[1.798s] Invoked command in '/home/shiozaki/ros2/build/hello_world' returned '2': CMAKE_PREFIX_PATH=/home/shiozaki/ros2/install/hello_world_msgs:/home/shiozaki/ros2/install/libcreate:/home/shiozaki/ros2/install/hello_world:/home/shiozaki/ros2/install/fibonacci:/home/shiozaki/ros2/install/examples_rclpy_topics:/home/shiozaki/ros2/install/examples_rclpy_services:/home/shiozaki/ros2/install/examples_rclpy_minimal_action_server:/opt/ros/dashing LD_LIBRARY_PATH=/home/shiozaki/ros2/install/hello_world_msgs/lib:/home/shiozaki/ros2/install/libcreate/lib:/opt/ros/dashing/opt/yaml_cpp_vendor/lib:/opt/ros/dashing/opt/rviz_ogre_vendor/lib:/usr/lib:/opt/rti.com/rti_connext_dds-5.3.1/lib/x64Linux3gcc5.4.0:/opt/ros/dashing/lib /usr/bin/cmake --build /home/shiozaki/ros2/build/hello_world -- -j4 -l4
