[0.065s] Invoking command in '/home/shiozaki/ros2/build/libcreate': CMAKE_PREFIX_PATH=${CMAKE_PREFIX_PATH}:/home/shiozaki/ros2/install/examples_rclpy_topics:/home/shiozaki/ros2/install/examples_rclpy_services:/home/shiozaki/ros2/install/examples_rclpy_minimal_action_server:/opt/ros/dashing /usr/bin/cmake --build /home/shiozaki/ros2/build/libcreate -- -j4 -l4
[0.168s] [ 36%] Built target create
[0.225s] [ 54%] Built target packets
[0.226s] [ 54%] Built target play_song
[0.228s] [ 63%] Built target wheeldrop
[0.242s] [ 72%] Built target battery_level
[0.273s] [ 81%] Built target drive_circle
[0.275s] [ 90%] Built target bumpers
[0.280s] [100%] Built target leds
[0.294s] Invoked command in '/home/shiozaki/ros2/build/libcreate' returned '0': CMAKE_PREFIX_PATH=${CMAKE_PREFIX_PATH}:/home/shiozaki/ros2/install/examples_rclpy_topics:/home/shiozaki/ros2/install/examples_rclpy_services:/home/shiozaki/ros2/install/examples_rclpy_minimal_action_server:/opt/ros/dashing /usr/bin/cmake --build /home/shiozaki/ros2/build/libcreate -- -j4 -l4
[0.411s] Invoking command in '/home/shiozaki/ros2/build/libcreate': CMAKE_PREFIX_PATH=${CMAKE_PREFIX_PATH}:/home/shiozaki/ros2/install/examples_rclpy_topics:/home/shiozaki/ros2/install/examples_rclpy_services:/home/shiozaki/ros2/install/examples_rclpy_minimal_action_server:/opt/ros/dashing /usr/bin/cmake --build /home/shiozaki/ros2/build/libcreate --target install -- -j4 -l4
[0.485s] [ 36%] Built target create
[0.531s] [ 45%] Built target play_song
[0.539s] [ 54%] Built target wheeldrop
[0.539s] [ 63%] Built target packets
[0.566s] [ 72%] Built target battery_level
[0.583s] [ 81%] Built target drive_circle
[0.591s] [ 90%] Built target bumpers
[0.601s] [100%] Built target leds
[0.634s] [36mInstall the project...[0m
[0.641s] -- Install configuration: ""
[0.641s] -- Up-to-date: /home/shiozaki/ros2/install/libcreate/lib/libcreate.so
[0.641s] -- Up-to-date: /home/shiozaki/ros2/install/libcreate/include
[0.641s] -- Up-to-date: /home/shiozaki/ros2/install/libcreate/include/create
[0.641s] -- Up-to-date: /home/shiozaki/ros2/install/libcreate/include/create/serial_stream.h
[0.642s] -- Up-to-date: /home/shiozaki/ros2/install/libcreate/include/create/types.h
[0.642s] -- Up-to-date: /home/shiozaki/ros2/install/libcreate/include/create/util.h
[0.642s] -- Up-to-date: /home/shiozaki/ros2/install/libcreate/include/create/data.h
[0.642s] -- Up-to-date: /home/shiozaki/ros2/install/libcreate/include/create/create.h
[0.642s] -- Up-to-date: /home/shiozaki/ros2/install/libcreate/include/create/serial.h
[0.642s] -- Up-to-date: /home/shiozaki/ros2/install/libcreate/include/create/serial_query.h
[0.643s] -- Up-to-date: /home/shiozaki/ros2/install/libcreate/include/create/packet.h
[0.643s] -- Up-to-date: /home/shiozaki/ros2/install/libcreate/lib/cmake/libcreate/libcreate-config.cmake
[0.643s] -- Up-to-date: /home/shiozaki/ros2/install/libcreate/lib/cmake/libcreate/libcreate-config-version.cmake
[0.643s] -- Up-to-date: /home/shiozaki/ros2/install/libcreate/lib/cmake/libcreate/libcreate-targets.cmake
[0.643s] -- Up-to-date: /home/shiozaki/ros2/install/libcreate/lib/cmake/libcreate/libcreate-targets-noconfig.cmake
[0.643s] -- Up-to-date: /home/shiozaki/ros2/install/libcreate/share/libcreate/package.xml
[0.647s] Invoked command in '/home/shiozaki/ros2/build/libcreate' returned '0': CMAKE_PREFIX_PATH=${CMAKE_PREFIX_PATH}:/home/shiozaki/ros2/install/examples_rclpy_topics:/home/shiozaki/ros2/install/examples_rclpy_services:/home/shiozaki/ros2/install/examples_rclpy_minimal_action_server:/opt/ros/dashing /usr/bin/cmake --build /home/shiozaki/ros2/build/libcreate --target install -- -j4 -l4
