[0.040s] Invoking command in '/home/shiozaki/ros2/build/libcreate': CMAKE_PREFIX_PATH=${CMAKE_PREFIX_PATH}:/home/shiozaki/ros2/install/examples_rclpy_topics:/home/shiozaki/ros2/install/examples_rclpy_services:/home/shiozaki/ros2/install/examples_rclpy_minimal_action_server:/opt/ros/dashing /usr/bin/cmake --build /home/shiozaki/ros2/build/libcreate -- -j4 -l4
[0.177s] [ 36%] Built target create
[0.228s] [ 45%] Built target battery_level
[0.230s] [ 54%] Built target packets
[0.230s] [ 63%] Built target wheeldrop
[0.258s] [ 72%] Built target play_song
[0.275s] [ 81%] Built target drive_circle
[0.279s] [ 90%] Built target leds
[0.280s] [100%] Built target bumpers
[0.295s] Invoked command in '/home/shiozaki/ros2/build/libcreate' returned '0': CMAKE_PREFIX_PATH=${CMAKE_PREFIX_PATH}:/home/shiozaki/ros2/install/examples_rclpy_topics:/home/shiozaki/ros2/install/examples_rclpy_services:/home/shiozaki/ros2/install/examples_rclpy_minimal_action_server:/opt/ros/dashing /usr/bin/cmake --build /home/shiozaki/ros2/build/libcreate -- -j4 -l4
[0.371s] Invoking command in '/home/shiozaki/ros2/build/libcreate': CMAKE_PREFIX_PATH=${CMAKE_PREFIX_PATH}:/home/shiozaki/ros2/install/examples_rclpy_topics:/home/shiozaki/ros2/install/examples_rclpy_services:/home/shiozaki/ros2/install/examples_rclpy_minimal_action_server:/opt/ros/dashing /usr/bin/cmake --build /home/shiozaki/ros2/build/libcreate --target install -- -j4 -l4
[0.479s] [ 36%] Built target create
[0.524s] [ 45%] Built target battery_level
[0.526s] [ 54%] Built target packets
[0.527s] [ 63%] Built target wheeldrop
[0.543s] [ 72%] Built target play_song
[0.579s] [ 81%] Built target leds
[0.585s] [ 90%] Built target drive_circle
[0.590s] [100%] Built target bumpers
[0.620s] [36mInstall the project...[0m
[0.634s] -- Install configuration: ""
[0.635s] -- Up-to-date: /home/shiozaki/ros2/install/libcreate/lib/libcreate.so
[0.638s] -- Up-to-date: /home/shiozaki/ros2/install/libcreate/include
[0.638s] -- Up-to-date: /home/shiozaki/ros2/install/libcreate/include/create
[0.638s] -- Up-to-date: /home/shiozaki/ros2/install/libcreate/include/create/serial_stream.h
[0.638s] -- Up-to-date: /home/shiozaki/ros2/install/libcreate/include/create/types.h
[0.639s] -- Up-to-date: /home/shiozaki/ros2/install/libcreate/include/create/util.h
[0.639s] -- Up-to-date: /home/shiozaki/ros2/install/libcreate/include/create/data.h
[0.639s] -- Up-to-date: /home/shiozaki/ros2/install/libcreate/include/create/create.h
[0.639s] -- Up-to-date: /home/shiozaki/ros2/install/libcreate/include/create/serial.h
[0.640s] -- Up-to-date: /home/shiozaki/ros2/install/libcreate/include/create/serial_query.h
[0.640s] -- Up-to-date: /home/shiozaki/ros2/install/libcreate/include/create/packet.h
[0.640s] -- Up-to-date: /home/shiozaki/ros2/install/libcreate/lib/cmake/libcreate/libcreate-config.cmake
[0.640s] -- Up-to-date: /home/shiozaki/ros2/install/libcreate/lib/cmake/libcreate/libcreate-config-version.cmake
[0.640s] -- Up-to-date: /home/shiozaki/ros2/install/libcreate/lib/cmake/libcreate/libcreate-targets.cmake
[0.640s] -- Up-to-date: /home/shiozaki/ros2/install/libcreate/lib/cmake/libcreate/libcreate-targets-noconfig.cmake
[0.640s] -- Up-to-date: /home/shiozaki/ros2/install/libcreate/share/libcreate/package.xml
[0.675s] Invoked command in '/home/shiozaki/ros2/build/libcreate' returned '0': CMAKE_PREFIX_PATH=${CMAKE_PREFIX_PATH}:/home/shiozaki/ros2/install/examples_rclpy_topics:/home/shiozaki/ros2/install/examples_rclpy_services:/home/shiozaki/ros2/install/examples_rclpy_minimal_action_server:/opt/ros/dashing /usr/bin/cmake --build /home/shiozaki/ros2/build/libcreate --target install -- -j4 -l4
