[0.025s] Invoking command in '/home/shiozaki/ros2/build/hello_world': CMAKE_PREFIX_PATH=/home/shiozaki/ros2/install/hello_world_msgs:/home/shiozaki/ros2/install/libcreate:/home/shiozaki/ros2/install/hello_world:/home/shiozaki/ros2/install/fibonacci:/home/shiozaki/ros2/install/examples_rclpy_topics:/home/shiozaki/ros2/install/examples_rclpy_services:/home/shiozaki/ros2/install/examples_rclpy_minimal_action_server:/opt/ros/dashing LD_LIBRARY_PATH=/home/shiozaki/ros2/install/hello_world_msgs/lib:/home/shiozaki/ros2/install/libcreate/lib:/opt/ros/dashing/opt/yaml_cpp_vendor/lib:/opt/ros/dashing/opt/rviz_ogre_vendor/lib:/usr/lib:/opt/rti.com/rti_connext_dds-5.3.1/lib/x64Linux3gcc5.4.0:/opt/ros/dashing/lib /usr/bin/cmake --build /home/shiozaki/ros2/build/hello_world -- -j4 -l4
[0.139s] [ 10%] Built target talker_with_service
[0.154s] [ 20%] Built target talker_listener_composition
[0.160s] [ 30%] Built target client_sync
[0.177s] [ 40%] Built target listener
[0.208s] [35m[1mScanning dependencies of target talker[0m
[0.230s] [ 50%] Built target talker_with_service_param
[0.242s] [ 60%] Built target listener_component
[0.257s] [ 70%] Built target set_and_get_parameters
[0.274s] [ 75%] [32mBuilding CXX object CMakeFiles/talker.dir/src/talker.cpp.o[0m
[0.298s] [ 85%] Built target client_async
[0.300s] [ 95%] Built target talker_component
[1.406s] [01m[K/home/shiozaki/ros2/src/hello_world/src/talker.cpp:[m[K In lambda function:
[1.406s] [01m[K/home/shiozaki/ros2/src/hello_world/src/talker.cpp:59:7:[m[K [01;31m[Kerror: [m[K‘[01m[Kstruct sensor_msgs::msg::Image_<std::allocator<void> >[m[K’ has no member named ‘[01m[Kframe_id[m[K’
[1.406s]   img->[01;31m[Kframe_id[m[K = 245;
[1.406s]        [01;31m[K^~~~~~~~[m[K
[1.406s] In file included from [01m[K/opt/ros/dashing/include/rclcpp/client.hpp:39:0[m[K,
[1.406s]                  from [01m[K/opt/ros/dashing/include/rclcpp/callback_group.hpp:23[m[K,
[1.407s]                  from [01m[K/opt/ros/dashing/include/rclcpp/any_executable.hpp:20[m[K,
[1.407s]                  from [01m[K/opt/ros/dashing/include/rclcpp/memory_strategy.hpp:24[m[K,
[1.407s]                  from [01m[K/opt/ros/dashing/include/rclcpp/memory_strategies.hpp:18[m[K,
[1.407s]                  from [01m[K/opt/ros/dashing/include/rclcpp/executor.hpp:33[m[K,
[1.407s]                  from [01m[K/opt/ros/dashing/include/rclcpp/executors/multi_threaded_executor.hpp:24[m[K,
[1.407s]                  from [01m[K/opt/ros/dashing/include/rclcpp/executors.hpp:21[m[K,
[1.407s]                  from [01m[K/opt/ros/dashing/include/rclcpp/rclcpp.hpp:144[m[K,
[1.407s]                  from [01m[K/home/shiozaki/ros2/src/hello_world/src/talker.cpp:19[m[K:
[1.407s] [01m[K/home/shiozaki/ros2/src/hello_world/src/talker.cpp:63:52:[m[K [01;31m[Kerror: [m[K‘[01m[Kstruct sensor_msgs::msg::Image_<std::allocator<void> >[m[K’ has no member named ‘[01m[Kframe_id[m[K’
[1.407s]          RCLCPP_INFO(this->get_logger(), "%d", img->[01;31m[Kf[m[Krame_id);
[1.407s]                                                     [01;31m[K^[m[K
[1.407s] [01m[K/opt/ros/dashing/include/rcutils/logging_macros.h:72:64:[m[K [01;36m[Knote: [m[Kin definition of macro ‘[01m[KRCUTILS_LOG_COND_NAMED[m[K’
[1.408s]        rcutils_log(&__rcutils_logging_location, severity, name, [01;36m[K__VA_ARGS__[m[K); \
[1.408s]                                                                 [01;36m[K^~~~~~~~~~~[m[K
[1.408s] [01m[K/opt/ros/dashing/include/rclcpp/logging.hpp:218:5:[m[K [01;36m[Knote: [m[Kin expansion of macro ‘[01m[KRCUTILS_LOG_INFO_NAMED[m[K’
[1.408s]      [01;36m[KRCUTILS_LOG_INFO_NAMED[m[K( \
[1.408s]      [01;36m[K^~~~~~~~~~~~~~~~~~~~~~[m[K
[1.408s] [01m[K/opt/ros/dashing/include/rclcpp/logging.hpp:221:9:[m[K [01;36m[Knote: [m[Kin expansion of macro ‘[01m[KRCLCPP_ALL_BUT_FIRST_ARGS[m[K’
[1.409s]          [01;36m[KRCLCPP_ALL_BUT_FIRST_ARGS[m[K(__VA_ARGS__,"")); \
[1.409s]          [01;36m[K^~~~~~~~~~~~~~~~~~~~~~~~~[m[K
[1.409s] [01m[K/home/shiozaki/ros2/src/hello_world/src/talker.cpp:63:9:[m[K [01;36m[Knote: [m[Kin expansion of macro ‘[01m[KRCLCPP_INFO[m[K’
[1.409s]          [01;36m[KRCLCPP_INFO[m[K(this->get_logger(), "%d", img->frame_id);
[1.409s]          [01;36m[K^~~~~~~~~~~[m[K
[1.853s] CMakeFiles/talker.dir/build.make:62: recipe for target 'CMakeFiles/talker.dir/src/talker.cpp.o' failed
[1.854s] make[2]: *** [CMakeFiles/talker.dir/src/talker.cpp.o] Error 1
[1.854s] CMakeFiles/Makefile2:284: recipe for target 'CMakeFiles/talker.dir/all' failed
[1.854s] make[1]: *** [CMakeFiles/talker.dir/all] Error 2
[1.854s] Makefile:140: recipe for target 'all' failed
[1.854s] make: *** [all] Error 2
[1.856s] Invoked command in '/home/shiozaki/ros2/build/hello_world' returned '2': CMAKE_PREFIX_PATH=/home/shiozaki/ros2/install/hello_world_msgs:/home/shiozaki/ros2/install/libcreate:/home/shiozaki/ros2/install/hello_world:/home/shiozaki/ros2/install/fibonacci:/home/shiozaki/ros2/install/examples_rclpy_topics:/home/shiozaki/ros2/install/examples_rclpy_services:/home/shiozaki/ros2/install/examples_rclpy_minimal_action_server:/opt/ros/dashing LD_LIBRARY_PATH=/home/shiozaki/ros2/install/hello_world_msgs/lib:/home/shiozaki/ros2/install/libcreate/lib:/opt/ros/dashing/opt/yaml_cpp_vendor/lib:/opt/ros/dashing/opt/rviz_ogre_vendor/lib:/usr/lib:/opt/rti.com/rti_connext_dds-5.3.1/lib/x64Linux3gcc5.4.0:/opt/ros/dashing/lib /usr/bin/cmake --build /home/shiozaki/ros2/build/hello_world -- -j4 -l4
