[0.022s] Invoking command in '/home/shiozaki/ros2/build/hello_world': CMAKE_PREFIX_PATH=/home/shiozaki/ros2/install/hello_world_msgs:/home/shiozaki/ros2/install/libcreate:/home/shiozaki/ros2/install/hello_world:/home/shiozaki/ros2/install/fibonacci:/home/shiozaki/ros2/install/examples_rclpy_topics:/home/shiozaki/ros2/install/examples_rclpy_services:/home/shiozaki/ros2/install/examples_rclpy_minimal_action_server:/opt/ros/dashing LD_LIBRARY_PATH=/home/shiozaki/ros2/install/hello_world_msgs/lib:/home/shiozaki/ros2/install/libcreate/lib:/opt/ros/dashing/opt/yaml_cpp_vendor/lib:/opt/ros/dashing/opt/rviz_ogre_vendor/lib:/usr/lib:/opt/rti.com/rti_connext_dds-5.3.1/lib/x64Linux3gcc5.4.0:/opt/ros/dashing/lib /usr/bin/cmake --build /home/shiozaki/ros2/build/hello_world -- -j4 -l4
[0.146s] [ 10%] Built target listener
[0.146s] [ 20%] Built target client_sync
[0.151s] [ 30%] Built target talker_with_service
[0.153s] [ 40%] Built target talker_listener_composition
[0.177s] [35m[1mScanning dependencies of target talker[0m
[0.202s] [ 50%] Built target talker_with_service_param
[0.207s] [ 60%] Built target set_and_get_parameters
[0.217s] [ 70%] Built target listener_component
[0.229s] [ 75%] [32mBuilding CXX object CMakeFiles/talker.dir/src/talker.cpp.o[0m
[0.261s] [ 85%] Built target client_async
[0.274s] [ 95%] Built target talker_component
[1.270s] [01m[K/home/shiozaki/ros2/src/hello_world/src/talker.cpp:[m[K In lambda function:
[1.271s] [01m[K/home/shiozaki/ros2/src/hello_world/src/talker.cpp:59:7:[m[K [01;31m[Kerror: [m[Kconflicting declaration ‘[01m[Kauto a[m[K’
[1.271s]   auto [01;31m[Ka[m[K = std::chrono::duration_cast<std::chrono::microseconds>(duration_in_seconds.count());
[1.271s]        [01;31m[K^[m[K
[1.271s] [01m[K/home/shiozaki/ros2/src/hello_world/src/talker.cpp:54:7:[m[K [01;36m[Knote: [m[Kprevious declaration as ‘[01m[Kstd::chrono::time_point<std::chrono::_V2::system_clock, std::chrono::duration<long int, std::ratio<1, 1000000000> > > a[m[K’
[1.271s]   auto [01;36m[Ka[m[K = std::chrono::system_clock::now();
[1.271s]        [01;36m[K^[m[K
[1.271s] [01m[K/home/shiozaki/ros2/src/hello_world/src/talker.cpp:59:92:[m[K [01;31m[Kerror: [m[Kno matching function for call to ‘[01m[Kduration_cast<std::chrono::microseconds>(std::chrono::duration<double>::rep)[m[K’
[1.272s]   auto a = std::chrono::duration_cast<std::chrono::microseconds>(duration_in_seconds.count()[01;31m[K)[m[K;
[1.272s]                                                                                             [01;31m[K^[m[K
[1.272s] In file included from [01m[K/home/shiozaki/ros2/src/hello_world/src/talker.cpp:15:0[m[K:
[1.273s] [01m[K/usr/include/c++/7/chrono:194:7:[m[K [01;36m[Knote: [m[Kcandidate: template<class _ToDur, class _Rep, class _Period> constexpr typename std::enable_if<std::chrono::__is_duration<_Tp>::value, _ToDur>::type std::chrono::duration_cast(const std::chrono::duration<_Rep, _Period>&)
[1.273s]        [01;36m[Kduration_cast[m[K(const duration<_Rep, _Period>& __d)
[1.273s]        [01;36m[K^~~~~~~~~~~~~[m[K
[1.273s] [01m[K/usr/include/c++/7/chrono:194:7:[m[K [01;36m[Knote: [m[K  template argument deduction/substitution failed:
[1.273s] [01m[K/home/shiozaki/ros2/src/hello_world/src/talker.cpp:59:92:[m[K [01;36m[Knote: [m[K  mismatched types ‘[01m[Kconst std::chrono::duration<_Rep, _Period>[m[K’ and ‘[01m[Kstd::chrono::duration<double>::rep {aka double}[m[K’
[1.273s]   auto a = std::chrono::duration_cast<std::chrono::microseconds>(duration_in_seconds.count()[01;36m[K)[m[K;
[1.273s]                                                                                             [01;36m[K^[m[K
[1.274s] [01m[K/home/shiozaki/ros2/src/hello_world/src/talker.cpp:60:41:[m[K [01;31m[Kerror: [m[Kno matching function for call to ‘[01m[Kto_string(std::chrono::time_point<std::chrono::_V2::system_clock, std::chrono::duration<long int, std::ratio<1, 1000000000> > >&)[m[K’
[1.274s]   img->header.frame_id = std::to_string(a[01;31m[K)[m[K;
[1.274s]                                          [01;31m[K^[m[K
[1.274s] In file included from [01m[K/opt/ros/dashing/include/rclcpp/node_interfaces/node_parameters_interface.hpp:27:0[m[K,
[1.274s]                  from [01m[K/opt/ros/dashing/include/rclcpp/node.hpp:49[m[K,
[1.274s]                  from [01m[K/opt/ros/dashing/include/rclcpp/executors/single_threaded_executor.hpp:28[m[K,
[1.275s]                  from [01m[K/opt/ros/dashing/include/rclcpp/executors.hpp:22[m[K,
[1.275s]                  from [01m[K/opt/ros/dashing/include/rclcpp/rclcpp.hpp:144[m[K,
[1.275s]                  from [01m[K/home/shiozaki/ros2/src/hello_world/src/talker.cpp:19[m[K:
[1.275s] [01m[K/opt/ros/dashing/include/rclcpp/parameter.hpp:236:1:[m[K [01;36m[Knote: [m[Kcandidate: std::__cxx11::string std::to_string(const rclcpp::Parameter&)
[1.275s]  [01;36m[Kto_string[m[K(const rclcpp::Parameter & param);
[1.275s]  [01;36m[K^~~~~~~~~[m[K
[1.275s] [01m[K/opt/ros/dashing/include/rclcpp/parameter.hpp:236:1:[m[K [01;36m[Knote: [m[K  no known conversion for argument 1 from ‘[01m[Kstd::chrono::time_point<std::chrono::_V2::system_clock, std::chrono::duration<long int, std::ratio<1, 1000000000> > >[m[K’ to ‘[01m[Kconst rclcpp::Parameter&[m[K’
[1.276s] [01m[K/opt/ros/dashing/include/rclcpp/parameter.hpp:241:1:[m[K [01;36m[Knote: [m[Kcandidate: std::__cxx11::string std::to_string(const std::vector<rclcpp::Parameter>&)
[1.276s]  [01;36m[Kto_string[m[K(const std::vector<rclcpp::Parameter> & parameters);
[1.276s]  [01;36m[K^~~~~~~~~[m[K
[1.276s] [01m[K/opt/ros/dashing/include/rclcpp/parameter.hpp:241:1:[m[K [01;36m[Knote: [m[K  no known conversion for argument 1 from ‘[01m[Kstd::chrono::time_point<std::chrono::_V2::system_clock, std::chrono::duration<long int, std::ratio<1, 1000000000> > >[m[K’ to ‘[01m[Kconst std::vector<rclcpp::Parameter>&[m[K’
[1.276s] In file included from [01m[K/usr/include/c++/7/string:52:0[m[K,
[1.276s]                  from [01m[K/usr/include/c++/7/stdexcept:39[m[K,
[1.276s]                  from [01m[K/usr/include/c++/7/array:39[m[K,
[1.277s]                  from [01m[K/usr/include/c++/7/tuple:39[m[K,
[1.277s]                  from [01m[K/usr/include/c++/7/bits/unique_ptr.h:37[m[K,
[1.277s]                  from [01m[K/usr/include/c++/7/memory:80[m[K,
[1.277s]                  from [01m[K/home/shiozaki/ros2/src/hello_world/src/talker.cpp:17[m[K:
[1.277s] [01m[K/usr/include/c++/7/bits/basic_string.h:6466:3:[m[K [01;36m[Knote: [m[Kcandidate: std::__cxx11::string std::__cxx11::to_string(long double)
[1.277s]    [01;36m[Kto_string[m[K(long double __val)
[1.277s]    [01;36m[K^~~~~~~~~[m[K
[1.278s] [01m[K/usr/include/c++/7/bits/basic_string.h:6466:3:[m[K [01;36m[Knote: [m[K  no known conversion for argument 1 from ‘[01m[Kstd::chrono::time_point<std::chrono::_V2::system_clock, std::chrono::duration<long int, std::ratio<1, 1000000000> > >[m[K’ to ‘[01m[Klong double[m[K’
[1.278s] [01m[K/usr/include/c++/7/bits/basic_string.h:6457:3:[m[K [01;36m[Knote: [m[Kcandidate: std::__cxx11::string std::__cxx11::to_string(double)
[1.278s]    [01;36m[Kto_string[m[K(double __val)
[1.278s]    [01;36m[K^~~~~~~~~[m[K
[1.278s] [01m[K/usr/include/c++/7/bits/basic_string.h:6457:3:[m[K [01;36m[Knote: [m[K  no known conversion for argument 1 from ‘[01m[Kstd::chrono::time_point<std::chrono::_V2::system_clock, std::chrono::duration<long int, std::ratio<1, 1000000000> > >[m[K’ to ‘[01m[Kdouble[m[K’
[1.278s] [01m[K/usr/include/c++/7/bits/basic_string.h:6448:3:[m[K [01;36m[Knote: [m[Kcandidate: std::__cxx11::string std::__cxx11::to_string(float)
[1.278s]    [01;36m[Kto_string[m[K(float __val)
[1.279s]    [01;36m[K^~~~~~~~~[m[K
[1.279s] [01m[K/usr/include/c++/7/bits/basic_string.h:6448:3:[m[K [01;36m[Knote: [m[K  no known conversion for argument 1 from ‘[01m[Kstd::chrono::time_point<std::chrono::_V2::system_clock, std::chrono::duration<long int, std::ratio<1, 1000000000> > >[m[K’ to ‘[01m[Kfloat[m[K’
[1.279s] [01m[K/usr/include/c++/7/bits/basic_string.h:6442:3:[m[K [01;36m[Knote: [m[Kcandidate: std::__cxx11::string std::__cxx11::to_string(long long unsigned int)
[1.279s]    [01;36m[Kto_string[m[K(unsigned long long __val)
[1.279s]    [01;36m[K^~~~~~~~~[m[K
[1.279s] [01m[K/usr/include/c++/7/bits/basic_string.h:6442:3:[m[K [01;36m[Knote: [m[K  no known conversion for argument 1 from ‘[01m[Kstd::chrono::time_point<std::chrono::_V2::system_clock, std::chrono::duration<long int, std::ratio<1, 1000000000> > >[m[K’ to ‘[01m[Klong long unsigned int[m[K’
[1.279s] [01m[K/usr/include/c++/7/bits/basic_string.h:6436:3:[m[K [01;36m[Knote: [m[Kcandidate: std::__cxx11::string std::__cxx11::to_string(long long int)
[1.280s]    [01;36m[Kto_string[m[K(long long __val)
[1.280s]    [01;36m[K^~~~~~~~~[m[K
[1.280s] [01m[K/usr/include/c++/7/bits/basic_string.h:6436:3:[m[K [01;36m[Knote: [m[K  no known conversion for argument 1 from ‘[01m[Kstd::chrono::time_point<std::chrono::_V2::system_clock, std::chrono::duration<long int, std::ratio<1, 1000000000> > >[m[K’ to ‘[01m[Klong long int[m[K’
[1.280s] [01m[K/usr/include/c++/7/bits/basic_string.h:6430:3:[m[K [01;36m[Knote: [m[Kcandidate: std::__cxx11::string std::__cxx11::to_string(long unsigned int)
[1.280s]    [01;36m[Kto_string[m[K(unsigned long __val)
[1.280s]    [01;36m[K^~~~~~~~~[m[K
[1.281s] [01m[K/usr/include/c++/7/bits/basic_string.h:6430:3:[m[K [01;36m[Knote: [m[K  no known conversion for argument 1 from ‘[01m[Kstd::chrono::time_point<std::chrono::_V2::system_clock, std::chrono::duration<long int, std::ratio<1, 1000000000> > >[m[K’ to ‘[01m[Klong unsigned int[m[K’
[1.281s] [01m[K/usr/include/c++/7/bits/basic_string.h:6425:3:[m[K [01;36m[Knote: [m[Kcandidate: std::__cxx11::string std::__cxx11::to_string(long int)
[1.281s]    [01;36m[Kto_string[m[K(long __val)
[1.281s]    [01;36m[K^~~~~~~~~[m[K
[1.281s] [01m[K/usr/include/c++/7/bits/basic_string.h:6425:3:[m[K [01;36m[Knote: [m[K  no known conversion for argument 1 from ‘[01m[Kstd::chrono::time_point<std::chrono::_V2::system_clock, std::chrono::duration<long int, std::ratio<1, 1000000000> > >[m[K’ to ‘[01m[Klong int[m[K’
[1.281s] [01m[K/usr/include/c++/7/bits/basic_string.h:6419:3:[m[K [01;36m[Knote: [m[Kcandidate: std::__cxx11::string std::__cxx11::to_string(unsigned int)
[1.281s]    [01;36m[Kto_string[m[K(unsigned __val)
[1.282s]    [01;36m[K^~~~~~~~~[m[K
[1.282s] [01m[K/usr/include/c++/7/bits/basic_string.h:6419:3:[m[K [01;36m[Knote: [m[K  no known conversion for argument 1 from ‘[01m[Kstd::chrono::time_point<std::chrono::_V2::system_clock, std::chrono::duration<long int, std::ratio<1, 1000000000> > >[m[K’ to ‘[01m[Kunsigned int[m[K’
[1.282s] [01m[K/usr/include/c++/7/bits/basic_string.h:6414:3:[m[K [01;36m[Knote: [m[Kcandidate: std::__cxx11::string std::__cxx11::to_string(int)
[1.282s]    [01;36m[Kto_string[m[K(int __val)
[1.282s]    [01;36m[K^~~~~~~~~[m[K
[1.282s] [01m[K/usr/include/c++/7/bits/basic_string.h:6414:3:[m[K [01;36m[Knote: [m[K  no known conversion for argument 1 from ‘[01m[Kstd::chrono::time_point<std::chrono::_V2::system_clock, std::chrono::duration<long int, std::ratio<1, 1000000000> > >[m[K’ to ‘[01m[Kint[m[K’
[1.697s] CMakeFiles/talker.dir/build.make:62: recipe for target 'CMakeFiles/talker.dir/src/talker.cpp.o' failed
[1.698s] make[2]: *** [CMakeFiles/talker.dir/src/talker.cpp.o] Error 1
[1.698s] CMakeFiles/Makefile2:284: recipe for target 'CMakeFiles/talker.dir/all' failed
[1.698s] make[1]: *** [CMakeFiles/talker.dir/all] Error 2
[1.698s] make: *** [all] Error 2
[1.698s] Makefile:140: recipe for target 'all' failed
[1.700s] Invoked command in '/home/shiozaki/ros2/build/hello_world' returned '2': CMAKE_PREFIX_PATH=/home/shiozaki/ros2/install/hello_world_msgs:/home/shiozaki/ros2/install/libcreate:/home/shiozaki/ros2/install/hello_world:/home/shiozaki/ros2/install/fibonacci:/home/shiozaki/ros2/install/examples_rclpy_topics:/home/shiozaki/ros2/install/examples_rclpy_services:/home/shiozaki/ros2/install/examples_rclpy_minimal_action_server:/opt/ros/dashing LD_LIBRARY_PATH=/home/shiozaki/ros2/install/hello_world_msgs/lib:/home/shiozaki/ros2/install/libcreate/lib:/opt/ros/dashing/opt/yaml_cpp_vendor/lib:/opt/ros/dashing/opt/rviz_ogre_vendor/lib:/usr/lib:/opt/rti.com/rti_connext_dds-5.3.1/lib/x64Linux3gcc5.4.0:/opt/ros/dashing/lib /usr/bin/cmake --build /home/shiozaki/ros2/build/hello_world -- -j4 -l4
