[0.024s] Invoking command in '/home/shiozaki/ros2/build/hello_world': CMAKE_PREFIX_PATH=/home/shiozaki/ros2/install/hello_world_msgs:/home/shiozaki/ros2/install/libcreate:/home/shiozaki/ros2/install/hello_world:/home/shiozaki/ros2/install/fibonacci:/home/shiozaki/ros2/install/examples_rclpy_topics:/home/shiozaki/ros2/install/examples_rclpy_services:/home/shiozaki/ros2/install/examples_rclpy_minimal_action_server:/opt/ros/dashing LD_LIBRARY_PATH=/home/shiozaki/ros2/install/hello_world_msgs/lib:/home/shiozaki/ros2/install/libcreate/lib:/opt/ros/dashing/opt/yaml_cpp_vendor/lib:/opt/ros/dashing/opt/rviz_ogre_vendor/lib:/usr/lib:/opt/rti.com/rti_connext_dds-5.3.1/lib/x64Linux3gcc5.4.0:/opt/ros/dashing/lib /usr/bin/cmake --build /home/shiozaki/ros2/build/hello_world -- -j4 -l4
[0.180s] [ 10%] Built target talker_listener_composition
[0.184s] [ 20%] Built target client_sync
[0.195s] [ 30%] Built target talker_with_service
[0.202s] [ 40%] Built target listener
[0.223s] [35m[1mScanning dependencies of target talker[0m
[0.278s] [ 50%] Built target talker_with_service_param
[0.285s] [ 55%] [32mBuilding CXX object CMakeFiles/talker.dir/src/talker.cpp.o[0m
[0.292s] [ 65%] Built target listener_component
[0.304s] [ 75%] Built target set_and_get_parameters
[0.354s] [ 85%] Built target client_async
[0.356s] [ 95%] Built target talker_component
[2.708s] [100%] [32m[1mLinking CXX executable talker[0m
[2.902s] [100%] Built target talker
[2.917s] Invoked command in '/home/shiozaki/ros2/build/hello_world' returned '0': CMAKE_PREFIX_PATH=/home/shiozaki/ros2/install/hello_world_msgs:/home/shiozaki/ros2/install/libcreate:/home/shiozaki/ros2/install/hello_world:/home/shiozaki/ros2/install/fibonacci:/home/shiozaki/ros2/install/examples_rclpy_topics:/home/shiozaki/ros2/install/examples_rclpy_services:/home/shiozaki/ros2/install/examples_rclpy_minimal_action_server:/opt/ros/dashing LD_LIBRARY_PATH=/home/shiozaki/ros2/install/hello_world_msgs/lib:/home/shiozaki/ros2/install/libcreate/lib:/opt/ros/dashing/opt/yaml_cpp_vendor/lib:/opt/ros/dashing/opt/rviz_ogre_vendor/lib:/usr/lib:/opt/rti.com/rti_connext_dds-5.3.1/lib/x64Linux3gcc5.4.0:/opt/ros/dashing/lib /usr/bin/cmake --build /home/shiozaki/ros2/build/hello_world -- -j4 -l4
[2.977s] Invoking command in '/home/shiozaki/ros2/build/hello_world': CMAKE_PREFIX_PATH=/home/shiozaki/ros2/install/hello_world_msgs:/home/shiozaki/ros2/install/libcreate:/home/shiozaki/ros2/install/hello_world:/home/shiozaki/ros2/install/fibonacci:/home/shiozaki/ros2/install/examples_rclpy_topics:/home/shiozaki/ros2/install/examples_rclpy_services:/home/shiozaki/ros2/install/examples_rclpy_minimal_action_server:/opt/ros/dashing LD_LIBRARY_PATH=/home/shiozaki/ros2/install/hello_world_msgs/lib:/home/shiozaki/ros2/install/libcreate/lib:/opt/ros/dashing/opt/yaml_cpp_vendor/lib:/opt/ros/dashing/opt/rviz_ogre_vendor/lib:/usr/lib:/opt/rti.com/rti_connext_dds-5.3.1/lib/x64Linux3gcc5.4.0:/opt/ros/dashing/lib /usr/bin/cmake --build /home/shiozaki/ros2/build/hello_world --target install -- -j4 -l4
[3.064s] [ 30%] Built target listener
[3.065s] [ 30%] Built target talker_listener_composition
[3.065s] [ 30%] Built target client_sync
[3.067s] [ 40%] Built target talker_with_service
[3.117s] [ 55%] Built target talker_with_service_param
[3.117s] [ 60%] Built target talker
[3.120s] [ 70%] Built target set_and_get_parameters
[3.122s] [ 80%] Built target listener_component
[3.152s] [ 90%] Built target client_async
[3.156s] [100%] Built target talker_component
[3.180s] [36mInstall the project...[0m
[3.191s] -- Install configuration: ""
[3.192s] -- Installing: /home/shiozaki/ros2/install/hello_world/lib/hello_world/talker
[3.193s] -- Set runtime path of "/home/shiozaki/ros2/install/hello_world/lib/hello_world/talker" to ""
[3.193s] -- Up-to-date: /home/shiozaki/ros2/install/hello_world/lib/hello_world/talker_with_service
[3.193s] -- Up-to-date: /home/shiozaki/ros2/install/hello_world/lib/hello_world/talker_with_service_param
[3.194s] -- Up-to-date: /home/shiozaki/ros2/install/hello_world/lib/hello_world/listener
[3.194s] -- Up-to-date: /home/shiozaki/ros2/install/hello_world/lib/hello_world/client_sync
[3.195s] -- Up-to-date: /home/shiozaki/ros2/install/hello_world/lib/hello_world/client_async
[3.195s] -- Up-to-date: /home/shiozaki/ros2/install/hello_world/lib/hello_world/talker_listener_composition
[3.196s] -- Up-to-date: /home/shiozaki/ros2/install/hello_world/lib/hello_world/set_and_get_parameters
[3.197s] -- Up-to-date: /home/shiozaki/ros2/install/hello_world/share/hello_world//launch
[3.197s] -- Up-to-date: /home/shiozaki/ros2/install/hello_world/share/hello_world//launch/talker_listener_with_param.launch.py
[3.197s] -- Up-to-date: /home/shiozaki/ros2/install/hello_world/share/hello_world//launch/params.yaml
[3.197s] -- Up-to-date: /home/shiozaki/ros2/install/hello_world/share/hello_world//launch/talker_listener.launch.py
[3.197s] -- Up-to-date: /home/shiozaki/ros2/install/hello_world/share/hello_world//launch/talker_listener_with_param_file.launch.py
[3.197s] -- Up-to-date: /home/shiozaki/ros2/install/hello_world/share/ament_index/resource_index/package_run_dependencies/hello_world
[3.197s] -- Up-to-date: /home/shiozaki/ros2/install/hello_world/share/ament_index/resource_index/parent_prefix_path/hello_world
[3.197s] -- Up-to-date: /home/shiozaki/ros2/install/hello_world/share/hello_world/environment/ament_prefix_path.sh
[3.198s] -- Up-to-date: /home/shiozaki/ros2/install/hello_world/share/hello_world/environment/path.sh
[3.198s] -- Up-to-date: /home/shiozaki/ros2/install/hello_world/share/hello_world/local_setup.bash
[3.198s] -- Up-to-date: /home/shiozaki/ros2/install/hello_world/share/hello_world/local_setup.sh
[3.198s] -- Up-to-date: /home/shiozaki/ros2/install/hello_world/share/hello_world/local_setup.zsh
[3.198s] -- Up-to-date: /home/shiozaki/ros2/install/hello_world/share/ament_index/resource_index/packages/hello_world
[3.198s] -- Up-to-date: /home/shiozaki/ros2/install/hello_world/share/ament_index/resource_index/rclcpp_components/hello_world
[3.198s] -- Up-to-date: /home/shiozaki/ros2/install/hello_world/share/hello_world/cmake/hello_worldConfig.cmake
[3.198s] -- Up-to-date: /home/shiozaki/ros2/install/hello_world/share/hello_world/cmake/hello_worldConfig-version.cmake
[3.198s] -- Up-to-date: /home/shiozaki/ros2/install/hello_world/share/hello_world/package.xml
[3.202s] Invoked command in '/home/shiozaki/ros2/build/hello_world' returned '0': CMAKE_PREFIX_PATH=/home/shiozaki/ros2/install/hello_world_msgs:/home/shiozaki/ros2/install/libcreate:/home/shiozaki/ros2/install/hello_world:/home/shiozaki/ros2/install/fibonacci:/home/shiozaki/ros2/install/examples_rclpy_topics:/home/shiozaki/ros2/install/examples_rclpy_services:/home/shiozaki/ros2/install/examples_rclpy_minimal_action_server:/opt/ros/dashing LD_LIBRARY_PATH=/home/shiozaki/ros2/install/hello_world_msgs/lib:/home/shiozaki/ros2/install/libcreate/lib:/opt/ros/dashing/opt/yaml_cpp_vendor/lib:/opt/ros/dashing/opt/rviz_ogre_vendor/lib:/usr/lib:/opt/rti.com/rti_connext_dds-5.3.1/lib/x64Linux3gcc5.4.0:/opt/ros/dashing/lib /usr/bin/cmake --build /home/shiozaki/ros2/build/hello_world --target install -- -j4 -l4
