[0.025s] Invoking command in '/home/shiozaki/ros2/build/hello_world': CMAKE_PREFIX_PATH=/home/shiozaki/ros2/install/hello_world_msgs:/home/shiozaki/ros2/install/libcreate:/home/shiozaki/ros2/install/hello_world:/home/shiozaki/ros2/install/fibonacci:/home/shiozaki/ros2/install/examples_rclpy_topics:/home/shiozaki/ros2/install/examples_rclpy_services:/home/shiozaki/ros2/install/examples_rclpy_minimal_action_server:/opt/ros/dashing LD_LIBRARY_PATH=/home/shiozaki/ros2/install/hello_world_msgs/lib:/home/shiozaki/ros2/install/libcreate/lib:/opt/ros/dashing/opt/yaml_cpp_vendor/lib:/opt/ros/dashing/opt/rviz_ogre_vendor/lib:/usr/lib:/opt/rti.com/rti_connext_dds-5.3.1/lib/x64Linux3gcc5.4.0:/opt/ros/dashing/lib /usr/bin/cmake --build /home/shiozaki/ros2/build/hello_world -- -j4 -l4
[0.149s] [ 20%] Built target client_sync
[0.149s] [ 20%] Built target talker_listener_composition
[0.164s] [ 30%] Built target listener
[0.171s] [ 40%] Built target talker_with_service
[0.174s] [35m[1mScanning dependencies of target talker_with_service_param[0m
[0.207s] [ 50%] Built target talker
[0.218s] [ 55%] [32mBuilding CXX object CMakeFiles/talker_with_service_param.dir/src/talker_with_service_param.cpp.o[0m
[0.230s] [ 75%] Built target set_and_get_parameters
[0.230s] [ 75%] Built target listener_component
[0.266s] [ 85%] Built target talker_component
[0.281s] [ 95%] Built target client_async
[2.822s] [100%] [32m[1mLinking CXX executable talker_with_service_param[0m
[3.027s] [100%] Built target talker_with_service_param
[3.042s] Invoked command in '/home/shiozaki/ros2/build/hello_world' returned '0': CMAKE_PREFIX_PATH=/home/shiozaki/ros2/install/hello_world_msgs:/home/shiozaki/ros2/install/libcreate:/home/shiozaki/ros2/install/hello_world:/home/shiozaki/ros2/install/fibonacci:/home/shiozaki/ros2/install/examples_rclpy_topics:/home/shiozaki/ros2/install/examples_rclpy_services:/home/shiozaki/ros2/install/examples_rclpy_minimal_action_server:/opt/ros/dashing LD_LIBRARY_PATH=/home/shiozaki/ros2/install/hello_world_msgs/lib:/home/shiozaki/ros2/install/libcreate/lib:/opt/ros/dashing/opt/yaml_cpp_vendor/lib:/opt/ros/dashing/opt/rviz_ogre_vendor/lib:/usr/lib:/opt/rti.com/rti_connext_dds-5.3.1/lib/x64Linux3gcc5.4.0:/opt/ros/dashing/lib /usr/bin/cmake --build /home/shiozaki/ros2/build/hello_world -- -j4 -l4
[3.097s] Invoking command in '/home/shiozaki/ros2/build/hello_world': CMAKE_PREFIX_PATH=/home/shiozaki/ros2/install/hello_world_msgs:/home/shiozaki/ros2/install/libcreate:/home/shiozaki/ros2/install/hello_world:/home/shiozaki/ros2/install/fibonacci:/home/shiozaki/ros2/install/examples_rclpy_topics:/home/shiozaki/ros2/install/examples_rclpy_services:/home/shiozaki/ros2/install/examples_rclpy_minimal_action_server:/opt/ros/dashing LD_LIBRARY_PATH=/home/shiozaki/ros2/install/hello_world_msgs/lib:/home/shiozaki/ros2/install/libcreate/lib:/opt/ros/dashing/opt/yaml_cpp_vendor/lib:/opt/ros/dashing/opt/rviz_ogre_vendor/lib:/usr/lib:/opt/rti.com/rti_connext_dds-5.3.1/lib/x64Linux3gcc5.4.0:/opt/ros/dashing/lib /usr/bin/cmake --build /home/shiozaki/ros2/build/hello_world --target install -- -j4 -l4
[3.188s] [ 35%] Built target talker_with_service
[3.189s] [ 35%] Built target listener
[3.189s] [ 40%] Built target talker_listener_composition
[3.189s] [ 35%] Built target client_sync
[3.236s] [ 50%] Built target set_and_get_parameters
[3.236s] [ 60%] Built target talker
[3.239s] [ 70%] Built target talker_with_service_param
[3.243s] [ 80%] Built target listener_component
[3.277s] [ 90%] Built target client_async
[3.282s] [100%] Built target talker_component
[3.306s] [36mInstall the project...[0m
[3.317s] -- Install configuration: ""
[3.317s] -- Up-to-date: /home/shiozaki/ros2/install/hello_world/lib/hello_world/talker
[3.318s] -- Up-to-date: /home/shiozaki/ros2/install/hello_world/lib/hello_world/talker_with_service
[3.319s] -- Installing: /home/shiozaki/ros2/install/hello_world/lib/hello_world/talker_with_service_param
[3.320s] -- Set runtime path of "/home/shiozaki/ros2/install/hello_world/lib/hello_world/talker_with_service_param" to ""
[3.320s] -- Up-to-date: /home/shiozaki/ros2/install/hello_world/lib/hello_world/listener
[3.321s] -- Up-to-date: /home/shiozaki/ros2/install/hello_world/lib/hello_world/client_sync
[3.321s] -- Up-to-date: /home/shiozaki/ros2/install/hello_world/lib/hello_world/client_async
[3.322s] -- Up-to-date: /home/shiozaki/ros2/install/hello_world/lib/hello_world/talker_listener_composition
[3.322s] -- Up-to-date: /home/shiozaki/ros2/install/hello_world/lib/hello_world/set_and_get_parameters
[3.323s] -- Up-to-date: /home/shiozaki/ros2/install/hello_world/share/hello_world//launch
[3.323s] -- Up-to-date: /home/shiozaki/ros2/install/hello_world/share/hello_world//launch/talker_listener_with_param.launch.py
[3.323s] -- Up-to-date: /home/shiozaki/ros2/install/hello_world/share/hello_world//launch/params.yaml
[3.323s] -- Up-to-date: /home/shiozaki/ros2/install/hello_world/share/hello_world//launch/talker_listener.launch.py
[3.324s] -- Up-to-date: /home/shiozaki/ros2/install/hello_world/share/hello_world//launch/talker_listener_with_param_file.launch.py
[3.324s] -- Up-to-date: /home/shiozaki/ros2/install/hello_world/share/ament_index/resource_index/package_run_dependencies/hello_world
[3.324s] -- Up-to-date: /home/shiozaki/ros2/install/hello_world/share/ament_index/resource_index/parent_prefix_path/hello_world
[3.324s] -- Up-to-date: /home/shiozaki/ros2/install/hello_world/share/hello_world/environment/ament_prefix_path.sh
[3.324s] -- Up-to-date: /home/shiozaki/ros2/install/hello_world/share/hello_world/environment/path.sh
[3.324s] -- Up-to-date: /home/shiozaki/ros2/install/hello_world/share/hello_world/local_setup.bash
[3.324s] -- Up-to-date: /home/shiozaki/ros2/install/hello_world/share/hello_world/local_setup.sh
[3.324s] -- Up-to-date: /home/shiozaki/ros2/install/hello_world/share/hello_world/local_setup.zsh
[3.324s] -- Up-to-date: /home/shiozaki/ros2/install/hello_world/share/ament_index/resource_index/packages/hello_world
[3.325s] -- Up-to-date: /home/shiozaki/ros2/install/hello_world/share/ament_index/resource_index/rclcpp_components/hello_world
[3.325s] -- Up-to-date: /home/shiozaki/ros2/install/hello_world/share/hello_world/cmake/hello_worldConfig.cmake
[3.325s] -- Up-to-date: /home/shiozaki/ros2/install/hello_world/share/hello_world/cmake/hello_worldConfig-version.cmake
[3.325s] -- Up-to-date: /home/shiozaki/ros2/install/hello_world/share/hello_world/package.xml
[3.329s] Invoked command in '/home/shiozaki/ros2/build/hello_world' returned '0': CMAKE_PREFIX_PATH=/home/shiozaki/ros2/install/hello_world_msgs:/home/shiozaki/ros2/install/libcreate:/home/shiozaki/ros2/install/hello_world:/home/shiozaki/ros2/install/fibonacci:/home/shiozaki/ros2/install/examples_rclpy_topics:/home/shiozaki/ros2/install/examples_rclpy_services:/home/shiozaki/ros2/install/examples_rclpy_minimal_action_server:/opt/ros/dashing LD_LIBRARY_PATH=/home/shiozaki/ros2/install/hello_world_msgs/lib:/home/shiozaki/ros2/install/libcreate/lib:/opt/ros/dashing/opt/yaml_cpp_vendor/lib:/opt/ros/dashing/opt/rviz_ogre_vendor/lib:/usr/lib:/opt/rti.com/rti_connext_dds-5.3.1/lib/x64Linux3gcc5.4.0:/opt/ros/dashing/lib /usr/bin/cmake --build /home/shiozaki/ros2/build/hello_world --target install -- -j4 -l4
