[0.037s] Invoking command in '/home/shiozaki/ros2/build/libcreate': CMAKE_PREFIX_PATH=${CMAKE_PREFIX_PATH}:/home/shiozaki/ros2/install/examples_rclpy_topics:/home/shiozaki/ros2/install/examples_rclpy_services:/home/shiozaki/ros2/install/examples_rclpy_minimal_action_server:/opt/ros/dashing /usr/bin/cmake --build /home/shiozaki/ros2/build/libcreate -- -j4 -l4
[0.172s] [ 36%] Built target create
[0.230s] [ 45%] Built target wheeldrop
[0.251s] [ 54%] Built target battery_level
[0.255s] [ 63%] Built target play_song
[0.267s] [ 72%] Built target packets
[0.278s] [ 81%] Built target drive_circle
[0.306s] [ 90%] Built target bumpers
[0.314s] [100%] Built target leds
[0.331s] Invoked command in '/home/shiozaki/ros2/build/libcreate' returned '0': CMAKE_PREFIX_PATH=${CMAKE_PREFIX_PATH}:/home/shiozaki/ros2/install/examples_rclpy_topics:/home/shiozaki/ros2/install/examples_rclpy_services:/home/shiozaki/ros2/install/examples_rclpy_minimal_action_server:/opt/ros/dashing /usr/bin/cmake --build /home/shiozaki/ros2/build/libcreate -- -j4 -l4
[0.447s] Invoking command in '/home/shiozaki/ros2/build/libcreate': CMAKE_PREFIX_PATH=${CMAKE_PREFIX_PATH}:/home/shiozaki/ros2/install/examples_rclpy_topics:/home/shiozaki/ros2/install/examples_rclpy_services:/home/shiozaki/ros2/install/examples_rclpy_minimal_action_server:/opt/ros/dashing /usr/bin/cmake --build /home/shiozaki/ros2/build/libcreate --target install -- -j4 -l4
[0.530s] [ 36%] Built target create
[0.577s] [ 45%] Built target wheeldrop
[0.581s] [ 54%] Built target battery_level
[0.585s] [ 63%] Built target packets
[0.600s] [ 72%] Built target play_song
[0.626s] [ 81%] Built target bumpers
[0.626s] [ 90%] Built target drive_circle
[0.639s] [100%] Built target leds
[0.668s] [36mInstall the project...[0m
[0.682s] -- Install configuration: ""
[0.683s] -- Up-to-date: /home/shiozaki/ros2/install/libcreate/lib/libcreate.so
[0.683s] -- Up-to-date: /home/shiozaki/ros2/install/libcreate/include
[0.683s] -- Up-to-date: /home/shiozaki/ros2/install/libcreate/include/create
[0.683s] -- Up-to-date: /home/shiozaki/ros2/install/libcreate/include/create/serial_stream.h
[0.684s] -- Up-to-date: /home/shiozaki/ros2/install/libcreate/include/create/types.h
[0.684s] -- Up-to-date: /home/shiozaki/ros2/install/libcreate/include/create/util.h
[0.684s] -- Up-to-date: /home/shiozaki/ros2/install/libcreate/include/create/data.h
[0.684s] -- Up-to-date: /home/shiozaki/ros2/install/libcreate/include/create/create.h
[0.684s] -- Up-to-date: /home/shiozaki/ros2/install/libcreate/include/create/serial.h
[0.684s] -- Up-to-date: /home/shiozaki/ros2/install/libcreate/include/create/serial_query.h
[0.684s] -- Up-to-date: /home/shiozaki/ros2/install/libcreate/include/create/packet.h
[0.685s] -- Up-to-date: /home/shiozaki/ros2/install/libcreate/lib/cmake/libcreate/libcreate-config.cmake
[0.685s] -- Up-to-date: /home/shiozaki/ros2/install/libcreate/lib/cmake/libcreate/libcreate-config-version.cmake
[0.685s] -- Up-to-date: /home/shiozaki/ros2/install/libcreate/lib/cmake/libcreate/libcreate-targets.cmake
[0.686s] -- Up-to-date: /home/shiozaki/ros2/install/libcreate/lib/cmake/libcreate/libcreate-targets-noconfig.cmake
[0.686s] -- Up-to-date: /home/shiozaki/ros2/install/libcreate/share/libcreate/package.xml
[0.695s] Invoked command in '/home/shiozaki/ros2/build/libcreate' returned '0': CMAKE_PREFIX_PATH=${CMAKE_PREFIX_PATH}:/home/shiozaki/ros2/install/examples_rclpy_topics:/home/shiozaki/ros2/install/examples_rclpy_services:/home/shiozaki/ros2/install/examples_rclpy_minimal_action_server:/opt/ros/dashing /usr/bin/cmake --build /home/shiozaki/ros2/build/libcreate --target install -- -j4 -l4
