[0.072s] Invoking command in '/home/shiozaki/ros2/build/libcreate': CMAKE_PREFIX_PATH=${CMAKE_PREFIX_PATH}:/home/shiozaki/ros2/install/examples_rclpy_topics:/home/shiozaki/ros2/install/examples_rclpy_services:/home/shiozaki/ros2/install/examples_rclpy_minimal_action_server:/opt/ros/dashing /usr/bin/cmake --build /home/shiozaki/ros2/build/libcreate -- -j4 -l4
[0.177s] [ 36%] Built target create
[0.231s] [ 45%] Built target battery_level
[0.244s] [ 54%] Built target wheeldrop
[0.249s] [ 63%] Built target play_song
[0.250s] [ 72%] Built target packets
[0.285s] [ 81%] Built target drive_circle
[0.293s] [ 90%] Built target bumpers
[0.296s] [100%] Built target leds
[0.313s] Invoked command in '/home/shiozaki/ros2/build/libcreate' returned '0': CMAKE_PREFIX_PATH=${CMAKE_PREFIX_PATH}:/home/shiozaki/ros2/install/examples_rclpy_topics:/home/shiozaki/ros2/install/examples_rclpy_services:/home/shiozaki/ros2/install/examples_rclpy_minimal_action_server:/opt/ros/dashing /usr/bin/cmake --build /home/shiozaki/ros2/build/libcreate -- -j4 -l4
[0.389s] Invoking command in '/home/shiozaki/ros2/build/libcreate': CMAKE_PREFIX_PATH=${CMAKE_PREFIX_PATH}:/home/shiozaki/ros2/install/examples_rclpy_topics:/home/shiozaki/ros2/install/examples_rclpy_services:/home/shiozaki/ros2/install/examples_rclpy_minimal_action_server:/opt/ros/dashing /usr/bin/cmake --build /home/shiozaki/ros2/build/libcreate --target install -- -j4 -l4
[0.493s] [ 36%] Built target create
[0.543s] [ 45%] Built target play_song
[0.547s] [ 54%] Built target packets
[0.549s] [ 63%] Built target wheeldrop
[0.558s] [ 72%] Built target battery_level
[0.599s] [ 81%] Built target drive_circle
[0.606s] [ 90%] Built target bumpers
[0.609s] [100%] Built target leds
[0.639s] [36mInstall the project...[0m
[0.655s] -- Install configuration: ""
[0.656s] -- Up-to-date: /home/shiozaki/ros2/install/libcreate/lib/libcreate.so
[0.656s] -- Up-to-date: /home/shiozaki/ros2/install/libcreate/include
[0.657s] -- Up-to-date: /home/shiozaki/ros2/install/libcreate/include/create
[0.657s] -- Up-to-date: /home/shiozaki/ros2/install/libcreate/include/create/serial_stream.h
[0.657s] -- Up-to-date: /home/shiozaki/ros2/install/libcreate/include/create/types.h
[0.657s] -- Up-to-date: /home/shiozaki/ros2/install/libcreate/include/create/util.h
[0.657s] -- Up-to-date: /home/shiozaki/ros2/install/libcreate/include/create/data.h
[0.657s] -- Up-to-date: /home/shiozaki/ros2/install/libcreate/include/create/create.h
[0.658s] -- Up-to-date: /home/shiozaki/ros2/install/libcreate/include/create/serial.h
[0.658s] -- Up-to-date: /home/shiozaki/ros2/install/libcreate/include/create/serial_query.h
[0.658s] -- Up-to-date: /home/shiozaki/ros2/install/libcreate/include/create/packet.h
[0.661s] -- Up-to-date: /home/shiozaki/ros2/install/libcreate/lib/cmake/libcreate/libcreate-config.cmake
[0.661s] -- Up-to-date: /home/shiozaki/ros2/install/libcreate/lib/cmake/libcreate/libcreate-config-version.cmake
[0.662s] -- Up-to-date: /home/shiozaki/ros2/install/libcreate/lib/cmake/libcreate/libcreate-targets.cmake
[0.662s] -- Up-to-date: /home/shiozaki/ros2/install/libcreate/lib/cmake/libcreate/libcreate-targets-noconfig.cmake
[0.662s] -- Up-to-date: /home/shiozaki/ros2/install/libcreate/share/libcreate/package.xml
[0.696s] Invoked command in '/home/shiozaki/ros2/build/libcreate' returned '0': CMAKE_PREFIX_PATH=${CMAKE_PREFIX_PATH}:/home/shiozaki/ros2/install/examples_rclpy_topics:/home/shiozaki/ros2/install/examples_rclpy_services:/home/shiozaki/ros2/install/examples_rclpy_minimal_action_server:/opt/ros/dashing /usr/bin/cmake --build /home/shiozaki/ros2/build/libcreate --target install -- -j4 -l4
