[0.044s] Invoking command in '/home/shiozaki/ros2/build/libcreate': CMAKE_PREFIX_PATH=${CMAKE_PREFIX_PATH}:/home/shiozaki/ros2/install/examples_rclpy_topics:/home/shiozaki/ros2/install/examples_rclpy_services:/home/shiozaki/ros2/install/examples_rclpy_minimal_action_server:/opt/ros/dashing /usr/bin/cmake --build /home/shiozaki/ros2/build/libcreate -- -j4 -l4
[0.163s] [ 36%] Built target create
[0.213s] [ 54%] Built target battery_level
[0.213s] [ 54%] Built target wheeldrop
[0.214s] [ 63%] Built target play_song
[0.230s] [ 72%] Built target packets
[0.259s] [ 81%] Built target drive_circle
[0.260s] [ 90%] Built target leds
[0.265s] [100%] Built target bumpers
[0.285s] Invoked command in '/home/shiozaki/ros2/build/libcreate' returned '0': CMAKE_PREFIX_PATH=${CMAKE_PREFIX_PATH}:/home/shiozaki/ros2/install/examples_rclpy_topics:/home/shiozaki/ros2/install/examples_rclpy_services:/home/shiozaki/ros2/install/examples_rclpy_minimal_action_server:/opt/ros/dashing /usr/bin/cmake --build /home/shiozaki/ros2/build/libcreate -- -j4 -l4
[0.409s] Invoking command in '/home/shiozaki/ros2/build/libcreate': CMAKE_PREFIX_PATH=${CMAKE_PREFIX_PATH}:/home/shiozaki/ros2/install/examples_rclpy_topics:/home/shiozaki/ros2/install/examples_rclpy_services:/home/shiozaki/ros2/install/examples_rclpy_minimal_action_server:/opt/ros/dashing /usr/bin/cmake --build /home/shiozaki/ros2/build/libcreate --target install -- -j4 -l4
[0.492s] [ 36%] Built target create
[0.538s] [ 45%] Built target wheeldrop
[0.544s] [ 54%] Built target battery_level
[0.557s] [ 63%] Built target packets
[0.575s] [ 72%] Built target play_song
[0.591s] [ 81%] Built target drive_circle
[0.601s] [ 90%] Built target leds
[0.606s] [100%] Built target bumpers
[0.643s] [36mInstall the project...[0m
[0.654s] -- Install configuration: ""
[0.654s] -- Up-to-date: /home/shiozaki/ros2/install/libcreate/lib/libcreate.so
[0.655s] -- Up-to-date: /home/shiozaki/ros2/install/libcreate/include
[0.655s] -- Up-to-date: /home/shiozaki/ros2/install/libcreate/include/create
[0.655s] -- Up-to-date: /home/shiozaki/ros2/install/libcreate/include/create/serial_stream.h
[0.655s] -- Up-to-date: /home/shiozaki/ros2/install/libcreate/include/create/types.h
[0.655s] -- Up-to-date: /home/shiozaki/ros2/install/libcreate/include/create/util.h
[0.656s] -- Up-to-date: /home/shiozaki/ros2/install/libcreate/include/create/data.h
[0.656s] -- Up-to-date: /home/shiozaki/ros2/install/libcreate/include/create/create.h
[0.656s] -- Up-to-date: /home/shiozaki/ros2/install/libcreate/include/create/serial.h
[0.656s] -- Up-to-date: /home/shiozaki/ros2/install/libcreate/include/create/serial_query.h
[0.656s] -- Up-to-date: /home/shiozaki/ros2/install/libcreate/include/create/packet.h
[0.656s] -- Up-to-date: /home/shiozaki/ros2/install/libcreate/lib/cmake/libcreate/libcreate-config.cmake
[0.656s] -- Up-to-date: /home/shiozaki/ros2/install/libcreate/lib/cmake/libcreate/libcreate-config-version.cmake
[0.657s] -- Up-to-date: /home/shiozaki/ros2/install/libcreate/lib/cmake/libcreate/libcreate-targets.cmake
[0.657s] -- Up-to-date: /home/shiozaki/ros2/install/libcreate/lib/cmake/libcreate/libcreate-targets-noconfig.cmake
[0.657s] -- Up-to-date: /home/shiozaki/ros2/install/libcreate/share/libcreate/package.xml
[0.661s] Invoked command in '/home/shiozaki/ros2/build/libcreate' returned '0': CMAKE_PREFIX_PATH=${CMAKE_PREFIX_PATH}:/home/shiozaki/ros2/install/examples_rclpy_topics:/home/shiozaki/ros2/install/examples_rclpy_services:/home/shiozaki/ros2/install/examples_rclpy_minimal_action_server:/opt/ros/dashing /usr/bin/cmake --build /home/shiozaki/ros2/build/libcreate --target install -- -j4 -l4
