[ 10%] Built target listener
[ 20%] Built target talker_listener_composition
[ 30%] Built target client_sync
[ 40%] Built target talker_with_service
[35m[1mScanning dependencies of target talker_with_service_param[0m
[35m[1mScanning dependencies of target talker[0m
[ 45%] [32mBuilding CXX object CMakeFiles/talker_with_service_param.dir/src/talker_with_service_param.cpp.o[0m
[ 50%] [32mBuilding CXX object CMakeFiles/talker.dir/src/talker.cpp.o[0m
[ 60%] Built target set_and_get_parameters
[ 70%] Built target listener_component
[ 80%] Built target client_async
[ 90%] Built target talker_component
[ 95%] [32m[1mLinking CXX executable talker[0m
[ 95%] Built target talker
[100%] [32m[1mLinking CXX executable talker_with_service_param[0m
[100%] Built target talker_with_service_param
[ 25%] Built target client_sync
[ 25%] Built target talker_listener_composition
[ 30%] Built target listener
[ 40%] Built target talker_with_service
[ 60%] Built target set_and_get_parameters
[ 60%] Built target talker_with_service_param
[ 70%] Built target talker
[ 80%] Built target listener_component
[ 90%] Built target client_async
[100%] Built target talker_component
[36mInstall the project...[0m
-- Install configuration: ""
-- Installing: /home/shiozaki/ros2/install/hello_world/lib/hello_world/talker
-- Set runtime path of "/home/shiozaki/ros2/install/hello_world/lib/hello_world/talker" to ""
-- Up-to-date: /home/shiozaki/ros2/install/hello_world/lib/hello_world/talker_with_service
-- Installing: /home/shiozaki/ros2/install/hello_world/lib/hello_world/talker_with_service_param
-- Set runtime path of "/home/shiozaki/ros2/install/hello_world/lib/hello_world/talker_with_service_param" to ""
-- Up-to-date: /home/shiozaki/ros2/install/hello_world/lib/hello_world/listener
-- Up-to-date: /home/shiozaki/ros2/install/hello_world/lib/hello_world/client_sync
-- Up-to-date: /home/shiozaki/ros2/install/hello_world/lib/hello_world/client_async
-- Up-to-date: /home/shiozaki/ros2/install/hello_world/lib/hello_world/talker_listener_composition
-- Up-to-date: /home/shiozaki/ros2/install/hello_world/lib/hello_world/set_and_get_parameters
-- Up-to-date: /home/shiozaki/ros2/install/hello_world/share/hello_world//launch
-- Up-to-date: /home/shiozaki/ros2/install/hello_world/share/hello_world//launch/talker_listener_with_param.launch.py
-- Up-to-date: /home/shiozaki/ros2/install/hello_world/share/hello_world//launch/params.yaml
-- Up-to-date: /home/shiozaki/ros2/install/hello_world/share/hello_world//launch/talker_listener.launch.py
-- Up-to-date: /home/shiozaki/ros2/install/hello_world/share/hello_world//launch/talker_listener_with_param_file.launch.py
-- Up-to-date: /home/shiozaki/ros2/install/hello_world/share/ament_index/resource_index/package_run_dependencies/hello_world
-- Up-to-date: /home/shiozaki/ros2/install/hello_world/share/ament_index/resource_index/parent_prefix_path/hello_world
-- Up-to-date: /home/shiozaki/ros2/install/hello_world/share/hello_world/environment/ament_prefix_path.sh
-- Up-to-date: /home/shiozaki/ros2/install/hello_world/share/hello_world/environment/path.sh
-- Up-to-date: /home/shiozaki/ros2/install/hello_world/share/hello_world/local_setup.bash
-- Up-to-date: /home/shiozaki/ros2/install/hello_world/share/hello_world/local_setup.sh
-- Up-to-date: /home/shiozaki/ros2/install/hello_world/share/hello_world/local_setup.zsh
-- Up-to-date: /home/shiozaki/ros2/install/hello_world/share/ament_index/resource_index/packages/hello_world
-- Up-to-date: /home/shiozaki/ros2/install/hello_world/share/ament_index/resource_index/rclcpp_components/hello_world
-- Up-to-date: /home/shiozaki/ros2/install/hello_world/share/hello_world/cmake/hello_worldConfig.cmake
-- Up-to-date: /home/shiozaki/ros2/install/hello_world/share/hello_world/cmake/hello_worldConfig-version.cmake
-- Up-to-date: /home/shiozaki/ros2/install/hello_world/share/hello_world/package.xml
