[0.060s] Invoking command in '/home/shiozaki/ros2/build/hello_world_msgs': CMAKE_PREFIX_PATH=${CMAKE_PREFIX_PATH}:/home/shiozaki/ros2/install/examples_rclpy_topics:/home/shiozaki/ros2/install/examples_rclpy_services:/home/shiozaki/ros2/install/examples_rclpy_minimal_action_server:/opt/ros/dashing /usr/bin/cmake --build /home/shiozaki/ros2/build/hello_world_msgs -- -j4 -l4
[1.001s] [  1%] Built target hello_world_msgs__cpp
[1.001s] [  2%] Built target hello_world_msgs__dds_connext_idl
[1.002s] [  3%] Built target hello_world_msgs__dds_opensplice_idl
[1.002s] [  7%] Built target hello_world_msgs__rosidl_generator_c
[1.003s] [ 11%] Built target hello_world_msgs__rosidl_typesupport_introspection_cpp
[1.003s] [ 20%] Built target hello_world_msgs__rosidl_typesupport_fastrtps_cpp
[1.003s] [ 20%] Built target hello_world_msgs__rosidl_typesupport_cpp
[1.005s] [ 31%] Built target hello_world_msgs__rosidl_typesupport_connext_cpp
[1.005s] [ 35%] Built target hello_world_msgs__rosidl_typesupport_introspection_c
[1.005s] [ 40%] Built target hello_world_msgs__rosidl_typesupport_c
[1.005s] [ 53%] Built target hello_world_msgs__rosidl_typesupport_opensplice_cpp
[1.005s] [ 57%] Built target hello_world_msgs__rosidl_typesupport_fastrtps_c
[1.006s] [ 70%] Built target hello_world_msgs__rosidl_typesupport_connext_c
[1.006s] [ 85%] Built target hello_world_msgs__rosidl_typesupport_opensplice_c
[1.006s] [ 85%] Built target hello_world_msgs
[1.006s] [ 86%] Built target hello_world_msgs__py
[1.006s] [ 89%] Built target hello_world_msgs__python
[1.006s] [ 91%] Built target hello_world_msgs__rosidl_typesupport_introspection_c__pyext
[1.006s] [ 95%] Built target hello_world_msgs__rosidl_typesupport_opensplice_c__pyext
[1.006s] [ 95%] Built target hello_world_msgs__rosidl_typesupport_c__pyext
[1.006s] [ 97%] Built target hello_world_msgs__rosidl_typesupport_connext_c__pyext
[1.006s] [100%] Built target hello_world_msgs__rosidl_typesupport_fastrtps_c__pyext
[1.007s] Invoked command in '/home/shiozaki/ros2/build/hello_world_msgs' returned '0': CMAKE_PREFIX_PATH=${CMAKE_PREFIX_PATH}:/home/shiozaki/ros2/install/examples_rclpy_topics:/home/shiozaki/ros2/install/examples_rclpy_services:/home/shiozaki/ros2/install/examples_rclpy_minimal_action_server:/opt/ros/dashing /usr/bin/cmake --build /home/shiozaki/ros2/build/hello_world_msgs -- -j4 -l4
[1.255s] Invoking command in '/home/shiozaki/ros2/build/hello_world_msgs': CMAKE_PREFIX_PATH=${CMAKE_PREFIX_PATH}:/home/shiozaki/ros2/install/examples_rclpy_topics:/home/shiozaki/ros2/install/examples_rclpy_services:/home/shiozaki/ros2/install/examples_rclpy_minimal_action_server:/opt/ros/dashing /usr/bin/cmake --build /home/shiozaki/ros2/build/hello_world_msgs --target install -- -j4 -l4
[1.390s] [  4%] Built target hello_world_msgs__rosidl_generator_c
[1.411s] [  5%] Built target hello_world_msgs__cpp
[1.438s] [  6%] Built target hello_world_msgs__dds_connext_idl
[1.449s] [  7%] Built target hello_world_msgs__dds_opensplice_idl
[1.556s] [ 11%] Built target hello_world_msgs__rosidl_typesupport_introspection_c
[1.587s] [ 15%] Built target hello_world_msgs__rosidl_typesupport_c
[1.591s] [ 20%] Built target hello_world_msgs__rosidl_typesupport_cpp
[1.615s] [ 24%] Built target hello_world_msgs__rosidl_typesupport_introspection_cpp
[1.673s] [ 28%] Built target hello_world_msgs__rosidl_typesupport_fastrtps_cpp
[1.696s] [ 40%] Built target hello_world_msgs__rosidl_typesupport_connext_cpp
[1.725s] [ 53%] Built target hello_world_msgs__rosidl_typesupport_opensplice_cpp
[1.740s] [ 57%] Built target hello_world_msgs__rosidl_typesupport_fastrtps_c
[1.781s] [ 70%] Built target hello_world_msgs__rosidl_typesupport_connext_c
[1.839s] [ 85%] Built target hello_world_msgs__rosidl_typesupport_opensplice_c
[1.879s] [ 85%] Built target hello_world_msgs
[1.909s] [ 86%] Built target hello_world_msgs__py
[1.950s] [ 89%] Built target hello_world_msgs__python
[2.003s] [ 91%] Built target hello_world_msgs__rosidl_typesupport_opensplice_c__pyext
[2.010s] [ 93%] Built target hello_world_msgs__rosidl_typesupport_introspection_c__pyext
[2.013s] [ 95%] Built target hello_world_msgs__rosidl_typesupport_c__pyext
[2.018s] [ 97%] Built target hello_world_msgs__rosidl_typesupport_connext_c__pyext
[2.059s] [100%] Built target hello_world_msgs__rosidl_typesupport_fastrtps_c__pyext
[2.094s] [36mInstall the project...[0m
[2.112s] -- Install configuration: ""
[2.113s] -- Up-to-date: /home/shiozaki/ros2/install/hello_world_msgs/share/ament_index/resource_index/rosidl_interfaces/hello_world_msgs
[2.114s] -- Up-to-date: /home/shiozaki/ros2/install/hello_world_msgs/include/hello_world_msgs
[2.114s] -- Up-to-date: /home/shiozaki/ros2/install/hello_world_msgs/include/hello_world_msgs/action
[2.114s] -- Up-to-date: /home/shiozaki/ros2/install/hello_world_msgs/include/hello_world_msgs/action/fibonacci__traits.hpp
[2.114s] -- Up-to-date: /home/shiozaki/ros2/install/hello_world_msgs/include/hello_world_msgs/action/fibonacci.hpp
[2.115s] -- Up-to-date: /home/shiozaki/ros2/install/hello_world_msgs/include/hello_world_msgs/action/fibonacci__struct.hpp
[2.115s] -- Up-to-date: /home/shiozaki/ros2/install/hello_world_msgs/include/hello_world_msgs/srv
[2.115s] -- Up-to-date: /home/shiozaki/ros2/install/hello_world_msgs/include/hello_world_msgs/srv/set_message__struct.hpp
[2.116s] -- Up-to-date: /home/shiozaki/ros2/install/hello_world_msgs/include/hello_world_msgs/srv/set_message__traits.hpp
[2.116s] -- Up-to-date: /home/shiozaki/ros2/install/hello_world_msgs/include/hello_world_msgs/srv/set_message.hpp
[2.116s] -- Up-to-date: /home/shiozaki/ros2/install/hello_world_msgs/include/hello_world_msgs
[2.117s] -- Up-to-date: /home/shiozaki/ros2/install/hello_world_msgs/include/hello_world_msgs/action
[2.117s] -- Up-to-date: /home/shiozaki/ros2/install/hello_world_msgs/include/hello_world_msgs/action/fibonacci__struct.h
[2.117s] -- Up-to-date: /home/shiozaki/ros2/install/hello_world_msgs/include/hello_world_msgs/action/fibonacci__functions.c
[2.117s] -- Up-to-date: /home/shiozaki/ros2/install/hello_world_msgs/include/hello_world_msgs/action/fibonacci.h
[2.118s] -- Up-to-date: /home/shiozaki/ros2/install/hello_world_msgs/include/hello_world_msgs/action/fibonacci__functions.h
[2.118s] -- Up-to-date: /home/shiozaki/ros2/install/hello_world_msgs/include/hello_world_msgs/action/fibonacci__type_support.h
[2.118s] -- Up-to-date: /home/shiozaki/ros2/install/hello_world_msgs/include/hello_world_msgs/srv
[2.118s] -- Up-to-date: /home/shiozaki/ros2/install/hello_world_msgs/include/hello_world_msgs/srv/set_message__type_support.h
[2.119s] -- Up-to-date: /home/shiozaki/ros2/install/hello_world_msgs/include/hello_world_msgs/srv/set_message__functions.h
[2.119s] -- Up-to-date: /home/shiozaki/ros2/install/hello_world_msgs/include/hello_world_msgs/srv/set_message__struct.h
[2.119s] -- Up-to-date: /home/shiozaki/ros2/install/hello_world_msgs/include/hello_world_msgs/srv/set_message__functions.c
[2.120s] -- Up-to-date: /home/shiozaki/ros2/install/hello_world_msgs/include/hello_world_msgs/srv/set_message.h
[2.120s] -- Up-to-date: /home/shiozaki/ros2/install/hello_world_msgs/include/hello_world_msgs/msg
[2.120s] -- Up-to-date: /home/shiozaki/ros2/install/hello_world_msgs/include/hello_world_msgs/msg/rosidl_generator_c__visibility_control.h
[2.121s] -- Up-to-date: /home/shiozaki/ros2/install/hello_world_msgs/share/hello_world_msgs/environment/library_path.sh
[2.121s] -- Up-to-date: /home/shiozaki/ros2/install/hello_world_msgs/lib/libhello_world_msgs__rosidl_generator_c.so
[2.122s] -- Up-to-date: /home/shiozaki/ros2/install/hello_world_msgs/lib/libhello_world_msgs__rosidl_typesupport_c.so
[2.123s] -- Up-to-date: /home/shiozaki/ros2/install/hello_world_msgs/lib/libhello_world_msgs__rosidl_typesupport_cpp.so
[2.124s] -- Up-to-date: /home/shiozaki/ros2/install/hello_world_msgs/include/hello_world_msgs
[2.124s] -- Up-to-date: /home/shiozaki/ros2/install/hello_world_msgs/include/hello_world_msgs/action
[2.125s] -- Up-to-date: /home/shiozaki/ros2/install/hello_world_msgs/include/hello_world_msgs/action/fibonacci__rosidl_typesupport_introspection_c.h
[2.125s] -- Up-to-date: /home/shiozaki/ros2/install/hello_world_msgs/include/hello_world_msgs/action/fibonacci__type_support.c
[2.125s] -- Up-to-date: /home/shiozaki/ros2/install/hello_world_msgs/include/hello_world_msgs/srv
[2.125s] -- Up-to-date: /home/shiozaki/ros2/install/hello_world_msgs/include/hello_world_msgs/srv/set_message__type_support.c
[2.126s] -- Up-to-date: /home/shiozaki/ros2/install/hello_world_msgs/include/hello_world_msgs/srv/set_message__rosidl_typesupport_introspection_c.h
[2.126s] -- Up-to-date: /home/shiozaki/ros2/install/hello_world_msgs/include/hello_world_msgs/msg
[2.126s] -- Up-to-date: /home/shiozaki/ros2/install/hello_world_msgs/include/hello_world_msgs/msg/rosidl_typesupport_introspection_c__visibility_control.h
[2.127s] -- Up-to-date: /home/shiozaki/ros2/install/hello_world_msgs/lib/libhello_world_msgs__rosidl_typesupport_introspection_c.so
[2.128s] -- Up-to-date: /home/shiozaki/ros2/install/hello_world_msgs/include/hello_world_msgs
[2.128s] -- Up-to-date: /home/shiozaki/ros2/install/hello_world_msgs/include/hello_world_msgs/action
[2.128s] -- Up-to-date: /home/shiozaki/ros2/install/hello_world_msgs/include/hello_world_msgs/action/fibonacci__rosidl_typesupport_introspection_cpp.hpp
[2.129s] -- Up-to-date: /home/shiozaki/ros2/install/hello_world_msgs/include/hello_world_msgs/action/fibonacci__type_support.cpp
[2.129s] -- Up-to-date: /home/shiozaki/ros2/install/hello_world_msgs/include/hello_world_msgs/srv
[2.129s] -- Up-to-date: /home/shiozaki/ros2/install/hello_world_msgs/include/hello_world_msgs/srv/set_message__rosidl_typesupport_introspection_cpp.hpp
[2.129s] -- Up-to-date: /home/shiozaki/ros2/install/hello_world_msgs/include/hello_world_msgs/srv/set_message__type_support.cpp
[2.130s] -- Up-to-date: /home/shiozaki/ros2/install/hello_world_msgs/lib/libhello_world_msgs__rosidl_typesupport_introspection_cpp.so
[2.131s] -- Up-to-date: /home/shiozaki/ros2/install/hello_world_msgs/include/hello_world_msgs
[2.131s] -- Up-to-date: /home/shiozaki/ros2/install/hello_world_msgs/include/hello_world_msgs/action
[2.131s] -- Up-to-date: /home/shiozaki/ros2/install/hello_world_msgs/include/hello_world_msgs/action/dds_connext
[2.132s] -- Up-to-date: /home/shiozaki/ros2/install/hello_world_msgs/include/hello_world_msgs/action/fibonacci__rosidl_typesupport_connext_c.h
[2.132s] -- Up-to-date: /home/shiozaki/ros2/install/hello_world_msgs/include/hello_world_msgs/srv
[2.132s] -- Up-to-date: /home/shiozaki/ros2/install/hello_world_msgs/include/hello_world_msgs/srv/set_message__rosidl_typesupport_connext_c.h
[2.133s] -- Up-to-date: /home/shiozaki/ros2/install/hello_world_msgs/include/hello_world_msgs/srv/dds_connext
[2.133s] -- Up-to-date: /home/shiozaki/ros2/install/hello_world_msgs/include/hello_world_msgs/msg
[2.133s] -- Up-to-date: /home/shiozaki/ros2/install/hello_world_msgs/include/hello_world_msgs/msg/rosidl_typesupport_connext_c__visibility_control.h
[2.134s] -- Up-to-date: /home/shiozaki/ros2/install/hello_world_msgs/lib/libhello_world_msgs__rosidl_typesupport_connext_c.so
[2.135s] -- Up-to-date: /home/shiozaki/ros2/install/hello_world_msgs/share/hello_world_msgs/srv/dds_connext
[2.135s] -- Up-to-date: /home/shiozaki/ros2/install/hello_world_msgs/share/hello_world_msgs/srv/dds_connext/SetMessage_.idl
[2.136s] -- Up-to-date: /home/shiozaki/ros2/install/hello_world_msgs/share/hello_world_msgs/action/dds_connext
[2.136s] -- Up-to-date: /home/shiozaki/ros2/install/hello_world_msgs/share/hello_world_msgs/action/dds_connext/Fibonacci_.idl
[2.136s] -- Up-to-date: /home/shiozaki/ros2/install/hello_world_msgs/include/hello_world_msgs
[2.136s] -- Up-to-date: /home/shiozaki/ros2/install/hello_world_msgs/include/hello_world_msgs/action
[2.137s] -- Up-to-date: /home/shiozaki/ros2/install/hello_world_msgs/include/hello_world_msgs/action/dds_connext
[2.137s] -- Up-to-date: /home/shiozaki/ros2/install/hello_world_msgs/include/hello_world_msgs/action/dds_connext/Fibonacci_Support.cxx
[2.137s] -- Up-to-date: /home/shiozaki/ros2/install/hello_world_msgs/include/hello_world_msgs/action/dds_connext/Fibonacci_Plugin.h
[2.138s] -- Up-to-date: /home/shiozaki/ros2/install/hello_world_msgs/include/hello_world_msgs/action/dds_connext/Fibonacci_.h
[2.138s] -- Up-to-date: /home/shiozaki/ros2/install/hello_world_msgs/include/hello_world_msgs/action/dds_connext/Fibonacci_.cxx
[2.138s] -- Up-to-date: /home/shiozaki/ros2/install/hello_world_msgs/include/hello_world_msgs/action/dds_connext/Fibonacci_Support.h
[2.138s] -- Up-to-date: /home/shiozaki/ros2/install/hello_world_msgs/include/hello_world_msgs/action/dds_connext/Fibonacci_Plugin.cxx
[2.139s] -- Up-to-date: /home/shiozaki/ros2/install/hello_world_msgs/include/hello_world_msgs/action/fibonacci__rosidl_typesupport_connext_cpp.hpp
[2.139s] -- Up-to-date: /home/shiozaki/ros2/install/hello_world_msgs/include/hello_world_msgs/srv
[2.139s] -- Up-to-date: /home/shiozaki/ros2/install/hello_world_msgs/include/hello_world_msgs/srv/dds_connext
[2.140s] -- Up-to-date: /home/shiozaki/ros2/install/hello_world_msgs/include/hello_world_msgs/srv/dds_connext/SetMessage_.cxx
[2.140s] -- Up-to-date: /home/shiozaki/ros2/install/hello_world_msgs/include/hello_world_msgs/srv/dds_connext/SetMessage_Support.h
[2.140s] -- Up-to-date: /home/shiozaki/ros2/install/hello_world_msgs/include/hello_world_msgs/srv/dds_connext/SetMessage_Plugin.cxx
[2.141s] -- Up-to-date: /home/shiozaki/ros2/install/hello_world_msgs/include/hello_world_msgs/srv/dds_connext/SetMessage_Support.cxx
[2.141s] -- Up-to-date: /home/shiozaki/ros2/install/hello_world_msgs/include/hello_world_msgs/srv/dds_connext/SetMessage_Plugin.h
[2.141s] -- Up-to-date: /home/shiozaki/ros2/install/hello_world_msgs/include/hello_world_msgs/srv/dds_connext/SetMessage_.h
[2.141s] -- Up-to-date: /home/shiozaki/ros2/install/hello_world_msgs/include/hello_world_msgs/srv/set_message__rosidl_typesupport_connext_cpp.hpp
[2.142s] -- Up-to-date: /home/shiozaki/ros2/install/hello_world_msgs/include/hello_world_msgs/msg
[2.142s] -- Up-to-date: /home/shiozaki/ros2/install/hello_world_msgs/include/hello_world_msgs/msg/rosidl_typesupport_connext_cpp__visibility_control.h
[2.143s] -- Up-to-date: /home/shiozaki/ros2/install/hello_world_msgs/lib/libhello_world_msgs__rosidl_typesupport_connext_cpp.so
[2.144s] -- Up-to-date: /home/shiozaki/ros2/install/hello_world_msgs/include/hello_world_msgs
[2.145s] -- Up-to-date: /home/shiozaki/ros2/install/hello_world_msgs/include/hello_world_msgs/action
[2.145s] -- Up-to-date: /home/shiozaki/ros2/install/hello_world_msgs/include/hello_world_msgs/action/fibonacci__rosidl_typesupport_fastrtps_c.h
[2.145s] -- Up-to-date: /home/shiozaki/ros2/install/hello_world_msgs/include/hello_world_msgs/srv
[2.146s] -- Up-to-date: /home/shiozaki/ros2/install/hello_world_msgs/include/hello_world_msgs/srv/set_message__rosidl_typesupport_fastrtps_c.h
[2.146s] -- Up-to-date: /home/shiozaki/ros2/install/hello_world_msgs/include/hello_world_msgs/msg
[2.146s] -- Up-to-date: /home/shiozaki/ros2/install/hello_world_msgs/include/hello_world_msgs/msg/rosidl_typesupport_fastrtps_c__visibility_control.h
[2.146s] -- Up-to-date: /home/shiozaki/ros2/install/hello_world_msgs/lib/libhello_world_msgs__rosidl_typesupport_fastrtps_c.so
[2.147s] -- Up-to-date: /home/shiozaki/ros2/install/hello_world_msgs/include/hello_world_msgs
[2.147s] -- Up-to-date: /home/shiozaki/ros2/install/hello_world_msgs/include/hello_world_msgs/action
[2.147s] -- Up-to-date: /home/shiozaki/ros2/install/hello_world_msgs/include/hello_world_msgs/action/dds_fastrtps
[2.147s] -- Up-to-date: /home/shiozaki/ros2/install/hello_world_msgs/include/hello_world_msgs/action/fibonacci__rosidl_typesupport_fastrtps_cpp.hpp
[2.147s] -- Up-to-date: /home/shiozaki/ros2/install/hello_world_msgs/include/hello_world_msgs/srv
[2.147s] -- Up-to-date: /home/shiozaki/ros2/install/hello_world_msgs/include/hello_world_msgs/srv/set_message__rosidl_typesupport_fastrtps_cpp.hpp
[2.148s] -- Up-to-date: /home/shiozaki/ros2/install/hello_world_msgs/include/hello_world_msgs/srv/dds_fastrtps
[2.148s] -- Up-to-date: /home/shiozaki/ros2/install/hello_world_msgs/include/hello_world_msgs/msg
[2.148s] -- Up-to-date: /home/shiozaki/ros2/install/hello_world_msgs/include/hello_world_msgs/msg/rosidl_typesupport_fastrtps_cpp__visibility_control.h
[2.149s] -- Up-to-date: /home/shiozaki/ros2/install/hello_world_msgs/lib/libhello_world_msgs__rosidl_typesupport_fastrtps_cpp.so
[2.149s] -- Up-to-date: /home/shiozaki/ros2/install/hello_world_msgs/include/hello_world_msgs
[2.149s] -- Up-to-date: /home/shiozaki/ros2/install/hello_world_msgs/include/hello_world_msgs/action
[2.150s] -- Up-to-date: /home/shiozaki/ros2/install/hello_world_msgs/include/hello_world_msgs/action/dds_opensplice_c
[2.150s] -- Up-to-date: /home/shiozaki/ros2/install/hello_world_msgs/include/hello_world_msgs/action/fibonacci__rosidl_typesupport_opensplice_c.h
[2.150s] -- Up-to-date: /home/shiozaki/ros2/install/hello_world_msgs/include/hello_world_msgs/srv
[2.150s] -- Up-to-date: /home/shiozaki/ros2/install/hello_world_msgs/include/hello_world_msgs/srv/dds_opensplice_c
[2.150s] -- Up-to-date: /home/shiozaki/ros2/install/hello_world_msgs/include/hello_world_msgs/srv/set_message__rosidl_typesupport_opensplice_c.h
[2.150s] -- Up-to-date: /home/shiozaki/ros2/install/hello_world_msgs/include/hello_world_msgs/msg
[2.150s] -- Up-to-date: /home/shiozaki/ros2/install/hello_world_msgs/include/hello_world_msgs/msg/rosidl_typesupport_opensplice_c__visibility_control.h
[2.151s] -- Up-to-date: /home/shiozaki/ros2/install/hello_world_msgs/lib/libhello_world_msgs__rosidl_typesupport_opensplice_c.so
[2.151s] -- Up-to-date: /home/shiozaki/ros2/install/hello_world_msgs/share/hello_world_msgs/srv/dds_opensplice
[2.151s] -- Up-to-date: /home/shiozaki/ros2/install/hello_world_msgs/share/hello_world_msgs/srv/dds_opensplice/SetMessage_.idl
[2.151s] -- Up-to-date: /home/shiozaki/ros2/install/hello_world_msgs/share/hello_world_msgs/action/dds_opensplice
[2.151s] -- Up-to-date: /home/shiozaki/ros2/install/hello_world_msgs/share/hello_world_msgs/action/dds_opensplice/Fibonacci_.idl
[2.151s] -- Up-to-date: /home/shiozaki/ros2/install/hello_world_msgs/include/hello_world_msgs
[2.152s] -- Up-to-date: /home/shiozaki/ros2/install/hello_world_msgs/include/hello_world_msgs/action
[2.152s] -- Up-to-date: /home/shiozaki/ros2/install/hello_world_msgs/include/hello_world_msgs/action/fibonacci__rosidl_typesupport_opensplice_cpp.hpp
[2.152s] -- Up-to-date: /home/shiozaki/ros2/install/hello_world_msgs/include/hello_world_msgs/action/dds_opensplice
[2.152s] -- Up-to-date: /home/shiozaki/ros2/install/hello_world_msgs/include/hello_world_msgs/action/dds_opensplice/ccpp_Fibonacci_.h
[2.153s] -- Up-to-date: /home/shiozaki/ros2/install/hello_world_msgs/include/hello_world_msgs/action/dds_opensplice/Fibonacci_SplDcps.h
[2.153s] -- Up-to-date: /home/shiozaki/ros2/install/hello_world_msgs/include/hello_world_msgs/action/dds_opensplice/Fibonacci_.h
[2.153s] -- Up-to-date: /home/shiozaki/ros2/install/hello_world_msgs/include/hello_world_msgs/action/dds_opensplice/Fibonacci_Dcps_impl.h
[2.153s] -- Up-to-date: /home/shiozaki/ros2/install/hello_world_msgs/include/hello_world_msgs/action/dds_opensplice/Fibonacci_Dcps.h
[2.153s] -- Up-to-date: /home/shiozaki/ros2/install/hello_world_msgs/include/hello_world_msgs/srv
[2.153s] -- Up-to-date: /home/shiozaki/ros2/install/hello_world_msgs/include/hello_world_msgs/srv/set_message__rosidl_typesupport_opensplice_cpp.hpp
[2.153s] -- Up-to-date: /home/shiozaki/ros2/install/hello_world_msgs/include/hello_world_msgs/srv/dds_opensplice
[2.153s] -- Up-to-date: /home/shiozaki/ros2/install/hello_world_msgs/include/hello_world_msgs/srv/dds_opensplice/SetMessage_Dcps.h
[2.154s] -- Up-to-date: /home/shiozaki/ros2/install/hello_world_msgs/include/hello_world_msgs/srv/dds_opensplice/ccpp_SetMessage_.h
[2.154s] -- Up-to-date: /home/shiozaki/ros2/install/hello_world_msgs/include/hello_world_msgs/srv/dds_opensplice/SetMessage_Dcps_impl.h
[2.154s] -- Up-to-date: /home/shiozaki/ros2/install/hello_world_msgs/include/hello_world_msgs/srv/dds_opensplice/SetMessage_.h
[2.154s] -- Up-to-date: /home/shiozaki/ros2/install/hello_world_msgs/include/hello_world_msgs/srv/dds_opensplice/SetMessage_SplDcps.h
[2.154s] -- Up-to-date: /home/shiozaki/ros2/install/hello_world_msgs/include/hello_world_msgs/msg
[2.154s] -- Up-to-date: /home/shiozaki/ros2/install/hello_world_msgs/include/hello_world_msgs/msg/rosidl_typesupport_opensplice_cpp__visibility_control.h
[2.154s] -- Up-to-date: /home/shiozaki/ros2/install/hello_world_msgs/lib/libhello_world_msgs__rosidl_typesupport_opensplice_cpp.so
[2.154s] -- Up-to-date: /home/shiozaki/ros2/install/hello_world_msgs/share/hello_world_msgs/environment/pythonpath.sh
[2.155s] -- Up-to-date: /home/shiozaki/ros2/install/hello_world_msgs/lib/python3.6/site-packages/hello_world_msgs/__init__.py
[2.213s] -- Up-to-date: /home/shiozaki/ros2/install/hello_world_msgs/lib/python3.6/site-packages/hello_world_msgs/srv
[2.214s] -- Up-to-date: /home/shiozaki/ros2/install/hello_world_msgs/lib/python3.6/site-packages/hello_world_msgs/srv/_set_message_s.c
[2.214s] -- Up-to-date: /home/shiozaki/ros2/install/hello_world_msgs/lib/python3.6/site-packages/hello_world_msgs/srv/_set_message.py
[2.214s] -- Up-to-date: /home/shiozaki/ros2/install/hello_world_msgs/lib/python3.6/site-packages/hello_world_msgs/srv/__init__.py
[2.214s] -- Up-to-date: /home/shiozaki/ros2/install/hello_world_msgs/lib/python3.6/site-packages/hello_world_msgs/action
[2.214s] -- Up-to-date: /home/shiozaki/ros2/install/hello_world_msgs/lib/python3.6/site-packages/hello_world_msgs/action/_fibonacci.py
[2.214s] -- Up-to-date: /home/shiozaki/ros2/install/hello_world_msgs/lib/python3.6/site-packages/hello_world_msgs/action/__init__.py
[2.214s] -- Up-to-date: /home/shiozaki/ros2/install/hello_world_msgs/lib/python3.6/site-packages/hello_world_msgs/action/_fibonacci_s.c
[2.215s] -- Up-to-date: /home/shiozaki/ros2/install/hello_world_msgs/lib/python3.6/site-packages/hello_world_msgs/hello_world_msgs_s__rosidl_typesupport_c.cpython-36m-x86_64-linux-gnu.so
[2.215s] -- Up-to-date: /home/shiozaki/ros2/install/hello_world_msgs/lib/python3.6/site-packages/hello_world_msgs/hello_world_msgs_s__rosidl_typesupport_connext_c.cpython-36m-x86_64-linux-gnu.so
[2.216s] -- Up-to-date: /home/shiozaki/ros2/install/hello_world_msgs/lib/python3.6/site-packages/hello_world_msgs/hello_world_msgs_s__rosidl_typesupport_introspection_c.cpython-36m-x86_64-linux-gnu.so
[2.217s] -- Up-to-date: /home/shiozaki/ros2/install/hello_world_msgs/lib/python3.6/site-packages/hello_world_msgs/hello_world_msgs_s__rosidl_typesupport_fastrtps_c.cpython-36m-x86_64-linux-gnu.so
[2.217s] -- Up-to-date: /home/shiozaki/ros2/install/hello_world_msgs/lib/python3.6/site-packages/hello_world_msgs/hello_world_msgs_s__rosidl_typesupport_opensplice_c.cpython-36m-x86_64-linux-gnu.so
[2.218s] -- Up-to-date: /home/shiozaki/ros2/install/hello_world_msgs/lib/libhello_world_msgs__python.so
[2.219s] -- Up-to-date: /home/shiozaki/ros2/install/hello_world_msgs/share/hello_world_msgs/srv/SetMessage.idl
[2.219s] -- Up-to-date: /home/shiozaki/ros2/install/hello_world_msgs/share/hello_world_msgs/action/Fibonacci.idl
[2.219s] -- Up-to-date: /home/shiozaki/ros2/install/hello_world_msgs/share/hello_world_msgs/srv/SetMessage.srv
[2.219s] -- Up-to-date: /home/shiozaki/ros2/install/hello_world_msgs/share/hello_world_msgs/srv/SetMessage_Request.msg
[2.220s] -- Up-to-date: /home/shiozaki/ros2/install/hello_world_msgs/share/hello_world_msgs/srv/SetMessage_Response.msg
[2.220s] -- Up-to-date: /home/shiozaki/ros2/install/hello_world_msgs/share/hello_world_msgs/action/Fibonacci.action
[2.220s] -- Up-to-date: /home/shiozaki/ros2/install/hello_world_msgs/share/ament_index/resource_index/package_run_dependencies/hello_world_msgs
[2.220s] -- Up-to-date: /home/shiozaki/ros2/install/hello_world_msgs/share/ament_index/resource_index/parent_prefix_path/hello_world_msgs
[2.220s] -- Up-to-date: /home/shiozaki/ros2/install/hello_world_msgs/share/hello_world_msgs/environment/ament_prefix_path.sh
[2.220s] -- Up-to-date: /home/shiozaki/ros2/install/hello_world_msgs/share/hello_world_msgs/environment/path.sh
[2.221s] -- Up-to-date: /home/shiozaki/ros2/install/hello_world_msgs/share/hello_world_msgs/local_setup.bash
[2.221s] -- Up-to-date: /home/shiozaki/ros2/install/hello_world_msgs/share/hello_world_msgs/local_setup.sh
[2.221s] -- Up-to-date: /home/shiozaki/ros2/install/hello_world_msgs/share/hello_world_msgs/local_setup.zsh
[2.221s] -- Up-to-date: /home/shiozaki/ros2/install/hello_world_msgs/share/ament_index/resource_index/packages/hello_world_msgs
[2.221s] -- Up-to-date: /home/shiozaki/ros2/install/hello_world_msgs/share/hello_world_msgs/cmake/rosidl_cmake-extras.cmake
[2.221s] -- Up-to-date: /home/shiozaki/ros2/install/hello_world_msgs/share/hello_world_msgs/cmake/ament_cmake_export_dependencies-extras.cmake
[2.221s] -- Up-to-date: /home/shiozaki/ros2/install/hello_world_msgs/share/hello_world_msgs/cmake/ament_cmake_export_include_directories-extras.cmake
[2.221s] -- Up-to-date: /home/shiozaki/ros2/install/hello_world_msgs/share/hello_world_msgs/cmake/ament_cmake_export_libraries-extras.cmake
[2.221s] -- Up-to-date: /home/shiozaki/ros2/install/hello_world_msgs/share/hello_world_msgs/cmake/rosidl_cmake_export_typesupport_libraries-extras.cmake
[2.222s] -- Up-to-date: /home/shiozaki/ros2/install/hello_world_msgs/share/hello_world_msgs/cmake/hello_world_msgsConfig.cmake
[2.222s] -- Up-to-date: /home/shiozaki/ros2/install/hello_world_msgs/share/hello_world_msgs/cmake/hello_world_msgsConfig-version.cmake
[2.222s] -- Up-to-date: /home/shiozaki/ros2/install/hello_world_msgs/share/hello_world_msgs/package.xml
[2.225s] Invoked command in '/home/shiozaki/ros2/build/hello_world_msgs' returned '0': CMAKE_PREFIX_PATH=${CMAKE_PREFIX_PATH}:/home/shiozaki/ros2/install/examples_rclpy_topics:/home/shiozaki/ros2/install/examples_rclpy_services:/home/shiozaki/ros2/install/examples_rclpy_minimal_action_server:/opt/ros/dashing /usr/bin/cmake --build /home/shiozaki/ros2/build/hello_world_msgs --target install -- -j4 -l4
