[0.023s] Invoking command in '/home/shiozaki/ros2/build/hello_world': CMAKE_PREFIX_PATH=/home/shiozaki/ros2/install/hello_world_msgs:/home/shiozaki/ros2/install/libcreate:/home/shiozaki/ros2/install/hello_world:/home/shiozaki/ros2/install/fibonacci:/home/shiozaki/ros2/install/examples_rclpy_topics:/home/shiozaki/ros2/install/examples_rclpy_services:/home/shiozaki/ros2/install/examples_rclpy_minimal_action_server:/opt/ros/dashing LD_LIBRARY_PATH=/home/shiozaki/ros2/install/hello_world_msgs/lib:/home/shiozaki/ros2/install/libcreate/lib:/opt/ros/dashing/opt/yaml_cpp_vendor/lib:/opt/ros/dashing/opt/rviz_ogre_vendor/lib:/usr/lib:/opt/rti.com/rti_connext_dds-5.3.1/lib/x64Linux3gcc5.4.0:/opt/ros/dashing/lib /usr/bin/cmake --build /home/shiozaki/ros2/build/hello_world -- -j4 -l4
[0.131s] [ 10%] Built target talker_listener_composition
[0.143s] [ 20%] Built target listener
[0.146s] [ 30%] Built target talker_with_service
[0.159s] [ 40%] Built target client_sync
[0.171s] [35m[1mScanning dependencies of target talker[0m
[0.199s] [ 50%] Built target talker_with_service_param
[0.211s] [ 60%] Built target set_and_get_parameters
[0.216s] [ 65%] [32mBuilding CXX object CMakeFiles/talker.dir/src/talker.cpp.o[0m
[0.217s] [ 75%] Built target listener_component
[0.261s] [ 85%] Built target client_async
[0.264s] [ 95%] Built target talker_component
[2.478s] [100%] [32m[1mLinking CXX executable talker[0m
[2.668s] [100%] Built target talker
[2.683s] Invoked command in '/home/shiozaki/ros2/build/hello_world' returned '0': CMAKE_PREFIX_PATH=/home/shiozaki/ros2/install/hello_world_msgs:/home/shiozaki/ros2/install/libcreate:/home/shiozaki/ros2/install/hello_world:/home/shiozaki/ros2/install/fibonacci:/home/shiozaki/ros2/install/examples_rclpy_topics:/home/shiozaki/ros2/install/examples_rclpy_services:/home/shiozaki/ros2/install/examples_rclpy_minimal_action_server:/opt/ros/dashing LD_LIBRARY_PATH=/home/shiozaki/ros2/install/hello_world_msgs/lib:/home/shiozaki/ros2/install/libcreate/lib:/opt/ros/dashing/opt/yaml_cpp_vendor/lib:/opt/ros/dashing/opt/rviz_ogre_vendor/lib:/usr/lib:/opt/rti.com/rti_connext_dds-5.3.1/lib/x64Linux3gcc5.4.0:/opt/ros/dashing/lib /usr/bin/cmake --build /home/shiozaki/ros2/build/hello_world -- -j4 -l4
[2.739s] Invoking command in '/home/shiozaki/ros2/build/hello_world': CMAKE_PREFIX_PATH=/home/shiozaki/ros2/install/hello_world_msgs:/home/shiozaki/ros2/install/libcreate:/home/shiozaki/ros2/install/hello_world:/home/shiozaki/ros2/install/fibonacci:/home/shiozaki/ros2/install/examples_rclpy_topics:/home/shiozaki/ros2/install/examples_rclpy_services:/home/shiozaki/ros2/install/examples_rclpy_minimal_action_server:/opt/ros/dashing LD_LIBRARY_PATH=/home/shiozaki/ros2/install/hello_world_msgs/lib:/home/shiozaki/ros2/install/libcreate/lib:/opt/ros/dashing/opt/yaml_cpp_vendor/lib:/opt/ros/dashing/opt/rviz_ogre_vendor/lib:/usr/lib:/opt/rti.com/rti_connext_dds-5.3.1/lib/x64Linux3gcc5.4.0:/opt/ros/dashing/lib /usr/bin/cmake --build /home/shiozaki/ros2/build/hello_world --target install -- -j4 -l4
[2.825s] [ 40%] Built target talker_with_service
[2.825s] [ 40%] Built target listener
[2.825s] [ 40%] Built target talker_listener_composition
[2.826s] [ 40%] Built target client_sync
[2.871s] [ 50%] Built target talker_with_service_param
[2.871s] [ 60%] Built target set_and_get_parameters
[2.877s] [ 70%] Built target talker
[2.878s] [ 80%] Built target listener_component
[2.907s] [ 90%] Built target client_async
[2.910s] [100%] Built target talker_component
[2.933s] [36mInstall the project...[0m
[2.945s] -- Install configuration: ""
[2.945s] -- Installing: /home/shiozaki/ros2/install/hello_world/lib/hello_world/talker
[2.946s] -- Set runtime path of "/home/shiozaki/ros2/install/hello_world/lib/hello_world/talker" to ""
[2.946s] -- Up-to-date: /home/shiozaki/ros2/install/hello_world/lib/hello_world/talker_with_service
[2.947s] -- Up-to-date: /home/shiozaki/ros2/install/hello_world/lib/hello_world/talker_with_service_param
[2.947s] -- Up-to-date: /home/shiozaki/ros2/install/hello_world/lib/hello_world/listener
[2.948s] -- Up-to-date: /home/shiozaki/ros2/install/hello_world/lib/hello_world/client_sync
[2.948s] -- Up-to-date: /home/shiozaki/ros2/install/hello_world/lib/hello_world/client_async
[2.949s] -- Up-to-date: /home/shiozaki/ros2/install/hello_world/lib/hello_world/talker_listener_composition
[2.949s] -- Up-to-date: /home/shiozaki/ros2/install/hello_world/lib/hello_world/set_and_get_parameters
[2.950s] -- Up-to-date: /home/shiozaki/ros2/install/hello_world/share/hello_world//launch
[2.950s] -- Up-to-date: /home/shiozaki/ros2/install/hello_world/share/hello_world//launch/talker_listener_with_param.launch.py
[2.950s] -- Up-to-date: /home/shiozaki/ros2/install/hello_world/share/hello_world//launch/params.yaml
[2.950s] -- Up-to-date: /home/shiozaki/ros2/install/hello_world/share/hello_world//launch/talker_listener.launch.py
[2.951s] -- Up-to-date: /home/shiozaki/ros2/install/hello_world/share/hello_world//launch/talker_listener_with_param_file.launch.py
[2.951s] -- Up-to-date: /home/shiozaki/ros2/install/hello_world/share/ament_index/resource_index/package_run_dependencies/hello_world
[2.951s] -- Up-to-date: /home/shiozaki/ros2/install/hello_world/share/ament_index/resource_index/parent_prefix_path/hello_world
[2.951s] -- Up-to-date: /home/shiozaki/ros2/install/hello_world/share/hello_world/environment/ament_prefix_path.sh
[2.951s] -- Up-to-date: /home/shiozaki/ros2/install/hello_world/share/hello_world/environment/path.sh
[2.951s] -- Up-to-date: /home/shiozaki/ros2/install/hello_world/share/hello_world/local_setup.bash
[2.952s] -- Up-to-date: /home/shiozaki/ros2/install/hello_world/share/hello_world/local_setup.sh
[2.952s] -- Up-to-date: /home/shiozaki/ros2/install/hello_world/share/hello_world/local_setup.zsh
[2.952s] -- Up-to-date: /home/shiozaki/ros2/install/hello_world/share/ament_index/resource_index/packages/hello_world
[2.952s] -- Up-to-date: /home/shiozaki/ros2/install/hello_world/share/ament_index/resource_index/rclcpp_components/hello_world
[2.952s] -- Up-to-date: /home/shiozaki/ros2/install/hello_world/share/hello_world/cmake/hello_worldConfig.cmake
[2.952s] -- Up-to-date: /home/shiozaki/ros2/install/hello_world/share/hello_world/cmake/hello_worldConfig-version.cmake
[2.952s] -- Up-to-date: /home/shiozaki/ros2/install/hello_world/share/hello_world/package.xml
[2.957s] Invoked command in '/home/shiozaki/ros2/build/hello_world' returned '0': CMAKE_PREFIX_PATH=/home/shiozaki/ros2/install/hello_world_msgs:/home/shiozaki/ros2/install/libcreate:/home/shiozaki/ros2/install/hello_world:/home/shiozaki/ros2/install/fibonacci:/home/shiozaki/ros2/install/examples_rclpy_topics:/home/shiozaki/ros2/install/examples_rclpy_services:/home/shiozaki/ros2/install/examples_rclpy_minimal_action_server:/opt/ros/dashing LD_LIBRARY_PATH=/home/shiozaki/ros2/install/hello_world_msgs/lib:/home/shiozaki/ros2/install/libcreate/lib:/opt/ros/dashing/opt/yaml_cpp_vendor/lib:/opt/ros/dashing/opt/rviz_ogre_vendor/lib:/usr/lib:/opt/rti.com/rti_connext_dds-5.3.1/lib/x64Linux3gcc5.4.0:/opt/ros/dashing/lib /usr/bin/cmake --build /home/shiozaki/ros2/build/hello_world --target install -- -j4 -l4
