[1.001s] Invoking command in '/home/shiozaki/ros2/src/examples_rclpy/examples_rclpy_actions': PYTHONPATH=/home/shiozaki/ros2/install/examples_rclpy_minimal_action_server/lib/python3.6/site-packages:${PYTHONPATH} /usr/bin/python3 setup.py egg_info --egg-base /home/shiozaki/ros2/build/examples_rclpy_minimal_action_server build --build-base /home/shiozaki/ros2/build/examples_rclpy_minimal_action_server/build install --prefix /home/shiozaki/ros2/install/examples_rclpy_minimal_action_server --record /home/shiozaki/ros2/build/examples_rclpy_minimal_action_server/install.log --single-version-externally-managed
[1.386s] running egg_info
[1.388s] writing /home/shiozaki/ros2/build/examples_rclpy_minimal_action_server/examples_rclpy_actions.egg-info/PKG-INFO
[1.388s] writing dependency_links to /home/shiozaki/ros2/build/examples_rclpy_minimal_action_server/examples_rclpy_actions.egg-info/dependency_links.txt
[1.388s] writing entry points to /home/shiozaki/ros2/build/examples_rclpy_minimal_action_server/examples_rclpy_actions.egg-info/entry_points.txt
[1.389s] writing requirements to /home/shiozaki/ros2/build/examples_rclpy_minimal_action_server/examples_rclpy_actions.egg-info/requires.txt
[1.389s] writing top-level names to /home/shiozaki/ros2/build/examples_rclpy_minimal_action_server/examples_rclpy_actions.egg-info/top_level.txt
[1.457s] reading manifest file '/home/shiozaki/ros2/build/examples_rclpy_minimal_action_server/examples_rclpy_actions.egg-info/SOURCES.txt'
[1.460s] writing manifest file '/home/shiozaki/ros2/build/examples_rclpy_minimal_action_server/examples_rclpy_actions.egg-info/SOURCES.txt'
[1.460s] running build
[1.460s] running build_py
[1.461s] running install
[1.462s] running install_lib
[1.464s] running install_data
[1.465s] running install_egg_info
[1.469s] removing '/home/shiozaki/ros2/install/examples_rclpy_minimal_action_server/lib/python3.6/site-packages/examples_rclpy_actions-0.6.3-py3.6.egg-info' (and everything under it)
[1.470s] Copying /home/shiozaki/ros2/build/examples_rclpy_minimal_action_server/examples_rclpy_actions.egg-info to /home/shiozaki/ros2/install/examples_rclpy_minimal_action_server/lib/python3.6/site-packages/examples_rclpy_actions-0.6.3-py3.6.egg-info
[1.471s] running install_scripts
[1.505s] Installing client script to /home/shiozaki/ros2/install/examples_rclpy_minimal_action_server/lib/examples_rclpy_actions
[1.505s] Installing server script to /home/shiozaki/ros2/install/examples_rclpy_minimal_action_server/lib/examples_rclpy_actions
[1.506s] writing list of installed files to '/home/shiozaki/ros2/build/examples_rclpy_minimal_action_server/install.log'
[1.555s] Invoked command in '/home/shiozaki/ros2/src/examples_rclpy/examples_rclpy_actions' returned '0': PYTHONPATH=/home/shiozaki/ros2/install/examples_rclpy_minimal_action_server/lib/python3.6/site-packages:${PYTHONPATH} /usr/bin/python3 setup.py egg_info --egg-base /home/shiozaki/ros2/build/examples_rclpy_minimal_action_server build --build-base /home/shiozaki/ros2/build/examples_rclpy_minimal_action_server/build install --prefix /home/shiozaki/ros2/install/examples_rclpy_minimal_action_server --record /home/shiozaki/ros2/build/examples_rclpy_minimal_action_server/install.log --single-version-externally-managed
