[ 10%] Built target listener
[ 20%] Built target client_sync
[ 30%] Built target talker_with_service
[ 40%] Built target talker_listener_composition
[35m[1mScanning dependencies of target talker[0m
[ 50%] Built target talker_with_service_param
[ 60%] Built target set_and_get_parameters
[ 70%] Built target listener_component
[ 75%] [32mBuilding CXX object CMakeFiles/talker.dir/src/talker.cpp.o[0m
[ 85%] Built target talker_component
[ 95%] Built target client_async
[01m[K/home/shiozaki/ros2/src/hello_world/src/talker.cpp:[m[K In lambda function:
[01m[K/home/shiozaki/ros2/src/hello_world/src/talker.cpp:43:38:[m[K [01;35m[Kwarning: [m[K‘[01m[Kvoid rclcpp::Publisher<MessageT, Alloc>::publish(const std::shared_ptr<const _Tp>&) [with MessageT = std_msgs::msg::String_<std::allocator<void> >; Alloc = std::allocator<void>][m[K’ is deprecated: publishing an unique_ptr is prefered when using intra process communication. If using a shared_ptr, use publish(*msg). [[01;35m[K-Wdeprecated-declarations[m[K]
         pub_->publish(std::move(msg_)[01;35m[K)[m[K;
                                      [01;35m[K^[m[K
In file included from [01m[K/opt/ros/dashing/include/rclcpp/callback_group.hpp:24:0[m[K,
                 from [01m[K/opt/ros/dashing/include/rclcpp/any_executable.hpp:20[m[K,
                 from [01m[K/opt/ros/dashing/include/rclcpp/memory_strategy.hpp:24[m[K,
                 from [01m[K/opt/ros/dashing/include/rclcpp/memory_strategies.hpp:18[m[K,
                 from [01m[K/opt/ros/dashing/include/rclcpp/executor.hpp:33[m[K,
                 from [01m[K/opt/ros/dashing/include/rclcpp/executors/multi_threaded_executor.hpp:24[m[K,
                 from [01m[K/opt/ros/dashing/include/rclcpp/executors.hpp:21[m[K,
                 from [01m[K/opt/ros/dashing/include/rclcpp/rclcpp.hpp:144[m[K,
                 from [01m[K/home/shiozaki/ros2/src/hello_world/src/talker.cpp:19[m[K:
[01m[K/opt/ros/dashing/include/rclcpp/publisher.hpp:137:3:[m[K [01;36m[Knote: [m[Kdeclared here
   [01;36m[Kpublish[m[K(const std::shared_ptr<const MessageT> & msg)
   [01;36m[K^~~~~~~[m[K
[01m[K/home/shiozaki/ros2/src/hello_world/src/talker.cpp:[m[K In constructor ‘[01m[KTalker::Talker(const string&)[m[K’:
[01m[K/home/shiozaki/ros2/src/hello_world/src/talker.cpp:49:62:[m[K [01;35m[Kwarning: [m[K‘[01m[Kstd::shared_ptr<PublisherT> rclcpp::Node::create_publisher(const string&, const rmw_qos_profile_t&, std::shared_ptr<_Up>) [with MessageT = std_msgs::msg::String_<std::allocator<void> >; AllocatorT = std::allocator<void>; PublisherT = rclcpp::Publisher<std_msgs::msg::String_<std::allocator<void> > >; std::__cxx11::string = std::__cxx11::basic_string<char>; rmw_qos_profile_t = rmw_qos_profile_t][m[K’ is deprecated: use create_publisher(const std::string &, const rclcpp::QoS &, ...) instead [[01;35m[K-Wdeprecated-declarations[m[K]
     pub_ = create_publisher<std_msgs::msg::String>(topic_name[01;35m[K)[m[K;
                                                              [01;35m[K^[m[K
In file included from [01m[K/opt/ros/dashing/include/rclcpp/node.hpp:1206:0[m[K,
                 from [01m[K/opt/ros/dashing/include/rclcpp/executors/single_threaded_executor.hpp:28[m[K,
                 from [01m[K/opt/ros/dashing/include/rclcpp/executors.hpp:22[m[K,
                 from [01m[K/opt/ros/dashing/include/rclcpp/rclcpp.hpp:144[m[K,
                 from [01m[K/home/shiozaki/ros2/src/hello_world/src/talker.cpp:19[m[K:
[01m[K/opt/ros/dashing/include/rclcpp/node_impl.hpp:96:1:[m[K [01;36m[Knote: [m[Kdeclared here
 [01;36m[KNode[m[K::create_publisher(
 [01;36m[K^~~~[m[K
[100%] [32m[1mLinking CXX executable talker[0m
[100%] Built target talker
[ 10%] Built target listener
[ 20%] Built target talker_listener_composition
[ 30%] Built target client_sync
[ 40%] Built target talker_with_service
[ 50%] Built target talker
[ 60%] Built target talker_with_service_param
[ 70%] Built target set_and_get_parameters
[ 80%] Built target listener_component
[ 90%] Built target client_async
[100%] Built target talker_component
[36mInstall the project...[0m
-- Install configuration: ""
-- Installing: /home/shiozaki/ros2/install/hello_world/lib/hello_world/talker
-- Set runtime path of "/home/shiozaki/ros2/install/hello_world/lib/hello_world/talker" to ""
-- Up-to-date: /home/shiozaki/ros2/install/hello_world/lib/hello_world/talker_with_service
-- Up-to-date: /home/shiozaki/ros2/install/hello_world/lib/hello_world/talker_with_service_param
-- Installing: /home/shiozaki/ros2/install/hello_world/lib/hello_world/listener
-- Set runtime path of "/home/shiozaki/ros2/install/hello_world/lib/hello_world/listener" to ""
-- Up-to-date: /home/shiozaki/ros2/install/hello_world/lib/hello_world/client_sync
-- Up-to-date: /home/shiozaki/ros2/install/hello_world/lib/hello_world/client_async
-- Up-to-date: /home/shiozaki/ros2/install/hello_world/lib/hello_world/talker_listener_composition
-- Up-to-date: /home/shiozaki/ros2/install/hello_world/lib/hello_world/set_and_get_parameters
-- Up-to-date: /home/shiozaki/ros2/install/hello_world/share/hello_world//launch
-- Up-to-date: /home/shiozaki/ros2/install/hello_world/share/hello_world//launch/talker_listener_with_param.launch.py
-- Up-to-date: /home/shiozaki/ros2/install/hello_world/share/hello_world//launch/params.yaml
-- Up-to-date: /home/shiozaki/ros2/install/hello_world/share/hello_world//launch/talker_listener.launch.py
-- Up-to-date: /home/shiozaki/ros2/install/hello_world/share/hello_world//launch/talker_listener_with_param_file.launch.py
-- Up-to-date: /home/shiozaki/ros2/install/hello_world/share/ament_index/resource_index/package_run_dependencies/hello_world
-- Installing: /home/shiozaki/ros2/install/hello_world/share/ament_index/resource_index/parent_prefix_path/hello_world
-- Up-to-date: /home/shiozaki/ros2/install/hello_world/share/hello_world/environment/ament_prefix_path.sh
-- Up-to-date: /home/shiozaki/ros2/install/hello_world/share/hello_world/environment/path.sh
-- Up-to-date: /home/shiozaki/ros2/install/hello_world/share/hello_world/local_setup.bash
-- Up-to-date: /home/shiozaki/ros2/install/hello_world/share/hello_world/local_setup.sh
-- Up-to-date: /home/shiozaki/ros2/install/hello_world/share/hello_world/local_setup.zsh
-- Up-to-date: /home/shiozaki/ros2/install/hello_world/share/ament_index/resource_index/packages/hello_world
-- Up-to-date: /home/shiozaki/ros2/install/hello_world/share/ament_index/resource_index/rclcpp_components/hello_world
-- Up-to-date: /home/shiozaki/ros2/install/hello_world/share/hello_world/cmake/hello_worldConfig.cmake
-- Up-to-date: /home/shiozaki/ros2/install/hello_world/share/hello_world/cmake/hello_worldConfig-version.cmake
-- Up-to-date: /home/shiozaki/ros2/install/hello_world/share/hello_world/package.xml
