[0.033s] Invoking command in '/home/shiozaki/ros2/build/hello_world': CMAKE_PREFIX_PATH=/home/shiozaki/ros2/install/hello_world_msgs:/home/shiozaki/ros2/install/libcreate:/home/shiozaki/ros2/install/hello_world:/home/shiozaki/ros2/install/fibonacci:/home/shiozaki/ros2/install/examples_rclpy_topics:/home/shiozaki/ros2/install/examples_rclpy_services:/home/shiozaki/ros2/install/examples_rclpy_minimal_action_server:/opt/ros/dashing LD_LIBRARY_PATH=/home/shiozaki/ros2/install/hello_world_msgs/lib:/home/shiozaki/ros2/install/libcreate/lib:/opt/ros/dashing/opt/yaml_cpp_vendor/lib:/opt/ros/dashing/opt/rviz_ogre_vendor/lib:/usr/lib:/opt/rti.com/rti_connext_dds-5.3.1/lib/x64Linux3gcc5.4.0:/opt/ros/dashing/lib /usr/bin/cmake --build /home/shiozaki/ros2/build/hello_world -- -j4 -l4
[0.153s] [ 10%] Built target talker_with_service
[0.154s] [ 20%] Built target talker_listener_composition
[0.159s] [ 30%] Built target client_sync
[0.163s] [ 40%] Built target listener
[0.180s] [35m[1mScanning dependencies of target talker[0m
[0.204s] [ 50%] Built target talker_with_service_param
[0.219s] [ 60%] Built target listener_component
[0.223s] [ 65%] [32mBuilding CXX object CMakeFiles/talker.dir/src/talker.cpp.o[0m
[0.238s] [ 75%] Built target set_and_get_parameters
[0.269s] [ 85%] Built target talker_component
[0.273s] [ 95%] Built target client_async
[1.261s] [01m[K/home/shiozaki/ros2/src/hello_world/src/talker.cpp:[m[K In lambda function:
[1.262s] [01m[K/home/shiozaki/ros2/src/hello_world/src/talker.cpp:41:21:[m[K [01;31m[Kerror: [m[Kno match for ‘[01m[Koperator=[m[K’ (operand types are ‘[01m[Kstd_msgs::msg::String_<std::allocator<void> >::_data_type {aka std::__cxx11::basic_string<char>}[m[K’ and ‘[01m[Kstd::chrono::time_point<std::chrono::_V2::system_clock, std::chrono::duration<long int, std::ratio<1, 1000000000> > >[m[K’)
[1.262s]          msg->data = [01;31m[Know[m[K;
[1.262s]                      [01;31m[K^~~[m[K
[1.262s] In file included from [01m[K/usr/include/c++/7/string:52:0[m[K,
[1.262s]                  from [01m[K/usr/include/c++/7/stdexcept:39[m[K,
[1.263s]                  from [01m[K/usr/include/c++/7/array:39[m[K,
[1.263s]                  from [01m[K/usr/include/c++/7/tuple:39[m[K,
[1.263s]                  from [01m[K/usr/include/c++/7/bits/unique_ptr.h:37[m[K,
[1.263s]                  from [01m[K/usr/include/c++/7/memory:80[m[K,
[1.263s]                  from [01m[K/home/shiozaki/ros2/src/hello_world/src/talker.cpp:17[m[K:
[1.263s] [01m[K/usr/include/c++/7/bits/basic_string.h:654:7:[m[K [01;36m[Knote: [m[Kcandidate: std::__cxx11::basic_string<_CharT, _Traits, _Alloc>& std::__cxx11::basic_string<_CharT, _Traits, _Alloc>::operator=(const std::__cxx11::basic_string<_CharT, _Traits, _Alloc>&) [with _CharT = char; _Traits = std::char_traits<char>; _Alloc = std::allocator<char>]
[1.263s]        [01;36m[Koperator[m[K=(const basic_string& __str)
[1.264s]        [01;36m[K^~~~~~~~[m[K
[1.264s] [01m[K/usr/include/c++/7/bits/basic_string.h:654:7:[m[K [01;36m[Knote: [m[K  no known conversion for argument 1 from ‘[01m[Kstd::chrono::time_point<std::chrono::_V2::system_clock, std::chrono::duration<long int, std::ratio<1, 1000000000> > >[m[K’ to ‘[01m[Kconst std::__cxx11::basic_string<char>&[m[K’
[1.264s] [01m[K/usr/include/c++/7/bits/basic_string.h:693:7:[m[K [01;36m[Knote: [m[Kcandidate: std::__cxx11::basic_string<_CharT, _Traits, _Alloc>& std::__cxx11::basic_string<_CharT, _Traits, _Alloc>::operator=(const _CharT*) [with _CharT = char; _Traits = std::char_traits<char>; _Alloc = std::allocator<char>]
[1.264s]        [01;36m[Koperator[m[K=(const _CharT* __s)
[1.264s]        [01;36m[K^~~~~~~~[m[K
[1.264s] [01m[K/usr/include/c++/7/bits/basic_string.h:693:7:[m[K [01;36m[Knote: [m[K  no known conversion for argument 1 from ‘[01m[Kstd::chrono::time_point<std::chrono::_V2::system_clock, std::chrono::duration<long int, std::ratio<1, 1000000000> > >[m[K’ to ‘[01m[Kconst char*[m[K’
[1.265s] [01m[K/usr/include/c++/7/bits/basic_string.h:704:7:[m[K [01;36m[Knote: [m[Kcandidate: std::__cxx11::basic_string<_CharT, _Traits, _Alloc>& std::__cxx11::basic_string<_CharT, _Traits, _Alloc>::operator=(_CharT) [with _CharT = char; _Traits = std::char_traits<char>; _Alloc = std::allocator<char>]
[1.265s]        [01;36m[Koperator[m[K=(_CharT __c)
[1.265s]        [01;36m[K^~~~~~~~[m[K
[1.265s] [01m[K/usr/include/c++/7/bits/basic_string.h:704:7:[m[K [01;36m[Knote: [m[K  no known conversion for argument 1 from ‘[01m[Kstd::chrono::time_point<std::chrono::_V2::system_clock, std::chrono::duration<long int, std::ratio<1, 1000000000> > >[m[K’ to ‘[01m[Kchar[m[K’
[1.265s] [01m[K/usr/include/c++/7/bits/basic_string.h:722:7:[m[K [01;36m[Knote: [m[Kcandidate: std::__cxx11::basic_string<_CharT, _Traits, _Alloc>& std::__cxx11::basic_string<_CharT, _Traits, _Alloc>::operator=(std::__cxx11::basic_string<_CharT, _Traits, _Alloc>&&) [with _CharT = char; _Traits = std::char_traits<char>; _Alloc = std::allocator<char>]
[1.265s]        [01;36m[Koperator[m[K=(basic_string&& __str)
[1.266s]        [01;36m[K^~~~~~~~[m[K
[1.266s] [01m[K/usr/include/c++/7/bits/basic_string.h:722:7:[m[K [01;36m[Knote: [m[K  no known conversion for argument 1 from ‘[01m[Kstd::chrono::time_point<std::chrono::_V2::system_clock, std::chrono::duration<long int, std::ratio<1, 1000000000> > >[m[K’ to ‘[01m[Kstd::__cxx11::basic_string<char>&&[m[K’
[1.266s] [01m[K/usr/include/c++/7/bits/basic_string.h:785:7:[m[K [01;36m[Knote: [m[Kcandidate: std::__cxx11::basic_string<_CharT, _Traits, _Alloc>& std::__cxx11::basic_string<_CharT, _Traits, _Alloc>::operator=(std::initializer_list<_Tp>) [with _CharT = char; _Traits = std::char_traits<char>; _Alloc = std::allocator<char>]
[1.266s]        [01;36m[Koperator[m[K=(initializer_list<_CharT> __l)
[1.266s]        [01;36m[K^~~~~~~~[m[K
[1.266s] [01m[K/usr/include/c++/7/bits/basic_string.h:785:7:[m[K [01;36m[Knote: [m[K  no known conversion for argument 1 from ‘[01m[Kstd::chrono::time_point<std::chrono::_V2::system_clock, std::chrono::duration<long int, std::ratio<1, 1000000000> > >[m[K’ to ‘[01m[Kstd::initializer_list<char>[m[K’
[1.677s] CMakeFiles/talker.dir/build.make:62: recipe for target 'CMakeFiles/talker.dir/src/talker.cpp.o' failed
[1.678s] make[2]: *** [CMakeFiles/talker.dir/src/talker.cpp.o] Error 1
[1.678s] CMakeFiles/Makefile2:284: recipe for target 'CMakeFiles/talker.dir/all' failed
[1.678s] make[1]: *** [CMakeFiles/talker.dir/all] Error 2
[1.678s] Makefile:140: recipe for target 'all' failed
[1.678s] make: *** [all] Error 2
[1.680s] Invoked command in '/home/shiozaki/ros2/build/hello_world' returned '2': CMAKE_PREFIX_PATH=/home/shiozaki/ros2/install/hello_world_msgs:/home/shiozaki/ros2/install/libcreate:/home/shiozaki/ros2/install/hello_world:/home/shiozaki/ros2/install/fibonacci:/home/shiozaki/ros2/install/examples_rclpy_topics:/home/shiozaki/ros2/install/examples_rclpy_services:/home/shiozaki/ros2/install/examples_rclpy_minimal_action_server:/opt/ros/dashing LD_LIBRARY_PATH=/home/shiozaki/ros2/install/hello_world_msgs/lib:/home/shiozaki/ros2/install/libcreate/lib:/opt/ros/dashing/opt/yaml_cpp_vendor/lib:/opt/ros/dashing/opt/rviz_ogre_vendor/lib:/usr/lib:/opt/rti.com/rti_connext_dds-5.3.1/lib/x64Linux3gcc5.4.0:/opt/ros/dashing/lib /usr/bin/cmake --build /home/shiozaki/ros2/build/hello_world -- -j4 -l4
