[0.077s] Invoking command in '/home/shiozaki/ros2/build/libcreate': CMAKE_PREFIX_PATH=${CMAKE_PREFIX_PATH}:/home/shiozaki/ros2/install/examples_rclpy_topics:/home/shiozaki/ros2/install/examples_rclpy_services:/home/shiozaki/ros2/install/examples_rclpy_minimal_action_server:/opt/ros/dashing /usr/bin/cmake --build /home/shiozaki/ros2/build/libcreate -- -j4 -l4
[0.169s] [ 36%] Built target create
[0.215s] [ 45%] Built target wheeldrop
[0.217s] [ 54%] Built target play_song
[0.228s] [ 63%] Built target battery_level
[0.231s] [ 72%] Built target packets
[0.263s] [ 81%] Built target drive_circle
[0.269s] [ 90%] Built target bumpers
[0.271s] [100%] Built target leds
[0.287s] Invoked command in '/home/shiozaki/ros2/build/libcreate' returned '0': CMAKE_PREFIX_PATH=${CMAKE_PREFIX_PATH}:/home/shiozaki/ros2/install/examples_rclpy_topics:/home/shiozaki/ros2/install/examples_rclpy_services:/home/shiozaki/ros2/install/examples_rclpy_minimal_action_server:/opt/ros/dashing /usr/bin/cmake --build /home/shiozaki/ros2/build/libcreate -- -j4 -l4
[0.407s] Invoking command in '/home/shiozaki/ros2/build/libcreate': CMAKE_PREFIX_PATH=${CMAKE_PREFIX_PATH}:/home/shiozaki/ros2/install/examples_rclpy_topics:/home/shiozaki/ros2/install/examples_rclpy_services:/home/shiozaki/ros2/install/examples_rclpy_minimal_action_server:/opt/ros/dashing /usr/bin/cmake --build /home/shiozaki/ros2/build/libcreate --target install -- -j4 -l4
[0.487s] [ 36%] Built target create
[0.540s] [ 45%] Built target wheeldrop
[0.540s] [ 54%] Built target battery_level
[0.544s] [ 63%] Built target play_song
[0.562s] [ 72%] Built target packets
[0.584s] [ 81%] Built target leds
[0.593s] [ 90%] Built target drive_circle
[0.601s] [100%] Built target bumpers
[0.637s] [36mInstall the project...[0m
[0.646s] -- Install configuration: ""
[0.647s] -- Up-to-date: /home/shiozaki/ros2/install/libcreate/lib/libcreate.so
[0.647s] -- Up-to-date: /home/shiozaki/ros2/install/libcreate/include
[0.647s] -- Up-to-date: /home/shiozaki/ros2/install/libcreate/include/create
[0.647s] -- Up-to-date: /home/shiozaki/ros2/install/libcreate/include/create/serial_stream.h
[0.648s] -- Up-to-date: /home/shiozaki/ros2/install/libcreate/include/create/types.h
[0.648s] -- Up-to-date: /home/shiozaki/ros2/install/libcreate/include/create/util.h
[0.648s] -- Up-to-date: /home/shiozaki/ros2/install/libcreate/include/create/data.h
[0.648s] -- Up-to-date: /home/shiozaki/ros2/install/libcreate/include/create/create.h
[0.648s] -- Up-to-date: /home/shiozaki/ros2/install/libcreate/include/create/serial.h
[0.648s] -- Up-to-date: /home/shiozaki/ros2/install/libcreate/include/create/serial_query.h
[0.649s] -- Up-to-date: /home/shiozaki/ros2/install/libcreate/include/create/packet.h
[0.649s] -- Up-to-date: /home/shiozaki/ros2/install/libcreate/lib/cmake/libcreate/libcreate-config.cmake
[0.649s] -- Up-to-date: /home/shiozaki/ros2/install/libcreate/lib/cmake/libcreate/libcreate-config-version.cmake
[0.649s] -- Up-to-date: /home/shiozaki/ros2/install/libcreate/lib/cmake/libcreate/libcreate-targets.cmake
[0.650s] -- Up-to-date: /home/shiozaki/ros2/install/libcreate/lib/cmake/libcreate/libcreate-targets-noconfig.cmake
[0.650s] -- Up-to-date: /home/shiozaki/ros2/install/libcreate/share/libcreate/package.xml
[0.655s] Invoked command in '/home/shiozaki/ros2/build/libcreate' returned '0': CMAKE_PREFIX_PATH=${CMAKE_PREFIX_PATH}:/home/shiozaki/ros2/install/examples_rclpy_topics:/home/shiozaki/ros2/install/examples_rclpy_services:/home/shiozaki/ros2/install/examples_rclpy_minimal_action_server:/opt/ros/dashing /usr/bin/cmake --build /home/shiozaki/ros2/build/libcreate --target install -- -j4 -l4
