[0.024s] Invoking command in '/home/shiozaki/ros2/build/hello_world': CMAKE_PREFIX_PATH=/home/shiozaki/ros2/install/hello_world_msgs:/home/shiozaki/ros2/install/libcreate:/home/shiozaki/ros2/install/hello_world:/home/shiozaki/ros2/install/fibonacci:/home/shiozaki/ros2/install/examples_rclpy_topics:/home/shiozaki/ros2/install/examples_rclpy_services:/home/shiozaki/ros2/install/examples_rclpy_minimal_action_server:/opt/ros/dashing LD_LIBRARY_PATH=/home/shiozaki/ros2/install/hello_world_msgs/lib:/home/shiozaki/ros2/install/libcreate/lib:/opt/ros/dashing/opt/yaml_cpp_vendor/lib:/opt/ros/dashing/opt/rviz_ogre_vendor/lib:/usr/lib:/opt/rti.com/rti_connext_dds-5.3.1/lib/x64Linux3gcc5.4.0:/opt/ros/dashing/lib /usr/bin/cmake --build /home/shiozaki/ros2/build/hello_world -- -j4 -l4
[0.144s] [ 20%] Built target talker_listener_composition
[0.144s] [ 20%] Built target client_sync
[0.145s] [ 30%] Built target listener
[0.161s] [ 40%] Built target talker_with_service
[0.168s] [35m[1mScanning dependencies of target talker[0m
[0.206s] [ 50%] Built target talker_with_service_param
[0.207s] [ 60%] Built target listener_component
[0.219s] [ 65%] [32mBuilding CXX object CMakeFiles/talker.dir/src/talker.cpp.o[0m
[0.233s] [ 75%] Built target set_and_get_parameters
[0.258s] [ 85%] Built target client_async
[0.265s] [ 95%] Built target talker_component
[1.364s] [01m[K/home/shiozaki/ros2/src/hello_world/src/talker.cpp:[m[K In lambda function:
[1.364s] [01m[K/home/shiozaki/ros2/src/hello_world/src/talker.cpp:58:11:[m[K [01;31m[Kerror: [m[K‘[01m[Kstruct std_msgs::msg::Int32MultiArray_<std::allocator<void> >[m[K’ has no member named ‘[01m[KHeader[m[K’
[1.364s]   arr_msg->[01;31m[KHeader[m[K.frame_id = std::to_string(id);
[1.364s]            [01;31m[K^~~~~~[m[K
[2.031s] CMakeFiles/talker.dir/build.make:62: recipe for target 'CMakeFiles/talker.dir/src/talker.cpp.o' failed
[2.031s] make[2]: *** [CMakeFiles/talker.dir/src/talker.cpp.o] Error 1
[2.031s] CMakeFiles/Makefile2:284: recipe for target 'CMakeFiles/talker.dir/all' failed
[2.031s] make[1]: *** [CMakeFiles/talker.dir/all] Error 2
[2.031s] Makefile:140: recipe for target 'all' failed
[2.031s] make: *** [all] Error 2
[2.033s] Invoked command in '/home/shiozaki/ros2/build/hello_world' returned '2': CMAKE_PREFIX_PATH=/home/shiozaki/ros2/install/hello_world_msgs:/home/shiozaki/ros2/install/libcreate:/home/shiozaki/ros2/install/hello_world:/home/shiozaki/ros2/install/fibonacci:/home/shiozaki/ros2/install/examples_rclpy_topics:/home/shiozaki/ros2/install/examples_rclpy_services:/home/shiozaki/ros2/install/examples_rclpy_minimal_action_server:/opt/ros/dashing LD_LIBRARY_PATH=/home/shiozaki/ros2/install/hello_world_msgs/lib:/home/shiozaki/ros2/install/libcreate/lib:/opt/ros/dashing/opt/yaml_cpp_vendor/lib:/opt/ros/dashing/opt/rviz_ogre_vendor/lib:/usr/lib:/opt/rti.com/rti_connext_dds-5.3.1/lib/x64Linux3gcc5.4.0:/opt/ros/dashing/lib /usr/bin/cmake --build /home/shiozaki/ros2/build/hello_world -- -j4 -l4
