[0.064s] Invoking command in '/home/shiozaki/ros2/build/libcreate': CMAKE_PREFIX_PATH=${CMAKE_PREFIX_PATH}:/home/shiozaki/ros2/install/examples_rclpy_topics:/home/shiozaki/ros2/install/examples_rclpy_services:/home/shiozaki/ros2/install/examples_rclpy_minimal_action_server:/opt/ros/dashing /usr/bin/cmake --build /home/shiozaki/ros2/build/libcreate -- -j4 -l4
[0.196s] [ 36%] Built target create
[0.264s] [ 45%] Built target play_song
[0.267s] [ 54%] Built target wheeldrop
[0.267s] [ 63%] Built target battery_level
[0.280s] [ 72%] Built target packets
[0.313s] [ 81%] Built target leds
[0.315s] [ 90%] Built target bumpers
[0.319s] [100%] Built target drive_circle
[0.337s] Invoked command in '/home/shiozaki/ros2/build/libcreate' returned '0': CMAKE_PREFIX_PATH=${CMAKE_PREFIX_PATH}:/home/shiozaki/ros2/install/examples_rclpy_topics:/home/shiozaki/ros2/install/examples_rclpy_services:/home/shiozaki/ros2/install/examples_rclpy_minimal_action_server:/opt/ros/dashing /usr/bin/cmake --build /home/shiozaki/ros2/build/libcreate -- -j4 -l4
[0.455s] Invoking command in '/home/shiozaki/ros2/build/libcreate': CMAKE_PREFIX_PATH=${CMAKE_PREFIX_PATH}:/home/shiozaki/ros2/install/examples_rclpy_topics:/home/shiozaki/ros2/install/examples_rclpy_services:/home/shiozaki/ros2/install/examples_rclpy_minimal_action_server:/opt/ros/dashing /usr/bin/cmake --build /home/shiozaki/ros2/build/libcreate --target install -- -j4 -l4
[0.533s] [ 36%] Built target create
[0.578s] [ 45%] Built target packets
[0.596s] [ 54%] Built target battery_level
[0.598s] [ 63%] Built target wheeldrop
[0.599s] [ 72%] Built target play_song
[0.642s] [ 90%] Built target leds
[0.642s] [ 90%] Built target drive_circle
[0.655s] [100%] Built target bumpers
[0.689s] [36mInstall the project...[0m
[0.701s] -- Install configuration: ""
[0.702s] -- Up-to-date: /home/shiozaki/ros2/install/libcreate/lib/libcreate.so
[0.702s] -- Up-to-date: /home/shiozaki/ros2/install/libcreate/include
[0.702s] -- Up-to-date: /home/shiozaki/ros2/install/libcreate/include/create
[0.704s] -- Up-to-date: /home/shiozaki/ros2/install/libcreate/include/create/serial_stream.h
[0.704s] -- Up-to-date: /home/shiozaki/ros2/install/libcreate/include/create/types.h
[0.704s] -- Up-to-date: /home/shiozaki/ros2/install/libcreate/include/create/util.h
[0.704s] -- Up-to-date: /home/shiozaki/ros2/install/libcreate/include/create/data.h
[0.704s] -- Up-to-date: /home/shiozaki/ros2/install/libcreate/include/create/create.h
[0.704s] -- Up-to-date: /home/shiozaki/ros2/install/libcreate/include/create/serial.h
[0.704s] -- Up-to-date: /home/shiozaki/ros2/install/libcreate/include/create/serial_query.h
[0.705s] -- Up-to-date: /home/shiozaki/ros2/install/libcreate/include/create/packet.h
[0.705s] -- Up-to-date: /home/shiozaki/ros2/install/libcreate/lib/cmake/libcreate/libcreate-config.cmake
[0.705s] -- Up-to-date: /home/shiozaki/ros2/install/libcreate/lib/cmake/libcreate/libcreate-config-version.cmake
[0.705s] -- Up-to-date: /home/shiozaki/ros2/install/libcreate/lib/cmake/libcreate/libcreate-targets.cmake
[0.705s] -- Up-to-date: /home/shiozaki/ros2/install/libcreate/lib/cmake/libcreate/libcreate-targets-noconfig.cmake
[0.705s] -- Up-to-date: /home/shiozaki/ros2/install/libcreate/share/libcreate/package.xml
[0.710s] Invoked command in '/home/shiozaki/ros2/build/libcreate' returned '0': CMAKE_PREFIX_PATH=${CMAKE_PREFIX_PATH}:/home/shiozaki/ros2/install/examples_rclpy_topics:/home/shiozaki/ros2/install/examples_rclpy_services:/home/shiozaki/ros2/install/examples_rclpy_minimal_action_server:/opt/ros/dashing /usr/bin/cmake --build /home/shiozaki/ros2/build/libcreate --target install -- -j4 -l4
