[0.994s] Invoking command in '/home/shiozaki/ros2/src/examples_rclpy/examples_rclpy_services': PYTHONPATH=/home/shiozaki/ros2/install/examples_rclpy_services/lib/python3.6/site-packages:${PYTHONPATH} /usr/bin/python3 setup.py egg_info --egg-base /home/shiozaki/ros2/build/examples_rclpy_services build --build-base /home/shiozaki/ros2/build/examples_rclpy_services/build install --prefix /home/shiozaki/ros2/install/examples_rclpy_services --record /home/shiozaki/ros2/build/examples_rclpy_services/install.log --single-version-externally-managed
[1.392s] running egg_info
[1.394s] writing /home/shiozaki/ros2/build/examples_rclpy_services/examples_rclpy_services.egg-info/PKG-INFO
[1.395s] writing dependency_links to /home/shiozaki/ros2/build/examples_rclpy_services/examples_rclpy_services.egg-info/dependency_links.txt
[1.395s] writing entry points to /home/shiozaki/ros2/build/examples_rclpy_services/examples_rclpy_services.egg-info/entry_points.txt
[1.395s] writing requirements to /home/shiozaki/ros2/build/examples_rclpy_services/examples_rclpy_services.egg-info/requires.txt
[1.396s] writing top-level names to /home/shiozaki/ros2/build/examples_rclpy_services/examples_rclpy_services.egg-info/top_level.txt
[1.458s] reading manifest file '/home/shiozaki/ros2/build/examples_rclpy_services/examples_rclpy_services.egg-info/SOURCES.txt'
[1.460s] writing manifest file '/home/shiozaki/ros2/build/examples_rclpy_services/examples_rclpy_services.egg-info/SOURCES.txt'
[1.460s] running build
[1.461s] running build_py
[1.461s] running install
[1.462s] running install_lib
[1.464s] running install_data
[1.464s] running install_egg_info
[1.467s] removing '/home/shiozaki/ros2/install/examples_rclpy_services/lib/python3.6/site-packages/examples_rclpy_services-0.6.3-py3.6.egg-info' (and everything under it)
[1.468s] Copying /home/shiozaki/ros2/build/examples_rclpy_services/examples_rclpy_services.egg-info to /home/shiozaki/ros2/install/examples_rclpy_services/lib/python3.6/site-packages/examples_rclpy_services-0.6.3-py3.6.egg-info
[1.470s] running install_scripts
[1.504s] Installing client script to /home/shiozaki/ros2/install/examples_rclpy_services/lib/examples_rclpy_services
[1.504s] Installing service script to /home/shiozaki/ros2/install/examples_rclpy_services/lib/examples_rclpy_services
[1.505s] writing list of installed files to '/home/shiozaki/ros2/build/examples_rclpy_services/install.log'
[1.550s] Invoked command in '/home/shiozaki/ros2/src/examples_rclpy/examples_rclpy_services' returned '0': PYTHONPATH=/home/shiozaki/ros2/install/examples_rclpy_services/lib/python3.6/site-packages:${PYTHONPATH} /usr/bin/python3 setup.py egg_info --egg-base /home/shiozaki/ros2/build/examples_rclpy_services build --build-base /home/shiozaki/ros2/build/examples_rclpy_services/build install --prefix /home/shiozaki/ros2/install/examples_rclpy_services --record /home/shiozaki/ros2/build/examples_rclpy_services/install.log --single-version-externally-managed
