[0.060s] Invoking command in '/home/shiozaki/ros2/build/libcreate': CMAKE_PREFIX_PATH=${CMAKE_PREFIX_PATH}:/home/shiozaki/ros2/install/examples_rclpy_topics:/home/shiozaki/ros2/install/examples_rclpy_services:/home/shiozaki/ros2/install/examples_rclpy_minimal_action_server:/opt/ros/dashing /usr/bin/cmake --build /home/shiozaki/ros2/build/libcreate -- -j4 -l4
[0.188s] [ 36%] Built target create
[0.233s] [ 45%] Built target play_song
[0.235s] [ 54%] Built target wheeldrop
[0.248s] [ 63%] Built target battery_level
[0.249s] [ 72%] Built target packets
[0.286s] [ 81%] Built target leds
[0.288s] [ 90%] Built target drive_circle
[0.291s] [100%] Built target bumpers
[0.305s] Invoked command in '/home/shiozaki/ros2/build/libcreate' returned '0': CMAKE_PREFIX_PATH=${CMAKE_PREFIX_PATH}:/home/shiozaki/ros2/install/examples_rclpy_topics:/home/shiozaki/ros2/install/examples_rclpy_services:/home/shiozaki/ros2/install/examples_rclpy_minimal_action_server:/opt/ros/dashing /usr/bin/cmake --build /home/shiozaki/ros2/build/libcreate -- -j4 -l4
[0.422s] Invoking command in '/home/shiozaki/ros2/build/libcreate': CMAKE_PREFIX_PATH=${CMAKE_PREFIX_PATH}:/home/shiozaki/ros2/install/examples_rclpy_topics:/home/shiozaki/ros2/install/examples_rclpy_services:/home/shiozaki/ros2/install/examples_rclpy_minimal_action_server:/opt/ros/dashing /usr/bin/cmake --build /home/shiozaki/ros2/build/libcreate --target install -- -j4 -l4
[0.507s] [ 36%] Built target create
[0.554s] [ 45%] Built target battery_level
[0.556s] [ 54%] Built target wheeldrop
[0.576s] [ 63%] Built target play_song
[0.579s] [ 72%] Built target packets
[0.606s] [ 90%] Built target drive_circle
[0.606s] [ 90%] Built target leds
[0.622s] [100%] Built target bumpers
[0.656s] [36mInstall the project...[0m
[0.674s] -- Install configuration: ""
[0.674s] -- Up-to-date: /home/shiozaki/ros2/install/libcreate/lib/libcreate.so
[0.675s] -- Up-to-date: /home/shiozaki/ros2/install/libcreate/include
[0.675s] -- Up-to-date: /home/shiozaki/ros2/install/libcreate/include/create
[0.675s] -- Up-to-date: /home/shiozaki/ros2/install/libcreate/include/create/serial_stream.h
[0.675s] -- Up-to-date: /home/shiozaki/ros2/install/libcreate/include/create/types.h
[0.675s] -- Up-to-date: /home/shiozaki/ros2/install/libcreate/include/create/util.h
[0.675s] -- Up-to-date: /home/shiozaki/ros2/install/libcreate/include/create/data.h
[0.676s] -- Up-to-date: /home/shiozaki/ros2/install/libcreate/include/create/create.h
[0.676s] -- Up-to-date: /home/shiozaki/ros2/install/libcreate/include/create/serial.h
[0.676s] -- Up-to-date: /home/shiozaki/ros2/install/libcreate/include/create/serial_query.h
[0.676s] -- Up-to-date: /home/shiozaki/ros2/install/libcreate/include/create/packet.h
[0.676s] -- Up-to-date: /home/shiozaki/ros2/install/libcreate/lib/cmake/libcreate/libcreate-config.cmake
[0.676s] -- Up-to-date: /home/shiozaki/ros2/install/libcreate/lib/cmake/libcreate/libcreate-config-version.cmake
[0.676s] -- Up-to-date: /home/shiozaki/ros2/install/libcreate/lib/cmake/libcreate/libcreate-targets.cmake
[0.677s] -- Up-to-date: /home/shiozaki/ros2/install/libcreate/lib/cmake/libcreate/libcreate-targets-noconfig.cmake
[0.677s] -- Up-to-date: /home/shiozaki/ros2/install/libcreate/share/libcreate/package.xml
[0.683s] Invoked command in '/home/shiozaki/ros2/build/libcreate' returned '0': CMAKE_PREFIX_PATH=${CMAKE_PREFIX_PATH}:/home/shiozaki/ros2/install/examples_rclpy_topics:/home/shiozaki/ros2/install/examples_rclpy_services:/home/shiozaki/ros2/install/examples_rclpy_minimal_action_server:/opt/ros/dashing /usr/bin/cmake --build /home/shiozaki/ros2/build/libcreate --target install -- -j4 -l4
