[0.047s] Invoking command in '/home/shiozaki/ros2/build/libcreate': CMAKE_PREFIX_PATH=${CMAKE_PREFIX_PATH}:/home/shiozaki/ros2/install/examples_rclpy_topics:/home/shiozaki/ros2/install/examples_rclpy_services:/home/shiozaki/ros2/install/examples_rclpy_minimal_action_server:/opt/ros/dashing /usr/bin/cmake --build /home/shiozaki/ros2/build/libcreate -- -j4 -l4
[0.463s] [ 36%] Built target create
[0.639s] [ 45%] Built target play_song
[0.659s] [ 54%] Built target packets
[0.671s] [ 63%] Built target battery_level
[0.744s] [ 72%] Built target wheeldrop
[0.857s] [ 81%] Built target leds
[0.869s] [ 90%] Built target drive_circle
[0.874s] [100%] Built target bumpers
[0.936s] Invoked command in '/home/shiozaki/ros2/build/libcreate' returned '0': CMAKE_PREFIX_PATH=${CMAKE_PREFIX_PATH}:/home/shiozaki/ros2/install/examples_rclpy_topics:/home/shiozaki/ros2/install/examples_rclpy_services:/home/shiozaki/ros2/install/examples_rclpy_minimal_action_server:/opt/ros/dashing /usr/bin/cmake --build /home/shiozaki/ros2/build/libcreate -- -j4 -l4
[1.678s] Invoking command in '/home/shiozaki/ros2/build/libcreate': CMAKE_PREFIX_PATH=${CMAKE_PREFIX_PATH}:/home/shiozaki/ros2/install/examples_rclpy_topics:/home/shiozaki/ros2/install/examples_rclpy_services:/home/shiozaki/ros2/install/examples_rclpy_minimal_action_server:/opt/ros/dashing /usr/bin/cmake --build /home/shiozaki/ros2/build/libcreate --target install -- -j4 -l4
[1.969s] [ 36%] Built target create
[2.123s] [ 45%] Built target packets
[2.141s] [ 54%] Built target battery_level
[2.141s] [ 63%] Built target play_song
[2.215s] [ 72%] Built target wheeldrop
[2.294s] [ 81%] Built target leds
[2.310s] [ 90%] Built target bumpers
[2.329s] [100%] Built target drive_circle
[2.523s] [36mInstall the project...[0m
[2.575s] -- Install configuration: ""
[2.576s] -- Up-to-date: /home/shiozaki/ros2/install/libcreate/lib/libcreate.so
[2.576s] -- Up-to-date: /home/shiozaki/ros2/install/libcreate/include
[2.577s] -- Up-to-date: /home/shiozaki/ros2/install/libcreate/include/create
[2.577s] -- Up-to-date: /home/shiozaki/ros2/install/libcreate/include/create/serial_stream.h
[2.577s] -- Up-to-date: /home/shiozaki/ros2/install/libcreate/include/create/types.h
[2.577s] -- Up-to-date: /home/shiozaki/ros2/install/libcreate/include/create/util.h
[2.578s] -- Up-to-date: /home/shiozaki/ros2/install/libcreate/include/create/data.h
[2.578s] -- Up-to-date: /home/shiozaki/ros2/install/libcreate/include/create/create.h
[2.578s] -- Up-to-date: /home/shiozaki/ros2/install/libcreate/include/create/serial.h
[2.578s] -- Up-to-date: /home/shiozaki/ros2/install/libcreate/include/create/serial_query.h
[2.579s] -- Up-to-date: /home/shiozaki/ros2/install/libcreate/include/create/packet.h
[2.579s] -- Up-to-date: /home/shiozaki/ros2/install/libcreate/lib/cmake/libcreate/libcreate-config.cmake
[2.579s] -- Up-to-date: /home/shiozaki/ros2/install/libcreate/lib/cmake/libcreate/libcreate-config-version.cmake
[2.580s] -- Up-to-date: /home/shiozaki/ros2/install/libcreate/lib/cmake/libcreate/libcreate-targets.cmake
[2.580s] -- Up-to-date: /home/shiozaki/ros2/install/libcreate/lib/cmake/libcreate/libcreate-targets-noconfig.cmake
[2.581s] -- Up-to-date: /home/shiozaki/ros2/install/libcreate/share/libcreate/package.xml
[2.591s] Invoked command in '/home/shiozaki/ros2/build/libcreate' returned '0': CMAKE_PREFIX_PATH=${CMAKE_PREFIX_PATH}:/home/shiozaki/ros2/install/examples_rclpy_topics:/home/shiozaki/ros2/install/examples_rclpy_services:/home/shiozaki/ros2/install/examples_rclpy_minimal_action_server:/opt/ros/dashing /usr/bin/cmake --build /home/shiozaki/ros2/build/libcreate --target install -- -j4 -l4
