[0.023s] Invoking command in '/home/shiozaki/ros2/build/hello_world': CMAKE_PREFIX_PATH=/home/shiozaki/ros2/install/hello_world_msgs:/home/shiozaki/ros2/install/libcreate:/home/shiozaki/ros2/install/hello_world:/home/shiozaki/ros2/install/fibonacci:/home/shiozaki/ros2/install/examples_rclpy_topics:/home/shiozaki/ros2/install/examples_rclpy_services:/home/shiozaki/ros2/install/examples_rclpy_minimal_action_server:/opt/ros/dashing LD_LIBRARY_PATH=/home/shiozaki/ros2/install/hello_world_msgs/lib:/home/shiozaki/ros2/install/libcreate/lib:/opt/ros/dashing/opt/yaml_cpp_vendor/lib:/opt/ros/dashing/opt/rviz_ogre_vendor/lib:/usr/lib:/opt/rti.com/rti_connext_dds-5.3.1/lib/x64Linux3gcc5.4.0:/opt/ros/dashing/lib /usr/bin/cmake --build /home/shiozaki/ros2/build/hello_world -- -j4 -l4
[0.128s] [ 10%] Built target client_sync
[0.138s] [ 20%] Built target listener
[0.146s] [ 30%] Built target talker_with_service
[0.149s] [ 40%] Built target talker_listener_composition
[0.170s] [35m[1mScanning dependencies of target talker[0m
[0.193s] [ 50%] Built target talker_with_service_param
[0.201s] [ 60%] Built target set_and_get_parameters
[0.212s] [ 65%] [32mBuilding CXX object CMakeFiles/talker.dir/src/talker.cpp.o[0m
[0.219s] [ 75%] Built target listener_component
[0.250s] [ 85%] Built target client_async
[0.255s] [ 95%] Built target talker_component
[2.432s] [100%] [32m[1mLinking CXX executable talker[0m
[2.615s] [100%] Built target talker
[2.629s] Invoked command in '/home/shiozaki/ros2/build/hello_world' returned '0': CMAKE_PREFIX_PATH=/home/shiozaki/ros2/install/hello_world_msgs:/home/shiozaki/ros2/install/libcreate:/home/shiozaki/ros2/install/hello_world:/home/shiozaki/ros2/install/fibonacci:/home/shiozaki/ros2/install/examples_rclpy_topics:/home/shiozaki/ros2/install/examples_rclpy_services:/home/shiozaki/ros2/install/examples_rclpy_minimal_action_server:/opt/ros/dashing LD_LIBRARY_PATH=/home/shiozaki/ros2/install/hello_world_msgs/lib:/home/shiozaki/ros2/install/libcreate/lib:/opt/ros/dashing/opt/yaml_cpp_vendor/lib:/opt/ros/dashing/opt/rviz_ogre_vendor/lib:/usr/lib:/opt/rti.com/rti_connext_dds-5.3.1/lib/x64Linux3gcc5.4.0:/opt/ros/dashing/lib /usr/bin/cmake --build /home/shiozaki/ros2/build/hello_world -- -j4 -l4
[2.688s] Invoking command in '/home/shiozaki/ros2/build/hello_world': CMAKE_PREFIX_PATH=/home/shiozaki/ros2/install/hello_world_msgs:/home/shiozaki/ros2/install/libcreate:/home/shiozaki/ros2/install/hello_world:/home/shiozaki/ros2/install/fibonacci:/home/shiozaki/ros2/install/examples_rclpy_topics:/home/shiozaki/ros2/install/examples_rclpy_services:/home/shiozaki/ros2/install/examples_rclpy_minimal_action_server:/opt/ros/dashing LD_LIBRARY_PATH=/home/shiozaki/ros2/install/hello_world_msgs/lib:/home/shiozaki/ros2/install/libcreate/lib:/opt/ros/dashing/opt/yaml_cpp_vendor/lib:/opt/ros/dashing/opt/rviz_ogre_vendor/lib:/usr/lib:/opt/rti.com/rti_connext_dds-5.3.1/lib/x64Linux3gcc5.4.0:/opt/ros/dashing/lib /usr/bin/cmake --build /home/shiozaki/ros2/build/hello_world --target install -- -j4 -l4
[2.771s] [ 10%] Built target talker_listener_composition
[2.772s] [ 20%] Built target listener
[2.772s] [ 30%] Built target talker_with_service
[2.776s] [ 40%] Built target client_sync
[2.820s] [ 50%] Built target talker_with_service_param
[2.821s] [ 60%] Built target set_and_get_parameters
[2.825s] [ 70%] Built target talker
[2.829s] [ 80%] Built target listener_component
[2.856s] [ 90%] Built target client_async
[2.861s] [100%] Built target talker_component
[2.884s] [36mInstall the project...[0m
[2.895s] -- Install configuration: ""
[2.895s] -- Installing: /home/shiozaki/ros2/install/hello_world/lib/hello_world/talker
[2.896s] -- Set runtime path of "/home/shiozaki/ros2/install/hello_world/lib/hello_world/talker" to ""
[2.896s] -- Up-to-date: /home/shiozaki/ros2/install/hello_world/lib/hello_world/talker_with_service
[2.897s] -- Up-to-date: /home/shiozaki/ros2/install/hello_world/lib/hello_world/talker_with_service_param
[2.897s] -- Up-to-date: /home/shiozaki/ros2/install/hello_world/lib/hello_world/listener
[2.898s] -- Up-to-date: /home/shiozaki/ros2/install/hello_world/lib/hello_world/client_sync
[2.898s] -- Up-to-date: /home/shiozaki/ros2/install/hello_world/lib/hello_world/client_async
[2.899s] -- Up-to-date: /home/shiozaki/ros2/install/hello_world/lib/hello_world/talker_listener_composition
[2.899s] -- Up-to-date: /home/shiozaki/ros2/install/hello_world/lib/hello_world/set_and_get_parameters
[2.900s] -- Up-to-date: /home/shiozaki/ros2/install/hello_world/share/hello_world//launch
[2.900s] -- Up-to-date: /home/shiozaki/ros2/install/hello_world/share/hello_world//launch/talker_listener_with_param.launch.py
[2.900s] -- Up-to-date: /home/shiozaki/ros2/install/hello_world/share/hello_world//launch/params.yaml
[2.900s] -- Up-to-date: /home/shiozaki/ros2/install/hello_world/share/hello_world//launch/talker_listener.launch.py
[2.901s] -- Up-to-date: /home/shiozaki/ros2/install/hello_world/share/hello_world//launch/talker_listener_with_param_file.launch.py
[2.901s] -- Up-to-date: /home/shiozaki/ros2/install/hello_world/share/ament_index/resource_index/package_run_dependencies/hello_world
[2.901s] -- Up-to-date: /home/shiozaki/ros2/install/hello_world/share/ament_index/resource_index/parent_prefix_path/hello_world
[2.901s] -- Up-to-date: /home/shiozaki/ros2/install/hello_world/share/hello_world/environment/ament_prefix_path.sh
[2.901s] -- Up-to-date: /home/shiozaki/ros2/install/hello_world/share/hello_world/environment/path.sh
[2.901s] -- Up-to-date: /home/shiozaki/ros2/install/hello_world/share/hello_world/local_setup.bash
[2.902s] -- Up-to-date: /home/shiozaki/ros2/install/hello_world/share/hello_world/local_setup.sh
[2.902s] -- Up-to-date: /home/shiozaki/ros2/install/hello_world/share/hello_world/local_setup.zsh
[2.902s] -- Up-to-date: /home/shiozaki/ros2/install/hello_world/share/ament_index/resource_index/packages/hello_world
[2.902s] -- Up-to-date: /home/shiozaki/ros2/install/hello_world/share/ament_index/resource_index/rclcpp_components/hello_world
[2.902s] -- Up-to-date: /home/shiozaki/ros2/install/hello_world/share/hello_world/cmake/hello_worldConfig.cmake
[2.902s] -- Up-to-date: /home/shiozaki/ros2/install/hello_world/share/hello_world/cmake/hello_worldConfig-version.cmake
[2.902s] -- Up-to-date: /home/shiozaki/ros2/install/hello_world/share/hello_world/package.xml
[2.906s] Invoked command in '/home/shiozaki/ros2/build/hello_world' returned '0': CMAKE_PREFIX_PATH=/home/shiozaki/ros2/install/hello_world_msgs:/home/shiozaki/ros2/install/libcreate:/home/shiozaki/ros2/install/hello_world:/home/shiozaki/ros2/install/fibonacci:/home/shiozaki/ros2/install/examples_rclpy_topics:/home/shiozaki/ros2/install/examples_rclpy_services:/home/shiozaki/ros2/install/examples_rclpy_minimal_action_server:/opt/ros/dashing LD_LIBRARY_PATH=/home/shiozaki/ros2/install/hello_world_msgs/lib:/home/shiozaki/ros2/install/libcreate/lib:/opt/ros/dashing/opt/yaml_cpp_vendor/lib:/opt/ros/dashing/opt/rviz_ogre_vendor/lib:/usr/lib:/opt/rti.com/rti_connext_dds-5.3.1/lib/x64Linux3gcc5.4.0:/opt/ros/dashing/lib /usr/bin/cmake --build /home/shiozaki/ros2/build/hello_world --target install -- -j4 -l4
